#
# A fatal error has been detected by the Java Runtime Environment:
#
#  EXCEPTION_ACCESS_VIOLATION (0xc0000005) at pc=0x00007ff80e8065ab, pid=3188, tid=13016
#
# JRE version: OpenJDK Runtime Environment Temurin-21.0.7+6 (21.0.7+6) (build 21.0.7+6-LTS)
# Java VM: OpenJDK 64-Bit Server VM Temurin-21.0.7+6 (21.0.7+6-LTS, mixed mode, sharing, tiered, compressed oops, compressed class ptrs, g1 gc, windows-amd64)
# Problematic frame:
# V  [jvm.dll+0x6d65ab]
#
# Core dump will be written. Default location: C:\Users\Administrateur\Documents\CleanHive\services\identity-service\hs_err_pid3188.mdmp
#
# If you would like to submit a bug report, please visit:
#   https://github.com/adoptium/adoptium-support/issues
#

---------------  S U M M A R Y ------------

Command Line: --add-opens=java.base/java.lang=ALL-UNNAMED --enable-native-access=ALL-UNNAMED -Dclassworlds.conf=C:/Users/Administrateur/.m2/wrapper/dists/apache-maven-3.9.10/e5402a93/bin/m2.conf -Dmaven.home=C:/Users/Administrateur/.m2/wrapper/dists/apache-maven-3.9.10/e5402a93 -Dlibrary.jansi.path=C:/Users/Administrateur/.m2/wrapper/dists/apache-maven-3.9.10/e5402a93/lib/jansi-native -Dmaven.multiModuleProjectDirectory=C:/Users/Administrateur/Documents/CleanHive/services/identity-service org.codehaus.plexus.classworlds.launcher.Launcher clean install

Host: Intel(R) Core(TM) i7-8700 CPU @ 3.20GHz, 12 cores, 15G,  Windows Server 2022 , 64 bit Build 20348 (10.0.20348.3692)
Time: Tue Sep 16 13:55:54 2025 Paris, Madrid (heure d 64 bit Build 20348 (10.0.20348.3692) elapsed time: 0.650115 seconds (0d 0h 0m 0s)

---------------  T H R E A D  ---------------

Current thread (0x00000256fd84e160):  JavaThread "C2 CompilerThread2" daemon [_thread_in_native, id=13016, stack(0x000000fb04e00000,0x000000fb04f00000) (1024K)]


Current CompileTask:
C2:650 1110   !   4       sun.nio.cs.StreamDecoder::read0 (59 bytes)

Stack: [0x000000fb04e00000,0x000000fb04f00000],  sp=0x000000fb04efc670,  free space=1009k
Native frames: (J=compiled Java code, j=interpreted, Vv=VM code, C=native code)
V  [jvm.dll+0x6d65ab]
V  [jvm.dll+0x6d3490]
V  [jvm.dll+0x247ebd]
V  [jvm.dll+0x2470cf]
V  [jvm.dll+0x1c760e]
V  [jvm.dll+0x25695a]
V  [jvm.dll+0x254efa]
V  [jvm.dll+0x3f03f6]
V  [jvm.dll+0x851f6b]
V  [jvm.dll+0x6cc7dd]
C  [ucrtbase.dll+0x26b4c]
C  [KERNEL32.DLL+0x14cb0]
C  [ntdll.dll+0x7edcb]


siginfo: EXCEPTION_ACCESS_VIOLATION (0xc0000005), reading address 0x00007fd80eb15e20


Registers:
RAX=0x00007fd80eb15d78, RBX=0x00000256f8f38340, RCX=0x00000256f8f38340, RDX=0x000000fb04efcc00
RSP=0x000000fb04efc670, RBP=0x00000256f8f383b0, RSI=0x0000000000000000, RDI=0x0000000000000000
R8 =0x00000000000005e0, R9 =0x0000000000000bc0, R10=0x0000000000000000, R11=0x000000fb04efc640
R12=0x0000000000002a05, R13=0x00000256fd28f288, R14=0x00000256fd28e6c8, R15=0x00000000ffffffff
RIP=0x00007ff80e8065ab, EFLAGS=0x0000000000010293

XMM[0]=0x0000000000000000 0x0000000000000000
XMM[1]=0x0000000000000000 0x0000000000000000
XMM[2]=0x0000000000000000 0x0000000000000000
XMM[3]=0x0000000000000000 0x0000000000000000
XMM[4]=0x0000000000000000 0x0000000000000000
XMM[5]=0x0000000000000000 0x0000000000000000
XMM[6]=0x0000000000000000 0x0000000000000000
XMM[7]=0x0000000000000000 0x0000000000000000
XMM[8]=0x0000000000000000 0x0000000000000000
XMM[9]=0x0000000000000000 0x0000000000000000
XMM[10]=0x0000000000000000 0x0000000000000000
XMM[11]=0x0000000000000000 0x0000000000000000
XMM[12]=0x0000000000000000 0x0000000000000000
XMM[13]=0x0000000000000000 0x0000000000000000
XMM[14]=0x0000000000000000 0x0000000000000000
XMM[15]=0x0000000000000000 0x0000000000000000
  MXCSR=0x00001fa0


Register to memory mapping:

RAX=0x00007fd80eb15d78 is an unknown value
RBX=0x00000256f8f38340 points into unknown readable memory: 0x00007fd80eb15d78 | 78 5d b1 0e d8 7f 00 00
RCX=0x00000256f8f38340 points into unknown readable memory: 0x00007fd80eb15d78 | 78 5d b1 0e d8 7f 00 00
RDX=0x000000fb04efcc00 is pointing into the stack for thread: 0x00000256fd84e160
RSP=0x000000fb04efc670 is pointing into the stack for thread: 0x00000256fd84e160
RBP=0x00000256f8f383b0 points into unknown readable memory: 0x00007ff80eb1a788 | 88 a7 b1 0e f8 7f 00 00
RSI=0x0 is null
RDI=0x0 is null
R8 =0x00000000000005e0 is an unknown value
R9 =0x0000000000000bc0 is an unknown value
R10=0x0 is null
R11=0x000000fb04efc640 is pointing into the stack for thread: 0x00000256fd84e160
R12=0x0000000000002a05 is an unknown value
R13=0x00000256fd28f288 points into unknown readable memory: 0x0000025600000000 | 00 00 00 00 56 02 00 00
R14=0x00000256fd28e6c8 points into unknown readable memory: 0x0000000000002a15 | 15 2a 00 00 00 00 00 00
R15=0x00000000ffffffff is an unknown value

Top of Stack: (sp=0x000000fb04efc670)
0x000000fb04efc670:   00000256fdf498d8 00000256fd28e7f8
0x000000fb04efc680:   00000256f8c5caa0 0000000000000005
0x000000fb04efc690:   0000019e00000001 00000001000000ff
0x000000fb04efc6a0:   0000000000000960 fffffffffffffa20
0x000000fb04efc6b0:   00000177ffffffff 0000000000000bc0
0x000000fb04efc6c0:   00000000000005e0 000000000000017c
0x000000fb04efc6d0:   00000256fd28f998 00000256fd28edd8
0x000000fb04efc6e0:   00000256fd28f3b8 0000000007530000
0x000000fb04efc6f0:   00000256d70e6dc0 00007ff80e7a041e
0x000000fb04efc700:   00000000000005dc 0000000000001a30
0x000000fb04efc710:   0000000000000000 0000000000000000
0x000000fb04efc720:   0000000000000010 00007ff80e35b800
0x000000fb04efc730:   00007ff80edde208 00007ff80ebb6508
0x000000fb04efc740:   0000000000000000 0000000000000000
0x000000fb04efc750:   0000000000000000 00007ff80ebb6508
0x000000fb04efc760:   00000256fd807200 00007ff80e80475f
0x000000fb04efc770:   0000000000000000 0000000000000177
0x000000fb04efc780:   00000256fdf49888 0000000000000000
0x000000fb04efc790:   0000000000000070 00000256fda5c798
0x000000fb04efc7a0:   00000256fd28e218 000000fb04efd160
0x000000fb04efc7b0:   000000fb04efcb60 00007ff80e803490
0x000000fb04efc7c0:   000000fb04efd160 00000256fd28e218
0x000000fb04efc7d0:   00007ff80ebb6301 000000000000012c
0x000000fb04efc7e0:   0000000000000000 0000000000000000
0x000000fb04efc7f0:   00000256f8d55090 00007ff897f8da3e
0x000000fb04efc800:   000000fb04ef0000 0000000000000000
0x000000fb04efc810:   0000025600000000 0000000000000100
0x000000fb04efc820:   0000000000000000 00007ff80eb2efc8
0x000000fb04efc830:   0000000000000048 000000fb00000001
0x000000fb04efc840:   0000000000000000 0000000000000000
0x000000fb04efc850:   0000000000000000 0000000000000000
0x000000fb04efc860:   00000256fdf49688 00007ff80e143c13 

Instructions: (pc=0x00007ff80e8065ab)
0x00007ff80e8064ab:   1c c3 eb 03 49 8b da 8b 43 2c 24 03 3c 02 0f 85
0x00007ff80e8064bb:   d3 00 00 00 48 8b 03 48 8b cb ff 90 10 01 00 00
0x00007ff80e8064cb:   ff c8 48 8b cb 03 f8 48 8b 03 ff 90 20 01 00 00
0x00007ff80e8064db:   01 44 24 24 8b 4b 2c 8b c1 83 e0 1f 3c 1e 0f 85
0x00007ff80e8064eb:   81 01 00 00 48 8b 03 48 8b cb 48 8b 93 80 00 00
0x00007ff80e8064fb:   00 ff 90 58 01 00 00 8b 43 2c 83 e0 3f 3c 3e 75
0x00007ff80e80650b:   1c 48 83 bb 90 00 00 00 00 74 12 e8 c5 de 99 ff
0x00007ff80e80651b:   01 44 24 28 e8 ec 5b 99 ff 01 44 24 24 8b 54 24
0x00007ff80e80652b:   20 8b 4b 30 8b c1 c1 e8 08 a8 01 74 07 45 3b 3e
0x00007ff80e80653b:   72 02 03 fa c1 e9 07 f6 c1 01 74 4b 8b 43 2c 83
0x00007ff80e80654b:   e0 0f 3c 0a 0f 85 ee 04 00 00 48 8b 44 24 38 48
0x00007ff80e80655b:   8b cb 48 8b 94 24 50 01 00 00 42 89 3c 28 48 8b
0x00007ff80e80656b:   52 08 48 8b 03 48 8b 92 68 08 00 00 ff 90 a8 00
0x00007ff80e80657b:   00 00 41 89 45 00 48 8b 44 24 50 c6 84 24 60 01
0x00007ff80e80658b:   00 00 01 42 89 34 28 48 8b 8c 24 50 01 00 00 48
0x00007ff80e80659b:   8b 03 48 8b 51 08 48 8b cb 48 8b 92 68 08 00 00
0x00007ff80e8065ab:   ff 90 a8 00 00 00 8b 4b 2c 03 f8 8b c1 83 e0 1f
0x00007ff80e8065bb:   3c 1e 75 0b 80 f9 de 74 06 45 8b 26 44 03 e7 80
0x00007ff80e8065cb:   e1 03 80 f9 02 75 10 8b 43 30 c1 e8 09 a8 01 74
0x00007ff80e8065db:   06 45 8b 3e 44 03 ff ff c6 41 ba 00 00 00 00 3b
0x00007ff80e8065eb:   74 24 2c 0f 82 9c fe ff ff 48 8b 54 24 30 8b 44
0x00007ff80e8065fb:   24 44 44 8b ac 24 68 01 00 00 ff c8 8b 74 24 24
0x00007ff80e80660b:   8b 6c 24 28 44 3b e8 73 7c 48 8b 84 24 50 01 00
0x00007ff80e80661b:   00 41 8d 5d 01 48 8b 40 08 48 8b 88 50 08 00 00
0x00007ff80e80662b:   48 8b 41 30 48 8b 0c d8 e8 b8 91 a6 ff 4c 8b 4c
0x00007ff80e80663b:   24 60 ff c8 85 c0 7e 26 41 8b 16 42 8d 0c 20 03
0x00007ff80e80664b:   d7 41 89 04 99 03 f8 44 3b e2 41 0f 45 cc 41 03
0x00007ff80e80665b:   c7 44 3b fa 44 8b e1 41 0f 45 c7 44 8b f8 48 8b
0x00007ff80e80666b:   54 24 30 eb 25 83 e1 0f 80 f9 0e 0f 85 ac fe ff
0x00007ff80e80667b:   ff 45 3b 26 0f 82 a3 fe ff ff 8b 54 24 20 03 fa
0x00007ff80e80668b:   e9 9c fe ff ff 4c 8b 4c 24 60 41 8b 0e 41 ff c5
0x00007ff80e80669b:   48 8b 9c 24 58 01 00 00 03 cf 48 83 c2 08 44 89 


Stack slot to memory mapping:

stack at sp + 0 slots: 0x00000256fdf498d8 points into unknown readable memory: 0x00007ff80eb104b0 | b0 04 b1 0e f8 7f 00 00
stack at sp + 1 slots: 0x00000256fd28e7f8 points into unknown readable memory: 0x0000000000000000 | 00 00 00 00 00 00 00 00
stack at sp + 2 slots: 0x00000256f8c5caa0 points into unknown readable memory: 0x00007ff80ead3de8 | e8 3d ad 0e f8 7f 00 00
stack at sp + 3 slots: 0x0000000000000005 is an unknown value
stack at sp + 4 slots: 0x0000019e00000001 is an unknown value
stack at sp + 5 slots: 0x00000001000000ff is an unknown value
stack at sp + 6 slots: 0x0000000000000960 is an unknown value
stack at sp + 7 slots: 0xfffffffffffffa20 is an unknown value


---------------  P R O C E S S  ---------------

Threads class SMR info:
_java_thread_list=0x00000256fd4ff6f0, length=13, elements={
0x00000256d70e4530, 0x00000256f8b9df90, 0x00000256f8b9eea0, 0x00000256f8ba30b0,
0x00000256f8ba3d60, 0x00000256f8babf50, 0x00000256f8bab8c0, 0x00000256f8ba8df0,
0x00000256f8bafe50, 0x00000256f8ba9e80, 0x00000256f8bacc70, 0x00000256fd1d61b0,
0x00000256fd84e160
}

Java Threads: ( => current thread )
  0x00000256d70e4530 JavaThread "main"                              [_thread_in_vm, id=14592, stack(0x000000fb03b00000,0x000000fb03c00000) (1024K)]
  0x00000256f8b9df90 JavaThread "Reference Handler"          daemon [_thread_blocked, id=12340, stack(0x000000fb04300000,0x000000fb04400000) (1024K)]
  0x00000256f8b9eea0 JavaThread "Finalizer"                  daemon [_thread_blocked, id=13228, stack(0x000000fb04400000,0x000000fb04500000) (1024K)]
  0x00000256f8ba30b0 JavaThread "Signal Dispatcher"          daemon [_thread_blocked, id=7180, stack(0x000000fb04500000,0x000000fb04600000) (1024K)]
  0x00000256f8ba3d60 JavaThread "Attach Listener"            daemon [_thread_blocked, id=12372, stack(0x000000fb04600000,0x000000fb04700000) (1024K)]
  0x00000256f8babf50 JavaThread "Service Thread"             daemon [_thread_blocked, id=17296, stack(0x000000fb04700000,0x000000fb04800000) (1024K)]
  0x00000256f8bab8c0 JavaThread "Monitor Deflation Thread"   daemon [_thread_blocked, id=12592, stack(0x000000fb04800000,0x000000fb04900000) (1024K)]
  0x00000256f8ba8df0 JavaThread "C2 CompilerThread0"         daemon [_thread_in_native, id=16320, stack(0x000000fb04900000,0x000000fb04a00000) (1024K)]
  0x00000256f8bafe50 JavaThread "C1 CompilerThread0"         daemon [_thread_blocked, id=13096, stack(0x000000fb04a00000,0x000000fb04b00000) (1024K)]
  0x00000256f8ba9e80 JavaThread "Common-Cleaner"             daemon [_thread_blocked, id=3800, stack(0x000000fb04b00000,0x000000fb04c00000) (1024K)]
  0x00000256f8bacc70 JavaThread "Notification Thread"        daemon [_thread_blocked, id=12876, stack(0x000000fb04c00000,0x000000fb04d00000) (1024K)]
  0x00000256fd1d61b0 JavaThread "C2 CompilerThread1"         daemon [_thread_in_native, id=14588, stack(0x000000fb04d00000,0x000000fb04e00000) (1024K)]
=>0x00000256fd84e160 JavaThread "C2 CompilerThread2"         daemon [_thread_in_native, id=13016, stack(0x000000fb04e00000,0x000000fb04f00000) (1024K)]
Total: 13

Other Threads:
  0x00000256f8b80c30 VMThread "VM Thread"                           [id=15048, stack(0x000000fb04200000,0x000000fb04300000) (1024K)]
  0x00000256f8b6d090 WatcherThread "VM Periodic Task Thread"        [id=16056, stack(0x000000fb04100000,0x000000fb04200000) (1024K)]
  0x00000256d9446dd0 WorkerThread "GC Thread#0"                     [id=12988, stack(0x000000fb03c00000,0x000000fb03d00000) (1024K)]
  0x00000256fda69fd0 WorkerThread "GC Thread#1"                     [id=17024, stack(0x000000fb04f00000,0x000000fb05000000) (1024K)]
  0x00000256fd5d6590 WorkerThread "GC Thread#2"                     [id=16612, stack(0x000000fb05000000,0x000000fb05100000) (1024K)]
  0x00000256fd83bd70 WorkerThread "GC Thread#3"                     [id=16716, stack(0x000000fb05100000,0x000000fb05200000) (1024K)]
  0x00000256fdafa2f0 WorkerThread "GC Thread#4"                     [id=14416, stack(0x000000fb05200000,0x000000fb05300000) (1024K)]
  0x00000256fd942bb0 WorkerThread "GC Thread#5"                     [id=12792, stack(0x000000fb05300000,0x000000fb05400000) (1024K)]
  0x00000256fd8120b0 WorkerThread "GC Thread#6"                     [id=10252, stack(0x000000fb05400000,0x000000fb05500000) (1024K)]
  0x00000256fd812450 WorkerThread "GC Thread#7"                     [id=16036, stack(0x000000fb05500000,0x000000fb05600000) (1024K)]
  0x00000256d9457a80 ConcurrentGCThread "G1 Main Marker"            [id=13028, stack(0x000000fb03d00000,0x000000fb03e00000) (1024K)]
  0x00000256d9458580 WorkerThread "G1 Conc#0"                       [id=3380, stack(0x000000fb03e00000,0x000000fb03f00000) (1024K)]
  0x00000256d94ae940 ConcurrentGCThread "G1 Refine#0"               [id=16536, stack(0x000000fb03f00000,0x000000fb04000000) (1024K)]
  0x00000256f8a3fab0 ConcurrentGCThread "G1 Service"                [id=14468, stack(0x000000fb04000000,0x000000fb04100000) (1024K)]
Total: 14

Threads with active compile tasks:
C2 CompilerThread0  673 1109       4       java.io.Reader::read (21 bytes)
C1 CompilerThread0  673 1357       3       java.util.ArrayList::<init> (61 bytes)
C2 CompilerThread1  673 1347       4       org.objectweb.asm.ClassReader::readUtf (161 bytes)
C2 CompilerThread2  673 1110   !   4       sun.nio.cs.StreamDecoder::read0 (59 bytes)
Total: 4

VM state: not at safepoint (normal execution)

VM Mutex/Monitor currently owned by a thread: None

Heap address: 0x0000000703200000, size: 4046 MB, Compressed Oops mode: Zero based, Oop shift amount: 3

CDS archive(s) mapped at: [0x0000025680000000-0x0000025680c80000-0x0000025680c80000), size 13107200, SharedBaseAddress: 0x0000025680000000, ArchiveRelocationMode: 1.
Compressed class space mapped at: 0x0000025681000000-0x00000256c1000000, reserved size: 1073741824
Narrow klass base: 0x0000025680000000, Narrow klass shift: 0, Narrow klass range: 0x100000000

GC Precious Log:
 CardTable entry size: 512
 Card Set container configuration: InlinePtr #cards 4 size 8 Array Of Cards #cards 16 size 48 Howl #buckets 8 coarsen threshold 3686 Howl Bitmap #cards 512 size 80 coarsen threshold 460 Card regions per heap region 1 cards per card region 4096
 CPUs: 12 total, 12 available
 Memory: 16180M
 Large Page Support: Disabled
 NUMA Support: Disabled
 Compressed Oops: Enabled (Zero based)
 Heap Region Size: 2M
 Heap Min Capacity: 8M
 Heap Initial Capacity: 254M
 Heap Max Capacity: 4046M
 Pre-touch: Disabled
 Parallel Workers: 10
 Concurrent Workers: 3
 Concurrent Refinement Workers: 10
 Periodic GC: Disabled

Heap:
 garbage-first heap   total 260096K, used 12027K [0x0000000703200000, 0x0000000800000000)
  region size 2048K, 7 young (14336K), 2 survivors (4096K)
 Metaspace       used 6399K, committed 6592K, reserved 1114112K
  class space    used 745K, committed 832K, reserved 1048576K

Heap Regions: E=young(eden), S=young(survivor), O=old, HS=humongous(starts), HC=humongous(continues), CS=collection set, F=free, TAMS=top-at-mark-start, PB=parsable bottom
|   0|0x0000000703200000, 0x0000000703200000, 0x0000000703400000|  0%| F|  |TAMS 0x0000000703200000| PB 0x0000000703200000| Untracked 
|   1|0x0000000703400000, 0x0000000703400000, 0x0000000703600000|  0%| F|  |TAMS 0x0000000703400000| PB 0x0000000703400000| Untracked 
|   2|0x0000000703600000, 0x0000000703600000, 0x0000000703800000|  0%| F|  |TAMS 0x0000000703600000| PB 0x0000000703600000| Untracked 
|   3|0x0000000703800000, 0x0000000703800000, 0x0000000703a00000|  0%| F|  |TAMS 0x0000000703800000| PB 0x0000000703800000| Untracked 
|   4|0x0000000703a00000, 0x0000000703a00000, 0x0000000703c00000|  0%| F|  |TAMS 0x0000000703a00000| PB 0x0000000703a00000| Untracked 
|   5|0x0000000703c00000, 0x0000000703c00000, 0x0000000703e00000|  0%| F|  |TAMS 0x0000000703c00000| PB 0x0000000703c00000| Untracked 
|   6|0x0000000703e00000, 0x0000000703e00000, 0x0000000704000000|  0%| F|  |TAMS 0x0000000703e00000| PB 0x0000000703e00000| Untracked 
|   7|0x0000000704000000, 0x0000000704000000, 0x0000000704200000|  0%| F|  |TAMS 0x0000000704000000| PB 0x0000000704000000| Untracked 
|   8|0x0000000704200000, 0x0000000704200000, 0x0000000704400000|  0%| F|  |TAMS 0x0000000704200000| PB 0x0000000704200000| Untracked 
|   9|0x0000000704400000, 0x0000000704400000, 0x0000000704600000|  0%| F|  |TAMS 0x0000000704400000| PB 0x0000000704400000| Untracked 
|  10|0x0000000704600000, 0x0000000704600000, 0x0000000704800000|  0%| F|  |TAMS 0x0000000704600000| PB 0x0000000704600000| Untracked 
|  11|0x0000000704800000, 0x0000000704800000, 0x0000000704a00000|  0%| F|  |TAMS 0x0000000704800000| PB 0x0000000704800000| Untracked 
|  12|0x0000000704a00000, 0x0000000704a00000, 0x0000000704c00000|  0%| F|  |TAMS 0x0000000704a00000| PB 0x0000000704a00000| Untracked 
|  13|0x0000000704c00000, 0x0000000704c00000, 0x0000000704e00000|  0%| F|  |TAMS 0x0000000704c00000| PB 0x0000000704c00000| Untracked 
|  14|0x0000000704e00000, 0x0000000704e00000, 0x0000000705000000|  0%| F|  |TAMS 0x0000000704e00000| PB 0x0000000704e00000| Untracked 
|  15|0x0000000705000000, 0x0000000705000000, 0x0000000705200000|  0%| F|  |TAMS 0x0000000705000000| PB 0x0000000705000000| Untracked 
|  16|0x0000000705200000, 0x0000000705200000, 0x0000000705400000|  0%| F|  |TAMS 0x0000000705200000| PB 0x0000000705200000| Untracked 
|  17|0x0000000705400000, 0x0000000705400000, 0x0000000705600000|  0%| F|  |TAMS 0x0000000705400000| PB 0x0000000705400000| Untracked 
|  18|0x0000000705600000, 0x0000000705600000, 0x0000000705800000|  0%| F|  |TAMS 0x0000000705600000| PB 0x0000000705600000| Untracked 
|  19|0x0000000705800000, 0x0000000705800000, 0x0000000705a00000|  0%| F|  |TAMS 0x0000000705800000| PB 0x0000000705800000| Untracked 
|  20|0x0000000705a00000, 0x0000000705a00000, 0x0000000705c00000|  0%| F|  |TAMS 0x0000000705a00000| PB 0x0000000705a00000| Untracked 
|  21|0x0000000705c00000, 0x0000000705c00000, 0x0000000705e00000|  0%| F|  |TAMS 0x0000000705c00000| PB 0x0000000705c00000| Untracked 
|  22|0x0000000705e00000, 0x0000000705e00000, 0x0000000706000000|  0%| F|  |TAMS 0x0000000705e00000| PB 0x0000000705e00000| Untracked 
|  23|0x0000000706000000, 0x0000000706000000, 0x0000000706200000|  0%| F|  |TAMS 0x0000000706000000| PB 0x0000000706000000| Untracked 
|  24|0x0000000706200000, 0x0000000706200000, 0x0000000706400000|  0%| F|  |TAMS 0x0000000706200000| PB 0x0000000706200000| Untracked 
|  25|0x0000000706400000, 0x0000000706400000, 0x0000000706600000|  0%| F|  |TAMS 0x0000000706400000| PB 0x0000000706400000| Untracked 
|  26|0x0000000706600000, 0x0000000706600000, 0x0000000706800000|  0%| F|  |TAMS 0x0000000706600000| PB 0x0000000706600000| Untracked 
|  27|0x0000000706800000, 0x0000000706800000, 0x0000000706a00000|  0%| F|  |TAMS 0x0000000706800000| PB 0x0000000706800000| Untracked 
|  28|0x0000000706a00000, 0x0000000706a00000, 0x0000000706c00000|  0%| F|  |TAMS 0x0000000706a00000| PB 0x0000000706a00000| Untracked 
|  29|0x0000000706c00000, 0x0000000706c00000, 0x0000000706e00000|  0%| F|  |TAMS 0x0000000706c00000| PB 0x0000000706c00000| Untracked 
|  30|0x0000000706e00000, 0x0000000706e00000, 0x0000000707000000|  0%| F|  |TAMS 0x0000000706e00000| PB 0x0000000706e00000| Untracked 
|  31|0x0000000707000000, 0x0000000707000000, 0x0000000707200000|  0%| F|  |TAMS 0x0000000707000000| PB 0x0000000707000000| Untracked 
|  32|0x0000000707200000, 0x0000000707200000, 0x0000000707400000|  0%| F|  |TAMS 0x0000000707200000| PB 0x0000000707200000| Untracked 
|  33|0x0000000707400000, 0x0000000707400000, 0x0000000707600000|  0%| F|  |TAMS 0x0000000707400000| PB 0x0000000707400000| Untracked 
|  34|0x0000000707600000, 0x0000000707600000, 0x0000000707800000|  0%| F|  |TAMS 0x0000000707600000| PB 0x0000000707600000| Untracked 
|  35|0x0000000707800000, 0x0000000707800000, 0x0000000707a00000|  0%| F|  |TAMS 0x0000000707800000| PB 0x0000000707800000| Untracked 
|  36|0x0000000707a00000, 0x0000000707a00000, 0x0000000707c00000|  0%| F|  |TAMS 0x0000000707a00000| PB 0x0000000707a00000| Untracked 
|  37|0x0000000707c00000, 0x0000000707c00000, 0x0000000707e00000|  0%| F|  |TAMS 0x0000000707c00000| PB 0x0000000707c00000| Untracked 
|  38|0x0000000707e00000, 0x0000000707e00000, 0x0000000708000000|  0%| F|  |TAMS 0x0000000707e00000| PB 0x0000000707e00000| Untracked 
|  39|0x0000000708000000, 0x0000000708000000, 0x0000000708200000|  0%| F|  |TAMS 0x0000000708000000| PB 0x0000000708000000| Untracked 
|  40|0x0000000708200000, 0x0000000708200000, 0x0000000708400000|  0%| F|  |TAMS 0x0000000708200000| PB 0x0000000708200000| Untracked 
|  41|0x0000000708400000, 0x0000000708400000, 0x0000000708600000|  0%| F|  |TAMS 0x0000000708400000| PB 0x0000000708400000| Untracked 
|  42|0x0000000708600000, 0x0000000708600000, 0x0000000708800000|  0%| F|  |TAMS 0x0000000708600000| PB 0x0000000708600000| Untracked 
|  43|0x0000000708800000, 0x0000000708800000, 0x0000000708a00000|  0%| F|  |TAMS 0x0000000708800000| PB 0x0000000708800000| Untracked 
|  44|0x0000000708a00000, 0x0000000708a00000, 0x0000000708c00000|  0%| F|  |TAMS 0x0000000708a00000| PB 0x0000000708a00000| Untracked 
|  45|0x0000000708c00000, 0x0000000708c00000, 0x0000000708e00000|  0%| F|  |TAMS 0x0000000708c00000| PB 0x0000000708c00000| Untracked 
|  46|0x0000000708e00000, 0x0000000708e00000, 0x0000000709000000|  0%| F|  |TAMS 0x0000000708e00000| PB 0x0000000708e00000| Untracked 
|  47|0x0000000709000000, 0x0000000709000000, 0x0000000709200000|  0%| F|  |TAMS 0x0000000709000000| PB 0x0000000709000000| Untracked 
|  48|0x0000000709200000, 0x0000000709200000, 0x0000000709400000|  0%| F|  |TAMS 0x0000000709200000| PB 0x0000000709200000| Untracked 
|  49|0x0000000709400000, 0x0000000709400000, 0x0000000709600000|  0%| F|  |TAMS 0x0000000709400000| PB 0x0000000709400000| Untracked 
|  50|0x0000000709600000, 0x0000000709600000, 0x0000000709800000|  0%| F|  |TAMS 0x0000000709600000| PB 0x0000000709600000| Untracked 
|  51|0x0000000709800000, 0x0000000709800000, 0x0000000709a00000|  0%| F|  |TAMS 0x0000000709800000| PB 0x0000000709800000| Untracked 
|  52|0x0000000709a00000, 0x0000000709a00000, 0x0000000709c00000|  0%| F|  |TAMS 0x0000000709a00000| PB 0x0000000709a00000| Untracked 
|  53|0x0000000709c00000, 0x0000000709c00000, 0x0000000709e00000|  0%| F|  |TAMS 0x0000000709c00000| PB 0x0000000709c00000| Untracked 
|  54|0x0000000709e00000, 0x0000000709e00000, 0x000000070a000000|  0%| F|  |TAMS 0x0000000709e00000| PB 0x0000000709e00000| Untracked 
|  55|0x000000070a000000, 0x000000070a000000, 0x000000070a200000|  0%| F|  |TAMS 0x000000070a000000| PB 0x000000070a000000| Untracked 
|  56|0x000000070a200000, 0x000000070a200000, 0x000000070a400000|  0%| F|  |TAMS 0x000000070a200000| PB 0x000000070a200000| Untracked 
|  57|0x000000070a400000, 0x000000070a400000, 0x000000070a600000|  0%| F|  |TAMS 0x000000070a400000| PB 0x000000070a400000| Untracked 
|  58|0x000000070a600000, 0x000000070a600000, 0x000000070a800000|  0%| F|  |TAMS 0x000000070a600000| PB 0x000000070a600000| Untracked 
|  59|0x000000070a800000, 0x000000070a800000, 0x000000070aa00000|  0%| F|  |TAMS 0x000000070a800000| PB 0x000000070a800000| Untracked 
|  60|0x000000070aa00000, 0x000000070aa00000, 0x000000070ac00000|  0%| F|  |TAMS 0x000000070aa00000| PB 0x000000070aa00000| Untracked 
|  61|0x000000070ac00000, 0x000000070ac00000, 0x000000070ae00000|  0%| F|  |TAMS 0x000000070ac00000| PB 0x000000070ac00000| Untracked 
|  62|0x000000070ae00000, 0x000000070ae00000, 0x000000070b000000|  0%| F|  |TAMS 0x000000070ae00000| PB 0x000000070ae00000| Untracked 
|  63|0x000000070b000000, 0x000000070b000000, 0x000000070b200000|  0%| F|  |TAMS 0x000000070b000000| PB 0x000000070b000000| Untracked 
|  64|0x000000070b200000, 0x000000070b200000, 0x000000070b400000|  0%| F|  |TAMS 0x000000070b200000| PB 0x000000070b200000| Untracked 
|  65|0x000000070b400000, 0x000000070b400000, 0x000000070b600000|  0%| F|  |TAMS 0x000000070b400000| PB 0x000000070b400000| Untracked 
|  66|0x000000070b600000, 0x000000070b600000, 0x000000070b800000|  0%| F|  |TAMS 0x000000070b600000| PB 0x000000070b600000| Untracked 
|  67|0x000000070b800000, 0x000000070b800000, 0x000000070ba00000|  0%| F|  |TAMS 0x000000070b800000| PB 0x000000070b800000| Untracked 
|  68|0x000000070ba00000, 0x000000070ba00000, 0x000000070bc00000|  0%| F|  |TAMS 0x000000070ba00000| PB 0x000000070ba00000| Untracked 
|  69|0x000000070bc00000, 0x000000070bc00000, 0x000000070be00000|  0%| F|  |TAMS 0x000000070bc00000| PB 0x000000070bc00000| Untracked 
|  70|0x000000070be00000, 0x000000070be00000, 0x000000070c000000|  0%| F|  |TAMS 0x000000070be00000| PB 0x000000070be00000| Untracked 
|  71|0x000000070c000000, 0x000000070c000000, 0x000000070c200000|  0%| F|  |TAMS 0x000000070c000000| PB 0x000000070c000000| Untracked 
|  72|0x000000070c200000, 0x000000070c200000, 0x000000070c400000|  0%| F|  |TAMS 0x000000070c200000| PB 0x000000070c200000| Untracked 
|  73|0x000000070c400000, 0x000000070c400000, 0x000000070c600000|  0%| F|  |TAMS 0x000000070c400000| PB 0x000000070c400000| Untracked 
|  74|0x000000070c600000, 0x000000070c600000, 0x000000070c800000|  0%| F|  |TAMS 0x000000070c600000| PB 0x000000070c600000| Untracked 
|  75|0x000000070c800000, 0x000000070c800000, 0x000000070ca00000|  0%| F|  |TAMS 0x000000070c800000| PB 0x000000070c800000| Untracked 
|  76|0x000000070ca00000, 0x000000070ca00000, 0x000000070cc00000|  0%| F|  |TAMS 0x000000070ca00000| PB 0x000000070ca00000| Untracked 
|  77|0x000000070cc00000, 0x000000070cc00000, 0x000000070ce00000|  0%| F|  |TAMS 0x000000070cc00000| PB 0x000000070cc00000| Untracked 
|  78|0x000000070ce00000, 0x000000070ce00000, 0x000000070d000000|  0%| F|  |TAMS 0x000000070ce00000| PB 0x000000070ce00000| Untracked 
|  79|0x000000070d000000, 0x000000070d000000, 0x000000070d200000|  0%| F|  |TAMS 0x000000070d000000| PB 0x000000070d000000| Untracked 
|  80|0x000000070d200000, 0x000000070d200000, 0x000000070d400000|  0%| F|  |TAMS 0x000000070d200000| PB 0x000000070d200000| Untracked 
|  81|0x000000070d400000, 0x000000070d400000, 0x000000070d600000|  0%| F|  |TAMS 0x000000070d400000| PB 0x000000070d400000| Untracked 
|  82|0x000000070d600000, 0x000000070d600000, 0x000000070d800000|  0%| F|  |TAMS 0x000000070d600000| PB 0x000000070d600000| Untracked 
|  83|0x000000070d800000, 0x000000070d800000, 0x000000070da00000|  0%| F|  |TAMS 0x000000070d800000| PB 0x000000070d800000| Untracked 
|  84|0x000000070da00000, 0x000000070da00000, 0x000000070dc00000|  0%| F|  |TAMS 0x000000070da00000| PB 0x000000070da00000| Untracked 
|  85|0x000000070dc00000, 0x000000070dc00000, 0x000000070de00000|  0%| F|  |TAMS 0x000000070dc00000| PB 0x000000070dc00000| Untracked 
|  86|0x000000070de00000, 0x000000070de00000, 0x000000070e000000|  0%| F|  |TAMS 0x000000070de00000| PB 0x000000070de00000| Untracked 
|  87|0x000000070e000000, 0x000000070e000000, 0x000000070e200000|  0%| F|  |TAMS 0x000000070e000000| PB 0x000000070e000000| Untracked 
|  88|0x000000070e200000, 0x000000070e200000, 0x000000070e400000|  0%| F|  |TAMS 0x000000070e200000| PB 0x000000070e200000| Untracked 
|  89|0x000000070e400000, 0x000000070e400000, 0x000000070e600000|  0%| F|  |TAMS 0x000000070e400000| PB 0x000000070e400000| Untracked 
|  90|0x000000070e600000, 0x000000070e600000, 0x000000070e800000|  0%| F|  |TAMS 0x000000070e600000| PB 0x000000070e600000| Untracked 
|  91|0x000000070e800000, 0x000000070e800000, 0x000000070ea00000|  0%| F|  |TAMS 0x000000070e800000| PB 0x000000070e800000| Untracked 
|  92|0x000000070ea00000, 0x000000070ea00000, 0x000000070ec00000|  0%| F|  |TAMS 0x000000070ea00000| PB 0x000000070ea00000| Untracked 
|  93|0x000000070ec00000, 0x000000070ec00000, 0x000000070ee00000|  0%| F|  |TAMS 0x000000070ec00000| PB 0x000000070ec00000| Untracked 
|  94|0x000000070ee00000, 0x000000070ee00000, 0x000000070f000000|  0%| F|  |TAMS 0x000000070ee00000| PB 0x000000070ee00000| Untracked 
|  95|0x000000070f000000, 0x000000070f000000, 0x000000070f200000|  0%| F|  |TAMS 0x000000070f000000| PB 0x000000070f000000| Untracked 
|  96|0x000000070f200000, 0x000000070f200000, 0x000000070f400000|  0%| F|  |TAMS 0x000000070f200000| PB 0x000000070f200000| Untracked 
|  97|0x000000070f400000, 0x000000070f400000, 0x000000070f600000|  0%| F|  |TAMS 0x000000070f400000| PB 0x000000070f400000| Untracked 
|  98|0x000000070f600000, 0x000000070f600000, 0x000000070f800000|  0%| F|  |TAMS 0x000000070f600000| PB 0x000000070f600000| Untracked 
|  99|0x000000070f800000, 0x000000070f800000, 0x000000070fa00000|  0%| F|  |TAMS 0x000000070f800000| PB 0x000000070f800000| Untracked 
| 100|0x000000070fa00000, 0x000000070fa00000, 0x000000070fc00000|  0%| F|  |TAMS 0x000000070fa00000| PB 0x000000070fa00000| Untracked 
| 101|0x000000070fc00000, 0x000000070fc00000, 0x000000070fe00000|  0%| F|  |TAMS 0x000000070fc00000| PB 0x000000070fc00000| Untracked 
| 102|0x000000070fe00000, 0x000000070fe00000, 0x0000000710000000|  0%| F|  |TAMS 0x000000070fe00000| PB 0x000000070fe00000| Untracked 
| 103|0x0000000710000000, 0x0000000710000000, 0x0000000710200000|  0%| F|  |TAMS 0x0000000710000000| PB 0x0000000710000000| Untracked 
| 104|0x0000000710200000, 0x0000000710200000, 0x0000000710400000|  0%| F|  |TAMS 0x0000000710200000| PB 0x0000000710200000| Untracked 
| 105|0x0000000710400000, 0x0000000710400000, 0x0000000710600000|  0%| F|  |TAMS 0x0000000710400000| PB 0x0000000710400000| Untracked 
| 106|0x0000000710600000, 0x0000000710600000, 0x0000000710800000|  0%| F|  |TAMS 0x0000000710600000| PB 0x0000000710600000| Untracked 
| 107|0x0000000710800000, 0x0000000710800000, 0x0000000710a00000|  0%| F|  |TAMS 0x0000000710800000| PB 0x0000000710800000| Untracked 
| 108|0x0000000710a00000, 0x0000000710a00000, 0x0000000710c00000|  0%| F|  |TAMS 0x0000000710a00000| PB 0x0000000710a00000| Untracked 
| 109|0x0000000710c00000, 0x0000000710c00000, 0x0000000710e00000|  0%| F|  |TAMS 0x0000000710c00000| PB 0x0000000710c00000| Untracked 
| 110|0x0000000710e00000, 0x0000000710e00000, 0x0000000711000000|  0%| F|  |TAMS 0x0000000710e00000| PB 0x0000000710e00000| Untracked 
| 111|0x0000000711000000, 0x0000000711000000, 0x0000000711200000|  0%| F|  |TAMS 0x0000000711000000| PB 0x0000000711000000| Untracked 
| 112|0x0000000711200000, 0x0000000711200000, 0x0000000711400000|  0%| F|  |TAMS 0x0000000711200000| PB 0x0000000711200000| Untracked 
| 113|0x0000000711400000, 0x0000000711400000, 0x0000000711600000|  0%| F|  |TAMS 0x0000000711400000| PB 0x0000000711400000| Untracked 
| 114|0x0000000711600000, 0x00000007117bee68, 0x0000000711800000| 87%| S|CS|TAMS 0x0000000711600000| PB 0x0000000711600000| Complete 
| 115|0x0000000711800000, 0x0000000711a00000, 0x0000000711a00000|100%| S|CS|TAMS 0x0000000711800000| PB 0x0000000711800000| Complete 
| 116|0x0000000711a00000, 0x0000000711a00000, 0x0000000711c00000|  0%| F|  |TAMS 0x0000000711a00000| PB 0x0000000711a00000| Untracked 
| 117|0x0000000711c00000, 0x0000000711c00000, 0x0000000711e00000|  0%| F|  |TAMS 0x0000000711c00000| PB 0x0000000711c00000| Untracked 
| 118|0x0000000711e00000, 0x0000000711e00000, 0x0000000712000000|  0%| F|  |TAMS 0x0000000711e00000| PB 0x0000000711e00000| Untracked 
| 119|0x0000000712000000, 0x0000000712000000, 0x0000000712200000|  0%| F|  |TAMS 0x0000000712000000| PB 0x0000000712000000| Untracked 
| 120|0x0000000712200000, 0x0000000712200000, 0x0000000712400000|  0%| F|  |TAMS 0x0000000712200000| PB 0x0000000712200000| Untracked 
| 121|0x0000000712400000, 0x0000000712400000, 0x0000000712600000|  0%| F|  |TAMS 0x0000000712400000| PB 0x0000000712400000| Untracked 
| 122|0x0000000712600000, 0x0000000712800000, 0x0000000712800000|100%| E|  |TAMS 0x0000000712600000| PB 0x0000000712600000| Complete 
| 123|0x0000000712800000, 0x0000000712a00000, 0x0000000712a00000|100%| E|CS|TAMS 0x0000000712800000| PB 0x0000000712800000| Complete 
| 124|0x0000000712a00000, 0x0000000712c00000, 0x0000000712c00000|100%| E|CS|TAMS 0x0000000712a00000| PB 0x0000000712a00000| Complete 
| 125|0x0000000712c00000, 0x0000000712e00000, 0x0000000712e00000|100%| E|CS|TAMS 0x0000000712c00000| PB 0x0000000712c00000| Complete 
| 126|0x0000000712e00000, 0x0000000713000000, 0x0000000713000000|100%| E|CS|TAMS 0x0000000712e00000| PB 0x0000000712e00000| Complete 

Card table byte_map: [0x00000256f1820000,0x00000256f2010000] _byte_map_base: 0x00000256ee007000

Marking Bits: (CMBitMap*) 0x00000256d94474d0
 Bits: [0x00000256f2010000, 0x00000256f5f48000)

Polling page: 0x00000256d7230000

Metaspace:

Usage:
  Non-class:      5.54 MB used.
      Class:    747.08 KB used.
       Both:      6.27 MB used.

Virtual space:
  Non-class space:       64.00 MB reserved,       5.62 MB (  9%) committed,  1 nodes.
      Class space:        1.00 GB reserved,     832.00 KB ( <1%) committed,  1 nodes.
             Both:        1.06 GB reserved,       6.44 MB ( <1%) committed. 

Chunk freelists:
   Non-Class:  8.58 MB
       Class:  15.20 MB
        Both:  23.78 MB

MaxMetaspaceSize: unlimited
CompressedClassSpaceSize: 1.00 GB
Initial GC threshold: 21.00 MB
Current GC threshold: 21.00 MB
CDS: on
 - commit_granule_bytes: 65536.
 - commit_granule_words: 8192.
 - virtual_space_node_default_size: 8388608.
 - enlarge_chunks_in_place: 1.
 - use_allocation_guard: 0.


Internal statistics:

num_allocs_failed_limit: 0.
num_arena_births: 64.
num_arena_deaths: 0.
num_vsnodes_births: 2.
num_vsnodes_deaths: 0.
num_space_committed: 103.
num_space_uncommitted: 0.
num_chunks_returned_to_freelist: 0.
num_chunks_taken_from_freelist: 247.
num_chunk_merges: 0.
num_chunk_splits: 172.
num_chunks_enlarged: 138.
num_inconsistent_stats: 0.

CodeHeap 'non-profiled nmethods': size=120000Kb used=565Kb max_used=565Kb free=119435Kb
 bounds [0x00000256e95b0000, 0x00000256e9820000, 0x00000256f0ae0000]
CodeHeap 'profiled nmethods': size=120000Kb used=2493Kb max_used=2493Kb free=117506Kb
 bounds [0x00000256e1ae0000, 0x00000256e1d50000, 0x00000256e9010000]
CodeHeap 'non-nmethods': size=5760Kb used=1390Kb max_used=1428Kb free=4369Kb
 bounds [0x00000256e9010000, 0x00000256e9280000, 0x00000256e95b0000]
 total_blobs=1821 nmethods=1355 adapters=368
 compilation: enabled
              stopped_count=0, restarted_count=0
 full_count=0

Compilation events (20 events):
Event: 0.639 Thread 0x00000256f8bafe50 1285       3       org.objectweb.asm.ClassReader::readUtf (44 bytes)
Event: 0.639 Thread 0x00000256f8bafe50 nmethod 1285 0x00000256e1d31e10 code [0x00000256e1d32000, 0x00000256e1d32410]
Event: 0.640 Thread 0x00000256f8bafe50 1286       3       jdk.internal.loader.BuiltinClassLoader::hasClassPath (13 bytes)
Event: 0.640 Thread 0x00000256f8bafe50 nmethod 1286 0x00000256e1d32610 code [0x00000256e1d327a0, 0x00000256e1d32908]
Event: 0.640 Thread 0x00000256f8bafe50 1289       3       org.objectweb.asm.ClassReader::readUTF8 (23 bytes)
Event: 0.640 Thread 0x00000256f8bafe50 nmethod 1289 0x00000256e1d32990 code [0x00000256e1d32b60, 0x00000256e1d32da8]
Event: 0.641 Thread 0x00000256f8bafe50 1291       3       com.google.inject.internal.MoreTypes::isFullySpecified (48 bytes)
Event: 0.641 Thread 0x00000256f8bafe50 nmethod 1291 0x00000256e1d32e90 code [0x00000256e1d330c0, 0x00000256e1d339a8]
Event: 0.641 Thread 0x00000256f8bafe50 1292       3       com.google.inject.internal.MoreTypes::canonicalizeForKey (103 bytes)
Event: 0.641 Thread 0x00000256f8bafe50 nmethod 1292 0x00000256e1d33b10 code [0x00000256e1d33e20, 0x00000256e1d34f00]
Event: 0.641 Thread 0x00000256f8bafe50 1293       3       com.google.common.collect.RegularImmutableMap::get (13 bytes)
Event: 0.642 Thread 0x00000256f8bafe50 nmethod 1293 0x00000256e1d35490 code [0x00000256e1d35640, 0x00000256e1d35790]
Event: 0.642 Thread 0x00000256f8bafe50 1294       3       java.lang.Runtime$Version::feature (17 bytes)
Event: 0.642 Thread 0x00000256f8bafe50 nmethod 1294 0x00000256e1d35810 code [0x00000256e1d359c0, 0x00000256e1d35cb8]
Event: 0.643 Thread 0x00000256f8bafe50 1295       3       sun.reflect.annotation.AnnotatedTypeFactory::isArray (32 bytes)
Event: 0.643 Thread 0x00000256f8bafe50 nmethod 1295 0x00000256e1d35d90 code [0x00000256e1d35f60, 0x00000256e1d36468]
Event: 0.644 Thread 0x00000256f8bafe50 1296       3       sun.nio.fs.WindowsPath::elementAsString (62 bytes)
Event: 0.644 Thread 0x00000256f8bafe50 nmethod 1296 0x00000256e1d36590 code [0x00000256e1d367a0, 0x00000256e1d36c58]
Event: 0.644 Thread 0x00000256f8bafe50 1297       1       java.lang.reflect.Method::getAnnotationBytes (5 bytes)
Event: 0.644 Thread 0x00000256f8bafe50 nmethod 1297 0x00000256e9633510 code [0x00000256e96336a0, 0x00000256e9633770]

GC Heap History (2 events):
Event: 0.561 GC heap before
{Heap before GC invocations=0 (full 0):
 garbage-first heap   total 260096K, used 22528K [0x0000000703200000, 0x0000000800000000)
  region size 2048K, 11 young (22528K), 0 survivors (0K)
 Metaspace       used 5584K, committed 5760K, reserved 1114112K
  class space    used 650K, committed 768K, reserved 1048576K
}
Event: 0.565 GC heap after
{Heap after GC invocations=1 (full 0):
 garbage-first heap   total 260096K, used 3835K [0x0000000703200000, 0x0000000800000000)
  region size 2048K, 2 young (4096K), 2 survivors (4096K)
 Metaspace       used 5584K, committed 5760K, reserved 1114112K
  class space    used 650K, committed 768K, reserved 1048576K
}

Dll operation events (8 events):
Event: 0.004 Loaded shared library C:\Program Files\Eclipse Adoptium\jdk-21.0.7.6-hotspot\bin\java.dll
Event: 0.026 Loaded shared library C:\Program Files\Eclipse Adoptium\jdk-21.0.7.6-hotspot\bin\jsvml.dll
Event: 0.047 Loaded shared library C:\Program Files\Eclipse Adoptium\jdk-21.0.7.6-hotspot\bin\net.dll
Event: 0.049 Loaded shared library C:\Program Files\Eclipse Adoptium\jdk-21.0.7.6-hotspot\bin\nio.dll
Event: 0.053 Loaded shared library C:\Program Files\Eclipse Adoptium\jdk-21.0.7.6-hotspot\bin\zip.dll
Event: 0.222 Loaded shared library C:\Program Files\Eclipse Adoptium\jdk-21.0.7.6-hotspot\bin\jimage.dll
Event: 0.226 Loaded shared library C:\Users\Administrateur\.m2\wrapper\dists\apache-maven-3.9.10\e5402a93\lib\jansi-native\Windows\x86_64\jansi.dll
Event: 0.238 Loaded shared library C:\Program Files\Eclipse Adoptium\jdk-21.0.7.6-hotspot\bin\verify.dll

Deoptimization events (20 events):
Event: 0.592 Thread 0x00000256d70e4530 Uncommon trap: trap_request=0xffffff45 fr.pc=0x00000256e9610974 relative=0x0000000000001974
Event: 0.592 Thread 0x00000256d70e4530 Uncommon trap: reason=unstable_if action=reinterpret pc=0x00000256e9610974 method=sun.nio.cs.StreamDecoder.lockedRead0()I @ 30 c2
Event: 0.592 Thread 0x00000256d70e4530 DEOPT PACKING pc=0x00000256e9610974 sp=0x000000fb03bfdef0
Event: 0.592 Thread 0x00000256d70e4530 DEOPT UNPACKING pc=0x00000256e90646a2 sp=0x000000fb03bfddf8 mode 2
Event: 0.595 Thread 0x00000256d70e4530 Uncommon trap: trap_request=0xffffffde fr.pc=0x00000256e95eca60 relative=0x0000000000000720
Event: 0.595 Thread 0x00000256d70e4530 Uncommon trap: reason=class_check action=maybe_recompile pc=0x00000256e95eca60 method=java.util.regex.Matcher.search(I)Z @ 121 c2
Event: 0.595 Thread 0x00000256d70e4530 DEOPT PACKING pc=0x00000256e95eca60 sp=0x000000fb03bfe2d0
Event: 0.595 Thread 0x00000256d70e4530 DEOPT UNPACKING pc=0x00000256e90646a2 sp=0x000000fb03bfe2a0 mode 2
Event: 0.595 Thread 0x00000256d70e4530 Uncommon trap: trap_request=0xffffffde fr.pc=0x00000256e95eca60 relative=0x0000000000000720
Event: 0.595 Thread 0x00000256d70e4530 Uncommon trap: reason=class_check action=maybe_recompile pc=0x00000256e95eca60 method=java.util.regex.Matcher.search(I)Z @ 121 c2
Event: 0.595 Thread 0x00000256d70e4530 DEOPT PACKING pc=0x00000256e95eca60 sp=0x000000fb03bfe2d0
Event: 0.595 Thread 0x00000256d70e4530 DEOPT UNPACKING pc=0x00000256e90646a2 sp=0x000000fb03bfe2a0 mode 2
Event: 0.620 Thread 0x00000256d70e4530 Uncommon trap: trap_request=0xffffff45 fr.pc=0x00000256e961e7d0 relative=0x0000000000001e30
Event: 0.620 Thread 0x00000256d70e4530 Uncommon trap: reason=unstable_if action=reinterpret pc=0x00000256e961e7d0 method=java.nio.charset.CharsetDecoder.decode(Ljava/nio/ByteBuffer;Ljava/nio/CharBuffer;Z)Ljava/nio/charset/CoderResult; @ 15 c2
Event: 0.620 Thread 0x00000256d70e4530 DEOPT PACKING pc=0x00000256e961e7d0 sp=0x000000fb03bfe300
Event: 0.620 Thread 0x00000256d70e4530 DEOPT UNPACKING pc=0x00000256e90646a2 sp=0x000000fb03bfe0e0 mode 2
Event: 0.620 Thread 0x00000256d70e4530 Uncommon trap: trap_request=0xffffff45 fr.pc=0x00000256e9618e38 relative=0x0000000000002b38
Event: 0.620 Thread 0x00000256d70e4530 Uncommon trap: reason=unstable_if action=reinterpret pc=0x00000256e9618e38 method=sun.nio.cs.StreamDecoder.implRead([CII)I @ 186 c2
Event: 0.620 Thread 0x00000256d70e4530 DEOPT PACKING pc=0x00000256e9618e38 sp=0x000000fb03bfe280
Event: 0.620 Thread 0x00000256d70e4530 DEOPT UNPACKING pc=0x00000256e90646a2 sp=0x000000fb03bfe168 mode 2

Classes loaded (20 events):
Event: 0.519 Loading class java/lang/reflect/WildcardType
Event: 0.519 Loading class java/lang/reflect/WildcardType done
Event: 0.521 Loading class sun/reflect/generics/tree/TypeVariableSignature
Event: 0.521 Loading class sun/reflect/generics/tree/TypeVariableSignature done
Event: 0.530 Loading class java/lang/annotation/IncompleteAnnotationException
Event: 0.530 Loading class java/lang/annotation/IncompleteAnnotationException done
Event: 0.552 Loading class java/lang/foreign/MemorySegment
Event: 0.553 Loading class java/lang/foreign/MemorySegment done
Event: 0.598 Loading class sun/reflect/generics/reflectiveObjects/TypeVariableImpl
Event: 0.598 Loading class sun/reflect/generics/reflectiveObjects/LazyReflectiveObjectGenerator
Event: 0.598 Loading class sun/reflect/generics/reflectiveObjects/LazyReflectiveObjectGenerator done
Event: 0.598 Loading class sun/reflect/generics/reflectiveObjects/TypeVariableImpl done
Event: 0.599 Loading class sun/reflect/generics/reflectiveObjects/ParameterizedTypeImpl
Event: 0.599 Loading class sun/reflect/generics/reflectiveObjects/ParameterizedTypeImpl done
Event: 0.624 Loading class jdk/internal/foreign/MemorySessionImpl
Event: 0.624 Loading class java/lang/foreign/MemorySegment$Scope
Event: 0.624 Loading class java/lang/foreign/MemorySegment$Scope done
Event: 0.624 Loading class jdk/internal/foreign/MemorySessionImpl done
Event: 0.631 Loading class java/lang/ArrayIndexOutOfBoundsException
Event: 0.631 Loading class java/lang/ArrayIndexOutOfBoundsException done

Classes unloaded (0 events):
No events

Classes redefined (0 events):
No events

Internal exceptions (20 events):
Event: 0.230 Thread 0x00000256d70e4530 Exception <a 'java/lang/NullPointerException'{0x0000000712bc3f78}> (0x0000000712bc3f78) 
thrown [s\src\hotspot\share\interpreter\linkResolver.cpp, line 1372]
Event: 0.230 Thread 0x00000256d70e4530 Exception <a 'java/lang/NullPointerException'{0x0000000712bc4258}> (0x0000000712bc4258) 
thrown [s\src\hotspot\share\interpreter\linkResolver.cpp, line 1372]
Event: 0.230 Thread 0x00000256d70e4530 Exception <a 'java/lang/NullPointerException'{0x0000000712bc4538}> (0x0000000712bc4538) 
thrown [s\src\hotspot\share\interpreter\linkResolver.cpp, line 1372]
Event: 0.230 Thread 0x00000256d70e4530 Exception <a 'java/lang/NullPointerException'{0x0000000712801018}> (0x0000000712801018) 
thrown [s\src\hotspot\share\interpreter\linkResolver.cpp, line 1372]
Event: 0.232 Thread 0x00000256d70e4530 Exception <a 'java/lang/NullPointerException'{0x0000000712814a30}> (0x0000000712814a30) 
thrown [s\src\hotspot\share\interpreter\linkResolver.cpp, line 1372]
Event: 0.232 Thread 0x00000256d70e4530 Exception <a 'java/lang/NullPointerException'{0x0000000712814d10}> (0x0000000712814d10) 
thrown [s\src\hotspot\share\interpreter\linkResolver.cpp, line 1372]
Event: 0.232 Thread 0x00000256d70e4530 Exception <a 'java/lang/NullPointerException'{0x0000000712814ff0}> (0x0000000712814ff0) 
thrown [s\src\hotspot\share\interpreter\linkResolver.cpp, line 1372]
Event: 0.232 Thread 0x00000256d70e4530 Exception <a 'java/lang/NullPointerException'{0x00000007128152d0}> (0x00000007128152d0) 
thrown [s\src\hotspot\share\interpreter\linkResolver.cpp, line 1372]
Event: 0.245 Thread 0x00000256d70e4530 Exception <a 'java/lang/NoSuchMethodError'{0x0000000712890d90}: 'void java.lang.invoke.DirectMethodHandle$Holder.invokeStatic(java.lang.Object, java.lang.Object)'> (0x0000000712890d90) 
thrown [s\src\hotspot\share\interpreter\linkResolver.cpp, line 773]
Event: 0.246 Thread 0x00000256d70e4530 Exception <a 'java/lang/NoSuchMethodError'{0x00000007128941a0}: 'void java.lang.invoke.DirectMethodHandle$Holder.invokeStaticInit(java.lang.Object, java.lang.Object)'> (0x00000007128941a0) 
thrown [s\src\hotspot\share\interpreter\linkResolver.cpp, line 773]
Event: 0.253 Thread 0x00000256d70e4530 Exception <a 'java/lang/NoSuchMethodError'{0x00000007128ccc10}: 'void java.lang.invoke.DirectMethodHandle$Holder.invokeStatic(java.lang.Object, java.lang.Object, java.lang.Object)'> (0x00000007128ccc10) 
thrown [s\src\hotspot\share\interpreter\linkResolver.cpp, line 773]
Event: 0.299 Thread 0x00000256d70e4530 Exception <a 'java/lang/NoSuchMethodError'{0x000000071264dc98}: 'java.lang.Object java.lang.invoke.DirectMethodHandle$Holder.invokeSpecialIFC(java.lang.Object, java.lang.Object, java.lang.Object, java.lang.Object)'> (0x000000071264dc98) 
thrown [s\src\hotspot\share\interpreter\linkResolver.cpp, line 773]
Event: 0.428 Thread 0x00000256d70e4530 Exception <a 'java/lang/NoSuchMethodError'{0x0000000712019960}: 'void java.lang.invoke.DirectMethodHandle$Holder.invokeSpecial(java.lang.Object, java.lang.Object, java.lang.Object)'> (0x0000000712019960) 
thrown [s\src\hotspot\share\interpreter\linkResolver.cpp, line 773]
Event: 0.453 Thread 0x00000256d70e4530 Exception <a 'java/lang/NoSuchMethodError'{0x0000000712171f60}: 'java.lang.Object java.lang.invoke.DirectMethodHandle$Holder.invokeInterface(java.lang.Object, java.lang.Object)'> (0x0000000712171f60) 
thrown [s\src\hotspot\share\interpreter\linkResolver.cpp, line 773]
Event: 0.465 Thread 0x00000256d70e4530 Exception <a 'java/lang/NoSuchMethodError'{0x0000000711e13268}: 'int java.lang.invoke.DirectMethodHandle$Holder.invokeStatic(java.lang.Object, java.lang.Object, java.lang.Object, java.lang.Object)'> (0x0000000711e13268) 
thrown [s\src\hotspot\share\interpreter\linkResolver.cpp, line 773]
Event: 0.465 Thread 0x00000256d70e4530 Exception <a 'java/lang/NoSuchMethodError'{0x0000000711e16938}: 'java.lang.Object java.lang.invoke.Invokers$Holder.invokeExact_MT(java.lang.Object, java.lang.Object, java.lang.Object, java.lang.Object, java.lang.Object, java.lang.Object)'> (0x0000000711e16938) 
thrown [s\src\hotspot\share\interpreter\linkResolver.cpp, line 773]
Event: 0.466 Thread 0x00000256d70e4530 Exception <a 'java/lang/NoSuchMethodError'{0x0000000711e253f8}: 'int java.lang.invoke.DirectMethodHandle$Holder.invokeSpecialIFC(java.lang.Object, java.lang.Object, java.lang.Object, java.lang.Object, java.lang.Object)'> (0x0000000711e253f8) 
thrown [s\src\hotspot\share\interpreter\linkResolver.cpp, line 773]
Event: 0.504 Thread 0x00000256d70e4530 Exception <a 'java/lang/NoSuchMethodError'{0x0000000711fb8560}: 'java.lang.Object java.lang.invoke.DirectMethodHandle$Holder.newInvokeSpecial(java.lang.Object, java.lang.Object, java.lang.Object, java.lang.Object, java.lang.Object)'> (0x0000000711fb8560) 
thrown [s\src\hotspot\share\interpreter\linkResolver.cpp, line 773]
Event: 0.525 Thread 0x00000256d70e4530 Exception <a 'java/lang/NoSuchMethodError'{0x0000000711cd2a08}: 'int java.lang.invoke.DirectMethodHandle$Holder.invokeStaticInit(java.lang.Object, java.lang.Object)'> (0x0000000711cd2a08) 
thrown [s\src\hotspot\share\interpreter\linkResolver.cpp, line 773]
Event: 0.531 Thread 0x00000256d70e4530 Exception <a 'java/lang/NoClassDefFoundError'{0x0000000711d09d80}: javax/enterprise/inject/Typed> (0x0000000711d09d80) 
thrown [s\src\hotspot\share\classfile\systemDictionary.cpp, line 301]

ZGC Phase Switch (0 events):
No events

VM Operations (10 events):
Event: 0.054 Executing VM operation: HandshakeAllThreads (Deoptimize)
Event: 0.054 Executing VM operation: HandshakeAllThreads (Deoptimize) done
Event: 0.216 Executing VM operation: HandshakeAllThreads (Deoptimize)
Event: 0.216 Executing VM operation: HandshakeAllThreads (Deoptimize) done
Event: 0.226 Executing VM operation: HandshakeAllThreads (Deoptimize)
Event: 0.226 Executing VM operation: HandshakeAllThreads (Deoptimize) done
Event: 0.527 Executing VM operation: ICBufferFull
Event: 0.527 Executing VM operation: ICBufferFull done
Event: 0.561 Executing VM operation: G1CollectForAllocation (G1 Evacuation Pause)
Event: 0.565 Executing VM operation: G1CollectForAllocation (G1 Evacuation Pause) done

Memory protections (0 events):
No events

Nmethod flushes (0 events):
No events

Events (15 events):
Event: 0.015 Thread 0x00000256d70e4530 Thread added: 0x00000256d70e4530
Event: 0.024 Thread 0x00000256d70e4530 Thread added: 0x00000256f8b9df90
Event: 0.024 Thread 0x00000256d70e4530 Thread added: 0x00000256f8b9eea0
Event: 0.024 Thread 0x00000256d70e4530 Thread added: 0x00000256f8ba30b0
Event: 0.024 Thread 0x00000256d70e4530 Thread added: 0x00000256f8ba3d60
Event: 0.024 Thread 0x00000256d70e4530 Thread added: 0x00000256f8babf50
Event: 0.024 Thread 0x00000256d70e4530 Thread added: 0x00000256f8bab8c0
Event: 0.024 Thread 0x00000256d70e4530 Thread added: 0x00000256f8ba8df0
Event: 0.024 Thread 0x00000256d70e4530 Thread added: 0x00000256f8bafe50
Event: 0.040 Thread 0x00000256d70e4530 Thread added: 0x00000256f8ba9e80
Event: 0.043 Thread 0x00000256d70e4530 Thread added: 0x00000256f8bacc70
Event: 0.221 Thread 0x00000256d70e4530 Thread added: 0x00000256f8bac5e0
Event: 0.228 Thread 0x00000256f8bac5e0 Thread exited: 0x00000256f8bac5e0
Event: 0.337 Thread 0x00000256f8bafe50 Thread added: 0x00000256fd1d61b0
Event: 0.537 Thread 0x00000256f8ba8df0 Thread added: 0x00000256fd84e160


Dynamic libraries:
0x00007ff61b820000 - 0x00007ff61b82e000 	C:\Program Files\Eclipse Adoptium\jdk-21.0.7.6-hotspot\bin\java.exe
0x00007ff89a6a0000 - 0x00007ff89a8a1000 	C:\Windows\SYSTEM32\ntdll.dll
0x00007ff899160000 - 0x00007ff89921c000 	C:\Windows\System32\KERNEL32.DLL
0x00007ff897f50000 - 0x00007ff8982c0000 	C:\Windows\System32\KERNELBASE.dll
0x00007ff8982c0000 - 0x00007ff8983d0000 	C:\Windows\System32\ucrtbase.dll
0x00007ff8723b0000 - 0x00007ff8723c8000 	C:\Program Files\Eclipse Adoptium\jdk-21.0.7.6-hotspot\bin\jli.dll
0x00007ff872390000 - 0x00007ff8723ae000 	C:\Program Files\Eclipse Adoptium\jdk-21.0.7.6-hotspot\bin\VCRUNTIME140.dll
0x00007ff8987d0000 - 0x00007ff898975000 	C:\Windows\System32\USER32.dll
0x00007ff897f20000 - 0x00007ff897f46000 	C:\Windows\System32\win32u.dll
0x00007ff8699c0000 - 0x00007ff869c65000 	C:\Windows\WinSxS\amd64_microsoft.windows.common-controls_6595b64144ccf1df_6.0.20348.3804_none_9472f657eef4e288\COMCTL32.dll
0x00007ff898ff0000 - 0x00007ff89901c000 	C:\Windows\System32\GDI32.dll
0x00007ff897d50000 - 0x00007ff897e6d000 	C:\Windows\System32\gdi32full.dll
0x00007ff89a190000 - 0x00007ff89a233000 	C:\Windows\System32\msvcrt.dll
0x00007ff898530000 - 0x00007ff8985d0000 	C:\Windows\System32\msvcp_win.dll
0x00007ff898f00000 - 0x00007ff898f31000 	C:\Windows\System32\IMM32.DLL
0x00007ff872380000 - 0x00007ff87238c000 	C:\Program Files\Eclipse Adoptium\jdk-21.0.7.6-hotspot\bin\vcruntime140_1.dll
0x00007ff86a100000 - 0x00007ff86a18d000 	C:\Program Files\Eclipse Adoptium\jdk-21.0.7.6-hotspot\bin\msvcp140.dll
0x00007ff80e130000 - 0x00007ff80eec0000 	C:\Program Files\Eclipse Adoptium\jdk-21.0.7.6-hotspot\bin\server\jvm.dll
0x00007ff89a0d0000 - 0x00007ff89a181000 	C:\Windows\System32\ADVAPI32.dll
0x00007ff89a240000 - 0x00007ff89a2e2000 	C:\Windows\System32\sechost.dll
0x00007ff897ef0000 - 0x00007ff897f17000 	C:\Windows\System32\bcrypt.dll
0x00007ff89a350000 - 0x00007ff89a46e000 	C:\Windows\System32\RPCRT4.dll
0x00007ff899220000 - 0x00007ff899291000 	C:\Windows\System32\WS2_32.dll
0x00007ff897950000 - 0x00007ff89799d000 	C:\Windows\SYSTEM32\POWRPROF.dll
0x00007ff885a90000 - 0x00007ff885ab7000 	C:\Windows\SYSTEM32\WINMM.dll
0x00007ff894ed0000 - 0x00007ff894eda000 	C:\Windows\SYSTEM32\VERSION.dll
0x00007ff897930000 - 0x00007ff897943000 	C:\Windows\SYSTEM32\UMPDC.dll
0x00007ff895600000 - 0x00007ff895617000 	C:\Windows\SYSTEM32\kernel.appcore.dll
0x00007ff872370000 - 0x00007ff87237a000 	C:\Program Files\Eclipse Adoptium\jdk-21.0.7.6-hotspot\bin\jimage.dll
0x00007ff8974a0000 - 0x00007ff8976c0000 	C:\Windows\SYSTEM32\DBGHELP.DLL
0x00007ff8973f0000 - 0x00007ff897420000 	C:\Windows\SYSTEM32\dbgcore.DLL
0x00007ff897e70000 - 0x00007ff897eef000 	C:\Windows\System32\bcryptPrimitives.dll
0x00007ff86a0e0000 - 0x00007ff86a0ff000 	C:\Program Files\Eclipse Adoptium\jdk-21.0.7.6-hotspot\bin\java.dll
0x00007ff899940000 - 0x00007ff89a09a000 	C:\Windows\System32\SHELL32.dll
0x00007ff890ca0000 - 0x00007ff8914e3000 	C:\Windows\SYSTEM32\windows.storage.dll
0x00007ff8992a0000 - 0x00007ff899610000 	C:\Windows\System32\combase.dll
0x00007ff8985d0000 - 0x00007ff8986ba000 	C:\Windows\System32\SHCORE.dll
0x00007ff89a470000 - 0x00007ff89a4cf000 	C:\Windows\System32\shlwapi.dll
0x00007ff897b40000 - 0x00007ff897b61000 	C:\Windows\SYSTEM32\profapi.dll
0x00007ff86a000000 - 0x00007ff86a0d7000 	C:\Program Files\Eclipse Adoptium\jdk-21.0.7.6-hotspot\bin\jsvml.dll
0x00007ff872360000 - 0x00007ff872370000 	C:\Program Files\Eclipse Adoptium\jdk-21.0.7.6-hotspot\bin\net.dll
0x00007ff8896d0000 - 0x00007ff8897d8000 	C:\Windows\SYSTEM32\WINHTTP.dll
0x00007ff8961e0000 - 0x00007ff896248000 	C:\Windows\system32\mswsock.dll
0x00007ff869fe0000 - 0x00007ff869ff6000 	C:\Program Files\Eclipse Adoptium\jdk-21.0.7.6-hotspot\bin\nio.dll
0x00007ff826ad0000 - 0x00007ff826ae8000 	C:\Program Files\Eclipse Adoptium\jdk-21.0.7.6-hotspot\bin\zip.dll
0x00007ff826970000 - 0x00007ff826994000 	C:\Users\Administrateur\.m2\wrapper\dists\apache-maven-3.9.10\e5402a93\lib\jansi-native\Windows\x86_64\jansi.dll
0x00007ff826ac0000 - 0x00007ff826ad0000 	C:\Program Files\Eclipse Adoptium\jdk-21.0.7.6-hotspot\bin\verify.dll

dbghelp: loaded successfully - version: 4.0.5 - missing functions: none
symbol engine: initialized successfully - sym options: 0x614 - pdb path: .;C:\Program Files\Eclipse Adoptium\jdk-21.0.7.6-hotspot\bin;C:\Windows\SYSTEM32;C:\Windows\WinSxS\amd64_microsoft.windows.common-controls_6595b64144ccf1df_6.0.20348.3804_none_9472f657eef4e288;C:\Program Files\Eclipse Adoptium\jdk-21.0.7.6-hotspot\bin\server;C:\Users\Administrateur\.m2\wrapper\dists\apache-maven-3.9.10\e5402a93\lib\jansi-native\Windows\x86_64

VM Arguments:
jvm_args: --add-opens=java.base/java.lang=ALL-UNNAMED --enable-native-access=ALL-UNNAMED -Dclassworlds.conf=C:/Users/Administrateur/.m2/wrapper/dists/apache-maven-3.9.10/e5402a93/bin/m2.conf -Dmaven.home=C:/Users/Administrateur/.m2/wrapper/dists/apache-maven-3.9.10/e5402a93 -Dlibrary.jansi.path=C:/Users/Administrateur/.m2/wrapper/dists/apache-maven-3.9.10/e5402a93/lib/jansi-native -Dmaven.multiModuleProjectDirectory=C:/Users/Administrateur/Documents/CleanHive/services/identity-service 
java_command: org.codehaus.plexus.classworlds.launcher.Launcher clean install
java_class_path (initial): C:/Users/Administrateur/.m2/wrapper/dists/apache-maven-3.9.10/e5402a93/boot/plexus-classworlds-2.9.0.jar
Launcher Type: SUN_STANDARD

[Global flags]
     intx CICompilerCount                          = 4                                         {product} {ergonomic}
     uint ConcGCThreads                            = 3                                         {product} {ergonomic}
     uint G1ConcRefinementThreads                  = 10                                        {product} {ergonomic}
   size_t G1HeapRegionSize                         = 2097152                                   {product} {ergonomic}
    uintx GCDrainStackTargetSize                   = 64                                        {product} {ergonomic}
   size_t InitialHeapSize                          = 266338304                                 {product} {ergonomic}
   size_t MarkStackSize                            = 4194304                                   {product} {ergonomic}
   size_t MaxHeapSize                              = 4242538496                                {product} {ergonomic}
   size_t MaxNewSize                               = 2543845376                                {product} {ergonomic}
   size_t MinHeapDeltaBytes                        = 2097152                                   {product} {ergonomic}
   size_t MinHeapSize                              = 8388608                                   {product} {ergonomic}
    uintx NonNMethodCodeHeapSize                   = 5839372                                {pd product} {ergonomic}
    uintx NonProfiledCodeHeapSize                  = 122909434                              {pd product} {ergonomic}
    uintx ProfiledCodeHeapSize                     = 122909434                              {pd product} {ergonomic}
    uintx ReservedCodeCacheSize                    = 251658240                              {pd product} {ergonomic}
     bool SegmentedCodeCache                       = true                                      {product} {ergonomic}
   size_t SoftMaxHeapSize                          = 4242538496                             {manageable} {ergonomic}
     bool UseCompressedOops                        = true                           {product lp64_product} {ergonomic}
     bool UseG1GC                                  = true                                      {product} {ergonomic}
     bool UseLargePagesIndividualAllocation        = false                                  {pd product} {ergonomic}

Logging:
Log output configuration:
 #0: stdout all=warning uptime,level,tags foldmultilines=false
 #1: stderr all=off uptime,level,tags foldmultilines=false

Environment Variables:
PATH=C:\Program Files\Git\mingw64\bin;C:\Program Files\Git\usr\bin;C:\Users\Administrateur\bin;C:\Program Files\Eclipse Adoptium\jdk-21.0.7.6-hotspot\bin;C:\Program Files\Common Files\Oracle\Java\javapath;C:\Windows\system32;C:\Windows;C:\Windows\System32\Wbem;C:\Windows\System32\WindowsPowerShell\v1.0;C:\Windows\System32\OpenSSH;C:\Program Files\dotnet;C:\Program Files\nodejs;C:\Program Files\Microsoft SQL Server\150\Tools\Binn;C:\Program Files\Microsoft SQL Server\Client SDK\ODBC\170\Tools\Binn;C:\Program Files (x86)\Microsoft SQL Server\160\Tools\Binn;C:\Program Files\Microsoft SQL Server\160\Tools\Binn;C:\Program Files\Microsoft SQL Server\160\DTS\Binn;C:\xampp\php;C:\ProgramData\ComposerSetup\bin;C:\Program Files\Git\cmd;C:\Program Files\Docker\Docker\resources\bin;C:\Users\Administrateur\scoop\shims;C:\Users\Administrateur\AppData\Local\Microsoft\WindowsApps;C:\Users\Administrateur\AppData\Local\Programs\Microsoft VS Code\bin;C:\Users\Administrateur\AppData\Roaming\npm;C:\Users\Administrateur\.dotnet\tools;C:\Users\Administrateur\AppData\Roaming\Composer\vendor\bin;C:\Program Files\JetBrains\PhpStorm 2025.2.1\bin;C:\Users\Administrateur\AppData\Local\Programs\mongosh
USERNAME=Administrateur
TERM=xterm-256color
OS=Windows_NT
PROCESSOR_IDENTIFIER=Intel64 Family 6 Model 158 Stepping 10, GenuineIntel
TMP=C:\Users\ADMINI~1\AppData\Local\Temp\1
TEMP=C:\Users\ADMINI~1\AppData\Local\Temp\1




Periodic native trim disabled

---------------  S Y S T E M  ---------------

OS:
 Windows Server 2022 , 64 bit Build 20348 (10.0.20348.3692)
OS uptime: 0 days 0:30 hours
Hyper-V role detected

CPU: total 12 (initial active 12) (6 cores per cpu, 2 threads per core) family 6 model 158 stepping 10 microcode 0xf8, cx8, cmov, fxsr, ht, mmx, 3dnowpref, sse, sse2, sse3, ssse3, sse4.1, sse4.2, popcnt, lzcnt, tsc, tscinvbit, avx, avx2, aes, erms, clmul, bmi1, bmi2, rtm, adx, fma, vzeroupper, clflush, clflushopt, hv, rdtscp, f16c
Processor Information for the first 12 processors :
  Max Mhz: 3192, Current Mhz: 3192, Mhz Limit: 3192

Memory: 4k page, system-wide physical 16180M (5567M free)
TotalPageFile size 18612M (AvailPageFile size 5575M)
current process WorkingSet (physical memory assigned to process): 91M, peak: 93M
current process commit charge ("private bytes"): 368M, peak: 372M

vm_info: OpenJDK 64-Bit Server VM (21.0.7+6-LTS) for windows-amd64 JRE (21.0.7+6-LTS), built on 2025-04-15T00:00:00Z by "admin" with MS VC++ 17.7 (VS2022)

END.
