#
# A fatal error has been detected by the Java Runtime Environment:
#
#  EXCEPTION_ACCESS_VIOLATION (0xc0000005) at pc=0x00007ff92b355486, pid=16172, tid=16124
#
# JRE version: OpenJDK Runtime Environment Temurin-21.0.8+9 (21.0.8+9) (build 21.0.8+9-LTS)
# Java VM: OpenJDK 64-Bit Server VM Temurin-21.0.8+9 (21.0.8+9-LTS, mixed mode, sharing, tiered, compressed oops, compressed class ptrs, parallel gc, windows-amd64)
# Problematic frame:
# V  [jvm.dll+0x2f5486]
#
# Core dump will be written. Default location: c:\Users\Administrateur\Desktop\CleanHive\hs_err_pid16172.mdmp
#
# If you would like to submit a bug report, please visit:
#   https://github.com/adoptium/adoptium-support/issues
#

---------------  S U M M A R Y ------------

Command Line: --add-modules=ALL-SYSTEM --add-opens=java.base/java.util=ALL-UNNAMED --add-opens=java.base/java.lang=ALL-UNNAMED --add-opens=java.base/sun.nio.fs=ALL-UNNAMED -Declipse.application=org.eclipse.jdt.ls.core.id1 -Dosgi.bundles.defaultStartLevel=4 -Declipse.product=org.eclipse.jdt.ls.core.product -Djava.import.generatesMetadataFilesAtProjectRoot=false -DDetectVMInstallationsJob.disabled=true -Dfile.encoding=utf8 -XX:+UseParallelGC -XX:GCTimeRatio=4 -XX:AdaptiveSizePolicyWeight=90 -Dsun.zip.disableMemoryMapping=true -Xmx2G -Xms100m -Xlog:disable -javaagent:c:\Users\Administrateur\.vscode\extensions\redhat.java-1.47.0-win32-x64\lombok\lombok-1.18.39-4050.jar -XX:+HeapDumpOnOutOfMemoryError -XX:HeapDumpPath=c:\Users\Administrateur\AppData\Roaming\Code\User\workspaceStorage\90dad1b5abc0a2ea38ed7bd479fed4d3\redhat.java -Daether.dependencyCollector.impl=bf c:\Users\Administrateur\.vscode\extensions\redhat.java-1.47.0-win32-x64\server\plugins\org.eclipse.equinox.launcher_1.7.100.v20251014-1222.jar -configuration c:\Users\Administrateur\AppData\Roaming\Code\User\globalStorage\redhat.java\1.47.0\config_win -data c:\Users\Administrateur\AppData\Roaming\Code\User\workspaceStorage\90dad1b5abc0a2ea38ed7bd479fed4d3\redhat.java\jdt_ws --pipe=\\.\pipe\lsp-12bd98448334508604d50f435a4a7ba7-sock

Host: Intel(R) Core(TM) i7-8700 CPU @ 3.20GHz, 12 cores, 15G,  Windows Server 2022 , 64 bit Build 20348 (10.0.20348.3692)
Time: Wed Nov  5 10:39:06 2025 Paris, Madrid elapsed time: 4.202489 seconds (0d 0h 0m 4s)

---------------  T H R E A D  ---------------

Current thread (0x0000028b00accf50):  JavaThread "C2 CompilerThread0" daemon [_thread_in_native, id=16124, stack(0x000000f2f6b00000,0x000000f2f6c00000) (1024K)]


Current CompileTask:
C2:4202 5751   !   4       org.eclipse.osgi.internal.loader.BundleLoader::findRequiredSource (283 bytes)

Stack: [0x000000f2f6b00000,0x000000f2f6c00000],  sp=0x000000f2f6bfbad0,  free space=1006k
Native frames: (J=compiled Java code, j=interpreted, Vv=VM code, C=native code)
V  [jvm.dll+0x2f5486]
V  [jvm.dll+0x5fa00a]
V  [jvm.dll+0x252092]
V  [jvm.dll+0x24a56e]
V  [jvm.dll+0x2483a4]
V  [jvm.dll+0x1c89ee]
V  [jvm.dll+0x257d4d]
V  [jvm.dll+0x2562ea]
V  [jvm.dll+0x3f2d16]
V  [jvm.dll+0x857e6b]
V  [jvm.dll+0x6d0b0d]
C  [ucrtbase.dll+0x26b4c]
C  [KERNEL32.DLL+0x14cb0]
C  [ntdll.dll+0x7edcb]


siginfo: EXCEPTION_ACCESS_VIOLATION (0xc0000005), reading address 0x000002ab08acdcb8


Registers:
RAX=0x0000000000000278, RBX=0x0000000000000000, RCX=0x0000028b094a8850, RDX=0x0000028b094a8800
RSP=0x000000f2f6bfbad0, RBP=0x0000028b0949c280, RSI=0x0000000000000000, RDI=0x0000000000000000
R8 =0x0000028b0949c280, R9 =0x0000028b094aa010, R10=0x0000000000000449, R11=0x0000028b094a8800
R12=0x0000028b094a8800, R13=0x000000f2f6bfbec0, R14=0x0000028b08c87da0, R15=0x000002ab08acdca0
RIP=0x00007ff92b355486, EFLAGS=0x0000000000010206

XMM[0]=0x0000000000000000 0x0000000000000000
XMM[1]=0x0000000000000000 0x0000000000000000
XMM[2]=0x0000000000000000 0x0000000000000000
XMM[3]=0x0000000000000000 0x0000000000000000
XMM[4]=0x0000000000000000 0x0000000000000000
XMM[5]=0x0000000000000000 0x0000000000000000
XMM[6]=0x0000000000000000 0x0000000000000000
XMM[7]=0x0000000000000000 0x0000000000000000
XMM[8]=0x0000000000000000 0x0000000000000000
XMM[9]=0x0000000000000000 0x0000000000000000
XMM[10]=0x0000000000000000 0x0000000000000000
XMM[11]=0x0000000000000000 0x0000000000000000
XMM[12]=0x0000000000000000 0x0000000000000000
XMM[13]=0x0000000000000000 0x0000000000000000
XMM[14]=0x0000000000000000 0x0000000000000000
XMM[15]=0x0000000000000000 0x0000000000000000
  MXCSR=0x00001fa0


Register to memory mapping:

RAX=0x0000000000000278 is an unknown value
RBX=0x0 is null
RCX=0x0000028b094a8850 points into unknown readable memory: 0x0000028b05315f08 | 08 5f 31 05 8b 02 00 00
RDX=0x0000028b094a8800 points into unknown readable memory: 0x000002ab08acdca0 | a0 dc ac 08 ab 02 00 00
RSP=0x000000f2f6bfbad0 is pointing into the stack for thread: 0x0000028b00accf50
RBP=0x0000028b0949c280 points into unknown readable memory: 0x0000000000000000 | 00 00 00 00 00 00 00 00
RSI=0x0 is null
RDI=0x0 is null
R8 =0x0000028b0949c280 points into unknown readable memory: 0x0000000000000000 | 00 00 00 00 00 00 00 00
R9 =0x0000028b094aa010 points into unknown readable memory: 0x0000028b051f86f0 | f0 86 1f 05 8b 02 00 00
R10=0x0000000000000449 is an unknown value
R11=0x0000028b094a8800 points into unknown readable memory: 0x000002ab08acdca0 | a0 dc ac 08 ab 02 00 00
R12=0x0000028b094a8800 points into unknown readable memory: 0x000002ab08acdca0 | a0 dc ac 08 ab 02 00 00
R13=0x000000f2f6bfbec0 is pointing into the stack for thread: 0x0000028b00accf50
R14=0x0000028b08c87da0 points into unknown readable memory: 0xffffffff00000001 | 01 00 00 00 ff ff ff ff
R15=0x000002ab08acdca0 is an unknown value

Top of Stack: (sp=0x000000f2f6bfbad0)
0x000000f2f6bfbad0:   0000028b0949c280 000000f2f6bfbb20
0x000000f2f6bfbae0:   000000f2f6bfbec0 0000028b08c87da0
0x000000f2f6bfbaf0:   0000028b27007e50 0000028b08c87da0
0x000000f2f6bfbb00:   0000028b07fa7ff0 00000000000e2510
0x000000f2f6bfbb10:   0000028b07fb0748 0000028b07fb0748
0x000000f2f6bfbb20:   0000028b00000200 0000028b076828e8
0x000000f2f6bfbb30:   0000000000000200 0000028b27007e50
0x000000f2f6bfbb40:   0000000000008748 0000028b24bab8f0
0x000000f2f6bfbb50:   0000000000000000 0000000000000001
0x000000f2f6bfbb60:   0000000000000000 0000028b00ac3800
0x000000f2f6bfbb70:   000000f2f6bfbec0 000000f2f6bfbc90
0x000000f2f6bfbb80:   0000000000000001 00007ff92b65a00a
0x000000f2f6bfbb90:   000000f2f6bfbec0 0000000000000f13
0x000000f2f6bfbba0:   0000028b0949c280 0000000000000278
0x000000f2f6bfbbb0:   000000000000185a 00007ff97a9d5bca
0x000000f2f6bfbbc0:   0000028b0780f940 0000028b06c90000
0x000000f2f6bfbbd0:   0000028b24b70000 00007ff900000000
0x000000f2f6bfbbe0:   0000028b00000002 0000028b08b4f4d0
0x000000f2f6bfbbf0:   0000000000000002 0000028b27007e50
0x000000f2f6bfbc00:   0000028b08114000 0000028b0780f940
0x000000f2f6bfbc10:   0000000000000000 0000000000000000
0x000000f2f6bfbc20:   000000000000185a 00007ff97a9d54ad
0x000000f2f6bfbc30:   0000028b24b70000 000000f2f6bfbca0
0x000000f2f6bfbc40:   0000028b0780f900 0000028b0780f940
0x000000f2f6bfbc50:   000000002500e4c1 0000000000013fd0
0x000000f2f6bfbc60:   0000028b02000002 0000000000000010
0x000000f2f6bfbc70:   0000000022002002 0000028b00000002
0x000000f2f6bfbc80:   000000002500e4c1 0000000000000000
0x000000f2f6bfbc90:   0000000002000002 000000f2f6bfbca0
0x000000f2f6bfbca0:   0000028b081140c0 0000028b07823910
0x000000f2f6bfbcb0:   0000000000000000 0000000000000001
0x000000f2f6bfbcc0:   0000000000000400 0000028b0780f940 

Instructions: (pc=0x00007ff92b355486)
0x00007ff92b355386:   45 10 8b 88 50 02 00 00 ff c1 48 8d 0c 89 48 c1
0x00007ff92b355396:   e1 04 e8 c3 2d 43 00 49 8b 4d 10 33 ff 48 8b e8
0x00007ff92b3553a6:   48 89 84 24 d0 00 00 00 8b 91 50 02 00 00 83 ea
0x00007ff92b3553b6:   01 4c 63 c2 78 21 4b 8d 0c 80 48 c1 e1 04 48 03
0x00007ff92b3553c6:   c8 66 0f 1f 84 00 00 00 00 00 49 83 e8 01 48 89
0x00007ff92b3553d6:   39 48 8d 49 b0 79 f3 49 8b 45 10 33 d2 48 89 b4
0x00007ff92b3553e6:   24 88 00 00 00 4c 89 a4 24 80 00 00 00 4c 89 7c
0x00007ff92b3553f6:   24 78 8b 88 50 02 00 00 ff c1 48 c1 e1 02 e8 57
0x00007ff92b355406:   2d 43 00 49 8b 4d 10 ba ff ff ff ff 4c 8b f0 48
0x00007ff92b355416:   89 44 24 28 44 8b 81 50 02 00 00 48 8b c8 41 ff
0x00007ff92b355426:   c0 49 c1 e0 02 e8 82 8c 65 00 48 8d 4c 24 50 e8
0x00007ff92b355436:   56 1c 5a 00 4d 8b ce 48 8d 54 24 50 4d 8b c5 48
0x00007ff92b355446:   8b cd e8 03 fc ff ff 89 84 24 c8 00 00 00 ff c8
0x00007ff92b355456:   48 98 48 89 7d 08 48 89 6d 18 48 89 84 24 d8 00
0x00007ff92b355466:   00 00 48 83 f8 01 0f 8e 2b 03 00 00 4c 8d 24 80
0x00007ff92b355476:   49 c1 e4 04 4c 03 e5 0f 1f 00 4d 8b 3c 24 8b f7
0x00007ff92b355486:   41 83 7f 18 00 0f 86 b3 00 00 00 8b c6 48 8d 1c
0x00007ff92b355496:   c5 00 00 00 00 49 8b 47 08 48 8b 0c 03 48 85 c9
0x00007ff92b3554a6:   0f 84 8c 00 00 00 48 8b 01 ff 50 10 84 c0 0f 84
0x00007ff92b3554b6:   7e 00 00 00 49 8b 47 08 48 8b 0c 03 8b 41 28 41
0x00007ff92b3554c6:   8b 0c 86 83 f9 ff 74 6a 48 8d 3c 89 48 c1 e7 04
0x00007ff92b3554d6:   48 03 fd 48 8b 57 20 48 85 d2 75 06 48 8b 57 18
0x00007ff92b3554e6:   eb 41 48 83 7a 20 00 74 28 48 8b ca e8 19 fb ff
0x00007ff92b3554f6:   ff 4c 8b 47 20 48 8b 47 18 49 8b 50 18 8b 48 08
0x00007ff92b355506:   39 4a 08 73 04 48 89 57 18 49 8b 50 20 48 89 57
0x00007ff92b355516:   20 48 8b 4f 18 48 8b 52 18 8b 41 08 39 42 08 48
0x00007ff92b355526:   0f 43 d1 8b 42 08 41 3b 44 24 08 73 05 41 89 44
0x00007ff92b355536:   24 08 ff c6 41 3b 77 18 0f 82 4d ff ff ff 41 8b
0x00007ff92b355546:   44 24 08 4d 8b c4 48 8d 0c 80 48 03 c9 48 8b 44
0x00007ff92b355556:   cd 38 49 89 44 24 38 4c 89 64 cd 38 49 8b 44 24
0x00007ff92b355566:   28 49 8b 54 24 18 4d 8b 5c 24 10 48 8b 48 18 8b
0x00007ff92b355576:   41 08 39 42 08 73 55 0f 1f 00 4d 8b 48 28 45 8b 


Stack slot to memory mapping:

stack at sp + 0 slots: 0x0000028b0949c280 points into unknown readable memory: 0x0000000000000000 | 00 00 00 00 00 00 00 00
stack at sp + 1 slots: 0x000000f2f6bfbb20 is pointing into the stack for thread: 0x0000028b00accf50
stack at sp + 2 slots: 0x000000f2f6bfbec0 is pointing into the stack for thread: 0x0000028b00accf50
stack at sp + 3 slots: 0x0000028b08c87da0 points into unknown readable memory: 0xffffffff00000001 | 01 00 00 00 ff ff ff ff
stack at sp + 4 slots: 0x0000028b27007e50 points into unknown readable memory: 0x0000000000000007 | 07 00 00 00 00 00 00 00
stack at sp + 5 slots: 0x0000028b08c87da0 points into unknown readable memory: 0xffffffff00000001 | 01 00 00 00 ff ff ff ff
stack at sp + 6 slots: 0x0000028b07fa7ff0 points into unknown readable memory: 0x0000028b0949c270 | 70 c2 49 09 8b 02 00 00
stack at sp + 7 slots: 0x00000000000e2510 is an unknown value


---------------  P R O C E S S  ---------------

Threads class SMR info:
_java_thread_list=0x0000028b0866edd0, length=54, elements={
0x0000028b26f459b0, 0x0000028b3d9e6010, 0x0000028b3d9e7770, 0x0000028b3d9ed6e0,
0x0000028b3d9ee800, 0x0000028b00ac0f20, 0x0000028b00ac4130, 0x0000028b00accf50,
0x0000028b00acd9e0, 0x0000028b00bbdfb0, 0x0000028b00d43120, 0x0000028b00bc0710,
0x0000028b00e36bc0, 0x0000028b00bbe640, 0x0000028b00bbf360, 0x0000028b00bbecd0,
0x0000028b00bc1430, 0x0000028b00bc0da0, 0x0000028b00bbf9f0, 0x0000028b00bc0080,
0x0000028b062b9720, 0x0000028b062ba440, 0x0000028b062b9090, 0x0000028b062bdf50,
0x0000028b062baad0, 0x0000028b062bbe80, 0x0000028b062bcba0, 0x0000028b062bc510,
0x0000028b062bd230, 0x0000028b062bf990, 0x0000028b062bd8c0, 0x0000028b062be5e0,
0x0000028b062bec70, 0x0000028b062bb160, 0x0000028b062bf300, 0x0000028b062c0020,
0x0000028b062bb7f0, 0x0000028b062c06b0, 0x0000028b062b9db0, 0x0000028b07059110,
0x0000028b0705d2b0, 0x0000028b070576d0, 0x0000028b070597a0, 0x0000028b070583f0,
0x0000028b07058a80, 0x0000028b07059e30, 0x0000028b0705d940, 0x0000028b0705cc20,
0x0000028b07057d60, 0x0000028b07057040, 0x0000028b0705a4c0, 0x0000028b070569b0,
0x0000028b0705ab50, 0x0000028b0705b1e0
}

Java Threads: ( => current thread )
  0x0000028b26f459b0 JavaThread "main"                              [_thread_blocked, id=16192, stack(0x000000f2f6100000,0x000000f2f6200000) (1024K)]
  0x0000028b3d9e6010 JavaThread "Reference Handler"          daemon [_thread_blocked, id=16220, stack(0x000000f2f6500000,0x000000f2f6600000) (1024K)]
  0x0000028b3d9e7770 JavaThread "Finalizer"                  daemon [_thread_blocked, id=16132, stack(0x000000f2f6600000,0x000000f2f6700000) (1024K)]
  0x0000028b3d9ed6e0 JavaThread "Signal Dispatcher"          daemon [_thread_blocked, id=16140, stack(0x000000f2f6700000,0x000000f2f6800000) (1024K)]
  0x0000028b3d9ee800 JavaThread "Attach Listener"            daemon [_thread_blocked, id=16144, stack(0x000000f2f6800000,0x000000f2f6900000) (1024K)]
  0x0000028b00ac0f20 JavaThread "Service Thread"             daemon [_thread_blocked, id=16164, stack(0x000000f2f6900000,0x000000f2f6a00000) (1024K)]
  0x0000028b00ac4130 JavaThread "Monitor Deflation Thread"   daemon [_thread_blocked, id=16136, stack(0x000000f2f6a00000,0x000000f2f6b00000) (1024K)]
=>0x0000028b00accf50 JavaThread "C2 CompilerThread0"         daemon [_thread_in_native, id=16124, stack(0x000000f2f6b00000,0x000000f2f6c00000) (1024K)]
  0x0000028b00acd9e0 JavaThread "C1 CompilerThread0"         daemon [_thread_in_vm, id=16108, stack(0x000000f2f6c00000,0x000000f2f6d00000) (1024K)]
  0x0000028b00bbdfb0 JavaThread "Common-Cleaner"             daemon [_thread_blocked, id=14000, stack(0x000000f2f6d00000,0x000000f2f6e00000) (1024K)]
  0x0000028b00d43120 JavaThread "C2 CompilerThread1"         daemon [_thread_blocked, id=16068, stack(0x000000f2f6e00000,0x000000f2f6f00000) (1024K)]
  0x0000028b00bc0710 JavaThread "Notification Thread"        daemon [_thread_blocked, id=16100, stack(0x000000f2f6f00000,0x000000f2f7000000) (1024K)]
  0x0000028b00e36bc0 JavaThread "C2 CompilerThread2"         daemon [_thread_blocked, id=16096, stack(0x000000f2f7000000,0x000000f2f7100000) (1024K)]
  0x0000028b00bbe640 JavaThread "Active Thread: Equinox Container: 235d740d-84b1-4654-a615-d6b5d0063403"        [_thread_blocked, id=16084, stack(0x000000f2f7700000,0x000000f2f7800000) (1024K)]
  0x0000028b00bbf360 JavaThread "Refresh Thread: Equinox Container: 235d740d-84b1-4654-a615-d6b5d0063403" daemon [_thread_blocked, id=16092, stack(0x000000f2f7900000,0x000000f2f7a00000) (1024K)]
  0x0000028b00bbecd0 JavaThread "Framework Event Dispatcher: Equinox Container: 235d740d-84b1-4654-a615-d6b5d0063403" daemon [_thread_blocked, id=16064, stack(0x000000f2f7a00000,0x000000f2f7b00000) (1024K)]
  0x0000028b00bc1430 JavaThread "Start Level: Equinox Container: 235d740d-84b1-4654-a615-d6b5d0063403" daemon [_thread_blocked, id=16080, stack(0x000000f2f7b00000,0x000000f2f7c00000) (1024K)]
  0x0000028b00bc0da0 JavaThread "Bundle File Closer"         daemon [_thread_blocked, id=16184, stack(0x000000f2f7e00000,0x000000f2f7f00000) (1024K)]
  0x0000028b00bbf9f0 JavaThread "SCR Component Actor"        daemon [_thread_blocked, id=15000, stack(0x000000f2f7f00000,0x000000f2f8000000) (1024K)]
  0x0000028b00bc0080 JavaThread "Worker-JM"                         [_thread_blocked, id=14892, stack(0x000000f2f8000000,0x000000f2f8100000) (1024K)]
  0x0000028b062b9720 JavaThread "JNA Cleaner"                daemon [_thread_blocked, id=14688, stack(0x000000f2f8100000,0x000000f2f8200000) (1024K)]
  0x0000028b062ba440 JavaThread "Worker-0"                          [_thread_blocked, id=14948, stack(0x000000f2f8200000,0x000000f2f8300000) (1024K)]
  0x0000028b062b9090 JavaThread "Worker-1"                          [_thread_blocked, id=14428, stack(0x000000f2f8300000,0x000000f2f8400000) (1024K)]
  0x0000028b062bdf50 JavaThread "Java indexing"              daemon [_thread_blocked, id=16320, stack(0x000000f2f8400000,0x000000f2f8500000) (1024K)]
  0x0000028b062baad0 JavaThread "Worker-2: Repository registry initialization"        [_thread_in_Java, id=14588, stack(0x000000f2f8500000,0x000000f2f8600000) (1024K)]
  0x0000028b062bbe80 JavaThread "Worker-3"                          [_thread_blocked, id=14652, stack(0x000000f2f8600000,0x000000f2f8700000) (1024K)]
  0x0000028b062bcba0 JavaThread "Thread-1"                   daemon [_thread_in_native, id=15332, stack(0x000000f2f8700000,0x000000f2f8800000) (1024K)]
  0x0000028b062bc510 JavaThread "Thread-2"                   daemon [_thread_in_native, id=14388, stack(0x000000f2f8800000,0x000000f2f8900000) (1024K)]
  0x0000028b062bd230 JavaThread "Thread-3"                   daemon [_thread_in_native, id=15052, stack(0x000000f2f8900000,0x000000f2f8a00000) (1024K)]
  0x0000028b062bf990 JavaThread "Thread-4"                   daemon [_thread_in_native, id=14440, stack(0x000000f2f8a00000,0x000000f2f8b00000) (1024K)]
  0x0000028b062bd8c0 JavaThread "Thread-5"                   daemon [_thread_in_native, id=15396, stack(0x000000f2f8b00000,0x000000f2f8c00000) (1024K)]
  0x0000028b062be5e0 JavaThread "Thread-6"                   daemon [_thread_in_native, id=15388, stack(0x000000f2f8c00000,0x000000f2f8d00000) (1024K)]
  0x0000028b062bec70 JavaThread "Thread-7"                   daemon [_thread_in_native, id=14028, stack(0x000000f2f8d00000,0x000000f2f8e00000) (1024K)]
  0x0000028b062bb160 JavaThread "Thread-8"                   daemon [_thread_in_native, id=14840, stack(0x000000f2f8e00000,0x000000f2f8f00000) (1024K)]
  0x0000028b062bf300 JavaThread "Thread-9"                   daemon [_thread_in_native, id=14816, stack(0x000000f2f8f00000,0x000000f2f9000000) (1024K)]
  0x0000028b062c0020 JavaThread "Thread-10"                  daemon [_thread_in_native, id=15384, stack(0x000000f2f9000000,0x000000f2f9100000) (1024K)]
  0x0000028b062bb7f0 JavaThread "Thread-11"                  daemon [_thread_in_native, id=15276, stack(0x000000f2f9100000,0x000000f2f9200000) (1024K)]
  0x0000028b062c06b0 JavaThread "Thread-12"                  daemon [_thread_in_native, id=14796, stack(0x000000f2f9200000,0x000000f2f9300000) (1024K)]
  0x0000028b062b9db0 JavaThread "Thread-13"                  daemon [_thread_in_native, id=14844, stack(0x000000f2f9300000,0x000000f2f9400000) (1024K)]
  0x0000028b07059110 JavaThread "pool-2-thread-1"                   [_thread_blocked, id=14376, stack(0x000000f2f9400000,0x000000f2f9500000) (1024K)]
  0x0000028b0705d2b0 JavaThread "WorkspaceEventsHandler"            [_thread_blocked, id=15404, stack(0x000000f2f9600000,0x000000f2f9700000) (1024K)]
  0x0000028b070576d0 JavaThread "pool-1-thread-1"                   [_thread_blocked, id=14356, stack(0x000000f2f9700000,0x000000f2f9800000) (1024K)]
  0x0000028b070597a0 JavaThread "ForkJoinPool.commonPool-worker-1" daemon [_thread_blocked, id=14976, stack(0x000000f2f9800000,0x000000f2f9900000) (1024K)]
  0x0000028b070583f0 JavaThread "ForkJoinPool.commonPool-worker-2" daemon [_thread_blocked, id=15060, stack(0x000000f2f9900000,0x000000f2f9a00000) (1024K)]
  0x0000028b07058a80 JavaThread "ForkJoinPool.commonPool-worker-3" daemon [_thread_blocked, id=14552, stack(0x000000f2f9a00000,0x000000f2f9b00000) (1024K)]
  0x0000028b07059e30 JavaThread "ForkJoinPool.commonPool-worker-4" daemon [_thread_blocked, id=14928, stack(0x000000f2f9b00000,0x000000f2f9c00000) (1024K)]
  0x0000028b0705d940 JavaThread "ForkJoinPool.commonPool-worker-5" daemon [_thread_blocked, id=14804, stack(0x000000f2f9c00000,0x000000f2f9d00000) (1024K)]
  0x0000028b0705cc20 JavaThread "ForkJoinPool.commonPool-worker-6" daemon [_thread_blocked, id=15464, stack(0x000000f2f9d00000,0x000000f2f9e00000) (1024K)]
  0x0000028b07057d60 JavaThread "ForkJoinPool.commonPool-worker-7" daemon [_thread_blocked, id=14724, stack(0x000000f2f9e00000,0x000000f2f9f00000) (1024K)]
  0x0000028b07057040 JavaThread "ForkJoinPool.commonPool-worker-8" daemon [_thread_blocked, id=14792, stack(0x000000f2f9f00000,0x000000f2fa000000) (1024K)]
  0x0000028b0705a4c0 JavaThread "ForkJoinPool.commonPool-worker-9" daemon [_thread_blocked, id=14860, stack(0x000000f2fa000000,0x000000f2fa100000) (1024K)]
  0x0000028b070569b0 JavaThread "ForkJoinPool.commonPool-worker-10" daemon [_thread_blocked, id=14720, stack(0x000000f2fa100000,0x000000f2fa200000) (1024K)]
  0x0000028b0705ab50 JavaThread "ForkJoinPool.commonPool-worker-11" daemon [_thread_blocked, id=5292, stack(0x000000f2fa200000,0x000000f2fa300000) (1024K)]
  0x0000028b0705b1e0 JavaThread "Keep-Alive-Timer"           daemon [_thread_blocked, id=9248, stack(0x000000f2fa300000,0x000000f2fa400000) (1024K)]
Total: 54

Other Threads:
  0x0000028b27005ac0 VMThread "VM Thread"                           [id=16168, stack(0x000000f2f6400000,0x000000f2f6500000) (1024K)]
  0x0000028b3d8cca00 WatcherThread "VM Periodic Task Thread"        [id=16176, stack(0x000000f2f6300000,0x000000f2f6400000) (1024K)]
  0x0000028b26f632b0 WorkerThread "GC Thread#0"                     [id=16116, stack(0x000000f2f6200000,0x000000f2f6300000) (1024K)]
  0x0000028b058fba60 WorkerThread "GC Thread#1"                     [id=16248, stack(0x000000f2f7100000,0x000000f2f7200000) (1024K)]
  0x0000028b053ea620 WorkerThread "GC Thread#2"                     [id=16260, stack(0x000000f2f7200000,0x000000f2f7300000) (1024K)]
  0x0000028b053ea9c0 WorkerThread "GC Thread#3"                     [id=16076, stack(0x000000f2f7300000,0x000000f2f7400000) (1024K)]
  0x0000028b0559a3f0 WorkerThread "GC Thread#4"                     [id=16104, stack(0x000000f2f7400000,0x000000f2f7500000) (1024K)]
  0x0000028b0559a790 WorkerThread "GC Thread#5"                     [id=16264, stack(0x000000f2f7500000,0x000000f2f7600000) (1024K)]
  0x0000028b053f51a0 WorkerThread "GC Thread#6"                     [id=16088, stack(0x000000f2f7600000,0x000000f2f7700000) (1024K)]
  0x0000028b05a1ba20 WorkerThread "GC Thread#7"                     [id=16060, stack(0x000000f2f7800000,0x000000f2f7900000) (1024K)]
  0x0000028b05dc8880 WorkerThread "GC Thread#8"                     [id=16304, stack(0x000000f2f7c00000,0x000000f2f7d00000) (1024K)]
  0x0000028b05f4a7d0 WorkerThread "GC Thread#9"                     [id=16204, stack(0x000000f2f7d00000,0x000000f2f7e00000) (1024K)]
Total: 12

Threads with active compile tasks:
C2 CompilerThread0  4261 5751   !   4       org.eclipse.osgi.internal.loader.BundleLoader::findRequiredSource (283 bytes)
Total: 1

VM state: not at safepoint (normal execution)

VM Mutex/Monitor currently owned by a thread: None

Heap address: 0x0000000080000000, size: 2048 MB, Compressed Oops mode: 32-bit

CDS archive(s) mapped at: [0x0000028b3e000000-0x0000028b3eba0000-0x0000028b3eba0000), size 12189696, SharedBaseAddress: 0x0000028b3e000000, ArchiveRelocationMode: 1.
Compressed class space mapped at: 0x0000028b3f000000-0x0000028b7f000000, reserved size: 1073741824
Narrow klass base: 0x0000028b3e000000, Narrow klass shift: 0, Narrow klass range: 0x100000000

GC Precious Log:
 CardTable entry size: 512
 CPUs: 12 total, 12 available
 Memory: 16180M
 Large Page Support: Disabled
 NUMA Support: Disabled
 Compressed Oops: Enabled (32-bit)
 Alignments: Space 512K, Generation 512K, Heap 2M
 Heap Min Capacity: 100M
 Heap Initial Capacity: 100M
 Heap Max Capacity: 2G
 Pre-touch: Disabled
 Parallel Workers: 10

Heap:
 PSYoungGen      total 17920K, used 7032K [0x00000000d5580000, 0x00000000d6c00000, 0x0000000100000000)
  eden space 16384K, 39% used [0x00000000d5580000,0x00000000d5bc6348,0x00000000d6580000)
  from space 1536K, 39% used [0x00000000d6980000,0x00000000d6a18000,0x00000000d6b00000)
  to   space 1024K, 0% used [0x00000000d6b00000,0x00000000d6b00000,0x00000000d6c00000)
 ParOldGen       total 68608K, used 31593K [0x0000000080000000, 0x0000000084300000, 0x00000000d5580000)
  object space 68608K, 46% used [0x0000000080000000,0x0000000081eda558,0x0000000084300000)
 Metaspace       used 46559K, committed 47744K, reserved 1114112K
  class space    used 5069K, committed 5568K, reserved 1048576K

Card table byte_map: [0x0000028b268f0000,0x0000028b26d00000] _byte_map_base: 0x0000028b264f0000

Marking Bits: (ParMarkBitMap*) 0x00007ff92bd1a340
 Begin Bits: [0x0000028b393f0000, 0x0000028b3b3f0000)
 End Bits:   [0x0000028b3b3f0000, 0x0000028b3d3f0000)

Polling page: 0x0000028b24d90000

Metaspace:

Usage:
  Non-class:     40.52 MB used.
      Class:      4.95 MB used.
       Both:     45.47 MB used.

Virtual space:
  Non-class space:       64.00 MB reserved,      41.19 MB ( 64%) committed,  1 nodes.
      Class space:        1.00 GB reserved,       5.44 MB ( <1%) committed,  1 nodes.
             Both:        1.06 GB reserved,      46.62 MB (  4%) committed. 

Chunk freelists:
   Non-Class:  6.77 MB
       Class:  10.58 MB
        Both:  17.34 MB

MaxMetaspaceSize: unlimited
CompressedClassSpaceSize: 1.00 GB
Initial GC threshold: 21.00 MB
Current GC threshold: 58.38 MB
CDS: on
 - commit_granule_bytes: 65536.
 - commit_granule_words: 8192.
 - virtual_space_node_default_size: 8388608.
 - enlarge_chunks_in_place: 1.
 - use_allocation_guard: 0.


Internal statistics:

num_allocs_failed_limit: 8.
num_arena_births: 952.
num_arena_deaths: 14.
num_vsnodes_births: 2.
num_vsnodes_deaths: 0.
num_space_committed: 746.
num_space_uncommitted: 0.
num_chunks_returned_to_freelist: 22.
num_chunks_taken_from_freelist: 2823.
num_chunk_merges: 6.
num_chunk_splits: 1742.
num_chunks_enlarged: 1018.
num_inconsistent_stats: 0.

CodeHeap 'non-profiled nmethods': size=120000Kb used=2830Kb max_used=2830Kb free=117169Kb
 bounds [0x0000028b31c10000, 0x0000028b31ee0000, 0x0000028b39140000]
CodeHeap 'profiled nmethods': size=120000Kb used=10518Kb max_used=10518Kb free=109481Kb
 bounds [0x0000028b2a140000, 0x0000028b2ab90000, 0x0000028b31670000]
CodeHeap 'non-nmethods': size=5760Kb used=1407Kb max_used=1490Kb free=4352Kb
 bounds [0x0000028b31670000, 0x0000028b318e0000, 0x0000028b31c10000]
CodeCache: size=245760Kb, used=14755Kb, max_used=14838Kb, free=231002Kb
 total_blobs=5931, nmethods=5224, adapters=613, full_count=0
Compilation: enabled, stopped_count=0, restarted_count=0

Compilation events (20 events):
Event: 4.178 Thread 0x0000028b00acd9e0 nmethod 5775 0x0000028b31ec1a90 code [0x0000028b31ec1c20, 0x0000028b31ec1ce8]
Event: 4.178 Thread 0x0000028b00acd9e0 5776       3       java.lang.Boolean::equals (29 bytes)
Event: 4.178 Thread 0x0000028b00acd9e0 nmethod 5776 0x0000028b2ab7b090 code [0x0000028b2ab7b240, 0x0000028b2ab7b610]
Event: 4.180 Thread 0x0000028b00acd9e0 5777       3       com.google.common.base.Preconditions::checkPositionIndex (8 bytes)
Event: 4.180 Thread 0x0000028b00acd9e0 nmethod 5777 0x0000028b2ab7b710 code [0x0000028b2ab7b8c0, 0x0000028b2ab7b9e8]
Event: 4.180 Thread 0x0000028b00acd9e0 5778       3       com.google.common.base.Preconditions::checkPositionIndex (25 bytes)
Event: 4.180 Thread 0x0000028b00acd9e0 nmethod 5778 0x0000028b2ab7ba90 code [0x0000028b2ab7bc60, 0x0000028b2ab7bec0]
Event: 4.180 Thread 0x0000028b00acd9e0 5779       3       com.google.inject.TypeLiteral::get (9 bytes)
Event: 4.180 Thread 0x0000028b00acd9e0 nmethod 5779 0x0000028b2ab7c010 code [0x0000028b2ab7c1c0, 0x0000028b2ab7c348]
Event: 4.182 Thread 0x0000028b00d43120 nmethod 5338 0x0000028b31ec1d90 code [0x0000028b31ec28c0, 0x0000028b31ecac40]
Event: 4.184 Thread 0x0000028b00d43120 5774       4       java.lang.reflect.Executable::getAnnotation (23 bytes)
Event: 4.184 Thread 0x0000028b00acd9e0 5780       3       com.google.inject.internal.Errors::<init> (20 bytes)
Event: 4.184 Thread 0x0000028b00acd9e0 nmethod 5780 0x0000028b2ab7c410 code [0x0000028b2ab7c5c0, 0x0000028b2ab7c768]
Event: 4.184 Thread 0x0000028b00acd9e0 5781       3       com.google.inject.internal.Errors::throwConfigurationExceptionIfErrorsExist (22 bytes)
Event: 4.184 Thread 0x0000028b00acd9e0 nmethod 5781 0x0000028b2ab7c810 code [0x0000028b2ab7ca20, 0x0000028b2ab7cec0]
Event: 4.185 Thread 0x0000028b00acd9e0 5782       3       com.google.common.collect.Iterators::forArrayWithPosition (26 bytes)
Event: 4.185 Thread 0x0000028b00acd9e0 nmethod 5782 0x0000028b2ab7d110 code [0x0000028b2ab7d320, 0x0000028b2ab7d8b8]
Event: 4.188 Thread 0x0000028b00e36bc0 nmethod 5772 0x0000028b31ecf390 code [0x0000028b31ecf620, 0x0000028b31ed0270]
Event: 4.188 Thread 0x0000028b00e36bc0 5783       4       java.util.stream.Nodes$FixedNodeBuilder::accept (61 bytes)
Event: 4.188 Thread 0x0000028b00e36bc0 nmethod 5783 0x0000028b31ed0a10 code [0x0000028b31ed0ba0, 0x0000028b31ed0ce0]

GC Heap History (20 events):
Event: 2.954 GC heap before
{Heap before GC invocations=12 (full 1):
 PSYoungGen      total 24576K, used 24196K [0x00000000d5580000, 0x00000000d7400000, 0x0000000100000000)
  eden space 23040K, 100% used [0x00000000d5580000,0x00000000d6c00000,0x00000000d6c00000)
  from space 1536K, 75% used [0x00000000d7280000,0x00000000d73a1148,0x00000000d7400000)
  to   space 1536K, 0% used [0x00000000d7100000,0x00000000d7100000,0x00000000d7280000)
 ParOldGen       total 68608K, used 15901K [0x0000000080000000, 0x0000000084300000, 0x00000000d5580000)
  object space 68608K, 23% used [0x0000000080000000,0x0000000080f87510,0x0000000084300000)
 Metaspace       used 31297K, committed 32448K, reserved 1114112K
  class space    used 3148K, committed 3648K, reserved 1048576K
}
Event: 2.961 GC heap after
{Heap after GC invocations=12 (full 1):
 PSYoungGen      total 24064K, used 1523K [0x00000000d5580000, 0x00000000d7300000, 0x0000000100000000)
  eden space 22528K, 0% used [0x00000000d5580000,0x00000000d5580000,0x00000000d6b80000)
  from space 1536K, 99% used [0x00000000d7100000,0x00000000d727cf78,0x00000000d7280000)
  to   space 512K, 0% used [0x00000000d7280000,0x00000000d7280000,0x00000000d7300000)
 ParOldGen       total 68608K, used 17558K [0x0000000080000000, 0x0000000084300000, 0x00000000d5580000)
  object space 68608K, 25% used [0x0000000080000000,0x0000000081125990,0x0000000084300000)
 Metaspace       used 31297K, committed 32448K, reserved 1114112K
  class space    used 3148K, committed 3648K, reserved 1048576K
}
Event: 3.058 GC heap before
{Heap before GC invocations=13 (full 1):
 PSYoungGen      total 24064K, used 24051K [0x00000000d5580000, 0x00000000d7300000, 0x0000000100000000)
  eden space 22528K, 100% used [0x00000000d5580000,0x00000000d6b80000,0x00000000d6b80000)
  from space 1536K, 99% used [0x00000000d7100000,0x00000000d727cf78,0x00000000d7280000)
  to   space 512K, 0% used [0x00000000d7280000,0x00000000d7280000,0x00000000d7300000)
 ParOldGen       total 68608K, used 17558K [0x0000000080000000, 0x0000000084300000, 0x00000000d5580000)
  object space 68608K, 25% used [0x0000000080000000,0x0000000081125990,0x0000000084300000)
 Metaspace       used 33814K, committed 34944K, reserved 1114112K
  class space    used 3438K, committed 3904K, reserved 1048576K
}
Event: 3.060 GC heap after
{Heap after GC invocations=13 (full 1):
 PSYoungGen      total 22528K, used 512K [0x00000000d5580000, 0x00000000d7800000, 0x0000000100000000)
  eden space 22016K, 0% used [0x00000000d5580000,0x00000000d5580000,0x00000000d6b00000)
  from space 512K, 100% used [0x00000000d7280000,0x00000000d7300000,0x00000000d7300000)
  to   space 6656K, 0% used [0x00000000d6b00000,0x00000000d6b00000,0x00000000d7180000)
 ParOldGen       total 68608K, used 22937K [0x0000000080000000, 0x0000000084300000, 0x00000000d5580000)
  object space 68608K, 33% used [0x0000000080000000,0x0000000081666648,0x0000000084300000)
 Metaspace       used 33814K, committed 34944K, reserved 1114112K
  class space    used 3438K, committed 3904K, reserved 1048576K
}
Event: 3.103 GC heap before
{Heap before GC invocations=14 (full 1):
 PSYoungGen      total 22528K, used 8239K [0x00000000d5580000, 0x00000000d7800000, 0x0000000100000000)
  eden space 22016K, 35% used [0x00000000d5580000,0x00000000d5d0be98,0x00000000d6b00000)
  from space 512K, 100% used [0x00000000d7280000,0x00000000d7300000,0x00000000d7300000)
  to   space 6656K, 0% used [0x00000000d6b00000,0x00000000d6b00000,0x00000000d7180000)
 ParOldGen       total 68608K, used 22937K [0x0000000080000000, 0x0000000084300000, 0x00000000d5580000)
  object space 68608K, 33% used [0x0000000080000000,0x0000000081666648,0x0000000084300000)
 Metaspace       used 34723K, committed 35840K, reserved 1114112K
  class space    used 3552K, committed 4032K, reserved 1048576K
}
Event: 3.105 GC heap after
{Heap after GC invocations=14 (full 1):
 PSYoungGen      total 23040K, used 768K [0x00000000d5580000, 0x00000000d7300000, 0x0000000100000000)
  eden space 22016K, 0% used [0x00000000d5580000,0x00000000d5580000,0x00000000d6b00000)
  from space 1024K, 75% used [0x00000000d6b00000,0x00000000d6bc0000,0x00000000d6c00000)
  to   space 3072K, 0% used [0x00000000d7000000,0x00000000d7000000,0x00000000d7300000)
 ParOldGen       total 68608K, used 23454K [0x0000000080000000, 0x0000000084300000, 0x00000000d5580000)
  object space 68608K, 34% used [0x0000000080000000,0x00000000816e7828,0x0000000084300000)
 Metaspace       used 34723K, committed 35840K, reserved 1114112K
  class space    used 3552K, committed 4032K, reserved 1048576K
}
Event: 3.105 GC heap before
{Heap before GC invocations=15 (full 2):
 PSYoungGen      total 23040K, used 768K [0x00000000d5580000, 0x00000000d7300000, 0x0000000100000000)
  eden space 22016K, 0% used [0x00000000d5580000,0x00000000d5580000,0x00000000d6b00000)
  from space 1024K, 75% used [0x00000000d6b00000,0x00000000d6bc0000,0x00000000d6c00000)
  to   space 3072K, 0% used [0x00000000d7000000,0x00000000d7000000,0x00000000d7300000)
 ParOldGen       total 68608K, used 23454K [0x0000000080000000, 0x0000000084300000, 0x00000000d5580000)
  object space 68608K, 34% used [0x0000000080000000,0x00000000816e7828,0x0000000084300000)
 Metaspace       used 34723K, committed 35840K, reserved 1114112K
  class space    used 3552K, committed 4032K, reserved 1048576K
}
Event: 3.127 GC heap after
{Heap after GC invocations=15 (full 2):
 PSYoungGen      total 23040K, used 0K [0x00000000d5580000, 0x00000000d7300000, 0x0000000100000000)
  eden space 22016K, 0% used [0x00000000d5580000,0x00000000d5580000,0x00000000d6b00000)
  from space 1024K, 0% used [0x00000000d6b00000,0x00000000d6b00000,0x00000000d6c00000)
  to   space 3072K, 0% used [0x00000000d7000000,0x00000000d7000000,0x00000000d7300000)
 ParOldGen       total 68608K, used 20486K [0x0000000080000000, 0x0000000084300000, 0x00000000d5580000)
  object space 68608K, 29% used [0x0000000080000000,0x0000000081401a00,0x0000000084300000)
 Metaspace       used 34723K, committed 35840K, reserved 1114112K
  class space    used 3552K, committed 4032K, reserved 1048576K
}
Event: 3.236 GC heap before
{Heap before GC invocations=16 (full 2):
 PSYoungGen      total 23040K, used 22006K [0x00000000d5580000, 0x00000000d7300000, 0x0000000100000000)
  eden space 22016K, 99% used [0x00000000d5580000,0x00000000d6afd8e8,0x00000000d6b00000)
  from space 1024K, 0% used [0x00000000d6b00000,0x00000000d6b00000,0x00000000d6c00000)
  to   space 3072K, 0% used [0x00000000d7000000,0x00000000d7000000,0x00000000d7300000)
 ParOldGen       total 68608K, used 20486K [0x0000000080000000, 0x0000000084300000, 0x00000000d5580000)
  object space 68608K, 29% used [0x0000000080000000,0x0000000081401a00,0x0000000084300000)
 Metaspace       used 37964K, committed 39104K, reserved 1114112K
  class space    used 3973K, committed 4416K, reserved 1048576K
}
Event: 3.238 GC heap after
{Heap after GC invocations=16 (full 2):
 PSYoungGen      total 23552K, used 1483K [0x00000000d5580000, 0x00000000d7180000, 0x0000000100000000)
  eden space 22016K, 0% used [0x00000000d5580000,0x00000000d5580000,0x00000000d6b00000)
  from space 1536K, 96% used [0x00000000d7000000,0x00000000d7172da0,0x00000000d7180000)
  to   space 2048K, 0% used [0x00000000d6d80000,0x00000000d6d80000,0x00000000d6f80000)
 ParOldGen       total 68608K, used 20494K [0x0000000080000000, 0x0000000084300000, 0x00000000d5580000)
  object space 68608K, 29% used [0x0000000080000000,0x0000000081403a00,0x0000000084300000)
 Metaspace       used 37964K, committed 39104K, reserved 1114112K
  class space    used 3973K, committed 4416K, reserved 1048576K
}
Event: 3.472 GC heap before
{Heap before GC invocations=17 (full 2):
 PSYoungGen      total 23552K, used 23485K [0x00000000d5580000, 0x00000000d7180000, 0x0000000100000000)
  eden space 22016K, 99% used [0x00000000d5580000,0x00000000d6afc8f0,0x00000000d6b00000)
  from space 1536K, 96% used [0x00000000d7000000,0x00000000d7172da0,0x00000000d7180000)
  to   space 2048K, 0% used [0x00000000d6d80000,0x00000000d6d80000,0x00000000d6f80000)
 ParOldGen       total 68608K, used 20663K [0x0000000080000000, 0x0000000084300000, 0x00000000d5580000)
  object space 68608K, 30% used [0x0000000080000000,0x000000008142de20,0x0000000084300000)
 Metaspace       used 40317K, committed 41536K, reserved 1114112K
  class space    used 4233K, committed 4736K, reserved 1048576K
}
Event: 3.476 GC heap after
{Heap after GC invocations=17 (full 2):
 PSYoungGen      total 24064K, used 1865K [0x00000000d5580000, 0x00000000d7080000, 0x0000000100000000)
  eden space 22016K, 0% used [0x00000000d5580000,0x00000000d5580000,0x00000000d6b00000)
  from space 2048K, 91% used [0x00000000d6d80000,0x00000000d6f52420,0x00000000d6f80000)
  to   space 1024K, 0% used [0x00000000d6f80000,0x00000000d6f80000,0x00000000d7080000)
 ParOldGen       total 68608K, used 21542K [0x0000000080000000, 0x0000000084300000, 0x00000000d5580000)
  object space 68608K, 31% used [0x0000000080000000,0x0000000081509998,0x0000000084300000)
 Metaspace       used 40317K, committed 41536K, reserved 1114112K
  class space    used 4233K, committed 4736K, reserved 1048576K
}
Event: 3.600 GC heap before
{Heap before GC invocations=18 (full 2):
 PSYoungGen      total 24064K, used 23881K [0x00000000d5580000, 0x00000000d7080000, 0x0000000100000000)
  eden space 22016K, 100% used [0x00000000d5580000,0x00000000d6b00000,0x00000000d6b00000)
  from space 2048K, 91% used [0x00000000d6d80000,0x00000000d6f52420,0x00000000d6f80000)
  to   space 1024K, 0% used [0x00000000d6f80000,0x00000000d6f80000,0x00000000d7080000)
 ParOldGen       total 68608K, used 21576K [0x0000000080000000, 0x0000000084300000, 0x00000000d5580000)
  object space 68608K, 31% used [0x0000000080000000,0x0000000081512040,0x0000000084300000)
 Metaspace       used 41713K, committed 43008K, reserved 1114112K
  class space    used 4426K, committed 4992K, reserved 1048576K
}
Event: 3.603 GC heap after
{Heap after GC invocations=18 (full 2):
 PSYoungGen      total 17408K, used 992K [0x00000000d5580000, 0x00000000d7f00000, 0x0000000100000000)
  eden space 16384K, 0% used [0x00000000d5580000,0x00000000d5580000,0x00000000d6580000)
  from space 1024K, 96% used [0x00000000d6f80000,0x00000000d7078180,0x00000000d7080000)
  to   space 10240K, 0% used [0x00000000d6580000,0x00000000d6580000,0x00000000d6f80000)
 ParOldGen       total 68608K, used 29154K [0x0000000080000000, 0x0000000084300000, 0x00000000d5580000)
  object space 68608K, 42% used [0x0000000080000000,0x0000000081c78998,0x0000000084300000)
 Metaspace       used 41713K, committed 43008K, reserved 1114112K
  class space    used 4426K, committed 4992K, reserved 1048576K
}
Event: 3.816 GC heap before
{Heap before GC invocations=19 (full 2):
 PSYoungGen      total 17408K, used 17376K [0x00000000d5580000, 0x00000000d7f00000, 0x0000000100000000)
  eden space 16384K, 100% used [0x00000000d5580000,0x00000000d6580000,0x00000000d6580000)
  from space 1024K, 96% used [0x00000000d6f80000,0x00000000d7078180,0x00000000d7080000)
  to   space 10240K, 0% used [0x00000000d6580000,0x00000000d6580000,0x00000000d6f80000)
 ParOldGen       total 68608K, used 29156K [0x0000000080000000, 0x0000000084300000, 0x00000000d5580000)
  object space 68608K, 42% used [0x0000000080000000,0x0000000081c792e8,0x0000000084300000)
 Metaspace       used 43392K, committed 44608K, reserved 1114112K
  class space    used 4666K, committed 5184K, reserved 1048576K
}
Event: 3.818 GC heap after
{Heap after GC invocations=19 (full 2):
 PSYoungGen      total 18432K, used 1712K [0x00000000d5580000, 0x00000000d7000000, 0x0000000100000000)
  eden space 16384K, 0% used [0x00000000d5580000,0x00000000d5580000,0x00000000d6580000)
  from space 2048K, 83% used [0x00000000d6580000,0x00000000d672c010,0x00000000d6780000)
  to   space 4608K, 0% used [0x00000000d6b80000,0x00000000d6b80000,0x00000000d7000000)
 ParOldGen       total 68608K, used 29801K [0x0000000080000000, 0x0000000084300000, 0x00000000d5580000)
  object space 68608K, 43% used [0x0000000080000000,0x0000000081d1a558,0x0000000084300000)
 Metaspace       used 43392K, committed 44608K, reserved 1114112K
  class space    used 4666K, committed 5184K, reserved 1048576K
}
Event: 3.956 GC heap before
{Heap before GC invocations=20 (full 2):
 PSYoungGen      total 18432K, used 18096K [0x00000000d5580000, 0x00000000d7000000, 0x0000000100000000)
  eden space 16384K, 100% used [0x00000000d5580000,0x00000000d6580000,0x00000000d6580000)
  from space 2048K, 83% used [0x00000000d6580000,0x00000000d672c010,0x00000000d6780000)
  to   space 4608K, 0% used [0x00000000d6b80000,0x00000000d6b80000,0x00000000d7000000)
 ParOldGen       total 68608K, used 29801K [0x0000000080000000, 0x0000000084300000, 0x00000000d5580000)
  object space 68608K, 43% used [0x0000000080000000,0x0000000081d1a558,0x0000000084300000)
 Metaspace       used 44316K, committed 45568K, reserved 1114112K
  class space    used 4786K, committed 5312K, reserved 1048576K
}
Event: 3.958 GC heap after
{Heap after GC invocations=20 (full 2):
 PSYoungGen      total 17408K, used 608K [0x00000000d5580000, 0x00000000d6c80000, 0x0000000100000000)
  eden space 16384K, 0% used [0x00000000d5580000,0x00000000d5580000,0x00000000d6580000)
  from space 1024K, 59% used [0x00000000d6b80000,0x00000000d6c18000,0x00000000d6c80000)
  to   space 1536K, 0% used [0x00000000d6980000,0x00000000d6980000,0x00000000d6b00000)
 ParOldGen       total 68608K, used 31273K [0x0000000080000000, 0x0000000084300000, 0x00000000d5580000)
  object space 68608K, 45% used [0x0000000080000000,0x0000000081e8a558,0x0000000084300000)
 Metaspace       used 44316K, committed 45568K, reserved 1114112K
  class space    used 4786K, committed 5312K, reserved 1048576K
}
Event: 4.138 GC heap before
{Heap before GC invocations=21 (full 2):
 PSYoungGen      total 17408K, used 16992K [0x00000000d5580000, 0x00000000d6c80000, 0x0000000100000000)
  eden space 16384K, 100% used [0x00000000d5580000,0x00000000d6580000,0x00000000d6580000)
  from space 1024K, 59% used [0x00000000d6b80000,0x00000000d6c18000,0x00000000d6c80000)
  to   space 1536K, 0% used [0x00000000d6980000,0x00000000d6980000,0x00000000d6b00000)
 ParOldGen       total 68608K, used 31273K [0x0000000080000000, 0x0000000084300000, 0x00000000d5580000)
  object space 68608K, 45% used [0x0000000080000000,0x0000000081e8a558,0x0000000084300000)
 Metaspace       used 45880K, committed 47104K, reserved 1114112K
  class space    used 4982K, committed 5504K, reserved 1048576K
}
Event: 4.140 GC heap after
{Heap after GC invocations=21 (full 2):
 PSYoungGen      total 17920K, used 608K [0x00000000d5580000, 0x00000000d6c00000, 0x0000000100000000)
  eden space 16384K, 0% used [0x00000000d5580000,0x00000000d5580000,0x00000000d6580000)
  from space 1536K, 39% used [0x00000000d6980000,0x00000000d6a18000,0x00000000d6b00000)
  to   space 1024K, 0% used [0x00000000d6b00000,0x00000000d6b00000,0x00000000d6c00000)
 ParOldGen       total 68608K, used 31593K [0x0000000080000000, 0x0000000084300000, 0x00000000d5580000)
  object space 68608K, 46% used [0x0000000080000000,0x0000000081eda558,0x0000000084300000)
 Metaspace       used 45880K, committed 47104K, reserved 1114112K
  class space    used 4982K, committed 5504K, reserved 1048576K
}

Dll operation events (12 events):
Event: 0.009 Loaded shared library c:\Users\Administrateur\.vscode\extensions\redhat.java-1.47.0-win32-x64\jre\21.0.8-win32-x86_64\bin\java.dll
Event: 0.081 Loaded shared library c:\Users\Administrateur\.vscode\extensions\redhat.java-1.47.0-win32-x64\jre\21.0.8-win32-x86_64\bin\zip.dll
Event: 0.104 Loaded shared library C:\Users\Administrateur\.vscode\extensions\redhat.java-1.47.0-win32-x64\jre\21.0.8-win32-x86_64\bin\instrument.dll
Event: 0.110 Loaded shared library C:\Users\Administrateur\.vscode\extensions\redhat.java-1.47.0-win32-x64\jre\21.0.8-win32-x86_64\bin\net.dll
Event: 0.112 Loaded shared library C:\Users\Administrateur\.vscode\extensions\redhat.java-1.47.0-win32-x64\jre\21.0.8-win32-x86_64\bin\nio.dll
Event: 0.115 Loaded shared library C:\Users\Administrateur\.vscode\extensions\redhat.java-1.47.0-win32-x64\jre\21.0.8-win32-x86_64\bin\zip.dll
Event: 0.131 Loaded shared library C:\Users\Administrateur\.vscode\extensions\redhat.java-1.47.0-win32-x64\jre\21.0.8-win32-x86_64\bin\jimage.dll
Event: 0.184 Loaded shared library c:\Users\Administrateur\.vscode\extensions\redhat.java-1.47.0-win32-x64\jre\21.0.8-win32-x86_64\bin\verify.dll
Event: 1.117 Loaded shared library C:\Users\Administrateur\AppData\Roaming\Code\User\globalStorage\redhat.java\1.47.0\config_win\org.eclipse.equinox.launcher\org.eclipse.equinox.launcher.win32.win32.x86_64_1.2.1400.v20250801-0854\eclipse_11916.dll
Event: 2.059 Loaded shared library C:\Users\Administrateur\AppData\Local\Temp\1\jna-253705784\jna4175804059826990.dll
Event: 2.952 Loaded shared library C:\Users\Administrateur\.vscode\extensions\redhat.java-1.47.0-win32-x64\jre\21.0.8-win32-x86_64\bin\sunmscapi.dll
Event: 3.188 Loaded shared library C:\Users\Administrateur\.vscode\extensions\redhat.java-1.47.0-win32-x64\jre\21.0.8-win32-x86_64\bin\extnet.dll

Deoptimization events (20 events):
Event: 4.051 Thread 0x0000028b062baad0 Uncommon trap: trap_request=0xffffffde fr.pc=0x0000028b31eb4438 relative=0x0000000000000498
Event: 4.051 Thread 0x0000028b062baad0 Uncommon trap: reason=class_check action=maybe_recompile pc=0x0000028b31eb4438 method=java.lang.reflect.Executable.declaredAnnotations()Ljava/util/Map; @ 23 c2
Event: 4.051 Thread 0x0000028b062baad0 DEOPT PACKING pc=0x0000028b31eb4438 sp=0x000000f2f85fdf20
Event: 4.051 Thread 0x0000028b062baad0 DEOPT UNPACKING pc=0x0000028b316c3aa2 sp=0x000000f2f85fdef0 mode 2
Event: 4.189 Thread 0x0000028b062baad0 Uncommon trap: trap_request=0xffffffd6 fr.pc=0x0000028b31ed0c6c relative=0x00000000000000cc
Event: 4.189 Thread 0x0000028b062baad0 Uncommon trap: reason=array_check action=maybe_recompile pc=0x0000028b31ed0c6c method=java.util.stream.Nodes$FixedNodeBuilder.accept(Ljava/lang/Object;)V @ 28 c2
Event: 4.189 Thread 0x0000028b062baad0 DEOPT PACKING pc=0x0000028b31ed0c6c sp=0x000000f2f85fe110
Event: 4.189 Thread 0x0000028b062baad0 DEOPT UNPACKING pc=0x0000028b316c3aa2 sp=0x000000f2f85fe090 mode 2
Event: 4.189 Thread 0x0000028b062baad0 Uncommon trap: trap_request=0xffffffd6 fr.pc=0x0000028b31ed0c6c relative=0x00000000000000cc
Event: 4.189 Thread 0x0000028b062baad0 Uncommon trap: reason=array_check action=maybe_recompile pc=0x0000028b31ed0c6c method=java.util.stream.Nodes$FixedNodeBuilder.accept(Ljava/lang/Object;)V @ 28 c2
Event: 4.189 Thread 0x0000028b062baad0 DEOPT PACKING pc=0x0000028b31ed0c6c sp=0x000000f2f85fe110
Event: 4.189 Thread 0x0000028b062baad0 DEOPT UNPACKING pc=0x0000028b316c3aa2 sp=0x000000f2f85fe090 mode 2
Event: 4.189 Thread 0x0000028b062baad0 Uncommon trap: trap_request=0xffffffd6 fr.pc=0x0000028b31ed0c6c relative=0x00000000000000cc
Event: 4.189 Thread 0x0000028b062baad0 Uncommon trap: reason=array_check action=maybe_recompile pc=0x0000028b31ed0c6c method=java.util.stream.Nodes$FixedNodeBuilder.accept(Ljava/lang/Object;)V @ 28 c2
Event: 4.189 Thread 0x0000028b062baad0 DEOPT PACKING pc=0x0000028b31ed0c6c sp=0x000000f2f85fe110
Event: 4.189 Thread 0x0000028b062baad0 DEOPT UNPACKING pc=0x0000028b316c3aa2 sp=0x000000f2f85fe090 mode 2
Event: 4.189 Thread 0x0000028b062baad0 Uncommon trap: trap_request=0xffffffd6 fr.pc=0x0000028b31ed0c6c relative=0x00000000000000cc
Event: 4.189 Thread 0x0000028b062baad0 Uncommon trap: reason=array_check action=maybe_recompile pc=0x0000028b31ed0c6c method=java.util.stream.Nodes$FixedNodeBuilder.accept(Ljava/lang/Object;)V @ 28 c2
Event: 4.189 Thread 0x0000028b062baad0 DEOPT PACKING pc=0x0000028b31ed0c6c sp=0x000000f2f85fe150
Event: 4.189 Thread 0x0000028b062baad0 DEOPT UNPACKING pc=0x0000028b316c3aa2 sp=0x000000f2f85fe0d0 mode 2

Classes loaded (20 events):
Event: 3.696 Loading class sun/reflect/annotation/TypeAnnotation$TypeAnnotationTarget
Event: 3.696 Loading class sun/reflect/annotation/TypeAnnotation$TypeAnnotationTarget done
Event: 3.696 Loading class sun/reflect/annotation/TypeAnnotation$LocationInfo
Event: 3.696 Loading class sun/reflect/annotation/TypeAnnotation$LocationInfo done
Event: 3.696 Loading class sun/reflect/annotation/TypeAnnotation$LocationInfo$Location
Event: 3.696 Loading class sun/reflect/annotation/TypeAnnotation$LocationInfo$Location done
Event: 3.696 Loading class sun/reflect/annotation/AnnotatedTypeFactory
Event: 3.696 Loading class sun/reflect/annotation/AnnotatedTypeFactory done
Event: 3.696 Loading class sun/reflect/annotation/AnnotatedTypeFactory$AnnotatedTypeBaseImpl
Event: 3.696 Loading class sun/reflect/annotation/AnnotatedTypeFactory$AnnotatedTypeBaseImpl done
Event: 3.737 Loading class java/lang/annotation/ElementType
Event: 3.737 Loading class java/lang/annotation/ElementType done
Event: 3.794 Loading class java/lang/annotation/IncompleteAnnotationException
Event: 3.794 Loading class java/lang/annotation/IncompleteAnnotationException done
Event: 3.814 Loading class java/lang/foreign/MemorySegment
Event: 3.814 Loading class java/lang/foreign/MemorySegment done
Event: 4.041 Loading class sun/reflect/annotation/AnnotatedTypeFactory$AnnotatedParameterizedTypeImpl
Event: 4.041 Loading class java/lang/reflect/AnnotatedParameterizedType
Event: 4.041 Loading class java/lang/reflect/AnnotatedParameterizedType done
Event: 4.041 Loading class sun/reflect/annotation/AnnotatedTypeFactory$AnnotatedParameterizedTypeImpl done

Classes unloaded (7 events):
Event: 2.351 Thread 0x0000028b27005ac0 Unloading class 0x0000028b3f1ad400 'java/lang/invoke/LambdaForm$MH+0x0000028b3f1ad400'
Event: 2.351 Thread 0x0000028b27005ac0 Unloading class 0x0000028b3f1ad000 'java/lang/invoke/LambdaForm$MH+0x0000028b3f1ad000'
Event: 2.351 Thread 0x0000028b27005ac0 Unloading class 0x0000028b3f1acc00 'java/lang/invoke/LambdaForm$MH+0x0000028b3f1acc00'
Event: 2.351 Thread 0x0000028b27005ac0 Unloading class 0x0000028b3f1ac800 'java/lang/invoke/LambdaForm$MH+0x0000028b3f1ac800'
Event: 2.351 Thread 0x0000028b27005ac0 Unloading class 0x0000028b3f1ac400 'java/lang/invoke/LambdaForm$BMH+0x0000028b3f1ac400'
Event: 2.351 Thread 0x0000028b27005ac0 Unloading class 0x0000028b3f1ac000 'java/lang/invoke/LambdaForm$DMH+0x0000028b3f1ac000'
Event: 2.351 Thread 0x0000028b27005ac0 Unloading class 0x0000028b3f1aac00 'java/lang/invoke/LambdaForm$DMH+0x0000028b3f1aac00'

Classes redefined (0 events):
No events

Internal exceptions (20 events):
Event: 3.307 Thread 0x0000028b062b9090 Exception <a 'sun/nio/fs/WindowsException'{0x00000000d5fb4d48}> (0x00000000d5fb4d48) 
thrown [s\src\hotspot\share\prims\jni.cpp, line 520]
Event: 3.321 Thread 0x0000028b062b9090 Exception <a 'java/io/FileNotFoundException'{0x00000000d6169378}> (0x00000000d6169378) 
thrown [s\src\hotspot\share\prims\jni.cpp, line 520]
Event: 3.322 Thread 0x0000028b062b9090 Exception <a 'java/io/FileNotFoundException'{0x00000000d616a8d0}> (0x00000000d616a8d0) 
thrown [s\src\hotspot\share\prims\jni.cpp, line 520]
Event: 3.322 Thread 0x0000028b062b9090 Exception <a 'java/lang/NoSuchMethodError'{0x00000000d6178ab8}: 'java.lang.Object java.lang.invoke.DirectMethodHandle$Holder.newInvokeSpecial(java.lang.Object, java.lang.Object, java.lang.Object, int)'> (0x00000000d6178ab8) 
thrown [s\src\hotspot\share\interpreter\linkResolver.cpp, line 773]
Event: 3.323 Thread 0x0000028b062b9090 Exception <a 'java/lang/NoSuchMethodError'{0x00000000d617c770}: 'java.lang.Object java.lang.invoke.DirectMethodHandle$Holder.invokeSpecial(java.lang.Object, java.lang.Object, java.lang.Object, java.lang.Object, int)'> (0x00000000d617c770) 
thrown [s\src\hotspot\share\interpreter\linkResolver.cpp, line 773]
Event: 3.323 Thread 0x0000028b062b9090 Exception <a 'java/lang/NoSuchMethodError'{0x00000000d617fe80}: 'java.lang.Object java.lang.invoke.Invokers$Holder.linkToTargetMethod(java.lang.Object, java.lang.Object, int, java.lang.Object)'> (0x00000000d617fe80) 
thrown [s\src\hotspot\share\interpreter\linkResolver.cpp, line 773]
Event: 3.325 Thread 0x0000028b062b9090 Exception <a 'java/lang/NoSuchMethodError'{0x00000000d61a8870}: 'void java.lang.invoke.DirectMethodHandle$Holder.invokeStaticInit(java.lang.Object, java.lang.Object, java.lang.Object)'> (0x00000000d61a8870) 
thrown [s\src\hotspot\share\interpreter\linkResolver.cpp, line 773]
Event: 3.383 Thread 0x0000028b062ba440 Implicit null exception at 0x0000028b31d84771 to 0x0000028b31d8482c
Event: 3.465 Thread 0x0000028b062b9090 Exception <a 'java/io/FileNotFoundException'{0x00000000d69ff568}> (0x00000000d69ff568) 
thrown [s\src\hotspot\share\prims\jni.cpp, line 520]
Event: 3.465 Thread 0x0000028b062b9090 Exception <a 'java/io/FileNotFoundException'{0x00000000d6a00700}> (0x00000000d6a00700) 
thrown [s\src\hotspot\share\prims\jni.cpp, line 520]
Event: 3.519 Thread 0x0000028b062baad0 Exception <a 'java/lang/NoSuchMethodError'{0x00000000d613e6c0}: 'java.lang.Object java.lang.invoke.DirectMethodHandle$Holder.invokeSpecialIFC(java.lang.Object, java.lang.Object, java.lang.Object, java.lang.Object)'> (0x00000000d613e6c0) 
thrown [s\src\hotspot\share\interpreter\linkResolver.cpp, line 773]
Event: 3.531 Thread 0x0000028b070576d0 Exception <a 'java/io/FileNotFoundException'{0x00000000d630da00}> (0x00000000d630da00) 
thrown [s\src\hotspot\share\prims\jni.cpp, line 520]
Event: 3.587 Thread 0x0000028b070576d0 Exception <a 'java/io/FileNotFoundException'{0x00000000d6a8f658}> (0x00000000d6a8f658) 
thrown [s\src\hotspot\share\prims\jni.cpp, line 520]
Event: 3.589 Thread 0x0000028b070576d0 Exception <a 'java/lang/NoSuchMethodError'{0x00000000d6aa0238}: 'java.lang.Object java.lang.invoke.DirectMethodHandle$Holder.invokeStatic(java.lang.Object, int, java.lang.Object, java.lang.Object)'> (0x00000000d6aa0238) 
thrown [s\src\hotspot\share\interpreter\linkResolver.cpp, line 773]
Event: 3.589 Thread 0x0000028b070576d0 Exception <a 'java/lang/NoSuchMethodError'{0x00000000d6aa3a38}: 'java.lang.Object java.lang.invoke.DelegatingMethodHandle$Holder.delegate(java.lang.Object, int, java.lang.Object, java.lang.Object)'> (0x00000000d6aa3a38) 
thrown [s\src\hotspot\share\interpreter\linkResolver.cpp, line 773]
Event: 3.590 Thread 0x0000028b070576d0 Implicit null exception at 0x0000028b31dc6700 to 0x0000028b31dc6a48
Event: 3.591 Thread 0x0000028b070576d0 Exception <a 'java/lang/NoSuchMethodError'{0x00000000d6ac0e68}: 'int java.lang.invoke.Invokers$Holder.linkToTargetMethod(java.lang.Object, java.lang.Object, java.lang.Object)'> (0x00000000d6ac0e68) 
thrown [s\src\hotspot\share\interpreter\linkResolver.cpp, line 773]
Event: 3.656 Thread 0x0000028b062ba440 Exception <a 'java/lang/NoSuchMethodError'{0x00000000d566b208}: 'void java.lang.invoke.DirectMethodHandle$Holder.invokeStaticInit(java.lang.Object, java.lang.Object, java.lang.Object, java.lang.Object)'> (0x00000000d566b208) 
thrown [s\src\hotspot\share\interpreter\linkResolver.cpp, line 773]
Event: 3.672 Thread 0x0000028b062bbe80 Exception <a 'java/lang/NoSuchMethodError'{0x00000000d597c1d0}: 'int java.lang.invoke.DirectMethodHandle$Holder.invokeSpecialIFC(java.lang.Object, java.lang.Object, java.lang.Object, java.lang.Object)'> (0x00000000d597c1d0) 
thrown [s\src\hotspot\share\interpreter\linkResolver.cpp, line 773]
Event: 3.794 Thread 0x0000028b062baad0 Exception <a 'java/lang/NoClassDefFoundError'{0x00000000d62bd6e0}: javax/enterprise/inject/Typed> (0x00000000d62bd6e0) 
thrown [s\src\hotspot\share\classfile\systemDictionary.cpp, line 301]

ZGC Phase Switch (0 events):
No events

VM Operations (20 events):
Event: 3.491 Executing VM operation: HandshakeAllThreads (Deoptimize)
Event: 3.491 Executing VM operation: HandshakeAllThreads (Deoptimize) done
Event: 3.561 Executing VM operation: HandshakeAllThreads (Deoptimize)
Event: 3.561 Executing VM operation: HandshakeAllThreads (Deoptimize) done
Event: 3.600 Executing VM operation: ParallelGCFailedAllocation (Allocation Failure)
Event: 3.600 Executing VM operation: ParallelGCFailedAllocation (Allocation Failure) done
Event: 3.600 Executing VM operation: ParallelGCSystemGC (GCLocker Initiated GC)
Event: 3.603 Executing VM operation: ParallelGCSystemGC (GCLocker Initiated GC) done
Event: 3.789 Executing VM operation: HandshakeAllThreads (Deoptimize)
Event: 3.789 Executing VM operation: HandshakeAllThreads (Deoptimize) done
Event: 3.816 Executing VM operation: ParallelGCFailedAllocation (Allocation Failure)
Event: 3.818 Executing VM operation: ParallelGCFailedAllocation (Allocation Failure) done
Event: 3.956 Executing VM operation: ParallelGCFailedAllocation (Allocation Failure)
Event: 3.958 Executing VM operation: ParallelGCFailedAllocation (Allocation Failure) done
Event: 4.075 Executing VM operation: HandshakeAllThreads (Deoptimize)
Event: 4.076 Executing VM operation: HandshakeAllThreads (Deoptimize) done
Event: 4.083 Executing VM operation: HandshakeAllThreads (Deoptimize)
Event: 4.083 Executing VM operation: HandshakeAllThreads (Deoptimize) done
Event: 4.138 Executing VM operation: ParallelGCFailedAllocation (Allocation Failure)
Event: 4.140 Executing VM operation: ParallelGCFailedAllocation (Allocation Failure) done

Memory protections (0 events):
No events

Nmethod flushes (20 events):
Event: 3.118 Thread 0x0000028b27005ac0 flushing  nmethod 0x0000028b2a743d90
Event: 3.118 Thread 0x0000028b27005ac0 flushing  nmethod 0x0000028b2a745210
Event: 3.118 Thread 0x0000028b27005ac0 flushing  nmethod 0x0000028b2a745b10
Event: 3.118 Thread 0x0000028b27005ac0 flushing  nmethod 0x0000028b2a747510
Event: 3.118 Thread 0x0000028b27005ac0 flushing  nmethod 0x0000028b2a747c90
Event: 3.118 Thread 0x0000028b27005ac0 flushing  nmethod 0x0000028b2a748610
Event: 3.118 Thread 0x0000028b27005ac0 flushing  nmethod 0x0000028b2a74a810
Event: 3.118 Thread 0x0000028b27005ac0 flushing  nmethod 0x0000028b2a74bd90
Event: 3.118 Thread 0x0000028b27005ac0 flushing  nmethod 0x0000028b2a74db10
Event: 3.118 Thread 0x0000028b27005ac0 flushing  nmethod 0x0000028b2a74e610
Event: 3.118 Thread 0x0000028b27005ac0 flushing  nmethod 0x0000028b2a758610
Event: 3.118 Thread 0x0000028b27005ac0 flushing  nmethod 0x0000028b2a76b210
Event: 3.118 Thread 0x0000028b27005ac0 flushing  nmethod 0x0000028b2a780290
Event: 3.118 Thread 0x0000028b27005ac0 flushing  nmethod 0x0000028b2a785a10
Event: 3.118 Thread 0x0000028b27005ac0 flushing  nmethod 0x0000028b2a792d90
Event: 3.118 Thread 0x0000028b27005ac0 flushing  nmethod 0x0000028b2a7bf810
Event: 3.118 Thread 0x0000028b27005ac0 flushing  nmethod 0x0000028b2a7fbc90
Event: 3.118 Thread 0x0000028b27005ac0 flushing  nmethod 0x0000028b2a7fcb90
Event: 3.118 Thread 0x0000028b27005ac0 flushing  nmethod 0x0000028b2a7fee90
Event: 3.118 Thread 0x0000028b27005ac0 flushing  nmethod 0x0000028b2a831d10

Events (20 events):
Event: 2.991 Thread 0x0000028b26f459b0 Thread added: 0x0000028b062bb7f0
Event: 2.991 Thread 0x0000028b26f459b0 Thread added: 0x0000028b062c06b0
Event: 2.991 Thread 0x0000028b26f459b0 Thread added: 0x0000028b062b9db0
Event: 3.005 Thread 0x0000028b26f459b0 Thread added: 0x0000028b07059110
Event: 3.192 Thread 0x0000028b26f459b0 Thread added: 0x0000028b0705d2b0
Event: 3.193 Thread 0x0000028b26f459b0 Thread added: 0x0000028b070576d0
Event: 3.470 Thread 0x0000028b062b9090 Thread added: 0x0000028b070597a0
Event: 3.471 Thread 0x0000028b062b9090 Thread added: 0x0000028b070583f0
Event: 3.471 Thread 0x0000028b070597a0 Thread added: 0x0000028b07058a80
Event: 3.471 Thread 0x0000028b070583f0 Thread added: 0x0000028b07059e30
Event: 3.471 Thread 0x0000028b07058a80 Thread added: 0x0000028b0705d940
Event: 3.471 Thread 0x0000028b07059e30 Thread added: 0x0000028b0705cc20
Event: 3.471 Thread 0x0000028b0705d940 Thread added: 0x0000028b07057d60
Event: 3.472 Thread 0x0000028b0705cc20 Thread added: 0x0000028b07057040
Event: 3.472 Thread 0x0000028b07057d60 Thread added: 0x0000028b0705a4c0
Event: 3.476 Thread 0x0000028b07057040 Thread added: 0x0000028b070569b0
Event: 3.476 Thread 0x0000028b0705a4c0 Thread added: 0x0000028b0705ab50
Event: 3.479 Thread 0x0000028b062ba440 Thread added: 0x0000028b0705dfd0
Event: 3.480 Thread 0x0000028b0705dfd0 Thread exited: 0x0000028b0705dfd0
Event: 3.560 Thread 0x0000028b062ba440 Thread added: 0x0000028b0705b1e0


Dynamic libraries:
0x00007ff67c8e0000 - 0x00007ff67c8ee000 	c:\Users\Administrateur\.vscode\extensions\redhat.java-1.47.0-win32-x64\jre\21.0.8-win32-x86_64\bin\java.exe
0x00007ff97a9c0000 - 0x00007ff97abc1000 	C:\Windows\SYSTEM32\ntdll.dll
0x00007ff979b80000 - 0x00007ff979c3c000 	C:\Windows\System32\KERNEL32.DLL
0x00007ff978050000 - 0x00007ff9783c0000 	C:\Windows\System32\KERNELBASE.dll
0x00007ff978610000 - 0x00007ff978720000 	C:\Windows\System32\ucrtbase.dll
0x00007ff940730000 - 0x00007ff94074e000 	c:\Users\Administrateur\.vscode\extensions\redhat.java-1.47.0-win32-x64\jre\21.0.8-win32-x86_64\bin\VCRUNTIME140.dll
0x00007ff92c170000 - 0x00007ff92c188000 	c:\Users\Administrateur\.vscode\extensions\redhat.java-1.47.0-win32-x64\jre\21.0.8-win32-x86_64\bin\jli.dll
0x00007ff9799b0000 - 0x00007ff979b55000 	C:\Windows\System32\USER32.dll
0x00007ff953f00000 - 0x00007ff9541a5000 	C:\Windows\WinSxS\amd64_microsoft.windows.common-controls_6595b64144ccf1df_6.0.20348.3804_none_9472f657eef4e288\COMCTL32.dll
0x00007ff97a510000 - 0x00007ff97a5b3000 	C:\Windows\System32\msvcrt.dll
0x00007ff978820000 - 0x00007ff978846000 	C:\Windows\System32\win32u.dll
0x00007ff97a4e0000 - 0x00007ff97a50c000 	C:\Windows\System32\GDI32.dll
0x00007ff977f30000 - 0x00007ff97804d000 	C:\Windows\System32\gdi32full.dll
0x00007ff978850000 - 0x00007ff9788f0000 	C:\Windows\System32\msvcp_win.dll
0x00007ff979100000 - 0x00007ff979131000 	C:\Windows\System32\IMM32.DLL
0x00007ff940720000 - 0x00007ff94072c000 	c:\Users\Administrateur\.vscode\extensions\redhat.java-1.47.0-win32-x64\jre\21.0.8-win32-x86_64\bin\vcruntime140_1.dll
0x00007ff92be00000 - 0x00007ff92be8d000 	c:\Users\Administrateur\.vscode\extensions\redhat.java-1.47.0-win32-x64\jre\21.0.8-win32-x86_64\bin\msvcp140.dll
0x00007ff92b060000 - 0x00007ff92bdf7000 	c:\Users\Administrateur\.vscode\extensions\redhat.java-1.47.0-win32-x64\jre\21.0.8-win32-x86_64\bin\server\jvm.dll
0x00007ff97a710000 - 0x00007ff97a7c1000 	C:\Windows\System32\ADVAPI32.dll
0x00007ff979050000 - 0x00007ff9790f2000 	C:\Windows\System32\sechost.dll
0x00007ff9783c0000 - 0x00007ff9783e7000 	C:\Windows\System32\bcrypt.dll
0x00007ff979790000 - 0x00007ff9798ae000 	C:\Windows\System32\RPCRT4.dll
0x00007ff979930000 - 0x00007ff9799a1000 	C:\Windows\System32\WS2_32.dll
0x00007ff965c30000 - 0x00007ff965c57000 	C:\Windows\SYSTEM32\WINMM.dll
0x00007ff977d50000 - 0x00007ff977d9d000 	C:\Windows\SYSTEM32\POWRPROF.dll
0x00007ff968330000 - 0x00007ff96833a000 	C:\Windows\SYSTEM32\VERSION.dll
0x00007ff977d30000 - 0x00007ff977d43000 	C:\Windows\SYSTEM32\UMPDC.dll
0x00007ff9767a0000 - 0x00007ff9767b7000 	C:\Windows\SYSTEM32\kernel.appcore.dll
0x00007ff92c160000 - 0x00007ff92c16a000 	c:\Users\Administrateur\.vscode\extensions\redhat.java-1.47.0-win32-x64\jre\21.0.8-win32-x86_64\bin\jimage.dll
0x00007ff969fb0000 - 0x00007ff96a1d0000 	C:\Windows\SYSTEM32\DBGHELP.DLL
0x00007ff963fe0000 - 0x00007ff964010000 	C:\Windows\SYSTEM32\dbgcore.DLL
0x00007ff9787a0000 - 0x00007ff97881f000 	C:\Windows\System32\bcryptPrimitives.dll
0x00007ff92c110000 - 0x00007ff92c11f000 	c:\Users\Administrateur\.vscode\extensions\redhat.java-1.47.0-win32-x64\jre\21.0.8-win32-x86_64\bin\instrument.dll
0x00007ff92c0f0000 - 0x00007ff92c10f000 	c:\Users\Administrateur\.vscode\extensions\redhat.java-1.47.0-win32-x64\jre\21.0.8-win32-x86_64\bin\java.dll
0x00007ff9788f0000 - 0x00007ff97904a000 	C:\Windows\System32\SHELL32.dll
0x00007ff971d10000 - 0x00007ff972553000 	C:\Windows\SYSTEM32\windows.storage.dll
0x00007ff979420000 - 0x00007ff979790000 	C:\Windows\System32\combase.dll
0x00007ff97a890000 - 0x00007ff97a97a000 	C:\Windows\System32\SHCORE.dll
0x00007ff97a170000 - 0x00007ff97a1cf000 	C:\Windows\System32\shlwapi.dll
0x00007ff977e60000 - 0x00007ff977e81000 	C:\Windows\SYSTEM32\profapi.dll
0x00007ff92c1c0000 - 0x00007ff92c1d8000 	c:\Users\Administrateur\.vscode\extensions\redhat.java-1.47.0-win32-x64\jre\21.0.8-win32-x86_64\bin\zip.dll
0x00007ff92c1b0000 - 0x00007ff92c1c0000 	C:\Users\Administrateur\.vscode\extensions\redhat.java-1.47.0-win32-x64\jre\21.0.8-win32-x86_64\bin\net.dll
0x00007ff969d30000 - 0x00007ff969e38000 	C:\Windows\SYSTEM32\WINHTTP.dll
0x00007ff9773d0000 - 0x00007ff977438000 	C:\Windows\system32\mswsock.dll
0x00007ff92c190000 - 0x00007ff92c1a6000 	C:\Users\Administrateur\.vscode\extensions\redhat.java-1.47.0-win32-x64\jre\21.0.8-win32-x86_64\bin\nio.dll
0x00007ff92c0e0000 - 0x00007ff92c0f0000 	c:\Users\Administrateur\.vscode\extensions\redhat.java-1.47.0-win32-x64\jre\21.0.8-win32-x86_64\bin\verify.dll
0x00007ff960770000 - 0x00007ff9607b4000 	C:\Users\Administrateur\AppData\Roaming\Code\User\globalStorage\redhat.java\1.47.0\config_win\org.eclipse.equinox.launcher\org.eclipse.equinox.launcher.win32.win32.x86_64_1.2.1400.v20250801-0854\eclipse_11916.dll
0x00007ff97a390000 - 0x00007ff97a4c6000 	C:\Windows\System32\ole32.dll
0x00007ff9776b0000 - 0x00007ff9776cb000 	C:\Windows\SYSTEM32\CRYPTSP.dll
0x00007ff976eb0000 - 0x00007ff976ee8000 	C:\Windows\system32\rsaenh.dll
0x00007ff977470000 - 0x00007ff97749e000 	C:\Windows\SYSTEM32\USERENV.dll
0x00007ff9775c0000 - 0x00007ff9775cc000 	C:\Windows\SYSTEM32\CRYPTBASE.dll
0x00007ff9770d0000 - 0x00007ff9770fd000 	C:\Windows\SYSTEM32\IPHLPAPI.DLL
0x00007ff9798b0000 - 0x00007ff9798b9000 	C:\Windows\System32\NSI.dll
0x00007ff960720000 - 0x00007ff960769000 	C:\Users\Administrateur\AppData\Local\Temp\1\jna-253705784\jna4175804059826990.dll
0x00007ff97a7d0000 - 0x00007ff97a7d8000 	C:\Windows\System32\PSAPI.DLL
0x00007ff96b000000 - 0x00007ff96b019000 	C:\Windows\SYSTEM32\dhcpcsvc6.DLL
0x00007ff96aef0000 - 0x00007ff96af0d000 	C:\Windows\SYSTEM32\dhcpcsvc.DLL
0x00007ff960be0000 - 0x00007ff960bee000 	C:\Users\Administrateur\.vscode\extensions\redhat.java-1.47.0-win32-x64\jre\21.0.8-win32-x86_64\bin\sunmscapi.dll
0x00007ff9784b0000 - 0x00007ff978610000 	C:\Windows\System32\CRYPT32.dll
0x00007ff9777b0000 - 0x00007ff9777df000 	C:\Windows\SYSTEM32\ncrypt.dll
0x00007ff977770000 - 0x00007ff9777a7000 	C:\Windows\SYSTEM32\NTASN1.dll
0x00007ff977100000 - 0x00007ff9771de000 	C:\Windows\SYSTEM32\DNSAPI.dll
0x00007ff968290000 - 0x00007ff96829a000 	C:\Windows\System32\rasadhlp.dll
0x00007ff969eb0000 - 0x00007ff969f32000 	C:\Windows\System32\fwpuclnt.dll
0x00007ff960bd0000 - 0x00007ff960bd9000 	C:\Users\Administrateur\.vscode\extensions\redhat.java-1.47.0-win32-x64\jre\21.0.8-win32-x86_64\bin\extnet.dll

JVMTI agents:
c:\Users\Administrateur\.vscode\extensions\redhat.java-1.47.0-win32-x64\lombok\lombok-1.18.39-4050.jar path:c:\Users\Administrateur\.vscode\extensions\redhat.java-1.47.0-win32-x64\jre\21.0.8-win32-x86_64\bin\instrument.dll, loaded, initialized, instrumentlib options:none

dbghelp: loaded successfully - version: 4.0.5 - missing functions: none
symbol engine: initialized successfully - sym options: 0x614 - pdb path: .;c:\Users\Administrateur\.vscode\extensions\redhat.java-1.47.0-win32-x64\jre\21.0.8-win32-x86_64\bin;C:\Windows\SYSTEM32;C:\Windows\WinSxS\amd64_microsoft.windows.common-controls_6595b64144ccf1df_6.0.20348.3804_none_9472f657eef4e288;c:\Users\Administrateur\.vscode\extensions\redhat.java-1.47.0-win32-x64\jre\21.0.8-win32-x86_64\bin\server;C:\Users\Administrateur\AppData\Roaming\Code\User\globalStorage\redhat.java\1.47.0\config_win\org.eclipse.equinox.launcher\org.eclipse.equinox.launcher.win32.win32.x86_64_1.2.1400.v20250801-0854;C:\Users\Administrateur\AppData\Local\Temp\1\jna-253705784

VM Arguments:
jvm_args: --add-modules=ALL-SYSTEM --add-opens=java.base/java.util=ALL-UNNAMED --add-opens=java.base/java.lang=ALL-UNNAMED --add-opens=java.base/sun.nio.fs=ALL-UNNAMED -Declipse.application=org.eclipse.jdt.ls.core.id1 -Dosgi.bundles.defaultStartLevel=4 -Declipse.product=org.eclipse.jdt.ls.core.product -Djava.import.generatesMetadataFilesAtProjectRoot=false -DDetectVMInstallationsJob.disabled=true -Dfile.encoding=utf8 -XX:+UseParallelGC -XX:GCTimeRatio=4 -XX:AdaptiveSizePolicyWeight=90 -Dsun.zip.disableMemoryMapping=true -Xmx2G -Xms100m -Xlog:disable -javaagent:c:\Users\Administrateur\.vscode\extensions\redhat.java-1.47.0-win32-x64\lombok\lombok-1.18.39-4050.jar -XX:+HeapDumpOnOutOfMemoryError -XX:HeapDumpPath=c:\Users\Administrateur\AppData\Roaming\Code\User\workspaceStorage\90dad1b5abc0a2ea38ed7bd479fed4d3\redhat.java -Daether.dependencyCollector.impl=bf 
java_command: c:\Users\Administrateur\.vscode\extensions\redhat.java-1.47.0-win32-x64\server\plugins\org.eclipse.equinox.launcher_1.7.100.v20251014-1222.jar -configuration c:\Users\Administrateur\AppData\Roaming\Code\User\globalStorage\redhat.java\1.47.0\config_win -data c:\Users\Administrateur\AppData\Roaming\Code\User\workspaceStorage\90dad1b5abc0a2ea38ed7bd479fed4d3\redhat.java\jdt_ws --pipe=\\.\pipe\lsp-12bd98448334508604d50f435a4a7ba7-sock
java_class_path (initial): c:\Users\Administrateur\.vscode\extensions\redhat.java-1.47.0-win32-x64\server\plugins\org.eclipse.equinox.launcher_1.7.100.v20251014-1222.jar
Launcher Type: SUN_STANDARD

[Global flags]
    uintx AdaptiveSizePolicyWeight                 = 90                                        {product} {command line}
     intx CICompilerCount                          = 4                                         {product} {ergonomic}
    uintx GCTimeRatio                              = 4                                         {product} {command line}
     bool HeapDumpOnOutOfMemoryError               = true                                   {manageable} {command line}
    ccstr HeapDumpPath                             = c:\Users\Administrateur\AppData\Roaming\Code\User\workspaceStorage\90dad1b5abc0a2ea38ed7bd479fed4d3\redhat.java         {manageable} {command line}
   size_t InitialHeapSize                          = 104857600                                 {product} {command line}
   size_t MaxHeapSize                              = 2147483648                                {product} {command line}
   size_t MaxNewSize                               = 715653120                                 {product} {ergonomic}
   size_t MinHeapDeltaBytes                        = 524288                                    {product} {ergonomic}
   size_t MinHeapSize                              = 104857600                                 {product} {command line}
   size_t NewSize                                  = 34603008                                  {product} {ergonomic}
    uintx NonNMethodCodeHeapSize                   = 5839372                                {pd product} {ergonomic}
    uintx NonProfiledCodeHeapSize                  = 122909434                              {pd product} {ergonomic}
   size_t OldSize                                  = 70254592                                  {product} {ergonomic}
    uintx ProfiledCodeHeapSize                     = 122909434                              {pd product} {ergonomic}
    uintx ReservedCodeCacheSize                    = 251658240                              {pd product} {ergonomic}
     bool SegmentedCodeCache                       = true                                      {product} {ergonomic}
   size_t SoftMaxHeapSize                          = 2147483648                             {manageable} {ergonomic}
     bool UseCompressedOops                        = true                           {product lp64_product} {ergonomic}
     bool UseLargePagesIndividualAllocation        = false                                  {pd product} {ergonomic}
     bool UseParallelGC                            = true                                      {product} {command line}

Logging:
Log output configuration:
 #0: stdout all=off uptime,level,tags foldmultilines=false
 #1: stderr all=off uptime,level,tags foldmultilines=false

Environment Variables:
PATH=C:\Program Files\Eclipse Adoptium\jdk-25.0.0.36-hotspot\bin;C:\Program Files\Eclipse Adoptium\jdk-21.0.7.6-hotspot\bin;C:\Program Files\Common Files\Oracle\Java\javapath;C:\Windows\system32;C:\Windows;C:\Windows\System32\Wbem;C:\Windows\System32\WindowsPowerShell\v1.0\;C:\Windows\System32\OpenSSH\;C:\Program Files\dotnet\;C:\Program Files\nodejs\;C:\Program Files\Microsoft SQL Server\150\Tools\Binn\;C:\Program Files\Microsoft SQL Server\Client SDK\ODBC\170\Tools\Binn\;C:\Program Files (x86)\Microsoft SQL Server\160\Tools\Binn\;C:\Program Files\Microsoft SQL Server\160\Tools\Binn\;C:\Program Files\Microsoft SQL Server\160\DTS\Binn\;C:\xampp\php;C:\ProgramData\ComposerSetup\bin;C:\Program Files\Git\cmd;C:\Program Files\Docker\Docker\resources\bin;C:\apache-maven-3.9.11\bin;C:\Users\Administrateur\AppData\Local\Programs\Python\Python313\Scripts\;C:\Users\Administrateur\AppData\Local\Programs\Python\Python313\;C:\Users\Administrateur\AppData\Local\Programs\Python\Launcher\;C:\Users\Administrateur\scoop\shims;C:\Users\Administrateur\AppData\Local\Microsoft\WindowsApps;C:\Users\Administrateur\AppData\Local\Programs\Microsoft VS Code\bin;C:\Users\Administrateur\AppData\Roaming\npm;C:\Users\Administrateur\.dotnet\tools;C:\Users\Administrateur\AppData\Roaming\Composer\vendor\bin;C:\Program Files\JetBrains\PhpStorm 2025.2.1\bin;C:\Users\Administrateur\AppData\Local\Programs\mongosh\
USERNAME=Administrateur
OS=Windows_NT
PROCESSOR_IDENTIFIER=Intel64 Family 6 Model 158 Stepping 10, GenuineIntel
TMP=C:\Users\ADMINI~1\AppData\Local\Temp\1
TEMP=C:\Users\ADMINI~1\AppData\Local\Temp\1




Periodic native trim disabled

---------------  S Y S T E M  ---------------

OS:
 Windows Server 2022 , 64 bit Build 20348 (10.0.20348.3692)
OS uptime: 0 days 0:01 hours
Hyper-V role detected

CPU: total 12 (initial active 12) (6 cores per cpu, 2 threads per core) family 6 model 158 stepping 10 microcode 0xf8, cx8, cmov, fxsr, ht, mmx, 3dnowpref, sse, sse2, sse3, ssse3, sse4.1, sse4.2, popcnt, lzcnt, tsc, tscinvbit, avx, avx2, aes, erms, clmul, bmi1, bmi2, rtm, adx, fma, vzeroupper, clflush, clflushopt, hv, rdtscp, f16c
Processor Information for the first 12 processors :
  Max Mhz: 3192, Current Mhz: 3192, Mhz Limit: 3192

Memory: 4k page, system-wide physical 16180M (5325M free)
TotalPageFile size 18612M (AvailPageFile size 6246M)
current process WorkingSet (physical memory assigned to process): 221M, peak: 232M
current process commit charge ("private bytes"): 336M, peak: 358M

vm_info: OpenJDK 64-Bit Server VM (21.0.8+9-LTS) for windows-amd64 JRE (21.0.8+9-LTS), built on 2025-07-15T00:00:00Z by "admin" with MS VC++ 17.7 (VS2022)

END.
