#
# A fatal error has been detected by the Java Runtime Environment:
#
#  EXCEPTION_ACCESS_VIOLATION (0xc0000005) at pc=0x00007ff9dc33750f, pid=10848, tid=13012
#
# JRE version: OpenJDK Runtime Environment Temurin-21.0.8+9 (21.0.8+9) (build 21.0.8+9-LTS)
# Java VM: OpenJDK 64-Bit Server VM Temurin-21.0.8+9 (21.0.8+9-LTS, mixed mode, sharing, tiered, compressed oops, compressed class ptrs, parallel gc, windows-amd64)
# Problematic frame:
# V  [jvm.dll+0x70750f]
#
# Core dump will be written. Default location: c:\Users\Administrateur\Desktop\CleanHive\hs_err_pid10848.mdmp
#
# If you would like to submit a bug report, please visit:
#   https://github.com/adoptium/adoptium-support/issues
#

---------------  S U M M A R Y ------------

Command Line: --add-modules=ALL-SYSTEM --add-opens=java.base/java.util=ALL-UNNAMED --add-opens=java.base/java.lang=ALL-UNNAMED --add-opens=java.base/sun.nio.fs=ALL-UNNAMED -Declipse.application=org.eclipse.jdt.ls.core.id1 -Dosgi.bundles.defaultStartLevel=4 -Declipse.product=org.eclipse.jdt.ls.core.product -Djava.import.generatesMetadataFilesAtProjectRoot=false -DDetectVMInstallationsJob.disabled=true -Dfile.encoding=utf8 -XX:+UseParallelGC -XX:GCTimeRatio=4 -XX:AdaptiveSizePolicyWeight=90 -Dsun.zip.disableMemoryMapping=true -Xmx2G -Xms100m -Xlog:disable -javaagent:c:\Users\Administrateur\.vscode\extensions\redhat.java-1.46.0-win32-x64\lombok\lombok-1.18.39-4050.jar -XX:+HeapDumpOnOutOfMemoryError -XX:HeapDumpPath=c:\Users\Administrateur\AppData\Roaming\Code\User\workspaceStorage\90dad1b5abc0a2ea38ed7bd479fed4d3\redhat.java -Daether.dependencyCollector.impl=bf c:\Users\Administrateur\.vscode\extensions\redhat.java-1.46.0-win32-x64\server\plugins\org.eclipse.equinox.launcher_1.7.0.v20250519-0528.jar -configuration c:\Users\Administrateur\AppData\Roaming\Code\User\globalStorage\redhat.java\1.46.0\config_win -data c:\Users\Administrateur\AppData\Roaming\Code\User\workspaceStorage\90dad1b5abc0a2ea38ed7bd479fed4d3\redhat.java\jdt_ws --pipe=\\.\pipe\lsp-1d35df34a71d5b8eb4bc5fe011872ed7-sock

Host: Intel(R) Core(TM) i7-8700 CPU @ 3.20GHz, 12 cores, 15G,  Windows Server 2022 , 64 bit Build 20348 (10.0.20348.3692)
Time: Tue Oct 21 15:03:49 2025 elapsed time: 21.067621 seconds (0d 0h 0m 21s)

---------------  T H R E A D  ---------------

Current thread (0x0000014f121a9f30):  WorkerThread "GC Thread#4"    [id=13012, stack(0x0000001437200000,0x0000001437300000) (1024K)]

Stack: [0x0000001437200000,0x0000001437300000],  sp=0x00000014372ff800,  free space=1022k
Native frames: (J=compiled Java code, j=interpreted, Vv=VM code, C=native code)
V  [jvm.dll+0x70750f]
V  [jvm.dll+0x706c08]
V  [jvm.dll+0x70b09d]
V  [jvm.dll+0x8620cf]
V  [jvm.dll+0x70ea13]
V  [jvm.dll+0x8dc2e7]
V  [jvm.dll+0x857e6b]
V  [jvm.dll+0x6d0b0d]
C  [ucrtbase.dll+0x26b4c]
C  [KERNEL32.DLL+0x14cb0]
C  [ntdll.dll+0x7edcb]


siginfo: EXCEPTION_ACCESS_VIOLATION (0xc0000005), reading address 0x00007ff83486f8d0


Registers:
RAX=0xffffffffcb0000d0, RBX=0x0000014eca5ee0e0, RCX=0x00000014372ff840, RDX=0x00000000812fd794
RSP=0x00000014372ff800, RBP=0x00007ff9dc6207b0, RSI=0x00000000000001dc, RDI=0x00000000812fd794
R8 =0x0000014ecb00000c, R9 =0x0000014ecb000000, R10=0x00000000812fd794, R11=0x0000000000000025
R12=0x00007ff9dc86f250, R13=0x00000014372ff9e8, R14=0x0000000000000000, R15=0x00007ff9dc6c1be0
RIP=0x00007ff9dc33750f, EFLAGS=0x0000000000010206

XMM[0]=0x00000014399ff2c0 0x0000010000000000
XMM[1]=0x0000000000000000 0x00000014399ff0e0
XMM[2]=0x0000000000000000 0x0000000000000000
XMM[3]=0x0000000000000000 0x0000000000000000
XMM[4]=0x0000000000000000 0x0000000000000000
XMM[5]=0x0000000000000000 0x0000000000000000
XMM[6]=0x0000000000000000 0x0000000000000000
XMM[7]=0x0000000000000000 0x0000000000000000
XMM[8]=0x0000000000000000 0x0000000000000000
XMM[9]=0x0000000000000000 0x0000000000000000
XMM[10]=0x0000000000000000 0x0000000000000000
XMM[11]=0x0000000000000000 0x0000000000000000
XMM[12]=0x0000000000000000 0x0000000000000000
XMM[13]=0x0000000000000000 0x0000000000000000
XMM[14]=0x0000000000000000 0x0000000000000000
XMM[15]=0x0000000000000000 0x0000000000000000
  MXCSR=0x00001fa0


Register to memory mapping:

RAX=0xffffffffcb0000d0 is an unknown value
RBX=0x0000014eca5ee0e0 points into unknown readable memory: 0x0000014eb1d94020 | 20 40 d9 b1 4e 01 00 00
RCX=0x00000014372ff840 points into unknown readable memory: 0x00007ff9dc6c1be0 | e0 1b 6c dc f9 7f 00 00
RDX=0x00000000812fd794 is pointing into object: [B 
{0x00000000812fd790} - klass: {type array byte}
 - length: 12
RSP=0x00000014372ff800 points into unknown readable memory: 0x00000000000001dc | dc 01 00 00 00 00 00 00
RBP=0x00007ff9dc6207b0 jvm.dll
RSI=0x00000000000001dc is an unknown value
RDI=0x00000000812fd794 is pointing into object: [B 
{0x00000000812fd790} - klass: {type array byte}
 - length: 12
R8 =0x0000014ecb00000c is pointing into metadata
R9 =0x0000014ecb000000 is pointing into metadata
R10=0x00000000812fd794 is pointing into object: [B 
{0x00000000812fd790} - klass: {type array byte}
 - length: 12
R11=0x0000000000000025 is an unknown value
R12=0x00007ff9dc86f250 jvm.dll
R13=0x00000014372ff9e8 points into unknown readable memory: 0x00007ff9dc6c2630 | 30 26 6c dc f9 7f 00 00
R14=0x0 is null
R15=0x00007ff9dc6c1be0 jvm.dll

Top of Stack: (sp=0x00000014372ff800)
0x00000014372ff800:   00000000000001dc 0000014eca5ee0e0
0x00000014372ff810:   00007ff9dc6207b0 0000000000000000
0x00000014372ff820:   0000000000000000 0000000000000000
0x00000014372ff830:   0000000000000000 0000000000000000
0x00000014372ff840:   00007ff9dc6c1be0 0000014eb1cd4ce0
0x00000014372ff850:   0000001400000004 0000014eca5ee0e0
0x00000014372ff860:   0000014f13ba5b30 0000014f0da92168
0x00000014372ff870:   00000000000003d8 0000000000000000
0x00000014372ff880:   0000014f0da91d80 00007ff9dc336c08
0x00000014372ff890:   0000014f13ba5b30 00000014372ff910
0x00000014372ff8a0:   0000014f12929570 0000014eca5ee0e0
0x00000014372ff8b0:   00000014372ff900 00000014372ff910
0x00000014372ff8c0:   0000000000000000 0000000000000000
0x00000014372ff8d0:   0000014f0da91d90 00007ff9dc33b09d
0x00000014372ff8e0:   0000014eca5ee0e0 0000014f0da91d80
0x00000014372ff8f0:   0000014f12929570 0000014eca5ee0e0
0x00000014372ff900:   00007ff9dc6c2450 0000014eca5ee0e0
0x00000014372ff910:   00007ff9dc65f048 00000014372ff900
0x00000014372ff920:   0000000000000000 00007ff9dc342601
0x00000014372ff930:   0000000000000001 0000014f13ba5b30
0x00000014372ff940:   00000014362feb20 0000014eca5ee0e0
0x00000014372ff950:   0000014f16fc04a0 00007ff9dc4920cf
0x00000014372ff960:   0000014f16fc0450 0000000000000071
0x00000014372ff970:   00000014372ff9e8 0000014eca5ee0e0
0x00000014372ff980:   0000000000000000 0000000000000000
0x00000014372ff990:   0000000000000070 0000000000000005
0x00000014372ff9a0:   0000014f121a9f30 00007ff9dc33ea13
0x00000014372ff9b0:   0000014f0d959750 0000014f12694c28
0x00000014372ff9c0:   0000000000000005 0000000000000005
0x00000014372ff9d0:   0000001400000005 00007ff9dc6c2450
0x00000014372ff9e0:   0000014eca5ee0e0 00007ff9dc6c2630
0x00000014372ff9f0:   0000000000000005 00007ff9dc65eee8 

Instructions: (pc=0x00007ff9dc33750f)
0x00007ff9dc33740f:   ff ff 01 00 41 0f 44 ce 85 c9 75 43 90 89 b4 24
0x00007ff9dc33741f:   98 00 00 00 48 8b 83 00 01 00 00 48 8b c8 48 c1
0x00007ff9dc33742f:   e9 20 ff c1 89 8c 24 9c 00 00 00 3b f0 0f 85 db
0x00007ff9dc33743f:   00 00 00 48 c1 e1 20 48 0b ca f0 48 0f b1 8b 00
0x00007ff9dc33744f:   01 00 00 0f 85 c5 00 00 00 8b 83 00 01 00 00 0f
0x00007ff9dc33745f:   b6 15 0a a1 52 00 48 8b 05 94 2e 5b 00 8b 0d c6
0x00007ff9dc33746f:   8b 52 00 4c 8b 0d b7 8b 52 00 48 89 44 24 48 c7
0x00007ff9dc33747f:   44 24 50 04 00 00 00 4c 89 7c 24 40 48 89 5c 24
0x00007ff9dc33748f:   58 84 d2 74 0f 44 8b 47 08 41 8b c0 48 d3 e0 49
0x00007ff9dc33749f:   03 c1 eb 07 48 8b 47 08 44 8b c0 83 78 0c 06 75
0x00007ff9dc3374af:   43 84 d2 74 0b 41 8b c0 48 d3 e0 49 03 c1 eb 04
0x00007ff9dc3374bf:   48 8b 47 08 48 8b 88 98 00 00 00 48 8d 54 24 40
0x00007ff9dc3374cf:   45 33 c9 45 8d 41 04 e8 b5 bd b1 ff 45 33 c0 48
0x00007ff9dc3374df:   8b d7 48 8b cb e8 67 f4 ff ff 48 89 6c 24 40 e9
0x00007ff9dc3374ef:   cd fe ff ff 84 d2 74 08 49 d3 e0 4d 03 c1 eb 04
0x00007ff9dc3374ff:   4c 8b 47 08 49 63 40 0c 48 8d 4c 24 40 48 8b d7
0x00007ff9dc33750f:   41 ff 14 c4 48 89 6c 24 40 e9 a3 fe ff ff 48 8b
0x00007ff9dc33751f:   84 24 98 00 00 00 48 89 83 00 01 00 00 8b 83 00
0x00007ff9dc33752f:   01 00 00 48 8b bc 24 a0 00 00 00 48 8b 9c 24 a8
0x00007ff9dc33753f:   00 00 00 48 83 c4 60 41 5f 41 5e 41 5c 5e 5d c3
0x00007ff9dc33754f:   cc 48 89 54 24 10 48 83 ec 28 48 8b 89 60 08 00
0x00007ff9dc33755f:   00 48 8d 54 24 38 e8 26 23 90 ff 48 83 c4 28 c3
0x00007ff9dc33756f:   cc 40 53 48 83 ec 30 8b 44 24 2c 48 8b d9 48 89
0x00007ff9dc33757f:   54 24 20 44 89 44 24 28 44 8b 81 48 03 00 00 41
0x00007ff9dc33758f:   8b d0 89 44 24 2c 8b 81 c8 03 00 00 2b d0 81 e2
0x00007ff9dc33759f:   ff 1f 00 00 81 fa fe 1f 00 00 73 2b 48 8b 83 48
0x00007ff9dc3375af:   04 00 00 41 8b c8 0f 28 44 24 20 48 03 c9 0f 11
0x00007ff9dc3375bf:   04 c8 41 8d 40 01 25 ff 1f 00 00 89 83 48 03 00
0x00007ff9dc3375cf:   00 48 83 c4 30 5b c3 48 8b 91 68 05 00 00 48 3b
0x00007ff9dc3375df:   91 50 05 00 00 75 0e 48 81 c1 48 05 00 00 e8 6e
0x00007ff9dc3375ef:   0c b8 ff 33 d2 48 8b 83 80 05 00 00 48 8b ca 0f
0x00007ff9dc3375ff:   28 44 24 20 48 03 c9 0f 11 04 c8 48 8d 42 01 48 


Stack slot to memory mapping:

stack at sp + 0 slots: 0x00000000000001dc is an unknown value
stack at sp + 1 slots: 0x0000014eca5ee0e0 points into unknown readable memory: 0x0000014eb1d94020 | 20 40 d9 b1 4e 01 00 00
stack at sp + 2 slots: 0x00007ff9dc6207b0 jvm.dll
stack at sp + 3 slots: 0x0 is null
stack at sp + 4 slots: 0x0 is null
stack at sp + 5 slots: 0x0 is null
stack at sp + 6 slots: 0x0 is null
stack at sp + 7 slots: 0x0 is null


---------------  P R O C E S S  ---------------

Threads class SMR info:
_java_thread_list=0x0000014f17970600, length=54, elements={
0x0000014eb1a09fd0, 0x0000014eca6a65a0, 0x0000014eca6a7c00, 0x0000014eca6a90b0,
0x0000014eca6a9dc0, 0x0000014eca6aaad0, 0x0000014eca6ac530, 0x0000014eca6acf80,
0x0000014eca6ae1b0, 0x0000014eb1d40570, 0x0000014f0da28750, 0x0000014f12870d70,
0x0000014f12a7ba50, 0x0000014f124f9a30, 0x0000014f12549710, 0x0000014f0da0f680,
0x0000014f120ef540, 0x0000014f129e0dd0, 0x0000014f12d23040, 0x0000014f1208a3a0,
0x0000014f12089680, 0x0000014f1208c470, 0x0000014f1208aa30, 0x0000014f12088ff0,
0x0000014f1208b0c0, 0x0000014f12089d10, 0x0000014f1208b750, 0x0000014f1208bde0,
0x0000014f13ba3a60, 0x0000014f13ba4e10, 0x0000014f13ba8fb0, 0x0000014f13ba54a0,
0x0000014f13ba40f0, 0x0000014f13ba6ee0, 0x0000014f13ba4780, 0x0000014f13ba8920,
0x0000014f13ba7c00, 0x0000014f13ba61c0, 0x0000014f13ba7570, 0x0000014f13ba8290,
0x0000014f13ba2020, 0x0000014f13ba26b0, 0x0000014f13ba6850, 0x0000014f13ba9640,
0x0000014f13ba5b30, 0x0000014f13ba2d40, 0x0000014f13ba33d0, 0x0000014f14706f20,
0x0000014f147054e0, 0x0000014f1470bde0, 0x0000014f14706890, 0x0000014f1470cb00,
0x0000014f1715fe90, 0x0000014f14fa8290
}

Java Threads: ( => current thread )
  0x0000014eb1a09fd0 JavaThread "main"                              [_thread_blocked, id=9108, stack(0x0000001435f00000,0x0000001436000000) (1024K)]
  0x0000014eca6a65a0 JavaThread "Reference Handler"          daemon [_thread_blocked, id=5916, stack(0x0000001436300000,0x0000001436400000) (1024K)]
  0x0000014eca6a7c00 JavaThread "Finalizer"                  daemon [_thread_blocked, id=11992, stack(0x0000001436400000,0x0000001436500000) (1024K)]
  0x0000014eca6a90b0 JavaThread "Signal Dispatcher"          daemon [_thread_blocked, id=2336, stack(0x0000001436500000,0x0000001436600000) (1024K)]
  0x0000014eca6a9dc0 JavaThread "Attach Listener"            daemon [_thread_blocked, id=12940, stack(0x0000001436600000,0x0000001436700000) (1024K)]
  0x0000014eca6aaad0 JavaThread "Service Thread"             daemon [_thread_blocked, id=6836, stack(0x0000001436700000,0x0000001436800000) (1024K)]
  0x0000014eca6ac530 JavaThread "Monitor Deflation Thread"   daemon [_thread_blocked, id=4000, stack(0x0000001436800000,0x0000001436900000) (1024K)]
  0x0000014eca6acf80 JavaThread "C2 CompilerThread0"         daemon [_thread_blocked, id=11844, stack(0x0000001436900000,0x0000001436a00000) (1024K)]
  0x0000014eca6ae1b0 JavaThread "C1 CompilerThread0"         daemon [_thread_blocked, id=13268, stack(0x0000001436a00000,0x0000001436b00000) (1024K)]
  0x0000014eb1d40570 JavaThread "Common-Cleaner"             daemon [_thread_blocked, id=13084, stack(0x0000001436b00000,0x0000001436c00000) (1024K)]
  0x0000014f0da28750 JavaThread "Notification Thread"        daemon [_thread_blocked, id=11932, stack(0x0000001436d00000,0x0000001436e00000) (1024K)]
  0x0000014f12870d70 JavaThread "Active Thread: Equinox Container: aa6c1aa1-92d4-49fa-8e68-21862c9a9774"        [_thread_blocked, id=8316, stack(0x0000001437500000,0x0000001437600000) (1024K)]
  0x0000014f12a7ba50 JavaThread "Refresh Thread: Equinox Container: aa6c1aa1-92d4-49fa-8e68-21862c9a9774" daemon [_thread_blocked, id=5716, stack(0x0000001436e00000,0x0000001436f00000) (1024K)]
  0x0000014f124f9a30 JavaThread "Framework Event Dispatcher: Equinox Container: aa6c1aa1-92d4-49fa-8e68-21862c9a9774" daemon [_thread_blocked, id=12260, stack(0x0000001437600000,0x0000001437700000) (1024K)]
  0x0000014f12549710 JavaThread "Start Level: Equinox Container: aa6c1aa1-92d4-49fa-8e68-21862c9a9774" daemon [_thread_blocked, id=4824, stack(0x0000001437700000,0x0000001437800000) (1024K)]
  0x0000014f0da0f680 JavaThread "Bundle File Closer"         daemon [_thread_blocked, id=8512, stack(0x0000001437b00000,0x0000001437c00000) (1024K)]
  0x0000014f120ef540 JavaThread "SCR Component Actor"        daemon [_thread_blocked, id=4128, stack(0x0000001437a00000,0x0000001437b00000) (1024K)]
  0x0000014f129e0dd0 JavaThread "Worker-JM"                         [_thread_blocked, id=13168, stack(0x0000001437e00000,0x0000001437f00000) (1024K)]
  0x0000014f12d23040 JavaThread "JNA Cleaner"                daemon [_thread_blocked, id=11204, stack(0x0000001437f00000,0x0000001438000000) (1024K)]
  0x0000014f1208a3a0 JavaThread "Worker-0: Initialize workspace"        [_thread_blocked, id=11008, stack(0x0000001438000000,0x0000001438100000) (1024K)]
  0x0000014f12089680 JavaThread "Worker-1"                          [_thread_blocked, id=11064, stack(0x0000001438100000,0x0000001438200000) (1024K)]
  0x0000014f1208c470 JavaThread "Java indexing"              daemon [_thread_blocked, id=11600, stack(0x0000001438200000,0x0000001438300000) (1024K)]
  0x0000014f1208aa30 JavaThread "Worker-2"                          [_thread_blocked, id=1912, stack(0x0000001438300000,0x0000001438400000) (1024K)]
  0x0000014f12088ff0 JavaThread "Worker-3: Initialize Workspace"        [_thread_blocked, id=4272, stack(0x0000001438400000,0x0000001438500000) (1024K)]
  0x0000014f1208b0c0 JavaThread "Thread-1"                   daemon [_thread_in_native, id=10172, stack(0x0000001438500000,0x0000001438600000) (1024K)]
  0x0000014f12089d10 JavaThread "Thread-2"                   daemon [_thread_in_native, id=1652, stack(0x0000001438600000,0x0000001438700000) (1024K)]
  0x0000014f1208b750 JavaThread "Thread-3"                   daemon [_thread_in_native, id=13064, stack(0x0000001438700000,0x0000001438800000) (1024K)]
  0x0000014f1208bde0 JavaThread "Thread-4"                   daemon [_thread_in_native, id=10528, stack(0x0000001438800000,0x0000001438900000) (1024K)]
  0x0000014f13ba3a60 JavaThread "Thread-5"                   daemon [_thread_in_native, id=13164, stack(0x0000001438900000,0x0000001438a00000) (1024K)]
  0x0000014f13ba4e10 JavaThread "Thread-6"                   daemon [_thread_in_native, id=3144, stack(0x0000001438a00000,0x0000001438b00000) (1024K)]
  0x0000014f13ba8fb0 JavaThread "Thread-7"                   daemon [_thread_in_native, id=12824, stack(0x0000001438b00000,0x0000001438c00000) (1024K)]
  0x0000014f13ba54a0 JavaThread "Thread-8"                   daemon [_thread_in_native, id=10832, stack(0x0000001438c00000,0x0000001438d00000) (1024K)]
  0x0000014f13ba40f0 JavaThread "Thread-9"                   daemon [_thread_in_native, id=11156, stack(0x0000001438d00000,0x0000001438e00000) (1024K)]
  0x0000014f13ba6ee0 JavaThread "Thread-10"                  daemon [_thread_in_native, id=9280, stack(0x0000001438e00000,0x0000001438f00000) (1024K)]
  0x0000014f13ba4780 JavaThread "Thread-11"                  daemon [_thread_in_native, id=11076, stack(0x0000001438f00000,0x0000001439000000) (1024K)]
  0x0000014f13ba8920 JavaThread "Thread-12"                  daemon [_thread_in_native, id=11144, stack(0x0000001439000000,0x0000001439100000) (1024K)]
  0x0000014f13ba7c00 JavaThread "Thread-13"                  daemon [_thread_in_native, id=3996, stack(0x0000001439100000,0x0000001439200000) (1024K)]
  0x0000014f13ba61c0 JavaThread "pool-2-thread-1"                   [_thread_blocked, id=9100, stack(0x0000001439200000,0x0000001439300000) (1024K)]
  0x0000014f13ba7570 JavaThread "WorkspaceEventsHandler"            [_thread_blocked, id=10532, stack(0x0000001439300000,0x0000001439400000) (1024K)]
  0x0000014f13ba8290 JavaThread "pool-1-thread-1"                   [_thread_blocked, id=11592, stack(0x0000001439400000,0x0000001439500000) (1024K)]
  0x0000014f13ba2020 JavaThread "ForkJoinPool.commonPool-worker-1" daemon [_thread_blocked, id=10536, stack(0x0000001439500000,0x0000001439600000) (1024K)]
  0x0000014f13ba26b0 JavaThread "ForkJoinPool.commonPool-worker-2" daemon [_thread_blocked, id=13056, stack(0x0000001439600000,0x0000001439700000) (1024K)]
  0x0000014f13ba6850 JavaThread "ForkJoinPool.commonPool-worker-3" daemon [_thread_blocked, id=13052, stack(0x0000001439700000,0x0000001439800000) (1024K)]
  0x0000014f13ba9640 JavaThread "ForkJoinPool.commonPool-worker-4" daemon [_thread_blocked, id=732, stack(0x0000001439800000,0x0000001439900000) (1024K)]
  0x0000014f13ba5b30 JavaThread "ForkJoinPool.commonPool-worker-5" daemon [_thread_blocked, id=3068, stack(0x0000001439900000,0x0000001439a00000) (1024K)]
  0x0000014f13ba2d40 JavaThread "ForkJoinPool.commonPool-worker-6" daemon [_thread_blocked, id=988, stack(0x0000001439a00000,0x0000001439b00000) (1024K)]
  0x0000014f13ba33d0 JavaThread "ForkJoinPool.commonPool-worker-7" daemon [_thread_blocked, id=11088, stack(0x0000001439b00000,0x0000001439c00000) (1024K)]
  0x0000014f14706f20 JavaThread "ForkJoinPool.commonPool-worker-8" daemon [_thread_blocked, id=13092, stack(0x0000001439c00000,0x0000001439d00000) (1024K)]
  0x0000014f147054e0 JavaThread "ForkJoinPool.commonPool-worker-9" daemon [_thread_blocked, id=10540, stack(0x0000001439d00000,0x0000001439e00000) (1024K)]
  0x0000014f1470bde0 JavaThread "ForkJoinPool.commonPool-worker-10" daemon [_thread_blocked, id=4916, stack(0x0000001439e00000,0x0000001439f00000) (1024K)]
  0x0000014f14706890 JavaThread "ForkJoinPool.commonPool-worker-11" daemon [_thread_blocked, id=9288, stack(0x0000001439f00000,0x000000143a000000) (1024K)]
  0x0000014f1470cb00 JavaThread "Worker-4"                          [_thread_blocked, id=13000, stack(0x000000143a000000,0x000000143a100000) (1024K)]
  0x0000014f1715fe90 JavaThread "C2 CompilerThread1"         daemon [_thread_blocked, id=3900, stack(0x0000001437c00000,0x0000001437d00000) (1024K)]
  0x0000014f14fa8290 JavaThread "C2 CompilerThread2"         daemon [_thread_blocked, id=4008, stack(0x0000001437d00000,0x0000001437e00000) (1024K)]
Total: 54

Other Threads:
  0x0000014eb1d95b50 VMThread "VM Thread"                           [id=10992, stack(0x0000001436200000,0x0000001436300000) (1024K)]
  0x0000014eb1d3f8e0 WatcherThread "VM Periodic Task Thread"        [id=11584, stack(0x0000001436100000,0x0000001436200000) (1024K)]
  0x0000014eb1cf1820 WorkerThread "GC Thread#0"                     [id=11080, stack(0x0000001436000000,0x0000001436100000) (1024K)]
  0x0000014f128b1ef0 WorkerThread "GC Thread#1"                     [id=11220, stack(0x0000001436f00000,0x0000001437000000) (1024K)]
  0x0000014f128b2290 WorkerThread "GC Thread#2"                     [id=10336, stack(0x0000001437000000,0x0000001437100000) (1024K)]
  0x0000014f128b2630 WorkerThread "GC Thread#3"                     [id=10776, stack(0x0000001437100000,0x0000001437200000) (1024K)]
=>0x0000014f121a9f30 WorkerThread "GC Thread#4"                     [id=13012, stack(0x0000001437200000,0x0000001437300000) (1024K)]
  0x0000014f121aa2d0 WorkerThread "GC Thread#5"                     [id=12008, stack(0x0000001437300000,0x0000001437400000) (1024K)]
  0x0000014f121aa670 WorkerThread "GC Thread#6"                     [id=11636, stack(0x0000001437400000,0x0000001437500000) (1024K)]
  0x0000014f0da27ac0 WorkerThread "GC Thread#7"                     [id=11164, stack(0x0000001436c00000,0x0000001436d00000) (1024K)]
  0x0000014f12b7a150 WorkerThread "GC Thread#8"                     [id=9444, stack(0x0000001437800000,0x0000001437900000) (1024K)]
  0x0000014f123ef970 WorkerThread "GC Thread#9"                     [id=5692, stack(0x0000001437900000,0x0000001437a00000) (1024K)]
Total: 12

Threads with active compile tasks:
Total: 0

VM state: at safepoint (normal execution)

VM Mutex/Monitor currently owned by a thread:  ([mutex/lock_event])
[0x00007ff9dc8e5458] Threads_lock - owner thread: 0x0000014eb1d95b50
[0x00007ff9dc8e5558] Heap_lock - owner thread: 0x0000014f13ba5b30

Heap address: 0x0000000080000000, size: 2048 MB, Compressed Oops mode: 32-bit

CDS archive(s) mapped at: [0x0000014ecb000000-0x0000014ecbba0000-0x0000014ecbba0000), size 12189696, SharedBaseAddress: 0x0000014ecb000000, ArchiveRelocationMode: 1.
Compressed class space mapped at: 0x0000014ecc000000-0x0000014f0c000000, reserved size: 1073741824
Narrow klass base: 0x0000014ecb000000, Narrow klass shift: 0, Narrow klass range: 0x100000000

GC Precious Log:
 CardTable entry size: 512
 CPUs: 12 total, 12 available
 Memory: 16180M
 Large Page Support: Disabled
 NUMA Support: Disabled
 Compressed Oops: Enabled (32-bit)
 Alignments: Space 512K, Generation 512K, Heap 2M
 Heap Min Capacity: 100M
 Heap Initial Capacity: 100M
 Heap Max Capacity: 2G
 Pre-touch: Disabled
 Parallel Workers: 10

Heap:
 PSYoungGen      total 9216K, used 0K [0x00000000d5580000, 0x00000000d5f80000, 0x0000000100000000)
  eden space 8704K, 0% used [0x00000000d5580000,0x00000000d5580000,0x00000000d5e00000)
  from space 512K, 0% used [0x00000000d5e00000,0x00000000d5e00000,0x00000000d5e80000)
  to   space 512K, 0% used [0x00000000d5f00000,0x00000000d5f00000,0x00000000d5f80000)
 ParOldGen       total 1398272K, used 1242102K [0x0000000080000000, 0x00000000d5580000, 0x00000000d5580000)
  object space 1398272K, 88% used [0x0000000080000000,0x00000000cbcfd948,0x00000000d5580000)
 Metaspace       used 61495K, committed 63040K, reserved 1114112K
  class space    used 6592K, committed 7232K, reserved 1048576K

Card table byte_map: [0x0000014ec59c0000,0x0000014ec5dd0000] _byte_map_base: 0x0000014ec55c0000

Marking Bits: (ParMarkBitMap*) 0x00007ff9dc8ea340
 Begin Bits: [0x0000014ec6080000, 0x0000014ec8080000)
 End Bits:   [0x0000014ec8080000, 0x0000014eca080000)

Polling page: 0x0000014eb1da0000

Metaspace:

Usage:
  Non-class:     53.62 MB used.
      Class:      6.44 MB used.
       Both:     60.05 MB used.

Virtual space:
  Non-class space:       64.00 MB reserved,      54.50 MB ( 85%) committed,  1 nodes.
      Class space:        1.00 GB reserved,       7.06 MB ( <1%) committed,  1 nodes.
             Both:        1.06 GB reserved,      61.56 MB (  6%) committed. 

Chunk freelists:
   Non-Class:  9.09 MB
       Class:  8.80 MB
        Both:  17.89 MB

MaxMetaspaceSize: unlimited
CompressedClassSpaceSize: 1.00 GB
Initial GC threshold: 21.00 MB
Current GC threshold: 97.31 MB
CDS: on
 - commit_granule_bytes: 65536.
 - commit_granule_words: 8192.
 - virtual_space_node_default_size: 8388608.
 - enlarge_chunks_in_place: 1.
 - use_allocation_guard: 0.


Internal statistics:

num_allocs_failed_limit: 9.
num_arena_births: 1210.
num_arena_deaths: 22.
num_vsnodes_births: 2.
num_vsnodes_deaths: 0.
num_space_committed: 985.
num_space_uncommitted: 0.
num_chunks_returned_to_freelist: 33.
num_chunks_taken_from_freelist: 4050.
num_chunk_merges: 17.
num_chunk_splits: 2541.
num_chunks_enlarged: 1492.
num_inconsistent_stats: 0.

CodeHeap 'non-profiled nmethods': size=120000Kb used=7510Kb max_used=7510Kb free=112489Kb
 bounds [0x0000014ebe2a0000, 0x0000014ebea00000, 0x0000014ec57d0000]
CodeHeap 'profiled nmethods': size=120000Kb used=22134Kb max_used=22134Kb free=97865Kb
 bounds [0x0000014eb67d0000, 0x0000014eb7d70000, 0x0000014ebdd00000]
CodeHeap 'non-nmethods': size=5760Kb used=1414Kb max_used=1581Kb free=4346Kb
 bounds [0x0000014ebdd00000, 0x0000014ebdf70000, 0x0000014ebe2a0000]
CodeCache: size=245760Kb, used=31058Kb, max_used=31225Kb, free=214700Kb
 total_blobs=10797, nmethods=10069, adapters=634, full_count=0
Compilation: enabled, stopped_count=0, restarted_count=0

Compilation events (20 events):
Event: 19.956 Thread 0x0000014f14fa8290 10811       4       org.lombokweb.asm.SymbolTable::addConstantMemberReference (147 bytes)
Event: 19.964 Thread 0x0000014f14fa8290 nmethod 10811 0x0000014ebe9b6710 code [0x0000014ebe9b6940, 0x0000014ebe9b73d8]
Event: 19.964 Thread 0x0000014f14fa8290 10769       4       lombok.patcher.MethodTarget::typeMatches (14 bytes)
Event: 19.977 Thread 0x0000014f14fa8290 nmethod 10769 0x0000014ebe9b7a90 code [0x0000014ebe9b7c40, 0x0000014ebe9b8310]
Event: 19.978 Thread 0x0000014f14fa8290 10801       4       org.lombokweb.asm.MethodWriter::visitVarInsn (302 bytes)
Event: 19.982 Thread 0x0000014f14fa8290 nmethod 10801 0x0000014ebe9b8690 code [0x0000014ebe9b8880, 0x0000014ebe9b8df8]
Event: 19.982 Thread 0x0000014f14fa8290 10802       4       org.lombokweb.asm.MethodVisitor::visitVarInsn (17 bytes)
Event: 19.986 Thread 0x0000014f14fa8290 nmethod 10802 0x0000014ebe9b9210 code [0x0000014ebe9b9400, 0x0000014ebe9b99d0]
Event: 19.986 Thread 0x0000014f14fa8290 10819       4       java.util.regex.Pattern$GroupTail::match (111 bytes)
Event: 19.989 Thread 0x0000014f14fa8290 nmethod 10819 0x0000014ebe9b9e10 code [0x0000014ebe9b9fc0, 0x0000014ebe9ba270]
Event: 19.989 Thread 0x0000014f14fa8290 10803       4       org.lombokweb.asm.ClassReader::createDebugLabel (23 bytes)
Event: 19.991 Thread 0x0000014f14fa8290 nmethod 10803 0x0000014ebe9ba490 code [0x0000014ebe9ba620, 0x0000014ebe9ba798]
Event: 19.991 Thread 0x0000014f14fa8290 10804       4       org.lombokweb.asm.ByteVector::put12 (64 bytes)
Event: 19.992 Thread 0x0000014f14fa8290 nmethod 10804 0x0000014ebe9ba910 code [0x0000014ebe9baac0, 0x0000014ebe9bacb8]
Event: 19.992 Thread 0x0000014f14fa8290 10772       4       java.util.regex.Matcher::matches (10 bytes)
Event: 19.996 Thread 0x0000014f14fa8290 nmethod 10772 0x0000014ebe9bae10 code [0x0000014ebe9bafc0, 0x0000014ebe9bb2b0]
Event: 19.996 Thread 0x0000014f14fa8290 10787       4       org.lombokweb.asm.MethodWriter::setMethodAttributesSource (17 bytes)
Event: 19.996 Thread 0x0000014f14fa8290 nmethod 10787 0x0000014ebe9bb490 code [0x0000014ebe9bb620, 0x0000014ebe9bb6b8]
Event: 20.129 Thread 0x0000014f1715fe90 nmethod 10806% 0x0000014ebe9bb790 code [0x0000014ebe9bc060, 0x0000014ebe9c4ca0]
Event: 20.611 Thread 0x0000014eca6acf80 nmethod 10702 0x0000014ebe9cc390 code [0x0000014ebe9ce560, 0x0000014ebe9e7a98]

GC Heap History (20 events):
Event: 18.378 GC heap after
{Heap after GC invocations=99 (full 3):
 PSYoungGen      total 8192K, used 384K [0x00000000d5580000, 0x00000000d5f00000, 0x0000000100000000)
  eden space 7680K, 0% used [0x00000000d5580000,0x00000000d5580000,0x00000000d5d00000)
  from space 512K, 75% used [0x00000000d5e80000,0x00000000d5ee0000,0x00000000d5f00000)
  to   space 1024K, 0% used [0x00000000d5d00000,0x00000000d5d00000,0x00000000d5e00000)
 ParOldGen       total 86528K, used 78528K [0x0000000080000000, 0x0000000085480000, 0x00000000d5580000)
  object space 86528K, 90% used [0x0000000080000000,0x0000000084cb02c8,0x0000000085480000)
 Metaspace       used 59841K, committed 61312K, reserved 1114112K
  class space    used 6438K, committed 7040K, reserved 1048576K
}
Event: 18.521 GC heap before
{Heap before GC invocations=100 (full 3):
 PSYoungGen      total 8192K, used 8064K [0x00000000d5580000, 0x00000000d5f00000, 0x0000000100000000)
  eden space 7680K, 100% used [0x00000000d5580000,0x00000000d5d00000,0x00000000d5d00000)
  from space 512K, 75% used [0x00000000d5e80000,0x00000000d5ee0000,0x00000000d5f00000)
  to   space 1024K, 0% used [0x00000000d5d00000,0x00000000d5d00000,0x00000000d5e00000)
 ParOldGen       total 142848K, used 133824K [0x0000000080000000, 0x0000000088b80000, 0x00000000d5580000)
  object space 142848K, 93% used [0x0000000080000000,0x00000000882b02e8,0x0000000088b80000)
 Metaspace       used 59996K, committed 61504K, reserved 1114112K
  class space    used 6454K, committed 7104K, reserved 1048576K
}
Event: 18.522 GC heap after
{Heap after GC invocations=100 (full 3):
 PSYoungGen      total 8704K, used 448K [0x00000000d5580000, 0x00000000d5f00000, 0x0000000100000000)
  eden space 7680K, 0% used [0x00000000d5580000,0x00000000d5580000,0x00000000d5d00000)
  from space 1024K, 43% used [0x00000000d5d00000,0x00000000d5d70000,0x00000000d5e00000)
  to   space 512K, 0% used [0x00000000d5e80000,0x00000000d5e80000,0x00000000d5f00000)
 ParOldGen       total 142848K, used 134056K [0x0000000080000000, 0x0000000088b80000, 0x00000000d5580000)
  object space 142848K, 93% used [0x0000000080000000,0x00000000882ea308,0x0000000088b80000)
 Metaspace       used 59996K, committed 61504K, reserved 1114112K
  class space    used 6454K, committed 7104K, reserved 1048576K
}
Event: 18.692 GC heap before
{Heap before GC invocations=101 (full 3):
 PSYoungGen      total 8704K, used 8102K [0x00000000d5580000, 0x00000000d5f00000, 0x0000000100000000)
  eden space 7680K, 99% used [0x00000000d5580000,0x00000000d5cf99a8,0x00000000d5d00000)
  from space 1024K, 43% used [0x00000000d5d00000,0x00000000d5d70000,0x00000000d5e00000)
  to   space 512K, 0% used [0x00000000d5e80000,0x00000000d5e80000,0x00000000d5f00000)
 ParOldGen       total 217088K, used 207784K [0x0000000080000000, 0x000000008d400000, 0x00000000d5580000)
  object space 217088K, 95% used [0x0000000080000000,0x000000008caea318,0x000000008d400000)
 Metaspace       used 60153K, committed 61696K, reserved 1114112K
  class space    used 6481K, committed 7104K, reserved 1048576K
}
Event: 18.693 GC heap after
{Heap after GC invocations=101 (full 3):
 PSYoungGen      total 8192K, used 352K [0x00000000d5580000, 0x00000000d5f00000, 0x0000000100000000)
  eden space 7680K, 0% used [0x00000000d5580000,0x00000000d5580000,0x00000000d5d00000)
  from space 512K, 68% used [0x00000000d5e80000,0x00000000d5ed8000,0x00000000d5f00000)
  to   space 512K, 0% used [0x00000000d5e00000,0x00000000d5e00000,0x00000000d5e80000)
 ParOldGen       total 217088K, used 208072K [0x0000000080000000, 0x000000008d400000, 0x00000000d5580000)
  object space 217088K, 95% used [0x0000000080000000,0x000000008cb32318,0x000000008d400000)
 Metaspace       used 60153K, committed 61696K, reserved 1114112K
  class space    used 6481K, committed 7104K, reserved 1048576K
}
Event: 18.741 GC heap before
{Heap before GC invocations=102 (full 3):
 PSYoungGen      total 8192K, used 8032K [0x00000000d5580000, 0x00000000d5f00000, 0x0000000100000000)
  eden space 7680K, 100% used [0x00000000d5580000,0x00000000d5d00000,0x00000000d5d00000)
  from space 512K, 68% used [0x00000000d5e80000,0x00000000d5ed8000,0x00000000d5f00000)
  to   space 512K, 0% used [0x00000000d5e00000,0x00000000d5e00000,0x00000000d5e80000)
 ParOldGen       total 365056K, used 355528K [0x0000000080000000, 0x0000000096480000, 0x00000000d5580000)
  object space 365056K, 97% used [0x0000000080000000,0x0000000095b32328,0x0000000096480000)
 Metaspace       used 60424K, committed 61952K, reserved 1114112K
  class space    used 6499K, committed 7104K, reserved 1048576K
}
Event: 18.742 GC heap after
{Heap after GC invocations=102 (full 3):
 PSYoungGen      total 8192K, used 503K [0x00000000d5580000, 0x00000000d6100000, 0x0000000100000000)
  eden space 7680K, 0% used [0x00000000d5580000,0x00000000d5580000,0x00000000d5d00000)
  from space 512K, 98% used [0x00000000d5e00000,0x00000000d5e7df30,0x00000000d5e80000)
  to   space 2048K, 0% used [0x00000000d5f00000,0x00000000d5f00000,0x00000000d6100000)
 ParOldGen       total 365056K, used 356742K [0x0000000080000000, 0x0000000096480000, 0x00000000d5580000)
  object space 365056K, 97% used [0x0000000080000000,0x0000000095c61928,0x0000000096480000)
 Metaspace       used 60424K, committed 61952K, reserved 1114112K
  class space    used 6499K, committed 7104K, reserved 1048576K
}
Event: 19.032 GC heap before
{Heap before GC invocations=103 (full 3):
 PSYoungGen      total 8192K, used 8183K [0x00000000d5580000, 0x00000000d6100000, 0x0000000100000000)
  eden space 7680K, 100% used [0x00000000d5580000,0x00000000d5d00000,0x00000000d5d00000)
  from space 512K, 98% used [0x00000000d5e00000,0x00000000d5e7df30,0x00000000d5e80000)
  to   space 2048K, 0% used [0x00000000d5f00000,0x00000000d5f00000,0x00000000d6100000)
 ParOldGen       total 365056K, used 356742K [0x0000000080000000, 0x0000000096480000, 0x00000000d5580000)
  object space 365056K, 97% used [0x0000000080000000,0x0000000095c61928,0x0000000096480000)
 Metaspace       used 60439K, committed 61952K, reserved 1114112K
  class space    used 6499K, committed 7104K, reserved 1048576K
}
Event: 19.033 GC heap after
{Heap after GC invocations=103 (full 3):
 PSYoungGen      total 9216K, used 1161K [0x00000000d5580000, 0x00000000d6080000, 0x0000000100000000)
  eden space 7680K, 0% used [0x00000000d5580000,0x00000000d5580000,0x00000000d5d00000)
  from space 1536K, 75% used [0x00000000d5f00000,0x00000000d6022608,0x00000000d6080000)
  to   space 1536K, 0% used [0x00000000d5d80000,0x00000000d5d80000,0x00000000d5f00000)
 ParOldGen       total 365056K, used 356998K [0x0000000080000000, 0x0000000096480000, 0x00000000d5580000)
  object space 365056K, 97% used [0x0000000080000000,0x0000000095ca1928,0x0000000096480000)
 Metaspace       used 60439K, committed 61952K, reserved 1114112K
  class space    used 6499K, committed 7104K, reserved 1048576K
}
Event: 19.133 GC heap before
{Heap before GC invocations=104 (full 3):
 PSYoungGen      total 9216K, used 8841K [0x00000000d5580000, 0x00000000d6080000, 0x0000000100000000)
  eden space 7680K, 100% used [0x00000000d5580000,0x00000000d5d00000,0x00000000d5d00000)
  from space 1536K, 75% used [0x00000000d5f00000,0x00000000d6022608,0x00000000d6080000)
  to   space 1536K, 0% used [0x00000000d5d80000,0x00000000d5d80000,0x00000000d5f00000)
 ParOldGen       total 660480K, used 651910K [0x0000000080000000, 0x00000000a8500000, 0x00000000d5580000)
  object space 660480K, 98% used [0x0000000080000000,0x00000000a7ca1938,0x00000000a8500000)
 Metaspace       used 60440K, committed 61952K, reserved 1114112K
  class space    used 6499K, committed 7104K, reserved 1048576K
}
Event: 19.134 GC heap after
{Heap after GC invocations=104 (full 3):
 PSYoungGen      total 8704K, used 713K [0x00000000d5580000, 0x00000000d5f80000, 0x0000000100000000)
  eden space 7680K, 0% used [0x00000000d5580000,0x00000000d5580000,0x00000000d5d00000)
  from space 1024K, 69% used [0x00000000d5d80000,0x00000000d5e32780,0x00000000d5e80000)
  to   space 1024K, 0% used [0x00000000d5e80000,0x00000000d5e80000,0x00000000d5f80000)
 ParOldGen       total 660480K, used 652054K [0x0000000080000000, 0x00000000a8500000, 0x00000000d5580000)
  object space 660480K, 98% used [0x0000000080000000,0x00000000a7cc5938,0x00000000a8500000)
 Metaspace       used 60440K, committed 61952K, reserved 1114112K
  class space    used 6499K, committed 7104K, reserved 1048576K
}
Event: 19.700 GC heap before
{Heap before GC invocations=105 (full 3):
 PSYoungGen      total 8704K, used 8349K [0x00000000d5580000, 0x00000000d5f80000, 0x0000000100000000)
  eden space 7680K, 99% used [0x00000000d5580000,0x00000000d5cf4e20,0x00000000d5d00000)
  from space 1024K, 69% used [0x00000000d5d80000,0x00000000d5e32780,0x00000000d5e80000)
  to   space 1024K, 0% used [0x00000000d5e80000,0x00000000d5e80000,0x00000000d5f80000)
 ParOldGen       total 660480K, used 652054K [0x0000000080000000, 0x00000000a8500000, 0x00000000d5580000)
  object space 660480K, 98% used [0x0000000080000000,0x00000000a7cc5938,0x00000000a8500000)
 Metaspace       used 60443K, committed 61952K, reserved 1114112K
  class space    used 6499K, committed 7104K, reserved 1048576K
}
Event: 19.701 GC heap after
{Heap after GC invocations=105 (full 3):
 PSYoungGen      total 8704K, used 726K [0x00000000d5580000, 0x00000000d5f80000, 0x0000000100000000)
  eden space 7680K, 0% used [0x00000000d5580000,0x00000000d5580000,0x00000000d5d00000)
  from space 1024K, 70% used [0x00000000d5e80000,0x00000000d5f35820,0x00000000d5f80000)
  to   space 1024K, 0% used [0x00000000d5d80000,0x00000000d5d80000,0x00000000d5e80000)
 ParOldGen       total 660480K, used 652062K [0x0000000080000000, 0x00000000a8500000, 0x00000000d5580000)
  object space 660480K, 98% used [0x0000000080000000,0x00000000a7cc7938,0x00000000a8500000)
 Metaspace       used 60443K, committed 61952K, reserved 1114112K
  class space    used 6499K, committed 7104K, reserved 1048576K
}
Event: 19.883 GC heap before
{Heap before GC invocations=106 (full 3):
 PSYoungGen      total 8704K, used 8406K [0x00000000d5580000, 0x00000000d5f80000, 0x0000000100000000)
  eden space 7680K, 100% used [0x00000000d5580000,0x00000000d5d00000,0x00000000d5d00000)
  from space 1024K, 70% used [0x00000000d5e80000,0x00000000d5f35820,0x00000000d5f80000)
  to   space 1024K, 0% used [0x00000000d5d80000,0x00000000d5d80000,0x00000000d5e80000)
 ParOldGen       total 1250816K, used 1241886K [0x0000000080000000, 0x00000000cc580000, 0x00000000d5580000)
  object space 1250816K, 99% used [0x0000000080000000,0x00000000cbcc7948,0x00000000cc580000)
 Metaspace       used 60827K, committed 62336K, reserved 1114112K
  class space    used 6524K, committed 7104K, reserved 1048576K
}
Event: 19.884 GC heap after
{Heap after GC invocations=106 (full 3):
 PSYoungGen      total 8704K, used 288K [0x00000000d5580000, 0x00000000d5f00000, 0x0000000100000000)
  eden space 7680K, 0% used [0x00000000d5580000,0x00000000d5580000,0x00000000d5d00000)
  from space 1024K, 28% used [0x00000000d5d80000,0x00000000d5dc8000,0x00000000d5e80000)
  to   space 512K, 0% used [0x00000000d5e80000,0x00000000d5e80000,0x00000000d5f00000)
 ParOldGen       total 1250816K, used 1241886K [0x0000000080000000, 0x00000000cc580000, 0x00000000d5580000)
  object space 1250816K, 99% used [0x0000000080000000,0x00000000cbcc7948,0x00000000cc580000)
 Metaspace       used 60827K, committed 62336K, reserved 1114112K
  class space    used 6524K, committed 7104K, reserved 1048576K
}
Event: 21.052 GC heap before
{Heap before GC invocations=107 (full 3):
 PSYoungGen      total 8704K, used 4387K [0x00000000d5580000, 0x00000000d5f00000, 0x0000000100000000)
  eden space 7680K, 53% used [0x00000000d5580000,0x00000000d5980d18,0x00000000d5d00000)
  from space 1024K, 28% used [0x00000000d5d80000,0x00000000d5dc8000,0x00000000d5e80000)
  to   space 512K, 0% used [0x00000000d5e80000,0x00000000d5e80000,0x00000000d5f00000)
 ParOldGen       total 1398272K, used 1241886K [0x0000000080000000, 0x00000000d5580000, 0x00000000d5580000)
  object space 1398272K, 88% used [0x0000000080000000,0x00000000cbcc7948,0x00000000d5580000)
 Metaspace       used 61495K, committed 63040K, reserved 1114112K
  class space    used 6592K, committed 7232K, reserved 1048576K
}
Event: 21.055 GC heap after
{Heap after GC invocations=107 (full 3):
 PSYoungGen      total 8192K, used 320K [0x00000000d5580000, 0x00000000d5f00000, 0x0000000100000000)
  eden space 7680K, 0% used [0x00000000d5580000,0x00000000d5580000,0x00000000d5d00000)
  from space 512K, 62% used [0x00000000d5e80000,0x00000000d5ed0000,0x00000000d5f00000)
  to   space 512K, 0% used [0x00000000d5e00000,0x00000000d5e00000,0x00000000d5e80000)
 ParOldGen       total 1398272K, used 1241950K [0x0000000080000000, 0x00000000d5580000, 0x00000000d5580000)
  object space 1398272K, 88% used [0x0000000080000000,0x00000000cbcd7948,0x00000000d5580000)
 Metaspace       used 61495K, committed 63040K, reserved 1114112K
  class space    used 6592K, committed 7232K, reserved 1048576K
}
Event: 21.055 GC heap before
{Heap before GC invocations=108 (full 3):
 PSYoungGen      total 8192K, used 320K [0x00000000d5580000, 0x00000000d5f00000, 0x0000000100000000)
  eden space 7680K, 0% used [0x00000000d5580000,0x00000000d5580000,0x00000000d5d00000)
  from space 512K, 62% used [0x00000000d5e80000,0x00000000d5ed0000,0x00000000d5f00000)
  to   space 512K, 0% used [0x00000000d5e00000,0x00000000d5e00000,0x00000000d5e80000)
 ParOldGen       total 1398272K, used 1241950K [0x0000000080000000, 0x00000000d5580000, 0x00000000d5580000)
  object space 1398272K, 88% used [0x0000000080000000,0x00000000cbcd7948,0x00000000d5580000)
 Metaspace       used 61495K, committed 63040K, reserved 1114112K
  class space    used 6592K, committed 7232K, reserved 1048576K
}
Event: 21.058 GC heap after
{Heap after GC invocations=108 (full 3):
 PSYoungGen      total 9216K, used 0K [0x00000000d5580000, 0x00000000d5f80000, 0x0000000100000000)
  eden space 8704K, 0% used [0x00000000d5580000,0x00000000d5580000,0x00000000d5e00000)
  from space 512K, 0% used [0x00000000d5e00000,0x00000000d5e00000,0x00000000d5e80000)
  to   space 512K, 0% used [0x00000000d5f00000,0x00000000d5f00000,0x00000000d5f80000)
 ParOldGen       total 1398272K, used 1242102K [0x0000000080000000, 0x00000000d5580000, 0x00000000d5580000)
  object space 1398272K, 88% used [0x0000000080000000,0x00000000cbcfd948,0x00000000d5580000)
 Metaspace       used 61495K, committed 63040K, reserved 1114112K
  class space    used 6592K, committed 7232K, reserved 1048576K
}
Event: 21.058 GC heap before
{Heap before GC invocations=109 (full 4):
 PSYoungGen      total 9216K, used 0K [0x00000000d5580000, 0x00000000d5f80000, 0x0000000100000000)
  eden space 8704K, 0% used [0x00000000d5580000,0x00000000d5580000,0x00000000d5e00000)
  from space 512K, 0% used [0x00000000d5e00000,0x00000000d5e00000,0x00000000d5e80000)
  to   space 512K, 0% used [0x00000000d5f00000,0x00000000d5f00000,0x00000000d5f80000)
 ParOldGen       total 1398272K, used 1242102K [0x0000000080000000, 0x00000000d5580000, 0x00000000d5580000)
  object space 1398272K, 88% used [0x0000000080000000,0x00000000cbcfd948,0x00000000d5580000)
 Metaspace       used 61495K, committed 63040K, reserved 1114112K
  class space    used 6592K, committed 7232K, reserved 1048576K
}

Dll operation events (10 events):
Event: 0.007 Loaded shared library c:\Users\Administrateur\.vscode\extensions\redhat.java-1.46.0-win32-x64\jre\21.0.8-win32-x86_64\bin\java.dll
Event: 0.081 Loaded shared library c:\Users\Administrateur\.vscode\extensions\redhat.java-1.46.0-win32-x64\jre\21.0.8-win32-x86_64\bin\zip.dll
Event: 0.101 Loaded shared library C:\Users\Administrateur\.vscode\extensions\redhat.java-1.46.0-win32-x64\jre\21.0.8-win32-x86_64\bin\instrument.dll
Event: 0.106 Loaded shared library C:\Users\Administrateur\.vscode\extensions\redhat.java-1.46.0-win32-x64\jre\21.0.8-win32-x86_64\bin\net.dll
Event: 0.108 Loaded shared library C:\Users\Administrateur\.vscode\extensions\redhat.java-1.46.0-win32-x64\jre\21.0.8-win32-x86_64\bin\nio.dll
Event: 0.111 Loaded shared library C:\Users\Administrateur\.vscode\extensions\redhat.java-1.46.0-win32-x64\jre\21.0.8-win32-x86_64\bin\zip.dll
Event: 0.130 Loaded shared library C:\Users\Administrateur\.vscode\extensions\redhat.java-1.46.0-win32-x64\jre\21.0.8-win32-x86_64\bin\jimage.dll
Event: 0.203 Loaded shared library c:\Users\Administrateur\.vscode\extensions\redhat.java-1.46.0-win32-x64\jre\21.0.8-win32-x86_64\bin\verify.dll
Event: 4.346 Loaded shared library C:\Users\Administrateur\AppData\Roaming\Code\User\globalStorage\redhat.java\1.46.0\config_win\org.eclipse.equinox.launcher\org.eclipse.equinox.launcher.win32.win32.x86_64_1.2.1400.v20250801-0854\eclipse_11916.dll
Event: 11.220 Loaded shared library C:\Users\Administrateur\AppData\Local\Temp\1\jna-253705784\jna1297314964827937585.dll

Deoptimization events (20 events):
Event: 19.143 Thread 0x0000014f1208a3a0 DEOPT PACKING pc=0x0000014eb6f858b3 sp=0x00000014380faad0
Event: 19.143 Thread 0x0000014f1208a3a0 DEOPT UNPACKING pc=0x0000014ebdd54242 sp=0x00000014380fa000 mode 0
Event: 19.145 Thread 0x0000014f1208a3a0 DEOPT PACKING pc=0x0000014eb6f88cf1 sp=0x00000014380faa40
Event: 19.145 Thread 0x0000014f1208a3a0 DEOPT UNPACKING pc=0x0000014ebdd54242 sp=0x00000014380f9fe8 mode 0
Event: 19.146 Thread 0x0000014f1208a3a0 DEOPT PACKING pc=0x0000014eb6f858b3 sp=0x00000014380faad0
Event: 19.146 Thread 0x0000014f1208a3a0 DEOPT UNPACKING pc=0x0000014ebdd54242 sp=0x00000014380fa000 mode 0
Event: 19.148 Thread 0x0000014f1208a3a0 DEOPT PACKING pc=0x0000014eb6f88cf1 sp=0x00000014380faa40
Event: 19.148 Thread 0x0000014f1208a3a0 DEOPT UNPACKING pc=0x0000014ebdd54242 sp=0x00000014380f9fe8 mode 0
Event: 19.149 Thread 0x0000014f1208a3a0 DEOPT PACKING pc=0x0000014eb6f858b3 sp=0x00000014380faad0
Event: 19.149 Thread 0x0000014f1208a3a0 DEOPT UNPACKING pc=0x0000014ebdd54242 sp=0x00000014380fa000 mode 0
Event: 19.703 Thread 0x0000014f1208a3a0 DEOPT PACKING pc=0x0000014eb6f88cf1 sp=0x00000014380faa40
Event: 19.703 Thread 0x0000014f1208a3a0 DEOPT UNPACKING pc=0x0000014ebdd54242 sp=0x00000014380f9fe8 mode 0
Event: 19.709 Thread 0x0000014f1208a3a0 DEOPT PACKING pc=0x0000014eb6f88cf1 sp=0x00000014380faa40
Event: 19.709 Thread 0x0000014f1208a3a0 DEOPT UNPACKING pc=0x0000014ebdd54242 sp=0x00000014380f9fe8 mode 0
Event: 19.889 Thread 0x0000014f13ba7570 Uncommon trap: trap_request=0xffffff45 fr.pc=0x0000014ebe983998 relative=0x00000000000002b8
Event: 19.889 Thread 0x0000014f13ba7570 Uncommon trap: reason=unstable_if action=reinterpret pc=0x0000014ebe983998 method=java.net.URI.equal(Ljava/lang/String;Ljava/lang/String;)Z @ 10 c2
Event: 19.889 Thread 0x0000014f13ba7570 DEOPT PACKING pc=0x0000014ebe983998 sp=0x00000014393fec70
Event: 19.889 Thread 0x0000014f13ba7570 DEOPT UNPACKING pc=0x0000014ebdd53aa2 sp=0x00000014393fec00 mode 2
Event: 19.916 Thread 0x0000014f1208a3a0 DEOPT PACKING pc=0x0000014eb69026b9 sp=0x00000014380fcd70
Event: 19.916 Thread 0x0000014f1208a3a0 DEOPT UNPACKING pc=0x0000014ebdd54242 sp=0x00000014380fc270 mode 0

Classes loaded (20 events):
Event: 18.229 Loading class java/util/stream/ReduceOps$1
Event: 18.229 Loading class java/util/stream/ReduceOps$1 done
Event: 18.229 Loading class java/util/stream/ReduceOps$1ReducingSink
Event: 18.229 Loading class java/util/stream/ReduceOps$1ReducingSink done
Event: 18.302 Loading class java/util/AbstractList$RandomAccessSubList
Event: 18.302 Loading class java/util/AbstractList$SubList
Event: 18.302 Loading class java/util/AbstractList$SubList done
Event: 18.302 Loading class java/util/AbstractList$RandomAccessSubList done
Event: 18.302 Loading class java/util/AbstractList$SubList$1
Event: 18.302 Loading class java/util/AbstractList$SubList$1 done
Event: 18.578 Loading class java/util/stream/ReferencePipeline$4
Event: 18.578 Loading class java/util/stream/ReferencePipeline$4 done
Event: 18.578 Loading class java/util/stream/Nodes$IntFixedNodeBuilder
Event: 18.578 Loading class java/util/stream/Node$Builder$OfInt
Event: 18.578 Loading class java/util/stream/Node$Builder$OfInt done
Event: 18.578 Loading class java/util/stream/Nodes$IntArrayNode
Event: 18.578 Loading class java/util/stream/Nodes$IntArrayNode done
Event: 18.578 Loading class java/util/stream/Nodes$IntFixedNodeBuilder done
Event: 18.578 Loading class java/util/stream/ReferencePipeline$4$1
Event: 18.579 Loading class java/util/stream/ReferencePipeline$4$1 done

Classes unloaded (11 events):
Event: 11.544 Thread 0x0000014eb1d95b50 Unloading class 0x0000014ecc1b1400 'java/lang/invoke/LambdaForm$MH+0x0000014ecc1b1400'
Event: 11.544 Thread 0x0000014eb1d95b50 Unloading class 0x0000014ecc1b1000 'java/lang/invoke/LambdaForm$MH+0x0000014ecc1b1000'
Event: 11.544 Thread 0x0000014eb1d95b50 Unloading class 0x0000014ecc1b0c00 'java/lang/invoke/LambdaForm$MH+0x0000014ecc1b0c00'
Event: 11.544 Thread 0x0000014eb1d95b50 Unloading class 0x0000014ecc1b0800 'java/lang/invoke/LambdaForm$MH+0x0000014ecc1b0800'
Event: 11.544 Thread 0x0000014eb1d95b50 Unloading class 0x0000014ecc1b0400 'java/lang/invoke/LambdaForm$BMH+0x0000014ecc1b0400'
Event: 11.544 Thread 0x0000014eb1d95b50 Unloading class 0x0000014ecc1b0000 'java/lang/invoke/LambdaForm$DMH+0x0000014ecc1b0000'
Event: 11.544 Thread 0x0000014eb1d95b50 Unloading class 0x0000014ecc1aec00 'java/lang/invoke/LambdaForm$DMH+0x0000014ecc1aec00'
Event: 17.967 Thread 0x0000014eb1d95b50 Unloading class 0x0000014ecc6e0400 'java/lang/invoke/LambdaForm$DMH+0x0000014ecc6e0400'
Event: 17.967 Thread 0x0000014eb1d95b50 Unloading class 0x0000014ecc6e0000 'java/lang/invoke/LambdaForm$DMH+0x0000014ecc6e0000'
Event: 17.967 Thread 0x0000014eb1d95b50 Unloading class 0x0000014ecc6d9c00 'java/lang/invoke/LambdaForm$DMH+0x0000014ecc6d9c00'
Event: 17.967 Thread 0x0000014eb1d95b50 Unloading class 0x0000014ecc6d9400 'java/lang/invoke/LambdaForm$DMH+0x0000014ecc6d9400'

Classes redefined (0 events):
No events

Internal exceptions (20 events):
Event: 18.179 Thread 0x0000014f1208a3a0 Exception <a 'sun/nio/fs/WindowsException'{0x00000000d56c44f8}> (0x00000000d56c44f8) 
thrown [s\src\hotspot\share\prims\jni.cpp, line 520]
Event: 18.179 Thread 0x0000014f1208a3a0 Exception <a 'sun/nio/fs/WindowsException'{0x00000000d56c5020}> (0x00000000d56c5020) 
thrown [s\src\hotspot\share\prims\jni.cpp, line 520]
Event: 18.179 Thread 0x0000014f1208a3a0 Exception <a 'sun/nio/fs/WindowsException'{0x00000000d56c5650}> (0x00000000d56c5650) 
thrown [s\src\hotspot\share\prims\jni.cpp, line 520]
Event: 18.249 Thread 0x0000014f1208a3a0 Implicit null exception at 0x0000014ebe926b28 to 0x0000014ebe926ee0
Event: 18.306 Thread 0x0000014f13ba6850 Exception <a 'sun/nio/fs/WindowsException'{0x00000000d5737e98}> (0x00000000d5737e98) 
thrown [s\src\hotspot\share\prims\jni.cpp, line 520]
Event: 18.306 Thread 0x0000014f13ba6850 Exception <a 'sun/nio/fs/WindowsException'{0x00000000d5738c38}> (0x00000000d5738c38) 
thrown [s\src\hotspot\share\prims\jni.cpp, line 520]
Event: 18.306 Thread 0x0000014f13ba6850 Exception <a 'sun/nio/fs/WindowsException'{0x00000000d573a5d0}> (0x00000000d573a5d0) 
thrown [s\src\hotspot\share\prims\jni.cpp, line 520]
Event: 18.306 Thread 0x0000014f13ba6850 Exception <a 'sun/nio/fs/WindowsException'{0x00000000d573b1d0}> (0x00000000d573b1d0) 
thrown [s\src\hotspot\share\prims\jni.cpp, line 520]
Event: 18.307 Thread 0x0000014f13ba6850 Exception <a 'sun/nio/fs/WindowsException'{0x00000000d573c9f0}> (0x00000000d573c9f0) 
thrown [s\src\hotspot\share\prims\jni.cpp, line 520]
Event: 18.307 Thread 0x0000014f13ba6850 Exception <a 'sun/nio/fs/WindowsException'{0x00000000d573d620}> (0x00000000d573d620) 
thrown [s\src\hotspot\share\prims\jni.cpp, line 520]
Event: 18.307 Thread 0x0000014f13ba6850 Exception <a 'sun/nio/fs/WindowsException'{0x00000000d573e8b8}> (0x00000000d573e8b8) 
thrown [s\src\hotspot\share\prims\jni.cpp, line 520]
Event: 18.307 Thread 0x0000014f13ba6850 Exception <a 'sun/nio/fs/WindowsException'{0x00000000d573f400}> (0x00000000d573f400) 
thrown [s\src\hotspot\share\prims\jni.cpp, line 520]
Event: 18.315 Thread 0x0000014f13ba6850 Exception <a 'sun/nio/fs/WindowsException'{0x00000000d58aee90}> (0x00000000d58aee90) 
thrown [s\src\hotspot\share\prims\jni.cpp, line 520]
Event: 18.315 Thread 0x0000014f13ba6850 Exception <a 'sun/nio/fs/WindowsException'{0x00000000d58afc28}> (0x00000000d58afc28) 
thrown [s\src\hotspot\share\prims\jni.cpp, line 520]
Event: 18.316 Thread 0x0000014f1208a3a0 Exception <a 'java/lang/NoSuchMethodError'{0x00000000d58e9f20}: 'java.lang.Object java.lang.invoke.DirectMethodHandle$Holder.invokeStatic(java.lang.Object, java.lang.Object, int, java.lang.Object)'> (0x00000000d58e9f20) 
thrown [s\src\hotspot\share\interpreter\linkResolver.cpp, line 773]
Event: 18.316 Thread 0x0000014f1208a3a0 Exception <a 'java/lang/NoSuchMethodError'{0x00000000d58f0550}: 'java.lang.Object java.lang.invoke.DirectMethodHandle$Holder.newInvokeSpecial(java.lang.Object, java.lang.Object, int)'> (0x00000000d58f0550) 
thrown [s\src\hotspot\share\interpreter\linkResolver.cpp, line 773]
Event: 18.366 Thread 0x0000014f1208a3a0 Exception <a 'java/lang/NoSuchMethodError'{0x00000000d5bd9bd0}: 'java.lang.Object java.lang.invoke.DirectMethodHandle$Holder.invokeStatic(java.lang.Object, java.lang.Object, int, int)'> (0x00000000d5bd9bd0) 
thrown [s\src\hotspot\share\interpreter\linkResolver.cpp, line 773]
Event: 18.366 Thread 0x0000014f1208a3a0 Exception <a 'java/lang/NoSuchMethodError'{0x00000000d5bdd850}: 'java.lang.Object java.lang.invoke.DirectMethodHandle$Holder.invokeSpecial(java.lang.Object, java.lang.Object, java.lang.Object, int, int)'> (0x00000000d5bdd850) 
thrown [s\src\hotspot\share\interpreter\linkResolver.cpp, line 773]
Event: 18.408 Thread 0x0000014f1208a3a0 Implicit null exception at 0x0000014ebe96b970 to 0x0000014ebe96bdec
Event: 18.425 Thread 0x0000014f1208a3a0 Implicit null exception at 0x0000014ebe96f8cc to 0x0000014ebe96fd58

ZGC Phase Switch (0 events):
No events

VM Operations (20 events):
Event: 18.378 Executing VM operation: ParallelGCFailedAllocation (Allocation Failure) done
Event: 18.487 Executing VM operation: ParallelGCFailedAllocation (Allocation Failure)
Event: 18.522 Executing VM operation: ParallelGCFailedAllocation (Allocation Failure) done
Event: 18.585 Executing VM operation: ParallelGCFailedAllocation (Allocation Failure)
Event: 18.693 Executing VM operation: ParallelGCFailedAllocation (Allocation Failure) done
Event: 18.719 Executing VM operation: ParallelGCFailedAllocation (Allocation Failure)
Event: 18.742 Executing VM operation: ParallelGCFailedAllocation (Allocation Failure) done
Event: 18.755 Executing VM operation: ParallelGCFailedAllocation (Allocation Failure)
Event: 19.033 Executing VM operation: ParallelGCFailedAllocation (Allocation Failure) done
Event: 19.056 Executing VM operation: ParallelGCFailedAllocation (Allocation Failure)
Event: 19.134 Executing VM operation: ParallelGCFailedAllocation (Allocation Failure) done
Event: 19.149 Executing VM operation: ParallelGCFailedAllocation (Allocation Failure)
Event: 19.701 Executing VM operation: ParallelGCFailedAllocation (Allocation Failure) done
Event: 19.724 Executing VM operation: ParallelGCFailedAllocation (Allocation Failure)
Event: 19.884 Executing VM operation: ParallelGCFailedAllocation (Allocation Failure) done
Event: 19.920 Executing VM operation: HandshakeAllThreads (Deoptimize)
Event: 21.052 Executing VM operation: HandshakeAllThreads (Deoptimize) done
Event: 21.052 Executing VM operation: Cleanup
Event: 21.052 Executing VM operation: Cleanup done
Event: 21.052 Executing VM operation: ParallelGCFailedAllocation (Allocation Failure)

Memory protections (0 events):
No events

Nmethod flushes (20 events):
Event: 17.981 Thread 0x0000014eb1d95b50 flushing  nmethod 0x0000014eb6f59b10
Event: 17.981 Thread 0x0000014eb1d95b50 flushing  nmethod 0x0000014eb6f76a90
Event: 17.981 Thread 0x0000014eb1d95b50 flushing osr nmethod 0x0000014eb6fc2e90
Event: 17.981 Thread 0x0000014eb1d95b50 flushing  nmethod 0x0000014eb6fea710
Event: 17.981 Thread 0x0000014eb1d95b50 flushing  nmethod 0x0000014eb6fec410
Event: 17.981 Thread 0x0000014eb1d95b50 flushing  nmethod 0x0000014eb7000810
Event: 17.981 Thread 0x0000014eb1d95b50 flushing  nmethod 0x0000014eb7001810
Event: 17.981 Thread 0x0000014eb1d95b50 flushing  nmethod 0x0000014eb7009590
Event: 17.981 Thread 0x0000014eb1d95b50 flushing osr nmethod 0x0000014eb700eb90
Event: 17.981 Thread 0x0000014eb1d95b50 flushing  nmethod 0x0000014eb7021790
Event: 17.981 Thread 0x0000014eb1d95b50 flushing  nmethod 0x0000014eb7021d90
Event: 17.981 Thread 0x0000014eb1d95b50 flushing  nmethod 0x0000014eb7025f10
Event: 17.981 Thread 0x0000014eb1d95b50 flushing  nmethod 0x0000014eb7026610
Event: 17.981 Thread 0x0000014eb1d95b50 flushing  nmethod 0x0000014eb7028e10
Event: 17.981 Thread 0x0000014eb1d95b50 flushing  nmethod 0x0000014eb7087510
Event: 17.981 Thread 0x0000014eb1d95b50 flushing osr nmethod 0x0000014eb7092c10
Event: 17.981 Thread 0x0000014eb1d95b50 flushing  nmethod 0x0000014eb70a4110
Event: 17.981 Thread 0x0000014eb1d95b50 flushing  nmethod 0x0000014eb70a5a10
Event: 17.981 Thread 0x0000014eb1d95b50 flushing  nmethod 0x0000014eb70a7510
Event: 17.981 Thread 0x0000014eb1d95b50 flushing  nmethod 0x0000014eb70b4910

Events (20 events):
Event: 12.363 Thread 0x0000014f13ba6850 Thread added: 0x0000014f13ba33d0
Event: 12.363 Thread 0x0000014f13ba5b30 Thread added: 0x0000014f14706f20
Event: 12.364 Thread 0x0000014f13ba2d40 Thread added: 0x0000014f147054e0
Event: 12.364 Thread 0x0000014f13ba33d0 Thread added: 0x0000014f1470bde0
Event: 12.364 Thread 0x0000014f14706f20 Thread added: 0x0000014f14706890
Event: 13.784 Thread 0x0000014f12089680 Thread added: 0x0000014f1470cb00
Event: 16.086 Thread 0x0000014f1208a3a0 Thread added: 0x0000014f14705b70
Event: 16.086 Thread 0x0000014f1208a3a0 Thread added: 0x0000014f14708ff0
Event: 16.086 Thread 0x0000014f1208a3a0 Thread added: 0x0000014f1470b0c0
Event: 16.087 Thread 0x0000014f1208a3a0 Thread added: 0x0000014f14706200
Event: 16.087 Thread 0x0000014f1208a3a0 Thread added: 0x0000014f14708960
Event: 16.721 Thread 0x0000014f122d8490 Thread exited: 0x0000014f122d8490
Event: 16.721 Thread 0x0000014f1290f310 Thread exited: 0x0000014f1290f310
Event: 17.115 Thread 0x0000014eca6ae1b0 Thread added: 0x0000014f1715fe90
Event: 17.829 Thread 0x0000014f1715fe90 Thread added: 0x0000014f14fa8290
Event: 17.871 Thread 0x0000014f14708960 Thread exited: 0x0000014f14708960
Event: 17.871 Thread 0x0000014f14706200 Thread exited: 0x0000014f14706200
Event: 17.871 Thread 0x0000014f14705b70 Thread exited: 0x0000014f14705b70
Event: 17.871 Thread 0x0000014f14708ff0 Thread exited: 0x0000014f14708ff0
Event: 17.871 Thread 0x0000014f1470b0c0 Thread exited: 0x0000014f1470b0c0


Dynamic libraries:
0x00007ff779060000 - 0x00007ff77906e000 	c:\Users\Administrateur\.vscode\extensions\redhat.java-1.46.0-win32-x64\jre\21.0.8-win32-x86_64\bin\java.exe
0x00007ffa37380000 - 0x00007ffa37581000 	C:\Windows\SYSTEM32\ntdll.dll
0x00007ffa36190000 - 0x00007ffa3624c000 	C:\Windows\System32\KERNEL32.DLL
0x00007ffa34c40000 - 0x00007ffa34fb0000 	C:\Windows\System32\KERNELBASE.dll
0x00007ffa348f0000 - 0x00007ffa34a00000 	C:\Windows\System32\ucrtbase.dll
0x00007ffa25cf0000 - 0x00007ffa25d08000 	c:\Users\Administrateur\.vscode\extensions\redhat.java-1.46.0-win32-x64\jre\21.0.8-win32-x86_64\bin\jli.dll
0x00007ffa0eae0000 - 0x00007ffa0eafe000 	c:\Users\Administrateur\.vscode\extensions\redhat.java-1.46.0-win32-x64\jre\21.0.8-win32-x86_64\bin\VCRUNTIME140.dll
0x00007ffa36cd0000 - 0x00007ffa36e75000 	C:\Windows\System32\USER32.dll
0x00007ffa06190000 - 0x00007ffa06435000 	C:\Windows\WinSxS\amd64_microsoft.windows.common-controls_6595b64144ccf1df_6.0.20348.3804_none_9472f657eef4e288\COMCTL32.dll
0x00007ffa34ab0000 - 0x00007ffa34ad6000 	C:\Windows\System32\win32u.dll
0x00007ffa35a10000 - 0x00007ffa35a3c000 	C:\Windows\System32\GDI32.dll
0x00007ffa360e0000 - 0x00007ffa36183000 	C:\Windows\System32\msvcrt.dll
0x00007ffa35190000 - 0x00007ffa352ad000 	C:\Windows\System32\gdi32full.dll
0x00007ffa35070000 - 0x00007ffa35110000 	C:\Windows\System32\msvcp_win.dll
0x00007ffa37250000 - 0x00007ffa37281000 	C:\Windows\System32\IMM32.DLL
0x00007ffa2f6d0000 - 0x00007ffa2f6dc000 	c:\Users\Administrateur\.vscode\extensions\redhat.java-1.46.0-win32-x64\jre\21.0.8-win32-x86_64\bin\vcruntime140_1.dll
0x00007ffa0e990000 - 0x00007ffa0ea1d000 	c:\Users\Administrateur\.vscode\extensions\redhat.java-1.46.0-win32-x64\jre\21.0.8-win32-x86_64\bin\msvcp140.dll
0x00007ff9dbc30000 - 0x00007ff9dc9c7000 	c:\Users\Administrateur\.vscode\extensions\redhat.java-1.46.0-win32-x64\jre\21.0.8-win32-x86_64\bin\server\jvm.dll
0x00007ffa36af0000 - 0x00007ffa36ba1000 	C:\Windows\System32\ADVAPI32.dll
0x00007ffa36fe0000 - 0x00007ffa37082000 	C:\Windows\System32\sechost.dll
0x00007ffa34a80000 - 0x00007ffa34aa7000 	C:\Windows\System32\bcrypt.dll
0x00007ffa35b50000 - 0x00007ffa35c6e000 	C:\Windows\System32\RPCRT4.dll
0x00007ffa37090000 - 0x00007ffa37101000 	C:\Windows\System32\WS2_32.dll
0x00007ffa34630000 - 0x00007ffa3467d000 	C:\Windows\SYSTEM32\POWRPROF.dll
0x00007ffa2c500000 - 0x00007ffa2c50a000 	C:\Windows\SYSTEM32\VERSION.dll
0x00007ffa26a30000 - 0x00007ffa26a57000 	C:\Windows\SYSTEM32\WINMM.dll
0x00007ffa34610000 - 0x00007ffa34623000 	C:\Windows\SYSTEM32\UMPDC.dll
0x00007ffa32300000 - 0x00007ffa32317000 	C:\Windows\SYSTEM32\kernel.appcore.dll
0x00007ffa193c0000 - 0x00007ffa193ca000 	c:\Users\Administrateur\.vscode\extensions\redhat.java-1.46.0-win32-x64\jre\21.0.8-win32-x86_64\bin\jimage.dll
0x00007ffa34180000 - 0x00007ffa343a0000 	C:\Windows\SYSTEM32\DBGHELP.DLL
0x00007ffa340d0000 - 0x00007ffa34100000 	C:\Windows\SYSTEM32\dbgcore.DLL
0x00007ffa34a00000 - 0x00007ffa34a7f000 	C:\Windows\System32\bcryptPrimitives.dll
0x00007ffa13500000 - 0x00007ffa1350f000 	c:\Users\Administrateur\.vscode\extensions\redhat.java-1.46.0-win32-x64\jre\21.0.8-win32-x86_64\bin\instrument.dll
0x00007ffa0e970000 - 0x00007ffa0e98f000 	c:\Users\Administrateur\.vscode\extensions\redhat.java-1.46.0-win32-x64\jre\21.0.8-win32-x86_64\bin\java.dll
0x00007ffa352b0000 - 0x00007ffa35a0a000 	C:\Windows\System32\SHELL32.dll
0x00007ffa29850000 - 0x00007ffa2a093000 	C:\Windows\SYSTEM32\windows.storage.dll
0x00007ffa362b0000 - 0x00007ffa36620000 	C:\Windows\System32\combase.dll
0x00007ffa36ef0000 - 0x00007ffa36fda000 	C:\Windows\System32\SHCORE.dll
0x00007ffa35f30000 - 0x00007ffa35f8f000 	C:\Windows\System32\shlwapi.dll
0x00007ffa34820000 - 0x00007ffa34841000 	C:\Windows\SYSTEM32\profapi.dll
0x00007ffa0e950000 - 0x00007ffa0e968000 	c:\Users\Administrateur\.vscode\extensions\redhat.java-1.46.0-win32-x64\jre\21.0.8-win32-x86_64\bin\zip.dll
0x00007ffa0e940000 - 0x00007ffa0e950000 	C:\Users\Administrateur\.vscode\extensions\redhat.java-1.46.0-win32-x64\jre\21.0.8-win32-x86_64\bin\net.dll
0x00007ffa2e750000 - 0x00007ffa2e858000 	C:\Windows\SYSTEM32\WINHTTP.dll
0x00007ffa32ed0000 - 0x00007ffa32f38000 	C:\Windows\system32\mswsock.dll
0x00007ffa0e920000 - 0x00007ffa0e936000 	C:\Users\Administrateur\.vscode\extensions\redhat.java-1.46.0-win32-x64\jre\21.0.8-win32-x86_64\bin\nio.dll
0x00007ffa0e910000 - 0x00007ffa0e920000 	c:\Users\Administrateur\.vscode\extensions\redhat.java-1.46.0-win32-x64\jre\21.0.8-win32-x86_64\bin\verify.dll
0x00007ffa0de40000 - 0x00007ffa0de84000 	C:\Users\Administrateur\AppData\Roaming\Code\User\globalStorage\redhat.java\1.46.0\config_win\org.eclipse.equinox.launcher\org.eclipse.equinox.launcher.win32.win32.x86_64_1.2.1400.v20250801-0854\eclipse_11916.dll
0x00007ffa37110000 - 0x00007ffa37246000 	C:\Windows\System32\ole32.dll
0x00007ffa344c0000 - 0x00007ffa344db000 	C:\Windows\SYSTEM32\CRYPTSP.dll
0x00007ffa329f0000 - 0x00007ffa32a28000 	C:\Windows\system32\rsaenh.dll
0x00007ffa32f70000 - 0x00007ffa32f9e000 	C:\Windows\SYSTEM32\USERENV.dll
0x00007ffa339f0000 - 0x00007ffa339fc000 	C:\Windows\SYSTEM32\CRYPTBASE.dll
0x00007ffa32bd0000 - 0x00007ffa32bfd000 	C:\Windows\SYSTEM32\IPHLPAPI.DLL
0x00007ffa35f90000 - 0x00007ffa35f99000 	C:\Windows\System32\NSI.dll
0x00007ffa0dda0000 - 0x00007ffa0dde9000 	C:\Users\Administrateur\AppData\Local\Temp\1\jna-253705784\jna1297314964827937585.dll
0x00007ffa35a40000 - 0x00007ffa35a48000 	C:\Windows\System32\PSAPI.DLL
0x00007ffa2f860000 - 0x00007ffa2f879000 	C:\Windows\SYSTEM32\dhcpcsvc6.DLL
0x00007ffa2f780000 - 0x00007ffa2f79d000 	C:\Windows\SYSTEM32\dhcpcsvc.DLL

JVMTI agents:
c:\Users\Administrateur\.vscode\extensions\redhat.java-1.46.0-win32-x64\lombok\lombok-1.18.39-4050.jar path:c:\Users\Administrateur\.vscode\extensions\redhat.java-1.46.0-win32-x64\jre\21.0.8-win32-x86_64\bin\instrument.dll, loaded, initialized, instrumentlib options:none

dbghelp: loaded successfully - version: 4.0.5 - missing functions: none
symbol engine: initialized successfully - sym options: 0x614 - pdb path: .;c:\Users\Administrateur\.vscode\extensions\redhat.java-1.46.0-win32-x64\jre\21.0.8-win32-x86_64\bin;C:\Windows\SYSTEM32;C:\Windows\WinSxS\amd64_microsoft.windows.common-controls_6595b64144ccf1df_6.0.20348.3804_none_9472f657eef4e288;c:\Users\Administrateur\.vscode\extensions\redhat.java-1.46.0-win32-x64\jre\21.0.8-win32-x86_64\bin\server;C:\Users\Administrateur\AppData\Roaming\Code\User\globalStorage\redhat.java\1.46.0\config_win\org.eclipse.equinox.launcher\org.eclipse.equinox.launcher.win32.win32.x86_64_1.2.1400.v20250801-0854;C:\Users\Administrateur\AppData\Local\Temp\1\jna-253705784

VM Arguments:
jvm_args: --add-modules=ALL-SYSTEM --add-opens=java.base/java.util=ALL-UNNAMED --add-opens=java.base/java.lang=ALL-UNNAMED --add-opens=java.base/sun.nio.fs=ALL-UNNAMED -Declipse.application=org.eclipse.jdt.ls.core.id1 -Dosgi.bundles.defaultStartLevel=4 -Declipse.product=org.eclipse.jdt.ls.core.product -Djava.import.generatesMetadataFilesAtProjectRoot=false -DDetectVMInstallationsJob.disabled=true -Dfile.encoding=utf8 -XX:+UseParallelGC -XX:GCTimeRatio=4 -XX:AdaptiveSizePolicyWeight=90 -Dsun.zip.disableMemoryMapping=true -Xmx2G -Xms100m -Xlog:disable -javaagent:c:\Users\Administrateur\.vscode\extensions\redhat.java-1.46.0-win32-x64\lombok\lombok-1.18.39-4050.jar -XX:+HeapDumpOnOutOfMemoryError -XX:HeapDumpPath=c:\Users\Administrateur\AppData\Roaming\Code\User\workspaceStorage\90dad1b5abc0a2ea38ed7bd479fed4d3\redhat.java -Daether.dependencyCollector.impl=bf 
java_command: c:\Users\Administrateur\.vscode\extensions\redhat.java-1.46.0-win32-x64\server\plugins\org.eclipse.equinox.launcher_1.7.0.v20250519-0528.jar -configuration c:\Users\Administrateur\AppData\Roaming\Code\User\globalStorage\redhat.java\1.46.0\config_win -data c:\Users\Administrateur\AppData\Roaming\Code\User\workspaceStorage\90dad1b5abc0a2ea38ed7bd479fed4d3\redhat.java\jdt_ws --pipe=\\.\pipe\lsp-1d35df34a71d5b8eb4bc5fe011872ed7-sock
java_class_path (initial): c:\Users\Administrateur\.vscode\extensions\redhat.java-1.46.0-win32-x64\server\plugins\org.eclipse.equinox.launcher_1.7.0.v20250519-0528.jar
Launcher Type: SUN_STANDARD

[Global flags]
    uintx AdaptiveSizePolicyWeight                 = 90                                        {product} {command line}
     intx CICompilerCount                          = 4                                         {product} {ergonomic}
    uintx GCTimeRatio                              = 4                                         {product} {command line}
     bool HeapDumpOnOutOfMemoryError               = true                                   {manageable} {command line}
    ccstr HeapDumpPath                             = c:\Users\Administrateur\AppData\Roaming\Code\User\workspaceStorage\90dad1b5abc0a2ea38ed7bd479fed4d3\redhat.java         {manageable} {command line}
   size_t InitialHeapSize                          = 104857600                                 {product} {command line}
   size_t MaxHeapSize                              = 2147483648                                {product} {command line}
   size_t MaxNewSize                               = 715653120                                 {product} {ergonomic}
   size_t MinHeapDeltaBytes                        = 524288                                    {product} {ergonomic}
   size_t MinHeapSize                              = 104857600                                 {product} {command line}
   size_t NewSize                                  = 34603008                                  {product} {ergonomic}
    uintx NonNMethodCodeHeapSize                   = 5839372                                {pd product} {ergonomic}
    uintx NonProfiledCodeHeapSize                  = 122909434                              {pd product} {ergonomic}
   size_t OldSize                                  = 70254592                                  {product} {ergonomic}
    uintx ProfiledCodeHeapSize                     = 122909434                              {pd product} {ergonomic}
    uintx ReservedCodeCacheSize                    = 251658240                              {pd product} {ergonomic}
     bool SegmentedCodeCache                       = true                                      {product} {ergonomic}
   size_t SoftMaxHeapSize                          = 2147483648                             {manageable} {ergonomic}
     bool UseCompressedOops                        = true                           {product lp64_product} {ergonomic}
     bool UseLargePagesIndividualAllocation        = false                                  {pd product} {ergonomic}
     bool UseParallelGC                            = true                                      {product} {command line}

Logging:
Log output configuration:
 #0: stdout all=off uptime,level,tags foldmultilines=false
 #1: stderr all=off uptime,level,tags foldmultilines=false

Environment Variables:
PATH=C:\Program Files\Eclipse Adoptium\jdk-25.0.0.36-hotspot\bin;C:\Program Files\Eclipse Adoptium\jdk-21.0.7.6-hotspot\bin;C:\Program Files\Common Files\Oracle\Java\javapath;C:\Windows\system32;C:\Windows;C:\Windows\System32\Wbem;C:\Windows\System32\WindowsPowerShell\v1.0\;C:\Windows\System32\OpenSSH\;C:\Program Files\dotnet\;C:\Program Files\nodejs\;C:\Program Files\Microsoft SQL Server\150\Tools\Binn\;C:\Program Files\Microsoft SQL Server\Client SDK\ODBC\170\Tools\Binn\;C:\Program Files (x86)\Microsoft SQL Server\160\Tools\Binn\;C:\Program Files\Microsoft SQL Server\160\Tools\Binn\;C:\Program Files\Microsoft SQL Server\160\DTS\Binn\;C:\xampp\php;C:\ProgramData\ComposerSetup\bin;C:\Program Files\Git\cmd;C:\Program Files\Docker\Docker\resources\bin;C:\apache-maven-3.9.11\bin;C:\Users\Administrateur\AppData\Local\Programs\Python\Python313\Scripts\;C:\Users\Administrateur\AppData\Local\Programs\Python\Python313\;C:\Users\Administrateur\AppData\Local\Programs\Python\Launcher\;C:\Users\Administrateur\scoop\shims;C:\Users\Administrateur\AppData\Local\Microsoft\WindowsApps;C:\Users\Administrateur\AppData\Local\Programs\Microsoft VS Code\bin;C:\Users\Administrateur\AppData\Roaming\npm;C:\Users\Administrateur\.dotnet\tools;C:\Users\Administrateur\AppData\Roaming\Composer\vendor\bin;C:\Program Files\JetBrains\PhpStorm 2025.2.1\bin;C:\Users\Administrateur\AppData\Local\Programs\mongosh\
USERNAME=Administrateur
OS=Windows_NT
PROCESSOR_IDENTIFIER=Intel64 Family 6 Model 158 Stepping 10, GenuineIntel
TMP=C:\Users\ADMINI~1\AppData\Local\Temp\1
TEMP=C:\Users\ADMINI~1\AppData\Local\Temp\1




Periodic native trim disabled

---------------  S Y S T E M  ---------------

OS:
 Windows Server 2022 , 64 bit Build 20348 (10.0.20348.3692)
OS uptime: 0 days 3:23 hours
Hyper-V role detected

CPU: total 12 (initial active 12) (6 cores per cpu, 2 threads per core) family 6 model 158 stepping 10 microcode 0xf8, cx8, cmov, fxsr, ht, mmx, 3dnowpref, sse, sse2, sse3, ssse3, sse4.1, sse4.2, popcnt, lzcnt, tsc, tscinvbit, avx, avx2, aes, erms, clmul, bmi1, bmi2, rtm, adx, fma, vzeroupper, clflush, clflushopt, hv, rdtscp, f16c
Processor Information for the first 12 processors :
  Max Mhz: 3192, Current Mhz: 3192, Mhz Limit: 3192

Memory: 4k page, system-wide physical 16180M (5604M free)
TotalPageFile size 18612M (AvailPageFile size 5054M)
current process WorkingSet (physical memory assigned to process): 1478M, peak: 1496M
current process commit charge ("private bytes"): 1710M, peak: 1710M

vm_info: OpenJDK 64-Bit Server VM (21.0.8+9-LTS) for windows-amd64 JRE (21.0.8+9-LTS), built on 2025-07-15T00:00:00Z by "admin" with MS VC++ 17.7 (VS2022)

END.
