#
# A fatal error has been detected by the Java Runtime Environment:
#
#  EXCEPTION_ACCESS_VIOLATION (0xc0000005) at pc=0x00007ff92b65afd0, pid=11324, tid=14904
#
# JRE version: OpenJDK Runtime Environment Temurin-21.0.8+9 (21.0.8+9) (build 21.0.8+9-LTS)
# Java VM: OpenJDK 64-Bit Server VM Temurin-21.0.8+9 (21.0.8+9-LTS, mixed mode, sharing, tiered, compressed oops, compressed class ptrs, parallel gc, windows-amd64)
# Problematic frame:
# V  [jvm.dll+0x5fafd0]
#
# Core dump will be written. Default location: c:\Users\Administrateur\Desktop\CleanHive\hs_err_pid11324.mdmp
#
# If you would like to submit a bug report, please visit:
#   https://github.com/adoptium/adoptium-support/issues
#

---------------  S U M M A R Y ------------

Command Line: --add-modules=ALL-SYSTEM --add-opens=java.base/java.util=ALL-UNNAMED --add-opens=java.base/java.lang=ALL-UNNAMED --add-opens=java.base/sun.nio.fs=ALL-UNNAMED -Declipse.application=org.eclipse.jdt.ls.core.id1 -Dosgi.bundles.defaultStartLevel=4 -Declipse.product=org.eclipse.jdt.ls.core.product -Djava.import.generatesMetadataFilesAtProjectRoot=false -DDetectVMInstallationsJob.disabled=true -Dfile.encoding=utf8 -XX:+UseParallelGC -XX:GCTimeRatio=4 -XX:AdaptiveSizePolicyWeight=90 -Dsun.zip.disableMemoryMapping=true -Xmx2G -Xms100m -Xlog:disable -javaagent:c:\Users\Administrateur\.vscode\extensions\redhat.java-1.47.0-win32-x64\lombok\lombok-1.18.39-4050.jar -XX:+HeapDumpOnOutOfMemoryError -XX:HeapDumpPath=c:\Users\Administrateur\AppData\Roaming\Code\User\workspaceStorage\90dad1b5abc0a2ea38ed7bd479fed4d3\redhat.java -Daether.dependencyCollector.impl=bf c:\Users\Administrateur\.vscode\extensions\redhat.java-1.47.0-win32-x64\server\plugins\org.eclipse.equinox.launcher_1.7.100.v20251014-1222.jar -configuration c:\Users\Administrateur\AppData\Roaming\Code\User\globalStorage\redhat.java\1.47.0\config_win -data c:\Users\Administrateur\AppData\Roaming\Code\User\workspaceStorage\90dad1b5abc0a2ea38ed7bd479fed4d3\redhat.java\jdt_ws --pipe=\\.\pipe\lsp-f1f0ccb87313352275c68390ec3cc765-sock

Host: Intel(R) Core(TM) i7-8700 CPU @ 3.20GHz, 12 cores, 15G,  Windows Server 2022 , 64 bit Build 20348 (10.0.20348.3692)
Time: Wed Nov  5 10:39:00 2025 Paris, Madrid elapsed time: 16.849121 seconds (0d 0h 0m 16s)

---------------  T H R E A D  ---------------

Current thread (0x000001a48da69f40):  JavaThread "C2 CompilerThread1" daemon [_thread_in_native, id=14904, stack(0x000000297b000000,0x000000297b100000) (1024K)]


Current CompileTask:
C2:16849 4370       4       org.eclipse.osgi.internal.loader.ModuleClassLoader::toString (80 bytes)

Stack: [0x000000297b000000,0x000000297b100000],  sp=0x000000297b0fbef0,  free space=1007k
Native frames: (J=compiled Java code, j=interpreted, Vv=VM code, C=native code)
V  [jvm.dll+0x5fafd0]
V  [jvm.dll+0x5fa2e8]
V  [jvm.dll+0x252092]
V  [jvm.dll+0x25244f]
V  [jvm.dll+0x24ad14]
V  [jvm.dll+0x2483a4]
V  [jvm.dll+0x1c89ee]
V  [jvm.dll+0x257d4d]
V  [jvm.dll+0x2562ea]
V  [jvm.dll+0x3f2d16]
V  [jvm.dll+0x857e6b]
V  [jvm.dll+0x6d0b0d]
C  [ucrtbase.dll+0x26b4c]
C  [KERNEL32.DLL+0x14cb0]
C  [ntdll.dll+0x7edcb]


siginfo: EXCEPTION_ACCESS_VIOLATION (0xc0000005), reading address 0x000001a09504c860


Registers:
RAX=0x000001a4932aaa00, RBX=0x000000000000000e, RCX=0x000000000000013b, RDX=0x000001a4944bdf08
RSP=0x000000297b0fbef0, RBP=0x0000000000000003, RSI=0x000000297b0fc280, RDI=0x000000297b0fbfc0
R8 =0x0000000000000008, R9 =0x000001a494e29758, R10=0x0000000000000235, R11=0x8080808080808080
R12=0x000000297b0fbfa0, R13=0x000000297b0fbf80, R14=0x0000000000000001, R15=0x000001a09504c838
RIP=0x00007ff92b65afd0, EFLAGS=0x0000000000010202

XMM[0]=0x0000000000000000 0x0000000000000000
XMM[1]=0x000001a494181330 0x000001a494f830f0
XMM[2]=0x000001a495008ee0 0x000001a495008e40
XMM[3]=0x000001a495009020 0x000001a495008fd0
XMM[4]=0x000001a495009110 0x000001a4950090c0
XMM[5]=0x000001a495009590 0x000001a494182040
XMM[6]=0x0000000000000000 0x0000000000000000
XMM[7]=0x0000000000000000 0x0000000000000000
XMM[8]=0x0000000000000000 0x0000000000000000
XMM[9]=0x0000000000000000 0x0000000000000000
XMM[10]=0x0000000000000000 0x0000000000000000
XMM[11]=0x0000000000000000 0x0000000000000000
XMM[12]=0x0000000000000000 0x0000000000000000
XMM[13]=0x0000000000000000 0x0000000000000000
XMM[14]=0x0000000000000000 0x0000000000000000
XMM[15]=0x0000000000000000 0x0000000000000000
  MXCSR=0x00001fa0


Register to memory mapping:

RAX=0x000001a4932aaa00 points into unknown readable memory: 0x000001a4926cb218 | 18 b2 6c 92 a4 01 00 00
RBX=0x000000000000000e is an unknown value
RCX=0x000000000000013b is an unknown value
RDX=0x000001a4944bdf08 points into unknown readable memory: 0xff987daf49d7f77f | 7f f7 d7 49 af 7d 98 ff
RSP=0x000000297b0fbef0 is pointing into the stack for thread: 0x000001a48da69f40
RBP=0x0000000000000003 is an unknown value
RSI=0x000000297b0fc280 is pointing into the stack for thread: 0x000001a48da69f40
RDI=0x000000297b0fbfc0 is pointing into the stack for thread: 0x000001a48da69f40
R8 =0x0000000000000008 is an unknown value
R9 =0x000001a494e29758 points into unknown readable memory: 0x0000000000000000 | 00 00 00 00 00 00 00 00
R10=0x0000000000000235 is an unknown value
R11=0x8080808080808080 is an unknown value
R12=0x000000297b0fbfa0 is pointing into the stack for thread: 0x000001a48da69f40
R13=0x000000297b0fbf80 is pointing into the stack for thread: 0x000001a48da69f40
R14=0x0000000000000001 is an unknown value
R15=0x000001a09504c838 is an unknown value

Top of Stack: (sp=0x000000297b0fbef0)
0x000000297b0fbef0:   0000000000000002 0000000000000400
0x000000297b0fbf00:   000000297b0fbfa0 000000297b0fbf80
0x000000297b0fbf10:   000001a431c18af0 0000000000000000
0x000000297b0fbf20:   000000297b0fc050 000001a48da7f100
0x000000297b0fbf30:   0000000000000000 000000297b0fc280
0x000000297b0fbf40:   000001a4926cb188 00007ff92b65a2e8
0x000000297b0fbf50:   000000297b0fc280 0000000000000001
0x000000297b0fbf60:   0000002900000001 000000297b0fbfc0
0x000000297b0fbf70:   000001a40000038c 000000000000038c
0x000000297b0fbf80:   000001a49249f610 00007ff900000800
0x000000297b0fbf90:   000001a4932aaa00 00007ff90000013b
0x000000297b0fbfa0:   0000002900000100 000001a4944bded0
0x000000297b0fbfb0:   000001a400000100 000001a49249f610
0x000000297b0fbfc0:   000001a494e54590 000001a494e5bf00
0x000000297b0fbfd0:   000001a494e545a0 000001a49249f610
0x000000297b0fbfe0:   000001a49249f610 00007ff900000004
0x000000297b0fbff0:   000001a4954387e0 000001a400000000
0x000000297b0fc000:   000001a492cdf890 000000000000038c
0x000000297b0fc010:   0000000000000000 00007ff92b8ca433
0x000000297b0fc020:   000001a493241580 000001a492cdf890
0x000000297b0fc030:   000001a4936f31a0 00007ff92b8f715e
0x000000297b0fc040:   0000000000000080 000000297b0fc100
0x000000297b0fc050:   000000008f00038c 000000297b0fc0d0
0x000000297b0fc060:   000001a4936f2430 0000000000000056
0x000000297b0fc070:   000000297b0fc660 0000000000000000
0x000000297b0fc080:   00007ff92bc8f150 0000000000000000
0x000000297b0fc090:   000001a4949a26d0 0000000000000000
0x000000297b0fc0a0:   0000000000000000 00007ff97a9db57d
0x000000297b0fc0b0:   000001a431be0000 000001a431be0000
0x000000297b0fc0c0:   0000000000000000 000001a4949a26e0
0x000000297b0fc0d0:   0000000000000080 000001a4951ad720
0x000000297b0fc0e0:   0000000000000080 00007ff92b349119 

Instructions: (pc=0x00007ff92b65afd0)
0x00007ff92b65aed0:   04 d9 4d 85 f6 0f 84 7c 00 00 00 48 8b 7c 24 78
0x00007ff92b65aee0:   48 8b 07 48 3b 47 10 72 3f 48 8b 30 44 8b 60 08
0x00007ff92b65aef0:   48 83 c0 f0 48 89 07 e9 f7 fc ff ff 48 8b 7c 24
0x00007ff92b65af00:   78 48 83 07 10 48 8b 07 48 3b 47 08 72 08 48 8b
0x00007ff92b65af10:   cf e8 5a 28 0b 00 48 8b 07 48 89 30 48 8b f3 44
0x00007ff92b65af20:   89 60 08 e9 c8 fc ff ff 41 8b 45 18 85 c0 0f 85
0x00007ff92b65af30:   ac fc ff ff 4c 8b 64 24 28 48 8b 7c 24 30 48 8b
0x00007ff92b65af40:   74 24 38 48 8b 5c 24 60 4c 8b 74 24 20 48 83 c4
0x00007ff92b65af50:   40 41 5f 41 5d 5d c3 4c 8d 0d 8a a0 42 00 ba d6
0x00007ff92b65af60:   03 00 00 4c 8d 05 8e a0 42 00 48 8d 0d 7f 96 41
0x00007ff92b65af70:   00 e8 4a 5c c8 ff cc cc cc cc cc cc cc cc cc cc
0x00007ff92b65af80:   48 89 4c 24 08 56 57 41 54 41 55 48 83 ec 38 41
0x00007ff92b65af90:   8b 40 18 49 8b f9 4d 8b e8 4c 8b e2 48 8b f1 85
0x00007ff92b65afa0:   c0 0f 84 3f 02 00 00 48 89 5c 24 68 48 89 6c 24
0x00007ff92b65afb0:   30 4c 89 74 24 28 4c 89 7c 24 20 0f 1f 44 00 00
0x00007ff92b65afc0:   ff c8 41 89 45 18 8b c8 49 8b 45 10 4c 8b 3c c8
0x00007ff92b65afd0:   41 8b 6f 28 8b dd c1 eb 05 41 3b 1c 24 72 0a 8b
0x00007ff92b65afe0:   d3 49 8b cc e8 07 c1 29 00 49 8b 44 24 08 83 e5
0x00007ff92b65aff0:   1f 48 8d 14 98 40 0f b6 cd 41 b8 01 00 00 00 41
0x00007ff92b65b000:   d3 e0 8b 0a 8b c1 41 0b c0 89 02 41 85 c8 0f 85
0x00007ff92b65b010:   b2 01 00 00 41 8b 4f 20 45 33 f6 89 4c 24 70 90
0x00007ff92b65b020:   44 3b f1 0f 83 53 01 00 00 49 8b 5f 10 41 8b c6
0x00007ff92b65b030:   41 ff c6 48 8b 1c c3 8b 43 28 3b 46 20 73 0d 8b
0x00007ff92b65b040:   c8 48 8b 46 28 48 83 3c c8 00 75 39 48 83 7b 10
0x00007ff92b65b050:   00 74 32 8b ae 80 00 00 00 8d 45 01 89 86 80 00
0x00007ff92b65b060:   00 00 3b 6e 70 72 0b 8b d5 48 8d 4e 68 e8 6e 26
0x00007ff92b65b070:   0b 00 48 8b 46 78 48 8b 74 24 60 8b 4c 24 70 48
0x00007ff92b65b080:   89 1c e8 eb 9b 48 8b 43 08 48 83 38 00 74 72 48
0x00007ff92b65b090:   8b 03 48 8b cb ff 50 10 84 c0 75 0a 8b 43 2c 83
0x00007ff92b65b0a0:   e0 0f 3c 0c 75 5b 8b 4b 28 8b c1 c1 e8 05 41 3b
0x00007ff92b65b0b0:   04 24 73 1c 83 e1 1f 8b d1 8b c8 49 8b 44 24 08
0x00007ff92b65b0c0:   8b 0c 88 0f a3 d1 8b 4c 24 70 0f 82 50 ff ff ff 


Stack slot to memory mapping:

stack at sp + 0 slots: 0x0000000000000002 is an unknown value
stack at sp + 1 slots: 0x0000000000000400 is an unknown value
stack at sp + 2 slots: 0x000000297b0fbfa0 is pointing into the stack for thread: 0x000001a48da69f40
stack at sp + 3 slots: 0x000000297b0fbf80 is pointing into the stack for thread: 0x000001a48da69f40
stack at sp + 4 slots: 0x000001a431c18af0 points into unknown readable memory: 0x00007ff92ba634b0 | b0 34 a6 2b f9 7f 00 00
stack at sp + 5 slots: 0x0 is null
stack at sp + 6 slots: 0x000000297b0fc050 is pointing into the stack for thread: 0x000001a48da69f40
stack at sp + 7 slots: 0x000001a48da7f100 points into unknown readable memory: 0xd925c90100690000 | 00 00 69 00 01 c9 25 d9


---------------  P R O C E S S  ---------------

Threads class SMR info:
_java_thread_list=0x000001a493217a10, length=40, elements={
0x000001a433f08dd0, 0x000001a44a9a5190, 0x000001a44a9a68f0, 0x000001a44a9aa900,
0x000001a44a9ab610, 0x000001a44a9acc70, 0x000001a48d990820, 0x000001a48d9b5ac0,
0x000001a48d9b68e0, 0x000001a48da71f10, 0x000001a48dcf9560, 0x000001a4926f4730,
0x000001a48da49e40, 0x000001a48da890a0, 0x000001a4920373c0, 0x000001a492d6f940,
0x000001a48dcc6f00, 0x000001a492f19b50, 0x000001a48dac2e50, 0x000001a4930c9310,
0x000001a4930c99a0, 0x000001a48da69f40, 0x000001a494567040, 0x000001a4930c6bb0,
0x000001a4930c85f0, 0x000001a4930ca030, 0x000001a4930c8c80, 0x000001a4930c7240,
0x000001a4930c78d0, 0x000001a4930c7f60, 0x000001a495419b90, 0x000001a495415360,
0x000001a495417ac0, 0x000001a4954187e0, 0x000001a495417430, 0x000001a495416710,
0x000001a495419500, 0x000001a49541a220, 0x000001a495418150, 0x000001a49541a8b0
}

Java Threads: ( => current thread )
  0x000001a433f08dd0 JavaThread "main"                              [_thread_in_vm, id=7948, stack(0x0000002979300000,0x0000002979400000) (1024K)]
  0x000001a44a9a5190 JavaThread "Reference Handler"          daemon [_thread_blocked, id=11784, stack(0x0000002979700000,0x0000002979800000) (1024K)]
  0x000001a44a9a68f0 JavaThread "Finalizer"                  daemon [_thread_blocked, id=6356, stack(0x0000002979800000,0x0000002979900000) (1024K)]
  0x000001a44a9aa900 JavaThread "Signal Dispatcher"          daemon [_thread_blocked, id=672, stack(0x0000002979900000,0x0000002979a00000) (1024K)]
  0x000001a44a9ab610 JavaThread "Attach Listener"            daemon [_thread_blocked, id=11204, stack(0x0000002979a00000,0x0000002979b00000) (1024K)]
  0x000001a44a9acc70 JavaThread "Service Thread"             daemon [_thread_blocked, id=2052, stack(0x0000002979b00000,0x0000002979c00000) (1024K)]
  0x000001a48d990820 JavaThread "Monitor Deflation Thread"   daemon [_thread_blocked, id=9028, stack(0x0000002979c00000,0x0000002979d00000) (1024K)]
  0x000001a48d9b5ac0 JavaThread "C2 CompilerThread0"         daemon [_thread_in_native, id=708, stack(0x0000002979d00000,0x0000002979e00000) (1024K)]
  0x000001a48d9b68e0 JavaThread "C1 CompilerThread0"         daemon [_thread_in_vm, id=1332, stack(0x0000002979e00000,0x0000002979f00000) (1024K)]
  0x000001a48da71f10 JavaThread "Common-Cleaner"             daemon [_thread_blocked, id=10980, stack(0x0000002979f00000,0x000000297a000000) (1024K)]
  0x000001a48dcf9560 JavaThread "Notification Thread"        daemon [_thread_blocked, id=11208, stack(0x000000297a100000,0x000000297a200000) (1024K)]
  0x000001a4926f4730 JavaThread "Active Thread: Equinox Container: 94d0c0ad-a744-4e5e-9de8-afc27fe8a459"        [_thread_blocked, id=1780, stack(0x000000297a900000,0x000000297aa00000) (1024K)]
  0x000001a48da49e40 JavaThread "Refresh Thread: Equinox Container: 94d0c0ad-a744-4e5e-9de8-afc27fe8a459" daemon [_thread_blocked, id=12468, stack(0x000000297a200000,0x000000297a300000) (1024K)]
  0x000001a48da890a0 JavaThread "Framework Event Dispatcher: Equinox Container: 94d0c0ad-a744-4e5e-9de8-afc27fe8a459" daemon [_thread_blocked, id=13092, stack(0x000000297aa00000,0x000000297ab00000) (1024K)]
  0x000001a4920373c0 JavaThread "Start Level: Equinox Container: 94d0c0ad-a744-4e5e-9de8-afc27fe8a459" daemon [_thread_blocked, id=13020, stack(0x000000297ab00000,0x000000297ac00000) (1024K)]
  0x000001a492d6f940 JavaThread "Bundle File Closer"         daemon [_thread_blocked, id=14012, stack(0x000000297af00000,0x000000297b000000) (1024K)]
  0x000001a48dcc6f00 JavaThread "SCR Component Actor"        daemon [_thread_blocked, id=16152, stack(0x000000297ac00000,0x000000297ad00000) (1024K)]
  0x000001a492f19b50 JavaThread "Worker-JM"                         [_thread_blocked, id=14564, stack(0x000000297b200000,0x000000297b300000) (1024K)]
  0x000001a48dac2e50 JavaThread "JNA Cleaner"                daemon [_thread_blocked, id=15368, stack(0x000000297b300000,0x000000297b400000) (1024K)]
  0x000001a4930c9310 JavaThread "Worker-0: Loading available Gradle versions"        [_thread_in_native, id=15392, stack(0x000000297b400000,0x000000297b500000) (1024K)]
  0x000001a4930c99a0 JavaThread "Worker-1: Initialize After Load"        [_thread_in_vm, id=14680, stack(0x000000297b500000,0x000000297b600000) (1024K)]
=>0x000001a48da69f40 JavaThread "C2 CompilerThread1"         daemon [_thread_in_native, id=14904, stack(0x000000297b000000,0x000000297b100000) (1024K)]
  0x000001a494567040 JavaThread "C2 CompilerThread2"         daemon [_thread_in_native, id=14396, stack(0x000000297b100000,0x000000297b200000) (1024K)]
  0x000001a4930c6bb0 JavaThread "Java indexing"              daemon [_thread_blocked, id=15460, stack(0x000000297b600000,0x000000297b700000) (1024K)]
  0x000001a4930c85f0 JavaThread "Worker-2: Repository registry initialization"        [_thread_in_vm, id=15664, stack(0x000000297b700000,0x000000297b800000) (1024K)]
  0x000001a4930ca030 JavaThread "Worker-3"                          [_thread_blocked, id=13736, stack(0x000000297b800000,0x000000297b900000) (1024K)]
  0x000001a4930c8c80 JavaThread "Worker-4"                          [_thread_blocked, id=13764, stack(0x000000297b900000,0x000000297ba00000) (1024K)]
  0x000001a4930c7240 JavaThread "Thread-1"                   daemon [_thread_in_native, id=13860, stack(0x000000297ba00000,0x000000297bb00000) (1024K)]
  0x000001a4930c78d0 JavaThread "Thread-2"                   daemon [_thread_in_native, id=15576, stack(0x000000297bb00000,0x000000297bc00000) (1024K)]
  0x000001a4930c7f60 JavaThread "Thread-3"                   daemon [_thread_in_native, id=15628, stack(0x000000297bc00000,0x000000297bd00000) (1024K)]
  0x000001a495419b90 JavaThread "Thread-4"                   daemon [_thread_in_native, id=15660, stack(0x000000297bd00000,0x000000297be00000) (1024K)]
  0x000001a495415360 JavaThread "Thread-5"                   daemon [_thread_in_native, id=15552, stack(0x000000297be00000,0x000000297bf00000) (1024K)]
  0x000001a495417ac0 JavaThread "Thread-6"                   daemon [_thread_in_native, id=15556, stack(0x000000297bf00000,0x000000297c000000) (1024K)]
  0x000001a4954187e0 JavaThread "Thread-7"                   daemon [_thread_in_native, id=15548, stack(0x000000297c000000,0x000000297c100000) (1024K)]
  0x000001a495417430 JavaThread "Thread-8"                   daemon [_thread_in_native, id=13868, stack(0x000000297c100000,0x000000297c200000) (1024K)]
  0x000001a495416710 JavaThread "Thread-9"                   daemon [_thread_in_native, id=13776, stack(0x000000297c200000,0x000000297c300000) (1024K)]
  0x000001a495419500 JavaThread "Thread-10"                  daemon [_thread_in_native, id=15668, stack(0x000000297c300000,0x000000297c400000) (1024K)]
  0x000001a49541a220 JavaThread "Thread-11"                  daemon [_thread_in_native, id=13732, stack(0x000000297c400000,0x000000297c500000) (1024K)]
  0x000001a495418150 JavaThread "Thread-12"                  daemon [_thread_in_native, id=15800, stack(0x000000297c500000,0x000000297c600000) (1024K)]
  0x000001a49541a8b0 JavaThread "Thread-13"                  daemon [_thread_in_native, id=15112, stack(0x000000297c600000,0x000000297c700000) (1024K)]
Total: 40

Other Threads:
  0x000001a433fc4710 VMThread "VM Thread"                           [id=1036, stack(0x0000002979600000,0x0000002979700000) (1024K)]
  0x000001a433f73250 WatcherThread "VM Periodic Task Thread"        [id=4064, stack(0x0000002979500000,0x0000002979600000) (1024K)]
  0x000001a433f25f20 WorkerThread "GC Thread#0"                     [id=3508, stack(0x0000002979400000,0x0000002979500000) (1024K)]
  0x000001a4923fea30 WorkerThread "GC Thread#1"                     [id=5960, stack(0x000000297a300000,0x000000297a400000) (1024K)]
  0x000001a4923f3200 WorkerThread "GC Thread#2"                     [id=5208, stack(0x000000297a400000,0x000000297a500000) (1024K)]
  0x000001a4923f35a0 WorkerThread "GC Thread#3"                     [id=3616, stack(0x000000297a500000,0x000000297a600000) (1024K)]
  0x000001a4923f3940 WorkerThread "GC Thread#4"                     [id=12208, stack(0x000000297a600000,0x000000297a700000) (1024K)]
  0x000001a4923f6e00 WorkerThread "GC Thread#5"                     [id=6388, stack(0x000000297a700000,0x000000297a800000) (1024K)]
  0x000001a4923f71a0 WorkerThread "GC Thread#6"                     [id=664, stack(0x000000297a800000,0x000000297a900000) (1024K)]
  0x000001a4924e96a0 WorkerThread "GC Thread#7"                     [id=12872, stack(0x000000297a000000,0x000000297a100000) (1024K)]
  0x000001a4929c5df0 WorkerThread "GC Thread#8"                     [id=14004, stack(0x000000297ad00000,0x000000297ae00000) (1024K)]
  0x000001a492184300 WorkerThread "GC Thread#9"                     [id=14008, stack(0x000000297ae00000,0x000000297af00000) (1024K)]
Total: 12

Threads with active compile tasks:
C2 CompilerThread0  16905 4451       4       sun.nio.fs.WindowsPathParser::normalize (233 bytes)
C2 CompilerThread1  16905 4370       4       org.eclipse.osgi.internal.loader.ModuleClassLoader::toString (80 bytes)
C2 CompilerThread2  16905 4373       4       org.eclipse.osgi.internal.loader.BundleLoader::addExportedProvidersFor (167 bytes)
Total: 3

VM state: not at safepoint (normal execution)

VM Mutex/Monitor currently owned by a thread: None

Heap address: 0x0000000080000000, size: 2048 MB, Compressed Oops mode: 32-bit

CDS archive(s) mapped at: [0x000001a44b000000-0x000001a44bba0000-0x000001a44bba0000), size 12189696, SharedBaseAddress: 0x000001a44b000000, ArchiveRelocationMode: 1.
Compressed class space mapped at: 0x000001a44c000000-0x000001a48c000000, reserved size: 1073741824
Narrow klass base: 0x000001a44b000000, Narrow klass shift: 0, Narrow klass range: 0x100000000

GC Precious Log:
 CardTable entry size: 512
 CPUs: 12 total, 12 available
 Memory: 16180M
 Large Page Support: Disabled
 NUMA Support: Disabled
 Compressed Oops: Enabled (32-bit)
 Alignments: Space 512K, Generation 512K, Heap 2M
 Heap Min Capacity: 100M
 Heap Initial Capacity: 100M
 Heap Max Capacity: 2G
 Pre-touch: Disabled
 Parallel Workers: 10

Heap:
 PSYoungGen      total 25088K, used 11566K [0x00000000d5580000, 0x00000000d7200000, 0x0000000100000000)
  eden space 22528K, 41% used [0x00000000d5580000,0x00000000d5e8f208,0x00000000d6b80000)
  from space 2560K, 89% used [0x00000000d6e80000,0x00000000d70bc840,0x00000000d7100000)
  to   space 1024K, 0% used [0x00000000d7100000,0x00000000d7100000,0x00000000d7200000)
 ParOldGen       total 68608K, used 16811K [0x0000000080000000, 0x0000000084300000, 0x00000000d5580000)
  object space 68608K, 24% used [0x0000000080000000,0x000000008106ae30,0x0000000084300000)
 Metaspace       used 32623K, committed 33792K, reserved 1114112K
  class space    used 3276K, committed 3776K, reserved 1048576K

Card table byte_map: [0x000001a4338e0000,0x000001a433cf0000] _byte_map_base: 0x000001a4334e0000

Marking Bits: (ParMarkBitMap*) 0x00007ff92bd1a340
 Begin Bits: [0x000001a4463b0000, 0x000001a4483b0000)
 End Bits:   [0x000001a4483b0000, 0x000001a44a3b0000)

Polling page: 0x000001a4336d0000

Metaspace:

Usage:
  Non-class:     28.66 MB used.
      Class:      3.20 MB used.
       Both:     31.86 MB used.

Virtual space:
  Non-class space:       64.00 MB reserved,      29.31 MB ( 46%) committed,  1 nodes.
      Class space:        1.00 GB reserved,       3.69 MB ( <1%) committed,  1 nodes.
             Both:        1.06 GB reserved,      33.00 MB (  3%) committed. 

Chunk freelists:
   Non-Class:  2.31 MB
       Class:  12.32 MB
        Both:  14.63 MB

MaxMetaspaceSize: unlimited
CompressedClassSpaceSize: 1.00 GB
Initial GC threshold: 21.00 MB
Current GC threshold: 35.00 MB
CDS: on
 - commit_granule_bytes: 65536.
 - commit_granule_words: 8192.
 - virtual_space_node_default_size: 8388608.
 - enlarge_chunks_in_place: 1.
 - use_allocation_guard: 0.


Internal statistics:

num_allocs_failed_limit: 3.
num_arena_births: 878.
num_arena_deaths: 14.
num_vsnodes_births: 2.
num_vsnodes_deaths: 0.
num_space_committed: 528.
num_space_uncommitted: 0.
num_chunks_returned_to_freelist: 17.
num_chunks_taken_from_freelist: 2233.
num_chunk_merges: 5.
num_chunk_splits: 1420.
num_chunks_enlarged: 851.
num_inconsistent_stats: 0.

CodeHeap 'non-profiled nmethods': size=120000Kb used=2170Kb max_used=2170Kb free=117829Kb
 bounds [0x000001a43ebd0000, 0x000001a43ee40000, 0x000001a446100000]
CodeHeap 'profiled nmethods': size=120000Kb used=9251Kb max_used=9251Kb free=110748Kb
 bounds [0x000001a437100000, 0x000001a437a10000, 0x000001a43e630000]
CodeHeap 'non-nmethods': size=5760Kb used=1357Kb max_used=1402Kb free=4402Kb
 bounds [0x000001a43e630000, 0x000001a43e8a0000, 0x000001a43ebd0000]
CodeCache: size=245760Kb, used=12778Kb, max_used=12823Kb, free=232979Kb
 total_blobs=5108, nmethods=4454, adapters=560, full_count=0
Compilation: enabled, stopped_count=0, restarted_count=0

Compilation events (20 events):
Event: 16.824 Thread 0x000001a48d9b68e0 nmethod 4404 0x000001a4379de610 code [0x000001a4379de7c0, 0x000001a4379de9d0]
Event: 16.828 Thread 0x000001a48d9b68e0 4406       3       jdk.internal.org.objectweb.asm.ClassWriter::visitEnd (1 bytes)
Event: 16.828 Thread 0x000001a48d9b68e0 nmethod 4406 0x000001a4379dea90 code [0x000001a4379dec20, 0x000001a4379ded28]
Event: 16.828 Thread 0x000001a48d9b68e0 4408       3       java.lang.invoke.InvokerBytecodeGenerator::<init> (129 bytes)
Event: 16.829 Thread 0x000001a48d9b68e0 nmethod 4408 0x000001a4379ded90 code [0x000001a4379df040, 0x000001a4379dfd90]
Event: 16.830 Thread 0x000001a48d9b68e0 4411       3       org.eclipse.core.runtime.Path::getFileExtension (42 bytes)
Event: 16.830 Thread 0x000001a48d9b68e0 nmethod 4411 0x000001a4379e0390 code [0x000001a4379e0600, 0x000001a4379e0e00]
Event: 16.830 Thread 0x000001a48d9b68e0 4414       3       org.eclipse.core.internal.resources.Resource::getFlags (13 bytes)
Event: 16.830 Thread 0x000001a48d9b68e0 nmethod 4414 0x000001a4379e1110 code [0x000001a4379e12c0, 0x000001a4379e14d8]
Event: 16.830 Thread 0x000001a48d9b68e0 4412       3       org.eclipse.core.internal.resources.ResourceInfo::getType (10 bytes)
Event: 16.830 Thread 0x000001a48d9b68e0 nmethod 4412 0x000001a4379e1590 code [0x000001a4379e1740, 0x000001a4379e1890]
Event: 16.830 Thread 0x000001a48d9b68e0 4413       3       org.eclipse.core.internal.resources.ResourceInfo::getBits (6 bytes)
Event: 16.831 Thread 0x000001a48d9b68e0 nmethod 4413 0x000001a4379e1990 code [0x000001a4379e1b20, 0x000001a4379e1c18]
Event: 16.831 Thread 0x000001a48d9b68e0 4415       1       org.eclipse.core.internal.dtree.AbstractDataTreeNode::getName (5 bytes)
Event: 16.831 Thread 0x000001a48d9b68e0 nmethod 4415 0x000001a43eddb410 code [0x000001a43eddb5a0, 0x000001a43eddb668]
Event: 16.831 Thread 0x000001a48d9b5ac0 nmethod 3989 0x000001a43eddb710 code [0x000001a43eddc1e0, 0x000001a43ede4448]
Event: 16.831 Thread 0x000001a48d9b68e0 4416       3       java.lang.invoke.MemberName::asConstructor (58 bytes)
Event: 16.836 Thread 0x000001a48d9b68e0 nmethod 4416 0x000001a4379e1c90 code [0x000001a4379e1ec0, 0x000001a4379e24c8]
Event: 16.836 Thread 0x000001a48d9b68e0 4417       1       java.lang.ClassValue$ClassValueMap::getCache (5 bytes)
Event: 16.836 Thread 0x000001a48d9b68e0 nmethod 4417 0x000001a43ede9290 code [0x000001a43ede9420, 0x000001a43ede94e8]

GC Heap History (20 events):
Event: 5.525 GC heap before
{Heap before GC invocations=2 (full 0):
 PSYoungGen      total 29696K, used 28903K [0x00000000d5580000, 0x00000000d7680000, 0x0000000100000000)
  eden space 25600K, 100% used [0x00000000d5580000,0x00000000d6e80000,0x00000000d6e80000)
  from space 4096K, 80% used [0x00000000d6e80000,0x00000000d71b9e98,0x00000000d7280000)
  to   space 4096K, 0% used [0x00000000d7280000,0x00000000d7280000,0x00000000d7680000)
 ParOldGen       total 68608K, used 16K [0x0000000080000000, 0x0000000084300000, 0x00000000d5580000)
  object space 68608K, 0% used [0x0000000080000000,0x0000000080004000,0x0000000084300000)
 Metaspace       used 7961K, committed 8256K, reserved 1114112K
  class space    used 835K, committed 960K, reserved 1048576K
}
Event: 5.530 GC heap after
{Heap after GC invocations=2 (full 0):
 PSYoungGen      total 29696K, used 4070K [0x00000000d5580000, 0x00000000d7680000, 0x0000000100000000)
  eden space 25600K, 0% used [0x00000000d5580000,0x00000000d5580000,0x00000000d6e80000)
  from space 4096K, 99% used [0x00000000d7280000,0x00000000d7679820,0x00000000d7680000)
  to   space 4096K, 0% used [0x00000000d6e80000,0x00000000d6e80000,0x00000000d7280000)
 ParOldGen       total 68608K, used 1785K [0x0000000080000000, 0x0000000084300000, 0x00000000d5580000)
  object space 68608K, 2% used [0x0000000080000000,0x00000000801be6a8,0x0000000084300000)
 Metaspace       used 7961K, committed 8256K, reserved 1114112K
  class space    used 835K, committed 960K, reserved 1048576K
}
Event: 7.844 GC heap before
{Heap before GC invocations=3 (full 0):
 PSYoungGen      total 29696K, used 29643K [0x00000000d5580000, 0x00000000d7680000, 0x0000000100000000)
  eden space 25600K, 99% used [0x00000000d5580000,0x00000000d6e795b8,0x00000000d6e80000)
  from space 4096K, 99% used [0x00000000d7280000,0x00000000d7679820,0x00000000d7680000)
  to   space 4096K, 0% used [0x00000000d6e80000,0x00000000d6e80000,0x00000000d7280000)
 ParOldGen       total 68608K, used 1785K [0x0000000080000000, 0x0000000084300000, 0x00000000d5580000)
  object space 68608K, 2% used [0x0000000080000000,0x00000000801be6a8,0x0000000084300000)
 Metaspace       used 9462K, committed 9792K, reserved 1114112K
  class space    used 1011K, committed 1152K, reserved 1048576K
}
Event: 7.848 GC heap after
{Heap after GC invocations=3 (full 0):
 PSYoungGen      total 29696K, used 4068K [0x00000000d5580000, 0x00000000d7680000, 0x0000000100000000)
  eden space 25600K, 0% used [0x00000000d5580000,0x00000000d5580000,0x00000000d6e80000)
  from space 4096K, 99% used [0x00000000d6e80000,0x00000000d7279350,0x00000000d7280000)
  to   space 4096K, 0% used [0x00000000d7280000,0x00000000d7280000,0x00000000d7680000)
 ParOldGen       total 68608K, used 4710K [0x0000000080000000, 0x0000000084300000, 0x00000000d5580000)
  object space 68608K, 6% used [0x0000000080000000,0x0000000080499880,0x0000000084300000)
 Metaspace       used 9462K, committed 9792K, reserved 1114112K
  class space    used 1011K, committed 1152K, reserved 1048576K
}
Event: 14.832 GC heap before
{Heap before GC invocations=4 (full 0):
 PSYoungGen      total 29696K, used 29668K [0x00000000d5580000, 0x00000000d7680000, 0x0000000100000000)
  eden space 25600K, 100% used [0x00000000d5580000,0x00000000d6e80000,0x00000000d6e80000)
  from space 4096K, 99% used [0x00000000d6e80000,0x00000000d7279350,0x00000000d7280000)
  to   space 4096K, 0% used [0x00000000d7280000,0x00000000d7280000,0x00000000d7680000)
 ParOldGen       total 68608K, used 4710K [0x0000000080000000, 0x0000000084300000, 0x00000000d5580000)
  object space 68608K, 6% used [0x0000000080000000,0x0000000080499880,0x0000000084300000)
 Metaspace       used 12077K, committed 12480K, reserved 1114112K
  class space    used 1291K, committed 1472K, reserved 1048576K
}
Event: 14.837 GC heap after
{Heap after GC invocations=4 (full 0):
 PSYoungGen      total 29696K, used 4077K [0x00000000d5580000, 0x00000000d7680000, 0x0000000100000000)
  eden space 25600K, 0% used [0x00000000d5580000,0x00000000d5580000,0x00000000d6e80000)
  from space 4096K, 99% used [0x00000000d7280000,0x00000000d767b728,0x00000000d7680000)
  to   space 4096K, 0% used [0x00000000d6e80000,0x00000000d6e80000,0x00000000d7280000)
 ParOldGen       total 68608K, used 6359K [0x0000000080000000, 0x0000000084300000, 0x00000000d5580000)
  object space 68608K, 9% used [0x0000000080000000,0x0000000080635cc8,0x0000000084300000)
 Metaspace       used 12077K, committed 12480K, reserved 1114112K
  class space    used 1291K, committed 1472K, reserved 1048576K
}
Event: 15.260 GC heap before
{Heap before GC invocations=5 (full 0):
 PSYoungGen      total 29696K, used 29677K [0x00000000d5580000, 0x00000000d7680000, 0x0000000100000000)
  eden space 25600K, 100% used [0x00000000d5580000,0x00000000d6e80000,0x00000000d6e80000)
  from space 4096K, 99% used [0x00000000d7280000,0x00000000d767b728,0x00000000d7680000)
  to   space 4096K, 0% used [0x00000000d6e80000,0x00000000d6e80000,0x00000000d7280000)
 ParOldGen       total 68608K, used 6359K [0x0000000080000000, 0x0000000084300000, 0x00000000d5580000)
  object space 68608K, 9% used [0x0000000080000000,0x0000000080635cc8,0x0000000084300000)
 Metaspace       used 15880K, committed 16512K, reserved 1114112K
  class space    used 1659K, committed 1920K, reserved 1048576K
}
Event: 15.263 GC heap after
{Heap after GC invocations=5 (full 0):
 PSYoungGen      total 29184K, used 4094K [0x00000000d5580000, 0x00000000d7a00000, 0x0000000100000000)
  eden space 25088K, 0% used [0x00000000d5580000,0x00000000d5580000,0x00000000d6e00000)
  from space 4096K, 99% used [0x00000000d6e80000,0x00000000d727fb18,0x00000000d7280000)
  to   space 6144K, 0% used [0x00000000d7400000,0x00000000d7400000,0x00000000d7a00000)
 ParOldGen       total 68608K, used 8190K [0x0000000080000000, 0x0000000084300000, 0x00000000d5580000)
  object space 68608K, 11% used [0x0000000080000000,0x00000000807ff8f8,0x0000000084300000)
 Metaspace       used 15880K, committed 16512K, reserved 1114112K
  class space    used 1659K, committed 1920K, reserved 1048576K
}
Event: 15.534 GC heap before
{Heap before GC invocations=6 (full 0):
 PSYoungGen      total 29184K, used 29182K [0x00000000d5580000, 0x00000000d7a00000, 0x0000000100000000)
  eden space 25088K, 100% used [0x00000000d5580000,0x00000000d6e00000,0x00000000d6e00000)
  from space 4096K, 99% used [0x00000000d6e80000,0x00000000d727fb18,0x00000000d7280000)
  to   space 6144K, 0% used [0x00000000d7400000,0x00000000d7400000,0x00000000d7a00000)
 ParOldGen       total 68608K, used 8190K [0x0000000080000000, 0x0000000084300000, 0x00000000d5580000)
  object space 68608K, 11% used [0x0000000080000000,0x00000000807ff8f8,0x0000000084300000)
 Metaspace       used 18858K, committed 19648K, reserved 1114112K
  class space    used 1997K, committed 2304K, reserved 1048576K
}
Event: 15.537 GC heap after
{Heap after GC invocations=6 (full 0):
 PSYoungGen      total 29184K, used 4589K [0x00000000d5580000, 0x00000000d7880000, 0x0000000100000000)
  eden space 24576K, 0% used [0x00000000d5580000,0x00000000d5580000,0x00000000d6d80000)
  from space 4608K, 99% used [0x00000000d7400000,0x00000000d787b6e8,0x00000000d7880000)
  to   space 5120K, 0% used [0x00000000d6e80000,0x00000000d6e80000,0x00000000d7380000)
 ParOldGen       total 68608K, used 8198K [0x0000000080000000, 0x0000000084300000, 0x00000000d5580000)
  object space 68608K, 11% used [0x0000000080000000,0x00000000808018f8,0x0000000084300000)
 Metaspace       used 18858K, committed 19648K, reserved 1114112K
  class space    used 1997K, committed 2304K, reserved 1048576K
}
Event: 15.717 GC heap before
{Heap before GC invocations=7 (full 0):
 PSYoungGen      total 29184K, used 20968K [0x00000000d5580000, 0x00000000d7880000, 0x0000000100000000)
  eden space 24576K, 66% used [0x00000000d5580000,0x00000000d657ec40,0x00000000d6d80000)
  from space 4608K, 99% used [0x00000000d7400000,0x00000000d787b6e8,0x00000000d7880000)
  to   space 5120K, 0% used [0x00000000d6e80000,0x00000000d6e80000,0x00000000d7380000)
 ParOldGen       total 68608K, used 8198K [0x0000000080000000, 0x0000000084300000, 0x00000000d5580000)
  object space 68608K, 11% used [0x0000000080000000,0x00000000808018f8,0x0000000084300000)
 Metaspace       used 20534K, committed 21504K, reserved 1114112K
  class space    used 2203K, committed 2624K, reserved 1048576K
}
Event: 15.723 GC heap after
{Heap after GC invocations=7 (full 0):
 PSYoungGen      total 29184K, used 4501K [0x00000000d5580000, 0x00000000d7780000, 0x0000000100000000)
  eden space 24576K, 0% used [0x00000000d5580000,0x00000000d5580000,0x00000000d6d80000)
  from space 4608K, 97% used [0x00000000d6e80000,0x00000000d72e55f8,0x00000000d7300000)
  to   space 4608K, 0% used [0x00000000d7300000,0x00000000d7300000,0x00000000d7780000)
 ParOldGen       total 68608K, used 9424K [0x0000000080000000, 0x0000000084300000, 0x00000000d5580000)
  object space 68608K, 13% used [0x0000000080000000,0x0000000080934198,0x0000000084300000)
 Metaspace       used 20534K, committed 21504K, reserved 1114112K
  class space    used 2203K, committed 2624K, reserved 1048576K
}
Event: 15.723 GC heap before
{Heap before GC invocations=8 (full 1):
 PSYoungGen      total 29184K, used 4501K [0x00000000d5580000, 0x00000000d7780000, 0x0000000100000000)
  eden space 24576K, 0% used [0x00000000d5580000,0x00000000d5580000,0x00000000d6d80000)
  from space 4608K, 97% used [0x00000000d6e80000,0x00000000d72e55f8,0x00000000d7300000)
  to   space 4608K, 0% used [0x00000000d7300000,0x00000000d7300000,0x00000000d7780000)
 ParOldGen       total 68608K, used 9424K [0x0000000080000000, 0x0000000084300000, 0x00000000d5580000)
  object space 68608K, 13% used [0x0000000080000000,0x0000000080934198,0x0000000084300000)
 Metaspace       used 20534K, committed 21504K, reserved 1114112K
  class space    used 2203K, committed 2624K, reserved 1048576K
}
Event: 15.755 GC heap after
{Heap after GC invocations=8 (full 1):
 PSYoungGen      total 29184K, used 0K [0x00000000d5580000, 0x00000000d7780000, 0x0000000100000000)
  eden space 24576K, 0% used [0x00000000d5580000,0x00000000d5580000,0x00000000d6d80000)
  from space 4608K, 0% used [0x00000000d6e80000,0x00000000d6e80000,0x00000000d7300000)
  to   space 4608K, 0% used [0x00000000d7300000,0x00000000d7300000,0x00000000d7780000)
 ParOldGen       total 68608K, used 13272K [0x0000000080000000, 0x0000000084300000, 0x00000000d5580000)
  object space 68608K, 19% used [0x0000000080000000,0x0000000080cf6390,0x0000000084300000)
 Metaspace       used 20521K, committed 21504K, reserved 1114112K
  class space    used 2199K, committed 2624K, reserved 1048576K
}
Event: 15.993 GC heap before
{Heap before GC invocations=9 (full 1):
 PSYoungGen      total 29184K, used 24576K [0x00000000d5580000, 0x00000000d7780000, 0x0000000100000000)
  eden space 24576K, 100% used [0x00000000d5580000,0x00000000d6d80000,0x00000000d6d80000)
  from space 4608K, 0% used [0x00000000d6e80000,0x00000000d6e80000,0x00000000d7300000)
  to   space 4608K, 0% used [0x00000000d7300000,0x00000000d7300000,0x00000000d7780000)
 ParOldGen       total 68608K, used 13272K [0x0000000080000000, 0x0000000084300000, 0x00000000d5580000)
  object space 68608K, 19% used [0x0000000080000000,0x0000000080cf6390,0x0000000084300000)
 Metaspace       used 22606K, committed 23616K, reserved 1114112K
  class space    used 2381K, committed 2752K, reserved 1048576K
}
Event: 15.994 GC heap after
{Heap after GC invocations=9 (full 1):
 PSYoungGen      total 25600K, used 1170K [0x00000000d5580000, 0x00000000d7480000, 0x0000000100000000)
  eden space 24064K, 0% used [0x00000000d5580000,0x00000000d5580000,0x00000000d6d00000)
  from space 1536K, 76% used [0x00000000d7300000,0x00000000d7424a30,0x00000000d7480000)
  to   space 2560K, 0% used [0x00000000d6f80000,0x00000000d6f80000,0x00000000d7200000)
 ParOldGen       total 68608K, used 13280K [0x0000000080000000, 0x0000000084300000, 0x00000000d5580000)
  object space 68608K, 19% used [0x0000000080000000,0x0000000080cf8390,0x0000000084300000)
 Metaspace       used 22606K, committed 23616K, reserved 1114112K
  class space    used 2381K, committed 2752K, reserved 1048576K
}
Event: 16.204 GC heap before
{Heap before GC invocations=10 (full 1):
 PSYoungGen      total 25600K, used 25234K [0x00000000d5580000, 0x00000000d7480000, 0x0000000100000000)
  eden space 24064K, 100% used [0x00000000d5580000,0x00000000d6d00000,0x00000000d6d00000)
  from space 1536K, 76% used [0x00000000d7300000,0x00000000d7424a30,0x00000000d7480000)
  to   space 2560K, 0% used [0x00000000d6f80000,0x00000000d6f80000,0x00000000d7200000)
 ParOldGen       total 68608K, used 13280K [0x0000000080000000, 0x0000000084300000, 0x00000000d5580000)
  object space 68608K, 19% used [0x0000000080000000,0x0000000080cf8390,0x0000000084300000)
 Metaspace       used 26244K, committed 27264K, reserved 1114112K
  class space    used 2645K, committed 3008K, reserved 1048576K
}
Event: 16.206 GC heap after
{Heap after GC invocations=10 (full 1):
 PSYoungGen      total 25088K, used 1412K [0x00000000d5580000, 0x00000000d7380000, 0x0000000100000000)
  eden space 23552K, 0% used [0x00000000d5580000,0x00000000d5580000,0x00000000d6c80000)
  from space 1536K, 91% used [0x00000000d6f80000,0x00000000d70e1118,0x00000000d7100000)
  to   space 2048K, 0% used [0x00000000d7180000,0x00000000d7180000,0x00000000d7380000)
 ParOldGen       total 68608K, used 13280K [0x0000000080000000, 0x0000000084300000, 0x00000000d5580000)
  object space 68608K, 19% used [0x0000000080000000,0x0000000080cf8390,0x0000000084300000)
 Metaspace       used 26244K, committed 27264K, reserved 1114112K
  class space    used 2645K, committed 3008K, reserved 1048576K
}
Event: 16.445 GC heap before
{Heap before GC invocations=11 (full 1):
 PSYoungGen      total 25088K, used 24964K [0x00000000d5580000, 0x00000000d7380000, 0x0000000100000000)
  eden space 23552K, 100% used [0x00000000d5580000,0x00000000d6c80000,0x00000000d6c80000)
  from space 1536K, 91% used [0x00000000d6f80000,0x00000000d70e1118,0x00000000d7100000)
  to   space 2048K, 0% used [0x00000000d7180000,0x00000000d7180000,0x00000000d7380000)
 ParOldGen       total 68608K, used 13280K [0x0000000080000000, 0x0000000084300000, 0x00000000d5580000)
  object space 68608K, 19% used [0x0000000080000000,0x0000000080cf8390,0x0000000084300000)
 Metaspace       used 27931K, committed 28992K, reserved 1114112K
  class space    used 2773K, committed 3200K, reserved 1048576K
}
Event: 16.451 GC heap after
{Heap after GC invocations=11 (full 1):
 PSYoungGen      total 25088K, used 1947K [0x00000000d5580000, 0x00000000d7380000, 0x0000000100000000)
  eden space 23040K, 0% used [0x00000000d5580000,0x00000000d5580000,0x00000000d6c00000)
  from space 2048K, 95% used [0x00000000d7180000,0x00000000d7366da0,0x00000000d7380000)
  to   space 2560K, 0% used [0x00000000d6e80000,0x00000000d6e80000,0x00000000d7100000)
 ParOldGen       total 68608K, used 15009K [0x0000000080000000, 0x0000000084300000, 0x00000000d5580000)
  object space 68608K, 21% used [0x0000000080000000,0x0000000080ea8758,0x0000000084300000)
 Metaspace       used 27931K, committed 28992K, reserved 1114112K
  class space    used 2773K, committed 3200K, reserved 1048576K
}

Dll operation events (10 events):
Event: 0.009 Loaded shared library c:\Users\Administrateur\.vscode\extensions\redhat.java-1.47.0-win32-x64\jre\21.0.8-win32-x86_64\bin\java.dll
Event: 0.170 Loaded shared library c:\Users\Administrateur\.vscode\extensions\redhat.java-1.47.0-win32-x64\jre\21.0.8-win32-x86_64\bin\zip.dll
Event: 0.191 Loaded shared library C:\Users\Administrateur\.vscode\extensions\redhat.java-1.47.0-win32-x64\jre\21.0.8-win32-x86_64\bin\instrument.dll
Event: 0.197 Loaded shared library C:\Users\Administrateur\.vscode\extensions\redhat.java-1.47.0-win32-x64\jre\21.0.8-win32-x86_64\bin\net.dll
Event: 0.199 Loaded shared library C:\Users\Administrateur\.vscode\extensions\redhat.java-1.47.0-win32-x64\jre\21.0.8-win32-x86_64\bin\nio.dll
Event: 0.201 Loaded shared library C:\Users\Administrateur\.vscode\extensions\redhat.java-1.47.0-win32-x64\jre\21.0.8-win32-x86_64\bin\zip.dll
Event: 0.227 Loaded shared library C:\Users\Administrateur\.vscode\extensions\redhat.java-1.47.0-win32-x64\jre\21.0.8-win32-x86_64\bin\jimage.dll
Event: 0.293 Loaded shared library c:\Users\Administrateur\.vscode\extensions\redhat.java-1.47.0-win32-x64\jre\21.0.8-win32-x86_64\bin\verify.dll
Event: 5.606 Loaded shared library C:\Users\Administrateur\AppData\Roaming\Code\User\globalStorage\redhat.java\1.47.0\config_win\org.eclipse.equinox.launcher\org.eclipse.equinox.launcher.win32.win32.x86_64_1.2.1400.v20250801-0854\eclipse_11916.dll
Event: 15.310 Loaded shared library C:\Users\Administrateur\AppData\Local\Temp\1\jna-253705784\jna12922116109773588664.dll

Deoptimization events (20 events):
Event: 16.794 Thread 0x000001a4930c9310 Uncommon trap: trap_request=0xffffff45 fr.pc=0x000001a43edb31cc relative=0x000000000000050c
Event: 16.794 Thread 0x000001a4930c99a0 Uncommon trap: trap_request=0xffffff45 fr.pc=0x000001a43edb323c relative=0x000000000000057c
Event: 16.794 Thread 0x000001a4930c9310 Uncommon trap: reason=unstable_if action=reinterpret pc=0x000001a43edb31cc method=java.util.concurrent.locks.ReentrantReadWriteLock$Sync.tryReleaseShared(I)Z @ 129 c2
Event: 16.794 Thread 0x000001a4930c99a0 Uncommon trap: reason=unstable_if action=reinterpret pc=0x000001a43edb323c method=java.util.concurrent.locks.ReentrantReadWriteLock$Sync.tryAcquireShared(I)I @ 81 c2
Event: 16.794 Thread 0x000001a4930c9310 DEOPT PACKING pc=0x000001a43edb31cc sp=0x000000297b4faa90
Event: 16.794 Thread 0x000001a4930c99a0 DEOPT PACKING pc=0x000001a43edb323c sp=0x000000297b5fa8b0
Event: 16.794 Thread 0x000001a4930c9310 DEOPT UNPACKING pc=0x000001a43e683aa2 sp=0x000000297b4fa888 mode 2
Event: 16.794 Thread 0x000001a4930c99a0 DEOPT UNPACKING pc=0x000001a43e683aa2 sp=0x000000297b5fa698 mode 2
Event: 16.795 Thread 0x000001a4930c9310 Uncommon trap: trap_request=0xffffff45 fr.pc=0x000001a43ed99af4 relative=0x00000000000001d4
Event: 16.795 Thread 0x000001a4930c9310 Uncommon trap: reason=unstable_if action=reinterpret pc=0x000001a43ed99af4 method=java.util.concurrent.locks.ReentrantReadWriteLock$Sync.tryAcquireShared(I)I @ 81 c2
Event: 16.795 Thread 0x000001a4930c9310 DEOPT PACKING pc=0x000001a43ed99af4 sp=0x000000297b4faa90
Event: 16.795 Thread 0x000001a4930c9310 DEOPT UNPACKING pc=0x000001a43e683aa2 sp=0x000000297b4fa9b0 mode 2
Event: 16.795 Thread 0x000001a4930c99a0 Uncommon trap: trap_request=0xffffff45 fr.pc=0x000001a43ed97d7c relative=0x00000000000000dc
Event: 16.795 Thread 0x000001a4930c99a0 Uncommon trap: reason=unstable_if action=reinterpret pc=0x000001a43ed97d7c method=java.util.concurrent.locks.ReentrantReadWriteLock$Sync.tryReleaseShared(I)Z @ 9 c2
Event: 16.795 Thread 0x000001a4930c9310 Uncommon trap: trap_request=0xffffff45 fr.pc=0x000001a43ed97d7c relative=0x00000000000000dc
Event: 16.795 Thread 0x000001a4930c99a0 DEOPT PACKING pc=0x000001a43ed97d7c sp=0x000000297b5fa7e0
Event: 16.795 Thread 0x000001a4930c9310 Uncommon trap: reason=unstable_if action=reinterpret pc=0x000001a43ed97d7c method=java.util.concurrent.locks.ReentrantReadWriteLock$Sync.tryReleaseShared(I)Z @ 9 c2
Event: 16.795 Thread 0x000001a4930c9310 DEOPT PACKING pc=0x000001a43ed97d7c sp=0x000000297b4faa80
Event: 16.795 Thread 0x000001a4930c99a0 DEOPT UNPACKING pc=0x000001a43e683aa2 sp=0x000000297b5fa760 mode 2
Event: 16.795 Thread 0x000001a4930c9310 DEOPT UNPACKING pc=0x000001a43e683aa2 sp=0x000000297b4faa00 mode 2

Classes loaded (20 events):
Event: 16.818 Loading class javax/net/ssl/HttpsURLConnection$DefaultHostnameVerifier
Event: 16.818 Loading class javax/net/ssl/HostnameVerifier
Event: 16.818 Loading class javax/net/ssl/HostnameVerifier done
Event: 16.818 Loading class javax/net/ssl/HttpsURLConnection$DefaultHostnameVerifier done
Event: 16.818 Loading class javax/net/ssl/SSLSocketFactory
Event: 16.820 Loading class javax/net/SocketFactory
Event: 16.821 Loading class javax/net/SocketFactory done
Event: 16.821 Loading class javax/net/ssl/SSLSocketFactory done
Event: 16.821 Loading class javax/net/ssl/SSLSocketFactory$DefaultFactoryHolder
Event: 16.821 Loading class javax/net/ssl/SSLSocketFactory$DefaultFactoryHolder done
Event: 16.821 Loading class javax/net/ssl/SSLContext
Event: 16.821 Loading class javax/net/ssl/SSLContext done
Event: 16.821 Loading class javax/net/ssl/SSLContextSpi
Event: 16.822 Loading class javax/net/ssl/SSLContextSpi done
Event: 16.822 Loading class sun/security/jca/ProviderConfig$3
Event: 16.822 Loading class sun/security/jca/ProviderConfig$3 done
Event: 16.822 Loading class sun/security/jca/ProviderConfig$ProviderLoader
Event: 16.822 Loading class sun/security/jca/ProviderConfig$ProviderLoader done
Event: 16.829 Loading class java/security/ProviderException
Event: 16.829 Loading class java/security/ProviderException done

Classes unloaded (7 events):
Event: 15.729 Thread 0x000001a433fc4710 Unloading class 0x000001a44c1a9800 'java/lang/invoke/LambdaForm$MH+0x000001a44c1a9800'
Event: 15.729 Thread 0x000001a433fc4710 Unloading class 0x000001a44c1a9400 'java/lang/invoke/LambdaForm$MH+0x000001a44c1a9400'
Event: 15.729 Thread 0x000001a433fc4710 Unloading class 0x000001a44c1a9000 'java/lang/invoke/LambdaForm$MH+0x000001a44c1a9000'
Event: 15.729 Thread 0x000001a433fc4710 Unloading class 0x000001a44c1a8c00 'java/lang/invoke/LambdaForm$MH+0x000001a44c1a8c00'
Event: 15.729 Thread 0x000001a433fc4710 Unloading class 0x000001a44c1a8800 'java/lang/invoke/LambdaForm$BMH+0x000001a44c1a8800'
Event: 15.729 Thread 0x000001a433fc4710 Unloading class 0x000001a44c1a8400 'java/lang/invoke/LambdaForm$DMH+0x000001a44c1a8400'
Event: 15.729 Thread 0x000001a433fc4710 Unloading class 0x000001a44c1a3000 'java/lang/invoke/LambdaForm$DMH+0x000001a44c1a3000'

Classes redefined (0 events):
No events

Internal exceptions (20 events):
Event: 15.764 Thread 0x000001a4920373c0 Exception <a 'java/lang/NoSuchMethodError'{0x00000000d55e3058}: 'java.lang.Object java.lang.invoke.Invokers$Holder.invoke_MT(java.lang.Object, java.lang.Object, java.lang.Object, java.lang.Object, java.lang.Object, java.lang.Object, java.lang.Object, java.lang.Object, java.lang.Object, java.lang.Object)'> (0x00000000d55e3058) 
thrown [s\src\hotspot\share\interpreter\linkResolver.cpp, line 773]
Event: 15.775 Thread 0x000001a4920373c0 Exception <a 'java/lang/NoSuchMethodError'{0x00000000d56a27d0}: 'java.lang.Object java.lang.invoke.DirectMethodHandle$Holder.newInvokeSpecial(java.lang.Object, java.lang.Object, java.lang.Object, java.lang.Object, java.lang.Object, java.lang.Object, java.lang.Object)'> (0x00000000d56a27d0) 
thrown [s\src\hotspot\share\interpreter\linkResolver.cpp, line 773]
Event: 15.781 Thread 0x000001a4920373c0 Exception <a 'java/lang/NoSuchMethodError'{0x00000000d571a860}: 'java.lang.Object java.lang.invoke.Invokers$Holder.invoker(java.lang.Object, java.lang.Object, java.lang.Object, java.lang.Object, java.lang.Object, java.lang.Object, java.lang.Object, java.lang.Object, java.lang.Object, java.lang.Object, java.lang.Object, java.lang.Object, java.lang.Object)'> (0x00000000d571a860) 
thrown [s\src\hotspot\share\interpreter\linkResolver.cpp, line 773]
Event: 15.782 Thread 0x000001a4920373c0 Exception <a 'java/lang/NoSuchMethodError'{0x00000000d5724cf8}: 'java.lang.Object java.lang.invoke.DelegatingMethodHandle$Holder.delegate(java.lang.Object, java.lang.Object, java.lang.Object, java.lang.Object, java.lang.Object, java.lang.Object, java.lang.Object, java.lang.Object, java.lang.Object, java.lang.Object, java.lang.Object, java.lang.Object, java.lang.Object)'> (0x00000000d5724cf8) 
thrown [s\src\hotspot\share\interpreter\linkResolver.cpp, line 773]
Event: 15.786 Thread 0x000001a4920373c0 Exception <a 'java/lang/NoSuchMethodError'{0x00000000d5790a40}: static Lorg/eclipse/m2e/core/internal/lifecyclemapping/model/PluginExecutionMetadata;.<clinit>()V> (0x00000000d5790a40) 
thrown [s\src\hotspot\share\prims\jni.cpp, line 1111]
Event: 15.792 Thread 0x000001a4920373c0 Exception <a 'java/lang/NoSuchMethodError'{0x00000000d57f0840}: static Lorg/eclipse/m2e/core/internal/lifecyclemapping/model/PluginExecutionFilter;.<clinit>()V> (0x00000000d57f0840) 
thrown [s\src\hotspot\share\prims\jni.cpp, line 1111]
Event: 15.794 Thread 0x000001a4920373c0 Exception <a 'java/lang/NoSuchMethodError'{0x00000000d5820668}: static Lorg/eclipse/m2e/core/internal/project/registry/MavenProjectFacade$MavenProjectConfiguration;.<clinit>()V> (0x00000000d5820668) 
thrown [s\src\hotspot\share\prims\jni.cpp, line 1111]
Event: 15.840 Thread 0x000001a4920373c0 Exception <a 'java/lang/NoSuchMethodError'{0x00000000d5c94220}: 'double java.lang.invoke.DirectMethodHandle$Holder.invokeStatic(java.lang.Object, java.lang.Object)'> (0x00000000d5c94220) 
thrown [s\src\hotspot\share\interpreter\linkResolver.cpp, line 773]
Event: 15.840 Thread 0x000001a4920373c0 Exception <a 'java/lang/NoSuchMethodError'{0x00000000d5c978e0}: 'double java.lang.invoke.DirectMethodHandle$Holder.invokeStaticInit(java.lang.Object, java.lang.Object)'> (0x00000000d5c978e0) 
thrown [s\src\hotspot\share\interpreter\linkResolver.cpp, line 773]
Event: 16.155 Thread 0x000001a4920373c0 Implicit null exception at 0x000001a43ed9a2f5 to 0x000001a43ed9a3e8
Event: 16.285 Thread 0x000001a4920373c0 Exception <a 'java/lang/NoSuchMethodError'{0x00000000d622b260}: 'java.lang.Object java.lang.invoke.DirectMethodHandle$Holder.newInvokeSpecial(java.lang.Object, int, java.lang.Object, java.lang.Object)'> (0x00000000d622b260) 
thrown [s\src\hotspot\share\interpreter\linkResolver.cpp, line 773]
Event: 16.426 Thread 0x000001a4920373c0 Exception <a 'java/lang/ClassNotFoundException'{0x00000000d6b14238}: com/sun/org/apache/xerces/internal/impl/msg/spi/DOMMessagesProvider> (0x00000000d6b14238) 
thrown [s\src\hotspot\share\classfile\systemDictionary.cpp, line 312]
Event: 16.427 Thread 0x000001a4920373c0 Exception <a 'java/lang/ClassNotFoundException'{0x00000000d6b38990}: com/sun/org/apache/xerces/internal/impl/msg/spi/XMLSerializerMessagesProvider> (0x00000000d6b38990) 
thrown [s\src\hotspot\share\classfile\systemDictionary.cpp, line 312]
Event: 16.429 Thread 0x000001a4920373c0 Exception <a 'java/lang/ClassNotFoundException'{0x00000000d6b512a0}: com/sun/org/apache/xerces/internal/impl/msg/spi/XMLMessagesProvider> (0x00000000d6b512a0) 
thrown [s\src\hotspot\share\classfile\systemDictionary.cpp, line 312]
Event: 16.581 Thread 0x000001a4920373c0 Exception <a 'java/lang/ClassNotFoundException'{0x00000000d5cfe9b0}: com/sun/org/apache/xml/internal/serializer/spi/XMLEntitiesProvider> (0x00000000d5cfe9b0) 
thrown [s\src\hotspot\share\classfile\systemDictionary.cpp, line 312]
Event: 16.678 Thread 0x000001a4920373c0 Exception <a 'java/io/FileNotFoundException'{0x00000000d60cf500}> (0x00000000d60cf500) 
thrown [s\src\hotspot\share\prims\jni.cpp, line 520]
Event: 16.703 Thread 0x000001a4920373c0 Exception <a 'java/lang/UnsatisfiedLinkError'{0x00000000d61e6088}: La procdure spcifie est introuvable.
> (0x00000000d61e6088) 
thrown [s\src\hotspot\share\prims\jni.cpp, line 539]
Event: 16.707 Thread 0x000001a4920373c0 Exception <a 'java/io/FileNotFoundException'{0x00000000d61fdeb8}> (0x00000000d61fdeb8) 
thrown [s\src\hotspot\share\prims\jni.cpp, line 520]
Event: 16.713 Thread 0x000001a4920373c0 Exception <a 'java/io/FileNotFoundException'{0x00000000d6288078}> (0x00000000d6288078) 
thrown [s\src\hotspot\share\prims\jni.cpp, line 520]
Event: 16.716 Thread 0x000001a4920373c0 Exception <a 'java/lang/UnsatisfiedLinkError'{0x00000000d62bac58}: La procdure spcifie est introuvable.
> (0x00000000d62bac58) 
thrown [s\src\hotspot\share\prims\jni.cpp, line 539]

ZGC Phase Switch (0 events):
No events

VM Operations (20 events):
Event: 15.478 Executing VM operation: ICBufferFull
Event: 15.478 Executing VM operation: ICBufferFull done
Event: 15.534 Executing VM operation: ParallelGCFailedAllocation (Allocation Failure)
Event: 15.537 Executing VM operation: ParallelGCFailedAllocation (Allocation Failure) done
Event: 15.671 Executing VM operation: HandshakeAllThreads (Deoptimize)
Event: 15.671 Executing VM operation: HandshakeAllThreads (Deoptimize) done
Event: 15.717 Executing VM operation: CollectForMetadataAllocation (Metadata GC Threshold)
Event: 15.755 Executing VM operation: CollectForMetadataAllocation (Metadata GC Threshold) done
Event: 15.993 Executing VM operation: ParallelGCFailedAllocation (Allocation Failure)
Event: 15.994 Executing VM operation: ParallelGCFailedAllocation (Allocation Failure) done
Event: 16.204 Executing VM operation: ParallelGCFailedAllocation (Allocation Failure)
Event: 16.206 Executing VM operation: ParallelGCFailedAllocation (Allocation Failure) done
Event: 16.445 Executing VM operation: ParallelGCFailedAllocation (Allocation Failure)
Event: 16.451 Executing VM operation: ParallelGCFailedAllocation (Allocation Failure) done
Event: 16.498 Executing VM operation: HandshakeAllThreads (Deoptimize)
Event: 16.498 Executing VM operation: HandshakeAllThreads (Deoptimize) done
Event: 16.606 Executing VM operation: HandshakeAllThreads (Deoptimize)
Event: 16.606 Executing VM operation: HandshakeAllThreads (Deoptimize) done
Event: 16.826 Executing VM operation: HandshakeAllThreads (Deoptimize)
Event: 16.829 Executing VM operation: HandshakeAllThreads (Deoptimize) done

Memory protections (0 events):
No events

Nmethod flushes (0 events):
No events

Events (20 events):
Event: 5.908 Thread 0x000001a48da6ac90 Thread added: 0x000001a49236fcf0
Event: 6.174 Thread 0x000001a49236fcf0 Thread exited: 0x000001a49236fcf0
Event: 6.174 Thread 0x000001a48da6ac90 Thread exited: 0x000001a48da6ac90
Event: 7.840 Thread 0x000001a48d9b68e0 Thread added: 0x000001a4929c5750
Event: 7.931 Thread 0x000001a4920373c0 Thread added: 0x000001a492d6f940
Event: 8.208 Thread 0x000001a4929c5750 Thread exited: 0x000001a4929c5750
Event: 14.725 Thread 0x000001a4920373c0 Thread added: 0x000001a48dcc6f00
Event: 14.829 Thread 0x000001a48d9b5ac0 Thread added: 0x000001a492b661d0
Event: 14.829 Thread 0x000001a48d9b5ac0 Thread added: 0x000001a49282c090
Event: 15.001 Thread 0x000001a4920373c0 Thread added: 0x000001a492f19b50
Event: 15.326 Thread 0x000001a4920373c0 Thread added: 0x000001a48dac2e50
Event: 15.345 Thread 0x000001a4920373c0 Thread added: 0x000001a4930c9310
Event: 15.356 Thread 0x000001a4920373c0 Thread added: 0x000001a4930c99a0
Event: 16.080 Thread 0x000001a492b661d0 Thread exited: 0x000001a492b661d0
Event: 16.080 Thread 0x000001a49282c090 Thread exited: 0x000001a49282c090
Event: 16.316 Thread 0x000001a48d9b68e0 Thread added: 0x000001a48da69f40
Event: 16.330 Thread 0x000001a48d9b68e0 Thread added: 0x000001a494567040
Event: 16.458 Thread 0x000001a4920373c0 Thread added: 0x000001a4930c6bb0
Event: 16.788 Thread 0x000001a4930c9310 Thread added: 0x000001a4930c85f0
Event: 16.823 Thread 0x000001a4930c85f0 Thread added: 0x000001a4930ca030


Dynamic libraries:
0x00007ff67c8e0000 - 0x00007ff67c8ee000 	c:\Users\Administrateur\.vscode\extensions\redhat.java-1.47.0-win32-x64\jre\21.0.8-win32-x86_64\bin\java.exe
0x00007ff97a9c0000 - 0x00007ff97abc1000 	C:\Windows\SYSTEM32\ntdll.dll
0x00007ff979b80000 - 0x00007ff979c3c000 	C:\Windows\System32\KERNEL32.DLL
0x00007ff978050000 - 0x00007ff9783c0000 	C:\Windows\System32\KERNELBASE.dll
0x00007ff978610000 - 0x00007ff978720000 	C:\Windows\System32\ucrtbase.dll
0x00007ff940730000 - 0x00007ff94074e000 	c:\Users\Administrateur\.vscode\extensions\redhat.java-1.47.0-win32-x64\jre\21.0.8-win32-x86_64\bin\VCRUNTIME140.dll
0x00007ff92c170000 - 0x00007ff92c188000 	c:\Users\Administrateur\.vscode\extensions\redhat.java-1.47.0-win32-x64\jre\21.0.8-win32-x86_64\bin\jli.dll
0x00007ff9799b0000 - 0x00007ff979b55000 	C:\Windows\System32\USER32.dll
0x00007ff953f00000 - 0x00007ff9541a5000 	C:\Windows\WinSxS\amd64_microsoft.windows.common-controls_6595b64144ccf1df_6.0.20348.3804_none_9472f657eef4e288\COMCTL32.dll
0x00007ff978820000 - 0x00007ff978846000 	C:\Windows\System32\win32u.dll
0x00007ff97a510000 - 0x00007ff97a5b3000 	C:\Windows\System32\msvcrt.dll
0x00007ff97a4e0000 - 0x00007ff97a50c000 	C:\Windows\System32\GDI32.dll
0x00007ff977f30000 - 0x00007ff97804d000 	C:\Windows\System32\gdi32full.dll
0x00007ff978850000 - 0x00007ff9788f0000 	C:\Windows\System32\msvcp_win.dll
0x00007ff979100000 - 0x00007ff979131000 	C:\Windows\System32\IMM32.DLL
0x00007ff940720000 - 0x00007ff94072c000 	c:\Users\Administrateur\.vscode\extensions\redhat.java-1.47.0-win32-x64\jre\21.0.8-win32-x86_64\bin\vcruntime140_1.dll
0x00007ff92be00000 - 0x00007ff92be8d000 	c:\Users\Administrateur\.vscode\extensions\redhat.java-1.47.0-win32-x64\jre\21.0.8-win32-x86_64\bin\msvcp140.dll
0x00007ff92b060000 - 0x00007ff92bdf7000 	c:\Users\Administrateur\.vscode\extensions\redhat.java-1.47.0-win32-x64\jre\21.0.8-win32-x86_64\bin\server\jvm.dll
0x00007ff97a710000 - 0x00007ff97a7c1000 	C:\Windows\System32\ADVAPI32.dll
0x00007ff979050000 - 0x00007ff9790f2000 	C:\Windows\System32\sechost.dll
0x00007ff9783c0000 - 0x00007ff9783e7000 	C:\Windows\System32\bcrypt.dll
0x00007ff979790000 - 0x00007ff9798ae000 	C:\Windows\System32\RPCRT4.dll
0x00007ff979930000 - 0x00007ff9799a1000 	C:\Windows\System32\WS2_32.dll
0x00007ff977d50000 - 0x00007ff977d9d000 	C:\Windows\SYSTEM32\POWRPROF.dll
0x00007ff965c30000 - 0x00007ff965c57000 	C:\Windows\SYSTEM32\WINMM.dll
0x00007ff968330000 - 0x00007ff96833a000 	C:\Windows\SYSTEM32\VERSION.dll
0x00007ff977d30000 - 0x00007ff977d43000 	C:\Windows\SYSTEM32\UMPDC.dll
0x00007ff9767a0000 - 0x00007ff9767b7000 	C:\Windows\SYSTEM32\kernel.appcore.dll
0x00007ff92c160000 - 0x00007ff92c16a000 	c:\Users\Administrateur\.vscode\extensions\redhat.java-1.47.0-win32-x64\jre\21.0.8-win32-x86_64\bin\jimage.dll
0x00007ff969fb0000 - 0x00007ff96a1d0000 	C:\Windows\SYSTEM32\DBGHELP.DLL
0x00007ff963fe0000 - 0x00007ff964010000 	C:\Windows\SYSTEM32\dbgcore.DLL
0x00007ff9787a0000 - 0x00007ff97881f000 	C:\Windows\System32\bcryptPrimitives.dll
0x00007ff92c110000 - 0x00007ff92c11f000 	c:\Users\Administrateur\.vscode\extensions\redhat.java-1.47.0-win32-x64\jre\21.0.8-win32-x86_64\bin\instrument.dll
0x00007ff92c0f0000 - 0x00007ff92c10f000 	c:\Users\Administrateur\.vscode\extensions\redhat.java-1.47.0-win32-x64\jre\21.0.8-win32-x86_64\bin\java.dll
0x00007ff9788f0000 - 0x00007ff97904a000 	C:\Windows\System32\SHELL32.dll
0x00007ff971d10000 - 0x00007ff972553000 	C:\Windows\SYSTEM32\windows.storage.dll
0x00007ff979420000 - 0x00007ff979790000 	C:\Windows\System32\combase.dll
0x00007ff97a890000 - 0x00007ff97a97a000 	C:\Windows\System32\SHCORE.dll
0x00007ff97a170000 - 0x00007ff97a1cf000 	C:\Windows\System32\shlwapi.dll
0x00007ff977e60000 - 0x00007ff977e81000 	C:\Windows\SYSTEM32\profapi.dll
0x00007ff92c1c0000 - 0x00007ff92c1d8000 	c:\Users\Administrateur\.vscode\extensions\redhat.java-1.47.0-win32-x64\jre\21.0.8-win32-x86_64\bin\zip.dll
0x00007ff92c1b0000 - 0x00007ff92c1c0000 	C:\Users\Administrateur\.vscode\extensions\redhat.java-1.47.0-win32-x64\jre\21.0.8-win32-x86_64\bin\net.dll
0x00007ff969d30000 - 0x00007ff969e38000 	C:\Windows\SYSTEM32\WINHTTP.dll
0x00007ff9773d0000 - 0x00007ff977438000 	C:\Windows\system32\mswsock.dll
0x00007ff92c190000 - 0x00007ff92c1a6000 	C:\Users\Administrateur\.vscode\extensions\redhat.java-1.47.0-win32-x64\jre\21.0.8-win32-x86_64\bin\nio.dll
0x00007ff92c0e0000 - 0x00007ff92c0f0000 	c:\Users\Administrateur\.vscode\extensions\redhat.java-1.47.0-win32-x64\jre\21.0.8-win32-x86_64\bin\verify.dll
0x00007ff91ea90000 - 0x00007ff91ead4000 	C:\Users\Administrateur\AppData\Roaming\Code\User\globalStorage\redhat.java\1.47.0\config_win\org.eclipse.equinox.launcher\org.eclipse.equinox.launcher.win32.win32.x86_64_1.2.1400.v20250801-0854\eclipse_11916.dll
0x00007ff97a390000 - 0x00007ff97a4c6000 	C:\Windows\System32\ole32.dll
0x00007ff9776b0000 - 0x00007ff9776cb000 	C:\Windows\SYSTEM32\CRYPTSP.dll
0x00007ff976eb0000 - 0x00007ff976ee8000 	C:\Windows\system32\rsaenh.dll
0x00007ff977470000 - 0x00007ff97749e000 	C:\Windows\SYSTEM32\USERENV.dll
0x00007ff9775c0000 - 0x00007ff9775cc000 	C:\Windows\SYSTEM32\CRYPTBASE.dll
0x00007ff9770d0000 - 0x00007ff9770fd000 	C:\Windows\SYSTEM32\IPHLPAPI.DLL
0x00007ff9798b0000 - 0x00007ff9798b9000 	C:\Windows\System32\NSI.dll
0x00007ff960770000 - 0x00007ff9607b9000 	C:\Users\Administrateur\AppData\Local\Temp\1\jna-253705784\jna12922116109773588664.dll
0x00007ff97a7d0000 - 0x00007ff97a7d8000 	C:\Windows\System32\PSAPI.DLL
0x00007ff96b000000 - 0x00007ff96b019000 	C:\Windows\SYSTEM32\dhcpcsvc6.DLL
0x00007ff96aef0000 - 0x00007ff96af0d000 	C:\Windows\SYSTEM32\dhcpcsvc.DLL
0x00007ff960be0000 - 0x00007ff960bee000 	C:\Users\Administrateur\.vscode\extensions\redhat.java-1.47.0-win32-x64\jre\21.0.8-win32-x86_64\bin\sunmscapi.dll
0x00007ff9784b0000 - 0x00007ff978610000 	C:\Windows\System32\CRYPT32.dll
0x00007ff9777b0000 - 0x00007ff9777df000 	C:\Windows\SYSTEM32\ncrypt.dll
0x00007ff977770000 - 0x00007ff9777a7000 	C:\Windows\SYSTEM32\NTASN1.dll

JVMTI agents:
c:\Users\Administrateur\.vscode\extensions\redhat.java-1.47.0-win32-x64\lombok\lombok-1.18.39-4050.jar path:c:\Users\Administrateur\.vscode\extensions\redhat.java-1.47.0-win32-x64\jre\21.0.8-win32-x86_64\bin\instrument.dll, loaded, initialized, instrumentlib options:none

dbghelp: loaded successfully - version: 4.0.5 - missing functions: none
symbol engine: initialized successfully - sym options: 0x614 - pdb path: .;c:\Users\Administrateur\.vscode\extensions\redhat.java-1.47.0-win32-x64\jre\21.0.8-win32-x86_64\bin;C:\Windows\SYSTEM32;C:\Windows\WinSxS\amd64_microsoft.windows.common-controls_6595b64144ccf1df_6.0.20348.3804_none_9472f657eef4e288;c:\Users\Administrateur\.vscode\extensions\redhat.java-1.47.0-win32-x64\jre\21.0.8-win32-x86_64\bin\server;C:\Users\Administrateur\AppData\Roaming\Code\User\globalStorage\redhat.java\1.47.0\config_win\org.eclipse.equinox.launcher\org.eclipse.equinox.launcher.win32.win32.x86_64_1.2.1400.v20250801-0854;C:\Users\Administrateur\AppData\Local\Temp\1\jna-253705784

VM Arguments:
jvm_args: --add-modules=ALL-SYSTEM --add-opens=java.base/java.util=ALL-UNNAMED --add-opens=java.base/java.lang=ALL-UNNAMED --add-opens=java.base/sun.nio.fs=ALL-UNNAMED -Declipse.application=org.eclipse.jdt.ls.core.id1 -Dosgi.bundles.defaultStartLevel=4 -Declipse.product=org.eclipse.jdt.ls.core.product -Djava.import.generatesMetadataFilesAtProjectRoot=false -DDetectVMInstallationsJob.disabled=true -Dfile.encoding=utf8 -XX:+UseParallelGC -XX:GCTimeRatio=4 -XX:AdaptiveSizePolicyWeight=90 -Dsun.zip.disableMemoryMapping=true -Xmx2G -Xms100m -Xlog:disable -javaagent:c:\Users\Administrateur\.vscode\extensions\redhat.java-1.47.0-win32-x64\lombok\lombok-1.18.39-4050.jar -XX:+HeapDumpOnOutOfMemoryError -XX:HeapDumpPath=c:\Users\Administrateur\AppData\Roaming\Code\User\workspaceStorage\90dad1b5abc0a2ea38ed7bd479fed4d3\redhat.java -Daether.dependencyCollector.impl=bf 
java_command: c:\Users\Administrateur\.vscode\extensions\redhat.java-1.47.0-win32-x64\server\plugins\org.eclipse.equinox.launcher_1.7.100.v20251014-1222.jar -configuration c:\Users\Administrateur\AppData\Roaming\Code\User\globalStorage\redhat.java\1.47.0\config_win -data c:\Users\Administrateur\AppData\Roaming\Code\User\workspaceStorage\90dad1b5abc0a2ea38ed7bd479fed4d3\redhat.java\jdt_ws --pipe=\\.\pipe\lsp-f1f0ccb87313352275c68390ec3cc765-sock
java_class_path (initial): c:\Users\Administrateur\.vscode\extensions\redhat.java-1.47.0-win32-x64\server\plugins\org.eclipse.equinox.launcher_1.7.100.v20251014-1222.jar
Launcher Type: SUN_STANDARD

[Global flags]
    uintx AdaptiveSizePolicyWeight                 = 90                                        {product} {command line}
     intx CICompilerCount                          = 4                                         {product} {ergonomic}
    uintx GCTimeRatio                              = 4                                         {product} {command line}
     bool HeapDumpOnOutOfMemoryError               = true                                   {manageable} {command line}
    ccstr HeapDumpPath                             = c:\Users\Administrateur\AppData\Roaming\Code\User\workspaceStorage\90dad1b5abc0a2ea38ed7bd479fed4d3\redhat.java         {manageable} {command line}
   size_t InitialHeapSize                          = 104857600                                 {product} {command line}
   size_t MaxHeapSize                              = 2147483648                                {product} {command line}
   size_t MaxNewSize                               = 715653120                                 {product} {ergonomic}
   size_t MinHeapDeltaBytes                        = 524288                                    {product} {ergonomic}
   size_t MinHeapSize                              = 104857600                                 {product} {command line}
   size_t NewSize                                  = 34603008                                  {product} {ergonomic}
    uintx NonNMethodCodeHeapSize                   = 5839372                                {pd product} {ergonomic}
    uintx NonProfiledCodeHeapSize                  = 122909434                              {pd product} {ergonomic}
   size_t OldSize                                  = 70254592                                  {product} {ergonomic}
    uintx ProfiledCodeHeapSize                     = 122909434                              {pd product} {ergonomic}
    uintx ReservedCodeCacheSize                    = 251658240                              {pd product} {ergonomic}
     bool SegmentedCodeCache                       = true                                      {product} {ergonomic}
   size_t SoftMaxHeapSize                          = 2147483648                             {manageable} {ergonomic}
     bool UseCompressedOops                        = true                           {product lp64_product} {ergonomic}
     bool UseLargePagesIndividualAllocation        = false                                  {pd product} {ergonomic}
     bool UseParallelGC                            = true                                      {product} {command line}

Logging:
Log output configuration:
 #0: stdout all=off uptime,level,tags foldmultilines=false
 #1: stderr all=off uptime,level,tags foldmultilines=false

Environment Variables:
PATH=C:\Program Files\Eclipse Adoptium\jdk-25.0.0.36-hotspot\bin;C:\Program Files\Eclipse Adoptium\jdk-21.0.7.6-hotspot\bin;C:\Program Files\Common Files\Oracle\Java\javapath;C:\Windows\system32;C:\Windows;C:\Windows\System32\Wbem;C:\Windows\System32\WindowsPowerShell\v1.0\;C:\Windows\System32\OpenSSH\;C:\Program Files\dotnet\;C:\Program Files\nodejs\;C:\Program Files\Microsoft SQL Server\150\Tools\Binn\;C:\Program Files\Microsoft SQL Server\Client SDK\ODBC\170\Tools\Binn\;C:\Program Files (x86)\Microsoft SQL Server\160\Tools\Binn\;C:\Program Files\Microsoft SQL Server\160\Tools\Binn\;C:\Program Files\Microsoft SQL Server\160\DTS\Binn\;C:\xampp\php;C:\ProgramData\ComposerSetup\bin;C:\Program Files\Git\cmd;C:\Program Files\Docker\Docker\resources\bin;C:\apache-maven-3.9.11\bin;C:\Users\Administrateur\AppData\Local\Programs\Python\Python313\Scripts\;C:\Users\Administrateur\AppData\Local\Programs\Python\Python313\;C:\Users\Administrateur\AppData\Local\Programs\Python\Launcher\;C:\Users\Administrateur\scoop\shims;C:\Users\Administrateur\AppData\Local\Microsoft\WindowsApps;C:\Users\Administrateur\AppData\Local\Programs\Microsoft VS Code\bin;C:\Users\Administrateur\AppData\Roaming\npm;C:\Users\Administrateur\.dotnet\tools;C:\Users\Administrateur\AppData\Roaming\Composer\vendor\bin;C:\Program Files\JetBrains\PhpStorm 2025.2.1\bin;C:\Users\Administrateur\AppData\Local\Programs\mongosh\
USERNAME=Administrateur
OS=Windows_NT
PROCESSOR_IDENTIFIER=Intel64 Family 6 Model 158 Stepping 10, GenuineIntel
TMP=C:\Users\ADMINI~1\AppData\Local\Temp\1
TEMP=C:\Users\ADMINI~1\AppData\Local\Temp\1




Periodic native trim disabled

---------------  S Y S T E M  ---------------

OS:
 Windows Server 2022 , 64 bit Build 20348 (10.0.20348.3692)
OS uptime: 0 days 0:00 hours
Hyper-V role detected

CPU: total 12 (initial active 12) (6 cores per cpu, 2 threads per core) family 6 model 158 stepping 10 microcode 0xf8, cx8, cmov, fxsr, ht, mmx, 3dnowpref, sse, sse2, sse3, ssse3, sse4.1, sse4.2, popcnt, lzcnt, tsc, tscinvbit, avx, avx2, aes, erms, clmul, bmi1, bmi2, rtm, adx, fma, vzeroupper, clflush, clflushopt, hv, rdtscp, f16c
Processor Information for the first 12 processors :
  Max Mhz: 3192, Current Mhz: 3192, Mhz Limit: 3192

Memory: 4k page, system-wide physical 16180M (6404M free)
TotalPageFile size 18612M (AvailPageFile size 7012M)
current process WorkingSet (physical memory assigned to process): 182M, peak: 182M
current process commit charge ("private bytes"): 315M, peak: 316M

vm_info: OpenJDK 64-Bit Server VM (21.0.8+9-LTS) for windows-amd64 JRE (21.0.8+9-LTS), built on 2025-07-15T00:00:00Z by "admin" with MS VC++ 17.7 (VS2022)

END.
