#
# A fatal error has been detected by the Java Runtime Environment:
#
#  EXCEPTION_ACCESS_VIOLATION (0xc0000005) at pc=0x00007ffd9e5b3200, pid=11992, tid=12124
#
# JRE version: OpenJDK Runtime Environment Temurin-21.0.9+10 (21.0.9+10) (build 21.0.9+10-LTS)
# Java VM: OpenJDK 64-Bit Server VM Temurin-21.0.9+10 (21.0.9+10-LTS, mixed mode, sharing, tiered, compressed oops, compressed class ptrs, parallel gc, windows-amd64)
# Problematic frame:
# V  [jvm.dll+0x6b3200]
#
# Core dump will be written. Default location: c:\Users\Administrateur\Desktop\CleanHive\hs_err_pid11992.mdmp
#
# If you would like to submit a bug report, please visit:
#   https://github.com/adoptium/adoptium-support/issues
#

---------------  S U M M A R Y ------------

Command Line: --add-modules=ALL-SYSTEM --add-opens=java.base/java.util=ALL-UNNAMED --add-opens=java.base/java.lang=ALL-UNNAMED --add-opens=java.base/sun.nio.fs=ALL-UNNAMED -Declipse.application=org.eclipse.jdt.ls.core.id1 -Dosgi.bundles.defaultStartLevel=4 -Declipse.product=org.eclipse.jdt.ls.core.product -Djava.import.generatesMetadataFilesAtProjectRoot=false -DDetectVMInstallationsJob.disabled=true -Dfile.encoding=utf8 -XX:+UseParallelGC -XX:GCTimeRatio=4 -XX:AdaptiveSizePolicyWeight=90 -Dsun.zip.disableMemoryMapping=true -Xmx2G -Xms100m -Xlog:disable -javaagent:c:\Users\Administrateur\.vscode\extensions\redhat.java-1.50.0-win32-x64\lombok\lombok-1.18.39-4050.jar -XX:+HeapDumpOnOutOfMemoryError -XX:HeapDumpPath=c:\Users\Administrateur\AppData\Roaming\Code\User\workspaceStorage\90dad1b5abc0a2ea38ed7bd479fed4d3\redhat.java -Daether.dependencyCollector.impl=bf c:\Users\Administrateur\.vscode\extensions\redhat.java-1.50.0-win32-x64\server\plugins\org.eclipse.equinox.launcher_1.7.100.v20251111-0406.jar -configuration c:\Users\Administrateur\AppData\Roaming\Code\User\globalStorage\redhat.java\1.50.0\config_win -data c:\Users\Administrateur\AppData\Roaming\Code\User\workspaceStorage\90dad1b5abc0a2ea38ed7bd479fed4d3\redhat.java\jdt_ws --pipe=\\.\pipe\lsp-739cee0a3d14587f5f85181e712bc9b8-sock

Host: Intel(R) Core(TM) i7-8700 CPU @ 3.20GHz, 12 cores, 15G,  Windows Server 2022 , 64 bit Build 20348 (10.0.20348.3692)
Time: Mon Dec 15 11:38:16 2025 Paris, Madrid elapsed time: 22.583068 seconds (0d 0h 0m 22s)

---------------  T H R E A D  ---------------

Current thread (0x000001f37c2fa450):  JavaThread "C2 CompilerThread0" daemon [_thread_in_native, id=12124, stack(0x000000b3efb00000,0x000000b3efc00000) (1024K)]


Current CompileTask:
C2:22583 11138       4       lombok.eclipse.EclipseAST::drill (80 bytes)

Stack: [0x000000b3efb00000,0x000000b3efc00000],  sp=0x000000b3efbfcb58,  free space=1010k
Native frames: (J=compiled Java code, j=interpreted, Vv=VM code, C=native code)
V  [jvm.dll+0x6b3200]


siginfo: EXCEPTION_ACCESS_VIOLATION (0xc0000005), reading address 0x000000000000002c


Registers:
RAX=0x000000b3efbfd260, RBX=0x0000000000000179, RCX=0x0000000000000000, RDX=0x00000000000028be
RSP=0x000000b3efbfcb58, RBP=0x000000b3efbfcc60, RSI=0x000001f351b74710, RDI=0x000001f35869bd30
R8 =0x0000000000000000, R9 =0x0000000000000000, R10=0x000000b3efbfe7c0, R11=0x0000000000000004
R12=0x0000000000000001, R13=0x000001f35993e5f8, R14=0x000001f35869bf90, R15=0x0000000000000000
RIP=0x00007ffd9e5b3200, EFLAGS=0x0000000000010202

XMM[0]=0x0000000000000000 0x0000000000000000
XMM[1]=0x000001f35993e9c0 0x000001f35869c998
XMM[2]=0x000001f35869c080 0x000001f348c00400
XMM[3]=0x0000000000000000 0x0000000000000000
XMM[4]=0x0000000000000000 0x0000000000000000
XMM[5]=0x0000000000000000 0x0000000000000000
XMM[6]=0x000001f351caa5a0 0x0000350800000000
XMM[7]=0x0000000000000000 0x000000b3efbfd030
XMM[8]=0x0000000000000000 0x4087700000000000
XMM[9]=0x0000000000000000 0x0000000000000000
XMM[10]=0x0000000000000000 0x0000000000000000
XMM[11]=0x0000000000000000 0x0000000000000000
XMM[12]=0x0000000000000000 0x0000000000000000
XMM[13]=0x0000000000000000 0x0000000000000000
XMM[14]=0x0000000000000000 0x0000000000000000
XMM[15]=0x0000000000000000 0x0000000000000000
  MXCSR=0x00001fa0


Register to memory mapping:

RAX=0x000000b3efbfd260 is pointing into the stack for thread: 0x000001f37c2fa450
RBX=0x0000000000000179 is an unknown value
RCX=0x0 is null
RDX=0x00000000000028be is an unknown value
RSP=0x000000b3efbfcb58 is pointing into the stack for thread: 0x000001f37c2fa450
RBP=0x000000b3efbfcc60 is pointing into the stack for thread: 0x000001f37c2fa450
RSI=0x000001f351b74710 points into unknown readable memory: 0x0000000000000000 | 00 00 00 00 00 00 00 00
RDI=0x000001f35869bd30 points into unknown readable memory: 0x00007ffd9e8f7ae0 | e0 7a 8f 9e fd 7f 00 00
R8 =0x0 is null
R9 =0x0 is null
R10=0x000000b3efbfe7c0 is pointing into the stack for thread: 0x000001f37c2fa450
R11=0x0000000000000004 is an unknown value
R12=0x0000000000000001 is an unknown value
R13=0x000001f35993e5f8 points into unknown readable memory: 0x00007ffd9e8f3140 | 40 31 8f 9e fd 7f 00 00
R14=0x000001f35869bf90 points into unknown readable memory: 0x00007ffd9e8f7ae0 | e0 7a 8f 9e fd 7f 00 00
R15=0x0 is null

Top of Stack: (sp=0x000000b3efbfcb58)
0x000000b3efbfcb58:   00007ffd9e622bd2 0000000000000095
0x000000b3efbfcb68:   0000000000000008 000000b3efbfcc60
0x000000b3efbfcb78:   000001f35952c610 000001f35993e668
0x000000b3efbfcb88:   000001f300000005 000001f30000509d
0x000000b3efbfcb98:   000000b3efbfcc01 000001f300000000
0x000000b3efbfcba8:   000000b3efbfcc10 0000000000000000
0x000000b3efbfcbb8:   0000000000000000 0000000600000006
0x000000b3efbfcbc8:   0000000000003508 000001f3587fefe0
0x000000b3efbfcbd8:   00000006efbfcf00 000001f359d93fd0
0x000000b3efbfcbe8:   000000340000000e 0000000000000000
0x000000b3efbfcbf8:   000001f35869bd30 000001f35993e5f8
0x000000b3efbfcc08:   000001f351b38c20 0000350800000000
0x000000b3efbfcc18:   000001f351caa5a0 000000b3efbfd030
0x000000b3efbfcc28:   00007ffd9e5b31b8 000001f359931dd8
0x000000b3efbfcc38:   000001f351b324e0 000000b300000001
0x000000b3efbfcc48:   000001f351b38c90 000001f351b74710
0x000000b3efbfcc58:   000035080000000e 000001f359d93fd0
0x000000b3efbfcc68:   000000b3efbfd030 000001f351b356d0
0x000000b3efbfcc78:   000001f359d78790 0000350800000000
0x000000b3efbfcc88:   000001f351caa5a0 000000b3efbfd030
0x000000b3efbfcc98:   ffffffff00005064 0000000000000000
0x000000b3efbfcca8:   0000000000000179 000001f351b38930
0x000000b3efbfccb8:   0000000000000000 000001f37ddd46f0
0x000000b3efbfccc8:   00000000000003d8 000001f37ddd4700
0x000000b3efbfccd8:   000001f37ddd4ad8 000000b3efbfd030
0x000000b3efbfcce8:   0000000000000200 000001f351d04560
0x000000b3efbfccf8:   0000000000000112 000000b3efbfd030
0x000000b3efbfcd08:   00007ffd00000080 000001f351d05560
0x000000b3efbfcd18:   0000000000000044 000000b3efbfd030
0x000000b3efbfcd28:   000001f37ddd46f0 000001f37ddd4700
0x000000b3efbfcd38:   000001f37ddd4ad8 00000000000003d8
0x000000b3efbfcd48:   0000000000000000 000300030ffffcff 

Instructions: (pc=0x00007ffd9e5b3200)
0x00007ffd9e5b3100:   18 48 8b 90 60 06 00 00 8b 47 24 4c 8b 92 80 00
0x00007ffd9e5b3110:   00 00 85 c0 75 65 c7 47 24 04 00 00 00 49 8b 8a
0x00007ffd9e5b3120:   98 02 00 00 49 8b 82 a0 02 00 00 48 2b c1 48 83
0x00007ffd9e5b3130:   f8 20 72 1f 48 8d 41 20 49 89 82 98 02 00 00 48
0x00007ffd9e5b3140:   89 4f 10 48 8b 5c 24 40 48 8b 74 24 48 48 83 c4
0x00007ffd9e5b3150:   30 5f c3 45 33 c0 49 8d 8a 80 02 00 00 ba 20 00
0x00007ffd9e5b3160:   00 00 e8 c9 39 a1 ff 48 89 47 10 48 8b 5c 24 40
0x00007ffd9e5b3170:   48 8b 74 24 48 48 83 c4 30 5f c3 8d 5e 01 85 db
0x00007ffd9e5b3180:   74 04 85 de 74 0c 0f bd cb bb 01 00 00 00 ff c1
0x00007ffd9e5b3190:   d3 e3 48 8b 57 10 49 8d 8a 80 02 00 00 4c 8b c0
0x00007ffd9e5b31a0:   44 8b cb 49 c1 e1 03 49 c1 e0 03 c7 44 24 20 00
0x00007ffd9e5b31b0:   00 00 00 e8 88 35 a1 ff 89 5f 24 48 89 47 10 48
0x00007ffd9e5b31c0:   8b 5c 24 40 48 8b 74 24 48 48 83 c4 30 5f c3 cc
0x00007ffd9e5b31d0:   44 8b 41 2c 41 8b c0 24 07 3c 04 75 05 48 89 51
0x00007ffd9e5b31e0:   38 c3 41 83 e0 3f 41 80 f8 30 75 04 48 89 51 48
0x00007ffd9e5b31f0:   c3 cc cc cc cc cc cc cc cc cc cc cc cc cc cc cc
0x00007ffd9e5b3200:   8b 41 2c 24 03 3c 02 0f 84 d3 55 f6 ff 8b 41 30
0x00007ffd9e5b3210:   d1 e8 24 01 c3 cc cc cc cc cc cc cc cc cc cc cc
0x00007ffd9e5b3220:   48 89 5c 24 08 4c 8b 49 10 48 8b d9 8b c2 4d 8d
0x00007ffd9e5b3230:   14 c1 8d 42 01 4d 8d 1c c1 8b 41 08 2b c2 83 e8
0x00007ffd9e5b3240:   01 74 21 0f 1f 40 00 66 0f 1f 84 00 00 00 00 00
0x00007ffd9e5b3250:   49 8b 0b 4d 8d 5b 08 49 89 0a 4d 8d 52 08 48 83
0x00007ffd9e5b3260:   e8 01 75 ec 8b 4b 08 48 8b 43 10 ff c9 48 8b 5c
0x00007ffd9e5b3270:   24 08 48 c7 04 c8 00 00 00 00 c3 cc cc cc cc cc
0x00007ffd9e5b3280:   48 89 5c 24 18 56 48 83 ec 20 48 8b d9 48 8b f2
0x00007ffd9e5b3290:   8b 4a 28 8b c1 c1 e8 05 3b 43 20 0f 83 99 00 00
0x00007ffd9e5b32a0:   00 83 e1 1f 8b d1 8b c8 48 8b 43 28 8b 0c 88 0f
0x00007ffd9e5b32b0:   a3 d1 0f 83 82 00 00 00 8b 4b 18 33 d2 48 89 7c
0x00007ffd9e5b32c0:   24 38 85 c9 0f 84 7b 00 00 00 4c 8b 43 10 66 90
0x00007ffd9e5b32d0:   48 8d 3c d5 00 00 00 00 4a 39 34 07 74 08 ff c2
0x00007ffd9e5b32e0:   3b d1 73 61 eb ea 8d 41 ff 48 89 6c 24 30 89 43
0x00007ffd9e5b32f0:   18 49 8b 2c c0 3b 53 08 72 08 48 8b cb e8 2e ec 


Stack slot to memory mapping:

stack at sp + 0 slots: 0x00007ffd9e622bd2 jvm.dll
stack at sp + 1 slots: 0x0000000000000095 is an unknown value
stack at sp + 2 slots: 0x0000000000000008 is an unknown value
stack at sp + 3 slots: 0x000000b3efbfcc60 is pointing into the stack for thread: 0x000001f37c2fa450
stack at sp + 4 slots: 0x000001f35952c610 points into unknown readable memory: 0x000300030ffffcff | ff fc ff 0f 03 00 03 00
stack at sp + 5 slots: 0x000001f35993e668 points into unknown readable memory: 0x00007ffd9e8f3140 | 40 31 8f 9e fd 7f 00 00
stack at sp + 6 slots: 0x000001f300000005 is pointing into metadata
stack at sp + 7 slots: 0x000001f30000509d is pointing into metadata


---------------  P R O C E S S  ---------------

Threads class SMR info:
_java_thread_list=0x000001f3471cd2b0, length=53, elements={
0x000001f363954640, 0x000001f37a405020, 0x000001f37a4064c0, 0x000001f37a40c400,
0x000001f37a40ce50, 0x000001f37a40e320, 0x000001f37c2f4e10, 0x000001f37c2fa450,
0x000001f37c2fb990, 0x000001f37c2f4780, 0x000001f37c2f26b0, 0x000001f37c2f54a0,
0x000001f37c2f3a60, 0x000001f37c2f2020, 0x000001f37c2f40f0, 0x000001f37c2f2d40,
0x000001f37c2f33d0, 0x000001f37cc3d560, 0x000001f37cc3fcc0, 0x000001f37cc40350,
0x000001f37cc3ced0, 0x000001f37cc3dbf0, 0x000001f37cc3e280, 0x000001f37cc3efa0,
0x000001f37cc3f630, 0x000001f346345f60, 0x000001f346343e90, 0x000001f3463458d0,
0x000001f346349a70, 0x000001f346343170, 0x000001f346342ae0, 0x000001f346345240,
0x000001f34634a100, 0x000001f3463465f0, 0x000001f3463486c0, 0x000001f3463479a0,
0x000001f346344520, 0x000001f346348d50, 0x000001f346346c80, 0x000001f346347310,
0x000001f346348030, 0x000001f346344bb0, 0x000001f3463493e0, 0x000001f346343800,
0x000001f37f131c30, 0x000001f37f1350b0, 0x000001f37f132950, 0x000001f37f132fe0,
0x000001f37f137ea0, 0x000001f37f1322c0, 0x000001f37f133670, 0x000001f37eedbc20,
0x000001f37eedc2f0
}

Java Threads: ( => current thread )
  0x000001f363954640 JavaThread "main"                              [_thread_blocked, id=11868, stack(0x000000b3ef100000,0x000000b3ef200000) (1024K)]
  0x000001f37a405020 JavaThread "Reference Handler"          daemon [_thread_blocked, id=11888, stack(0x000000b3ef500000,0x000000b3ef600000) (1024K)]
  0x000001f37a4064c0 JavaThread "Finalizer"                  daemon [_thread_blocked, id=11644, stack(0x000000b3ef600000,0x000000b3ef700000) (1024K)]
  0x000001f37a40c400 JavaThread "Signal Dispatcher"          daemon [_thread_blocked, id=12104, stack(0x000000b3ef700000,0x000000b3ef800000) (1024K)]
  0x000001f37a40ce50 JavaThread "Attach Listener"            daemon [_thread_blocked, id=11952, stack(0x000000b3ef800000,0x000000b3ef900000) (1024K)]
  0x000001f37a40e320 JavaThread "Service Thread"             daemon [_thread_blocked, id=11680, stack(0x000000b3ef900000,0x000000b3efa00000) (1024K)]
  0x000001f37c2f4e10 JavaThread "Monitor Deflation Thread"   daemon [_thread_blocked, id=11572, stack(0x000000b3efa00000,0x000000b3efb00000) (1024K)]
=>0x000001f37c2fa450 JavaThread "C2 CompilerThread0"         daemon [_thread_in_native, id=12124, stack(0x000000b3efb00000,0x000000b3efc00000) (1024K)]
  0x000001f37c2fb990 JavaThread "C1 CompilerThread0"         daemon [_thread_in_vm, id=11212, stack(0x000000b3efc00000,0x000000b3efd00000) (1024K)]
  0x000001f37c2f4780 JavaThread "Common-Cleaner"             daemon [_thread_blocked, id=11968, stack(0x000000b3efe00000,0x000000b3eff00000) (1024K)]
  0x000001f37c2f26b0 JavaThread "Notification Thread"        daemon [_thread_blocked, id=10852, stack(0x000000b3eff00000,0x000000b3f0000000) (1024K)]
  0x000001f37c2f54a0 JavaThread "Active Thread: Equinox Container: ee3c51b9-6b56-41af-8e44-4faf076d26a7"        [_thread_blocked, id=11904, stack(0x000000b3f0700000,0x000000b3f0800000) (1024K)]
  0x000001f37c2f3a60 JavaThread "Refresh Thread: Equinox Container: ee3c51b9-6b56-41af-8e44-4faf076d26a7" daemon [_thread_blocked, id=6160, stack(0x000000b3efd00000,0x000000b3efe00000) (1024K)]
  0x000001f37c2f2020 JavaThread "Framework Event Dispatcher: Equinox Container: ee3c51b9-6b56-41af-8e44-4faf076d26a7" daemon [_thread_blocked, id=6200, stack(0x000000b3f0800000,0x000000b3f0900000) (1024K)]
  0x000001f37c2f40f0 JavaThread "Start Level: Equinox Container: ee3c51b9-6b56-41af-8e44-4faf076d26a7" daemon [_thread_blocked, id=6192, stack(0x000000b3f0900000,0x000000b3f0a00000) (1024K)]
  0x000001f37c2f2d40 JavaThread "Bundle File Closer"         daemon [_thread_blocked, id=5804, stack(0x000000b3f0d00000,0x000000b3f0e00000) (1024K)]
  0x000001f37c2f33d0 JavaThread "SCR Component Actor"        daemon [_thread_blocked, id=3588, stack(0x000000b3f0c00000,0x000000b3f0d00000) (1024K)]
  0x000001f37cc3d560 JavaThread "Worker-JM"                         [_thread_blocked, id=3592, stack(0x000000b3f1000000,0x000000b3f1100000) (1024K)]
  0x000001f37cc3fcc0 JavaThread "JNA Cleaner"                daemon [_thread_blocked, id=3748, stack(0x000000b3f1100000,0x000000b3f1200000) (1024K)]
  0x000001f37cc40350 JavaThread "Worker-0: Initialize Workspace"        [_thread_blocked, id=3632, stack(0x000000b3f1200000,0x000000b3f1300000) (1024K)]
  0x000001f37cc3ced0 JavaThread "Worker-1"                          [_thread_blocked, id=3560, stack(0x000000b3f1300000,0x000000b3f1400000) (1024K)]
  0x000001f37cc3dbf0 JavaThread "Java indexing"              daemon [_thread_blocked, id=10780, stack(0x000000b3f1400000,0x000000b3f1500000) (1024K)]
  0x000001f37cc3e280 JavaThread "Worker-2: Initialize workspace"        [_thread_in_vm, id=6564, stack(0x000000b3f1500000,0x000000b3f1600000) (1024K)]
  0x000001f37cc3efa0 JavaThread "Worker-3"                          [_thread_blocked, id=3500, stack(0x000000b3f1600000,0x000000b3f1700000) (1024K)]
  0x000001f37cc3f630 JavaThread "Thread-1"                   daemon [_thread_in_native, id=3636, stack(0x000000b3f1700000,0x000000b3f1800000) (1024K)]
  0x000001f346345f60 JavaThread "Thread-2"                   daemon [_thread_in_native, id=3600, stack(0x000000b3f1800000,0x000000b3f1900000) (1024K)]
  0x000001f346343e90 JavaThread "Thread-3"                   daemon [_thread_in_native, id=1352, stack(0x000000b3f1900000,0x000000b3f1a00000) (1024K)]
  0x000001f3463458d0 JavaThread "Thread-4"                   daemon [_thread_in_native, id=952, stack(0x000000b3f1a00000,0x000000b3f1b00000) (1024K)]
  0x000001f346349a70 JavaThread "Thread-5"                   daemon [_thread_in_native, id=3544, stack(0x000000b3f1b00000,0x000000b3f1c00000) (1024K)]
  0x000001f346343170 JavaThread "Thread-6"                   daemon [_thread_in_native, id=3656, stack(0x000000b3f1c00000,0x000000b3f1d00000) (1024K)]
  0x000001f346342ae0 JavaThread "Thread-7"                   daemon [_thread_in_native, id=956, stack(0x000000b3f1d00000,0x000000b3f1e00000) (1024K)]
  0x000001f346345240 JavaThread "Thread-8"                   daemon [_thread_in_native, id=3580, stack(0x000000b3f1e00000,0x000000b3f1f00000) (1024K)]
  0x000001f34634a100 JavaThread "Thread-9"                   daemon [_thread_in_native, id=8500, stack(0x000000b3f1f00000,0x000000b3f2000000) (1024K)]
  0x000001f3463465f0 JavaThread "Thread-10"                  daemon [_thread_in_native, id=9548, stack(0x000000b3f2000000,0x000000b3f2100000) (1024K)]
  0x000001f3463486c0 JavaThread "Thread-11"                  daemon [_thread_in_native, id=4748, stack(0x000000b3f2100000,0x000000b3f2200000) (1024K)]
  0x000001f3463479a0 JavaThread "Thread-12"                  daemon [_thread_in_native, id=8756, stack(0x000000b3f2200000,0x000000b3f2300000) (1024K)]
  0x000001f346344520 JavaThread "Thread-13"                  daemon [_thread_in_native, id=5712, stack(0x000000b3f2300000,0x000000b3f2400000) (1024K)]
  0x000001f346348d50 JavaThread "pool-2-thread-1"                   [_thread_blocked, id=6604, stack(0x000000b3f2400000,0x000000b3f2500000) (1024K)]
  0x000001f346346c80 JavaThread "WorkspaceEventsHandler"            [_thread_blocked, id=10680, stack(0x000000b3f2500000,0x000000b3f2600000) (1024K)]
  0x000001f346347310 JavaThread "pool-1-thread-1"                   [_thread_blocked, id=10684, stack(0x000000b3f2600000,0x000000b3f2700000) (1024K)]
  0x000001f346348030 JavaThread "ForkJoinPool.commonPool-worker-1" daemon [_thread_blocked, id=5484, stack(0x000000b3f2700000,0x000000b3f2800000) (1024K)]
  0x000001f346344bb0 JavaThread "ForkJoinPool.commonPool-worker-2" daemon [_thread_blocked, id=2816, stack(0x000000b3f2800000,0x000000b3f2900000) (1024K)]
  0x000001f3463493e0 JavaThread "ForkJoinPool.commonPool-worker-3" daemon [_thread_blocked, id=7124, stack(0x000000b3f2900000,0x000000b3f2a00000) (1024K)]
  0x000001f346343800 JavaThread "ForkJoinPool.commonPool-worker-4" daemon [_thread_blocked, id=6520, stack(0x000000b3f2a00000,0x000000b3f2b00000) (1024K)]
  0x000001f37f131c30 JavaThread "ForkJoinPool.commonPool-worker-5" daemon [_thread_blocked, id=3520, stack(0x000000b3f2b00000,0x000000b3f2c00000) (1024K)]
  0x000001f37f1350b0 JavaThread "ForkJoinPool.commonPool-worker-6" daemon [_thread_blocked, id=6544, stack(0x000000b3f2c00000,0x000000b3f2d00000) (1024K)]
  0x000001f37f132950 JavaThread "ForkJoinPool.commonPool-worker-7" daemon [_thread_blocked, id=7396, stack(0x000000b3f2d00000,0x000000b3f2e00000) (1024K)]
  0x000001f37f132fe0 JavaThread "ForkJoinPool.commonPool-worker-8" daemon [_thread_blocked, id=6364, stack(0x000000b3f2e00000,0x000000b3f2f00000) (1024K)]
  0x000001f37f137ea0 JavaThread "ForkJoinPool.commonPool-worker-9" daemon [_thread_blocked, id=10764, stack(0x000000b3f2f00000,0x000000b3f3000000) (1024K)]
  0x000001f37f1322c0 JavaThread "ForkJoinPool.commonPool-worker-10" daemon [_thread_blocked, id=6548, stack(0x000000b3f3000000,0x000000b3f3100000) (1024K)]
  0x000001f37f133670 JavaThread "ForkJoinPool.commonPool-worker-11" daemon [_thread_blocked, id=11012, stack(0x000000b3f3100000,0x000000b3f3200000) (1024K)]
  0x000001f37eedbc20 JavaThread "C2 CompilerThread1"         daemon [_thread_in_native, id=12336, stack(0x000000b3f0e00000,0x000000b3f0f00000) (1024K)]
  0x000001f37eedc2f0 JavaThread "C2 CompilerThread2"         daemon [_thread_in_native, id=12348, stack(0x000000b3f0f00000,0x000000b3f1000000) (1024K)]
Total: 53

Other Threads:
  0x000001f37a3f4c30 VMThread "VM Thread"                           [id=12112, stack(0x000000b3ef400000,0x000000b3ef500000) (1024K)]
  0x000001f3639c0320 WatcherThread "VM Periodic Task Thread"        [id=8740, stack(0x000000b3ef300000,0x000000b3ef400000) (1024K)]
  0x000001f363973820 WorkerThread "GC Thread#0"                     [id=12120, stack(0x000000b3ef200000,0x000000b3ef300000) (1024K)]
  0x000001f37cb42e70 WorkerThread "GC Thread#1"                     [id=10976, stack(0x000000b3f0000000,0x000000b3f0100000) (1024K)]
  0x000001f37cb28cd0 WorkerThread "GC Thread#2"                     [id=10832, stack(0x000000b3f0100000,0x000000b3f0200000) (1024K)]
  0x000001f37cb29070 WorkerThread "GC Thread#3"                     [id=10924, stack(0x000000b3f0200000,0x000000b3f0300000) (1024K)]
  0x000001f37cb29410 WorkerThread "GC Thread#4"                     [id=11900, stack(0x000000b3f0300000,0x000000b3f0400000) (1024K)]
  0x000001f37cb297b0 WorkerThread "GC Thread#5"                     [id=11924, stack(0x000000b3f0400000,0x000000b3f0500000) (1024K)]
  0x000001f37cb29b50 WorkerThread "GC Thread#6"                     [id=10928, stack(0x000000b3f0500000,0x000000b3f0600000) (1024K)]
  0x000001f37c382780 WorkerThread "GC Thread#7"                     [id=6168, stack(0x000000b3f0600000,0x000000b3f0700000) (1024K)]
  0x000001f37cf29340 WorkerThread "GC Thread#8"                     [id=8096, stack(0x000000b3f0a00000,0x000000b3f0b00000) (1024K)]
  0x000001f37cf29a80 WorkerThread "GC Thread#9"                     [id=8060, stack(0x000000b3f0b00000,0x000000b3f0c00000) (1024K)]
Total: 12

Threads with active compile tasks:
C2 CompilerThread0  22606 11138       4       lombok.eclipse.EclipseAST::drill (80 bytes)
C1 CompilerThread0  22606 11453       3       org.eclipse.jdt.internal.core.Annotation::calculateHashCode (26 bytes)
C2 CompilerThread1  22606 10711   !   4       lombok.core.AST::buildWithField0 (121 bytes)
C2 CompilerThread2  22606 10716       4       lombok.eclipse.handlers.EclipseHandlerUtil::setGeneratedBy (10 bytes)
Total: 4

VM state: not at safepoint (normal execution)

VM Mutex/Monitor currently owned by a thread: None

Heap address: 0x0000000080000000, size: 2048 MB, Compressed Oops mode: 32-bit

CDS archive(s) mapped at: [0x000001f300000000-0x000001f300ba0000-0x000001f300ba0000), size 12189696, SharedBaseAddress: 0x000001f300000000, ArchiveRelocationMode: 1.
Compressed class space mapped at: 0x000001f301000000-0x000001f341000000, reserved size: 1073741824
Narrow klass base: 0x000001f300000000, Narrow klass shift: 0, Narrow klass range: 0x100000000

GC Precious Log:
 CardTable entry size: 512
 CPUs: 12 total, 12 available
 Memory: 16180M
 Large Page Support: Disabled
 NUMA Support: Disabled
 Compressed Oops: Enabled (32-bit)
 Alignments: Space 512K, Generation 512K, Heap 2M
 Heap Min Capacity: 100M
 Heap Initial Capacity: 100M
 Heap Max Capacity: 2G
 Pre-touch: Disabled
 Parallel Workers: 10

Heap:
 PSYoungGen      total 12288K, used 3490K [0x00000000d5580000, 0x00000000d6280000, 0x0000000100000000)
  eden space 11264K, 25% used [0x00000000d5580000,0x00000000d5858858,0x00000000d6080000)
  from space 1024K, 56% used [0x00000000d6080000,0x00000000d6110000,0x00000000d6180000)
  to   space 1024K, 0% used [0x00000000d6180000,0x00000000d6180000,0x00000000d6280000)
 ParOldGen       total 87040K, used 67919K [0x0000000080000000, 0x0000000085500000, 0x00000000d5580000)
  object space 87040K, 78% used [0x0000000080000000,0x0000000084253e60,0x0000000085500000)
 Metaspace       used 62120K, committed 63552K, reserved 1114112K
  class space    used 6606K, committed 7232K, reserved 1048576K

Card table byte_map: [0x000001f363300000,0x000001f363710000] _byte_map_base: 0x000001f362f00000

Marking Bits: (ParMarkBitMap*) 0x00007ffd9ebc2460
 Begin Bits: [0x000001f375e10000, 0x000001f377e10000)
 End Bits:   [0x000001f377e10000, 0x000001f379e10000)

Polling page: 0x000001f361800000

Metaspace:

Usage:
  Non-class:     54.21 MB used.
      Class:      6.45 MB used.
       Both:     60.66 MB used.

Virtual space:
  Non-class space:       64.00 MB reserved,      55.00 MB ( 86%) committed,  1 nodes.
      Class space:        1.00 GB reserved,       7.06 MB ( <1%) committed,  1 nodes.
             Both:        1.06 GB reserved,      62.06 MB (  6%) committed. 

Chunk freelists:
   Non-Class:  8.39 MB
       Class:  8.79 MB
        Both:  17.18 MB

MaxMetaspaceSize: unlimited
CompressedClassSpaceSize: 1.00 GB
Initial GC threshold: 21.00 MB
Current GC threshold: 97.31 MB
CDS: on
 - commit_granule_bytes: 65536.
 - commit_granule_words: 8192.
 - virtual_space_node_default_size: 8388608.
 - enlarge_chunks_in_place: 1.
 - use_allocation_guard: 0.


Internal statistics:

num_allocs_failed_limit: 9.
num_arena_births: 1338.
num_arena_deaths: 28.
num_vsnodes_births: 2.
num_vsnodes_deaths: 0.
num_space_committed: 993.
num_space_uncommitted: 0.
num_chunks_returned_to_freelist: 44.
num_chunks_taken_from_freelist: 4260.
num_chunk_merges: 13.
num_chunk_splits: 2634.
num_chunks_enlarged: 1529.
num_inconsistent_stats: 0.

CodeHeap 'non-profiled nmethods': size=120000Kb used=7631Kb max_used=7631Kb free=112368Kb
 bounds [0x000001f36e630000, 0x000001f36edb0000, 0x000001f375b60000]
CodeHeap 'profiled nmethods': size=120000Kb used=23996Kb max_used=23996Kb free=96003Kb
 bounds [0x000001f366b60000, 0x000001f3682d0000, 0x000001f36e090000]
CodeHeap 'non-nmethods': size=5760Kb used=1422Kb max_used=1578Kb free=4337Kb
 bounds [0x000001f36e090000, 0x000001f36e300000, 0x000001f36e630000]
CodeCache: size=245760Kb, used=33049Kb, max_used=33205Kb, free=212708Kb
 total_blobs=11403, nmethods=10668, adapters=640, full_count=0
Compilation: enabled, stopped_count=0, restarted_count=0

Compilation events (20 events):
Event: 22.562 Thread 0x000001f37c2fb990 11412       2       java.util.regex.Pattern$Dollar::study (14 bytes)
Event: 22.562 Thread 0x000001f37c2fb990 nmethod 11412 0x000001f3682b6b90 code [0x000001f3682b6d40, 0x000001f3682b6e90]
Event: 22.562 Thread 0x000001f37c2fb990 11413   !   2       lombok.core.FieldAugment$ReflectionFieldAugment::setIfAbsent (86 bytes)
Event: 22.562 Thread 0x000001f37c2fb990 nmethod 11413 0x000001f3682b6f90 code [0x000001f3682b7260, 0x000001f3682b7b58]
Event: 22.562 Thread 0x000001f37c2fb990 11414       2       org.eclipse.jdt.internal.compiler.ast.ASTNode::toString (18 bytes)
Event: 22.562 Thread 0x000001f37c2fb990 nmethod 11414 0x000001f3682b8290 code [0x000001f3682b8460, 0x000001f3682b86d8]
Event: 22.563 Thread 0x000001f37c2fb990 11416       2       lombok.core.handlers.InclusionExclusionUtils$2::compare (13 bytes)
Event: 22.563 Thread 0x000001f37c2fb990 nmethod 11416 0x000001f3682b8890 code [0x000001f3682b8a40, 0x000001f3682b8be0]
Event: 22.563 Thread 0x000001f37c2fb990 11417       2       lombok.core.handlers.InclusionExclusionUtils$2::compare (94 bytes)
Event: 22.563 Thread 0x000001f37c2fb990 nmethod 11417 0x000001f3682b8d10 code [0x000001f3682b8f80, 0x000001f3682b9530]
Event: 22.563 Thread 0x000001f37c2fb990 11419       2       org.eclipse.jdt.internal.compiler.ast.NumberLiteral::removePrefixZerosAndUnderscores (287 bytes)
Event: 22.564 Thread 0x000001f37c2fb990 nmethod 11419 0x000001f3682b9910 code [0x000001f3682b9b20, 0x000001f3682ba168]
Event: 22.564 Thread 0x000001f37c2fb990 11418       2       lombok.eclipse.handlers.SetGeneratedByVisitor::visit (19 bytes)
Event: 22.564 Thread 0x000001f37c2fb990 nmethod 11418 0x000001f3682ba510 code [0x000001f3682ba6c0, 0x000001f3682ba838]
Event: 22.564 Thread 0x000001f37c2fb990 11420       2       org.eclipse.jdt.internal.compiler.ast.IntLiteral::buildIntLiteral (119 bytes)
Event: 22.564 Thread 0x000001f37c2fb990 nmethod 11420 0x000001f3682ba990 code [0x000001f3682baba0, 0x000001f3682bb0a0]
Event: 22.565 Thread 0x000001f37c2fb990 11422       3       com.google.gson.internal.bind.TypeAdapters$7::write (10 bytes)
Event: 22.566 Thread 0x000001f37c2fb990 nmethod 11422 0x000001f3682bb310 code [0x000001f3682bb560, 0x000001f3682bbd40]
Event: 22.566 Thread 0x000001f37c2fb990 11423       2       java.net.URI::getSchemeSpecificPart (24 bytes)
Event: 22.566 Thread 0x000001f37c2fb990 nmethod 11423 0x000001f3682bc010 code [0x000001f3682bc1c0, 0x000001f3682bc348]

GC Heap History (20 events):
Event: 21.664 GC heap before
{Heap before GC invocations=116 (full 3):
 PSYoungGen      total 11776K, used 11751K [0x00000000d5580000, 0x00000000d6580000, 0x0000000100000000)
  eden space 11264K, 100% used [0x00000000d5580000,0x00000000d6080000,0x00000000d6080000)
  from space 512K, 95% used [0x00000000d6280000,0x00000000d62f9e68,0x00000000d6300000)
  to   space 2048K, 0% used [0x00000000d6080000,0x00000000d6080000,0x00000000d6280000)
 ParOldGen       total 87040K, used 63843K [0x0000000080000000, 0x0000000085500000, 0x00000000d5580000)
  object space 87040K, 73% used [0x0000000080000000,0x0000000083e58cb8,0x0000000085500000)
 Metaspace       used 59967K, committed 61376K, reserved 1114112K
  class space    used 6435K, committed 7040K, reserved 1048576K
}
Event: 21.665 GC heap after
{Heap after GC invocations=116 (full 3):
 PSYoungGen      total 12288K, used 688K [0x00000000d5580000, 0x00000000d6300000, 0x0000000100000000)
  eden space 11264K, 0% used [0x00000000d5580000,0x00000000d5580000,0x00000000d6080000)
  from space 1024K, 67% used [0x00000000d6080000,0x00000000d612c010,0x00000000d6180000)
  to   space 1024K, 0% used [0x00000000d6200000,0x00000000d6200000,0x00000000d6300000)
 ParOldGen       total 87040K, used 64322K [0x0000000080000000, 0x0000000085500000, 0x00000000d5580000)
  object space 87040K, 73% used [0x0000000080000000,0x0000000083ed0b20,0x0000000085500000)
 Metaspace       used 59967K, committed 61376K, reserved 1114112K
  class space    used 6435K, committed 7040K, reserved 1048576K
}
Event: 21.728 GC heap before
{Heap before GC invocations=117 (full 3):
 PSYoungGen      total 12288K, used 11952K [0x00000000d5580000, 0x00000000d6300000, 0x0000000100000000)
  eden space 11264K, 100% used [0x00000000d5580000,0x00000000d6080000,0x00000000d6080000)
  from space 1024K, 67% used [0x00000000d6080000,0x00000000d612c010,0x00000000d6180000)
  to   space 1024K, 0% used [0x00000000d6200000,0x00000000d6200000,0x00000000d6300000)
 ParOldGen       total 87040K, used 64322K [0x0000000080000000, 0x0000000085500000, 0x00000000d5580000)
  object space 87040K, 73% used [0x0000000080000000,0x0000000083ed0b20,0x0000000085500000)
 Metaspace       used 60069K, committed 61504K, reserved 1114112K
  class space    used 6442K, committed 7040K, reserved 1048576K
}
Event: 21.729 GC heap after
{Heap after GC invocations=117 (full 3):
 PSYoungGen      total 11776K, used 448K [0x00000000d5580000, 0x00000000d6280000, 0x0000000100000000)
  eden space 11264K, 0% used [0x00000000d5580000,0x00000000d5580000,0x00000000d6080000)
  from space 512K, 87% used [0x00000000d6200000,0x00000000d6270000,0x00000000d6280000)
  to   space 1024K, 0% used [0x00000000d6080000,0x00000000d6080000,0x00000000d6180000)
 ParOldGen       total 87040K, used 64826K [0x0000000080000000, 0x0000000085500000, 0x00000000d5580000)
  object space 87040K, 74% used [0x0000000080000000,0x0000000083f4eb40,0x0000000085500000)
 Metaspace       used 60069K, committed 61504K, reserved 1114112K
  class space    used 6442K, committed 7040K, reserved 1048576K
}
Event: 21.793 GC heap before
{Heap before GC invocations=118 (full 3):
 PSYoungGen      total 11776K, used 11712K [0x00000000d5580000, 0x00000000d6280000, 0x0000000100000000)
  eden space 11264K, 100% used [0x00000000d5580000,0x00000000d6080000,0x00000000d6080000)
  from space 512K, 87% used [0x00000000d6200000,0x00000000d6270000,0x00000000d6280000)
  to   space 1024K, 0% used [0x00000000d6080000,0x00000000d6080000,0x00000000d6180000)
 ParOldGen       total 87040K, used 64826K [0x0000000080000000, 0x0000000085500000, 0x00000000d5580000)
  object space 87040K, 74% used [0x0000000080000000,0x0000000083f4eb40,0x0000000085500000)
 Metaspace       used 60383K, committed 61760K, reserved 1114112K
  class space    used 6462K, committed 7040K, reserved 1048576K
}
Event: 21.794 GC heap after
{Heap after GC invocations=118 (full 3):
 PSYoungGen      total 12288K, used 992K [0x00000000d5580000, 0x00000000d6580000, 0x0000000100000000)
  eden space 11264K, 0% used [0x00000000d5580000,0x00000000d5580000,0x00000000d6080000)
  from space 1024K, 96% used [0x00000000d6080000,0x00000000d6178340,0x00000000d6180000)
  to   space 2560K, 0% used [0x00000000d6300000,0x00000000d6300000,0x00000000d6580000)
 ParOldGen       total 87040K, used 65769K [0x0000000080000000, 0x0000000085500000, 0x00000000d5580000)
  object space 87040K, 75% used [0x0000000080000000,0x000000008403a688,0x0000000085500000)
 Metaspace       used 60383K, committed 61760K, reserved 1114112K
  class space    used 6462K, committed 7040K, reserved 1048576K
}
Event: 21.814 GC heap before
{Heap before GC invocations=119 (full 3):
 PSYoungGen      total 12288K, used 12076K [0x00000000d5580000, 0x00000000d6580000, 0x0000000100000000)
  eden space 11264K, 98% used [0x00000000d5580000,0x00000000d6052e60,0x00000000d6080000)
  from space 1024K, 96% used [0x00000000d6080000,0x00000000d6178340,0x00000000d6180000)
  to   space 2560K, 0% used [0x00000000d6300000,0x00000000d6300000,0x00000000d6580000)
 ParOldGen       total 87040K, used 65769K [0x0000000080000000, 0x0000000085500000, 0x00000000d5580000)
  object space 87040K, 75% used [0x0000000080000000,0x000000008403a688,0x0000000085500000)
 Metaspace       used 60393K, committed 61760K, reserved 1114112K
  class space    used 6462K, committed 7040K, reserved 1048576K
}
Event: 21.815 GC heap after
{Heap after GC invocations=119 (full 3):
 PSYoungGen      total 12800K, used 1349K [0x00000000d5580000, 0x00000000d6480000, 0x0000000100000000)
  eden space 11264K, 0% used [0x00000000d5580000,0x00000000d5580000,0x00000000d6080000)
  from space 1536K, 87% used [0x00000000d6300000,0x00000000d6451538,0x00000000d6480000)
  to   space 2048K, 0% used [0x00000000d6080000,0x00000000d6080000,0x00000000d6280000)
 ParOldGen       total 87040K, used 66332K [0x0000000080000000, 0x0000000085500000, 0x00000000d5580000)
  object space 87040K, 76% used [0x0000000080000000,0x00000000840c70c0,0x0000000085500000)
 Metaspace       used 60393K, committed 61760K, reserved 1114112K
  class space    used 6462K, committed 7040K, reserved 1048576K
}
Event: 21.826 GC heap before
{Heap before GC invocations=120 (full 3):
 PSYoungGen      total 12800K, used 12500K [0x00000000d5580000, 0x00000000d6480000, 0x0000000100000000)
  eden space 11264K, 98% used [0x00000000d5580000,0x00000000d6063bb8,0x00000000d6080000)
  from space 1536K, 87% used [0x00000000d6300000,0x00000000d6451538,0x00000000d6480000)
  to   space 2048K, 0% used [0x00000000d6080000,0x00000000d6080000,0x00000000d6280000)
 ParOldGen       total 87040K, used 66332K [0x0000000080000000, 0x0000000085500000, 0x00000000d5580000)
  object space 87040K, 76% used [0x0000000080000000,0x00000000840c70c0,0x0000000085500000)
 Metaspace       used 60400K, committed 61760K, reserved 1114112K
  class space    used 6462K, committed 7040K, reserved 1048576K
}
Event: 21.827 GC heap after
{Heap after GC invocations=120 (full 3):
 PSYoungGen      total 12288K, used 982K [0x00000000d5580000, 0x00000000d6380000, 0x0000000100000000)
  eden space 11264K, 0% used [0x00000000d5580000,0x00000000d5580000,0x00000000d6080000)
  from space 1024K, 95% used [0x00000000d6080000,0x00000000d6175ac0,0x00000000d6180000)
  to   space 1536K, 0% used [0x00000000d6200000,0x00000000d6200000,0x00000000d6380000)
 ParOldGen       total 87040K, used 66356K [0x0000000080000000, 0x0000000085500000, 0x00000000d5580000)
  object space 87040K, 76% used [0x0000000080000000,0x00000000840cd0c0,0x0000000085500000)
 Metaspace       used 60400K, committed 61760K, reserved 1114112K
  class space    used 6462K, committed 7040K, reserved 1048576K
}
Event: 21.881 GC heap before
{Heap before GC invocations=121 (full 3):
 PSYoungGen      total 12288K, used 12246K [0x00000000d5580000, 0x00000000d6380000, 0x0000000100000000)
  eden space 11264K, 100% used [0x00000000d5580000,0x00000000d6080000,0x00000000d6080000)
  from space 1024K, 95% used [0x00000000d6080000,0x00000000d6175ac0,0x00000000d6180000)
  to   space 1536K, 0% used [0x00000000d6200000,0x00000000d6200000,0x00000000d6380000)
 ParOldGen       total 87040K, used 66356K [0x0000000080000000, 0x0000000085500000, 0x00000000d5580000)
  object space 87040K, 76% used [0x0000000080000000,0x00000000840cd0c0,0x0000000085500000)
 Metaspace       used 61471K, committed 62912K, reserved 1114112K
  class space    used 6558K, committed 7168K, reserved 1048576K
}
Event: 21.882 GC heap after
{Heap after GC invocations=121 (full 3):
 PSYoungGen      total 11776K, used 320K [0x00000000d5580000, 0x00000000d6280000, 0x0000000100000000)
  eden space 11264K, 0% used [0x00000000d5580000,0x00000000d5580000,0x00000000d6080000)
  from space 512K, 62% used [0x00000000d6200000,0x00000000d6250000,0x00000000d6280000)
  to   space 1024K, 0% used [0x00000000d6080000,0x00000000d6080000,0x00000000d6180000)
 ParOldGen       total 87040K, used 66364K [0x0000000080000000, 0x0000000085500000, 0x00000000d5580000)
  object space 87040K, 76% used [0x0000000080000000,0x00000000840cf0c0,0x0000000085500000)
 Metaspace       used 61471K, committed 62912K, reserved 1114112K
  class space    used 6558K, committed 7168K, reserved 1048576K
}
Event: 22.019 GC heap before
{Heap before GC invocations=122 (full 3):
 PSYoungGen      total 11776K, used 11584K [0x00000000d5580000, 0x00000000d6280000, 0x0000000100000000)
  eden space 11264K, 100% used [0x00000000d5580000,0x00000000d6080000,0x00000000d6080000)
  from space 512K, 62% used [0x00000000d6200000,0x00000000d6250000,0x00000000d6280000)
  to   space 1024K, 0% used [0x00000000d6080000,0x00000000d6080000,0x00000000d6180000)
 ParOldGen       total 87040K, used 66364K [0x0000000080000000, 0x0000000085500000, 0x00000000d5580000)
  object space 87040K, 76% used [0x0000000080000000,0x00000000840cf0c0,0x0000000085500000)
 Metaspace       used 61712K, committed 63168K, reserved 1114112K
  class space    used 6586K, committed 7232K, reserved 1048576K
}
Event: 22.020 GC heap after
{Heap after GC invocations=122 (full 3):
 PSYoungGen      total 12288K, used 545K [0x00000000d5580000, 0x00000000d6280000, 0x0000000100000000)
  eden space 11264K, 0% used [0x00000000d5580000,0x00000000d5580000,0x00000000d6080000)
  from space 1024K, 53% used [0x00000000d6080000,0x00000000d6108538,0x00000000d6180000)
  to   space 1024K, 0% used [0x00000000d6180000,0x00000000d6180000,0x00000000d6280000)
 ParOldGen       total 87040K, used 66532K [0x0000000080000000, 0x0000000085500000, 0x00000000d5580000)
  object space 87040K, 76% used [0x0000000080000000,0x00000000840f90c0,0x0000000085500000)
 Metaspace       used 61712K, committed 63168K, reserved 1114112K
  class space    used 6586K, committed 7232K, reserved 1048576K
}
Event: 22.105 GC heap before
{Heap before GC invocations=123 (full 3):
 PSYoungGen      total 12288K, used 11809K [0x00000000d5580000, 0x00000000d6280000, 0x0000000100000000)
  eden space 11264K, 100% used [0x00000000d5580000,0x00000000d6080000,0x00000000d6080000)
  from space 1024K, 53% used [0x00000000d6080000,0x00000000d6108538,0x00000000d6180000)
  to   space 1024K, 0% used [0x00000000d6180000,0x00000000d6180000,0x00000000d6280000)
 ParOldGen       total 87040K, used 66532K [0x0000000080000000, 0x0000000085500000, 0x00000000d5580000)
  object space 87040K, 76% used [0x0000000080000000,0x00000000840f90c0,0x0000000085500000)
 Metaspace       used 61795K, committed 63232K, reserved 1114112K
  class space    used 6586K, committed 7232K, reserved 1048576K
}
Event: 22.106 GC heap after
{Heap after GC invocations=123 (full 3):
 PSYoungGen      total 11776K, used 416K [0x00000000d5580000, 0x00000000d6200000, 0x0000000100000000)
  eden space 11264K, 0% used [0x00000000d5580000,0x00000000d5580000,0x00000000d6080000)
  from space 512K, 81% used [0x00000000d6180000,0x00000000d61e8000,0x00000000d6200000)
  to   space 512K, 0% used [0x00000000d6100000,0x00000000d6100000,0x00000000d6180000)
 ParOldGen       total 87040K, used 66789K [0x0000000080000000, 0x0000000085500000, 0x00000000d5580000)
  object space 87040K, 76% used [0x0000000080000000,0x00000000841395f8,0x0000000085500000)
 Metaspace       used 61795K, committed 63232K, reserved 1114112K
  class space    used 6586K, committed 7232K, reserved 1048576K
}
Event: 22.273 GC heap before
{Heap before GC invocations=124 (full 3):
 PSYoungGen      total 11776K, used 11680K [0x00000000d5580000, 0x00000000d6200000, 0x0000000100000000)
  eden space 11264K, 100% used [0x00000000d5580000,0x00000000d6080000,0x00000000d6080000)
  from space 512K, 81% used [0x00000000d6180000,0x00000000d61e8000,0x00000000d6200000)
  to   space 512K, 0% used [0x00000000d6100000,0x00000000d6100000,0x00000000d6180000)
 ParOldGen       total 87040K, used 66789K [0x0000000080000000, 0x0000000085500000, 0x00000000d5580000)
  object space 87040K, 76% used [0x0000000080000000,0x00000000841395f8,0x0000000085500000)
 Metaspace       used 61930K, committed 63360K, reserved 1114112K
  class space    used 6593K, committed 7232K, reserved 1048576K
}
Event: 22.274 GC heap after
{Heap after GC invocations=124 (full 3):
 PSYoungGen      total 11776K, used 480K [0x00000000d5580000, 0x00000000d6280000, 0x0000000100000000)
  eden space 11264K, 0% used [0x00000000d5580000,0x00000000d5580000,0x00000000d6080000)
  from space 512K, 93% used [0x00000000d6100000,0x00000000d6178010,0x00000000d6180000)
  to   space 1024K, 0% used [0x00000000d6180000,0x00000000d6180000,0x00000000d6280000)
 ParOldGen       total 87040K, used 67013K [0x0000000080000000, 0x0000000085500000, 0x00000000d5580000)
  object space 87040K, 76% used [0x0000000080000000,0x00000000841715f8,0x0000000085500000)
 Metaspace       used 61930K, committed 63360K, reserved 1114112K
  class space    used 6593K, committed 7232K, reserved 1048576K
}
Event: 22.508 GC heap before
{Heap before GC invocations=125 (full 3):
 PSYoungGen      total 11776K, used 11744K [0x00000000d5580000, 0x00000000d6280000, 0x0000000100000000)
  eden space 11264K, 100% used [0x00000000d5580000,0x00000000d6080000,0x00000000d6080000)
  from space 512K, 93% used [0x00000000d6100000,0x00000000d6178010,0x00000000d6180000)
  to   space 1024K, 0% used [0x00000000d6180000,0x00000000d6180000,0x00000000d6280000)
 ParOldGen       total 87040K, used 67013K [0x0000000080000000, 0x0000000085500000, 0x00000000d5580000)
  object space 87040K, 76% used [0x0000000080000000,0x00000000841715f8,0x0000000085500000)
 Metaspace       used 62086K, committed 63552K, reserved 1114112K
  class space    used 6606K, committed 7232K, reserved 1048576K
}
Event: 22.509 GC heap after
{Heap after GC invocations=125 (full 3):
 PSYoungGen      total 12288K, used 674K [0x00000000d5580000, 0x00000000d6280000, 0x0000000100000000)
  eden space 11264K, 0% used [0x00000000d5580000,0x00000000d5580000,0x00000000d6080000)
  from space 1024K, 65% used [0x00000000d6180000,0x00000000d6228a30,0x00000000d6280000)
  to   space 1024K, 0% used [0x00000000d6080000,0x00000000d6080000,0x00000000d6180000)
 ParOldGen       total 87040K, used 67434K [0x0000000080000000, 0x0000000085500000, 0x00000000d5580000)
  object space 87040K, 77% used [0x0000000080000000,0x00000000841da8a0,0x0000000085500000)
 Metaspace       used 62086K, committed 63552K, reserved 1114112K
  class space    used 6606K, committed 7232K, reserved 1048576K
}

Dll operation events (10 events):
Event: 0.006 Loaded shared library c:\Users\Administrateur\.vscode\extensions\redhat.java-1.50.0-win32-x64\jre\21.0.9-win32-x86_64\bin\java.dll
Event: 0.056 Loaded shared library c:\Users\Administrateur\.vscode\extensions\redhat.java-1.50.0-win32-x64\jre\21.0.9-win32-x86_64\bin\zip.dll
Event: 0.070 Loaded shared library C:\Users\Administrateur\.vscode\extensions\redhat.java-1.50.0-win32-x64\jre\21.0.9-win32-x86_64\bin\instrument.dll
Event: 0.089 Loaded shared library C:\Users\Administrateur\.vscode\extensions\redhat.java-1.50.0-win32-x64\jre\21.0.9-win32-x86_64\bin\net.dll
Event: 0.123 Loaded shared library C:\Users\Administrateur\.vscode\extensions\redhat.java-1.50.0-win32-x64\jre\21.0.9-win32-x86_64\bin\nio.dll
Event: 0.126 Loaded shared library C:\Users\Administrateur\.vscode\extensions\redhat.java-1.50.0-win32-x64\jre\21.0.9-win32-x86_64\bin\zip.dll
Event: 0.142 Loaded shared library C:\Users\Administrateur\.vscode\extensions\redhat.java-1.50.0-win32-x64\jre\21.0.9-win32-x86_64\bin\jimage.dll
Event: 0.230 Loaded shared library c:\Users\Administrateur\.vscode\extensions\redhat.java-1.50.0-win32-x64\jre\21.0.9-win32-x86_64\bin\verify.dll
Event: 5.576 Loaded shared library C:\Users\Administrateur\AppData\Roaming\Code\User\globalStorage\redhat.java\1.50.0\config_win\org.eclipse.equinox.launcher\org.eclipse.equinox.launcher.win32.win32.x86_64_1.2.1400.v20250801-0854\eclipse_11916.dll
Event: 12.404 Loaded shared library C:\Users\Administrateur\AppData\Local\Temp\1\jna-253705784\jna9189329257568847158.dll

Deoptimization events (20 events):
Event: 22.254 Thread 0x000001f37cc3e280 Uncommon trap: trap_request=0xffffffc6 fr.pc=0x000001f36ed25a3c relative=0x000000000000059c
Event: 22.254 Thread 0x000001f37cc3e280 Uncommon trap: reason=bimorphic_or_optimized_type_check action=maybe_recompile pc=0x000001f36ed25a3c method=lombok.eclipse.handlers.EclipseHandlerUtil.typeMatches(Ljava/lang/String;Llombok/eclipse/EclipseNode;Lorg/eclipse/jdt/internal/compiler/ast/TypeRef
Event: 22.254 Thread 0x000001f37cc3e280 DEOPT PACKING pc=0x000001f36ed25a3c sp=0x000000b3f15fe640
Event: 22.254 Thread 0x000001f37cc3e280 DEOPT UNPACKING pc=0x000001f36e0e3aa2 sp=0x000000b3f15fe5e0 mode 2
Event: 22.315 Thread 0x000001f37cc3e280 Uncommon trap: trap_request=0xffffffc6 fr.pc=0x000001f36ed25a3c relative=0x000000000000059c
Event: 22.315 Thread 0x000001f37cc3e280 Uncommon trap: reason=bimorphic_or_optimized_type_check action=maybe_recompile pc=0x000001f36ed25a3c method=lombok.eclipse.handlers.EclipseHandlerUtil.typeMatches(Ljava/lang/String;Llombok/eclipse/EclipseNode;Lorg/eclipse/jdt/internal/compiler/ast/TypeRef
Event: 22.315 Thread 0x000001f37cc3e280 DEOPT PACKING pc=0x000001f36ed25a3c sp=0x000000b3f15fe640
Event: 22.315 Thread 0x000001f37cc3e280 DEOPT UNPACKING pc=0x000001f36e0e3aa2 sp=0x000000b3f15fe5e0 mode 2
Event: 22.315 Thread 0x000001f37cc3e280 Uncommon trap: trap_request=0xffffffc6 fr.pc=0x000001f36ed25a3c relative=0x000000000000059c
Event: 22.315 Thread 0x000001f37cc3e280 Uncommon trap: reason=bimorphic_or_optimized_type_check action=maybe_recompile pc=0x000001f36ed25a3c method=lombok.eclipse.handlers.EclipseHandlerUtil.typeMatches(Ljava/lang/String;Llombok/eclipse/EclipseNode;Lorg/eclipse/jdt/internal/compiler/ast/TypeRef
Event: 22.315 Thread 0x000001f37cc3e280 DEOPT PACKING pc=0x000001f36ed25a3c sp=0x000000b3f15fe640
Event: 22.315 Thread 0x000001f37cc3e280 DEOPT UNPACKING pc=0x000001f36e0e3aa2 sp=0x000000b3f15fe5e0 mode 2
Event: 22.496 Thread 0x000001f37cc3e280 Uncommon trap: trap_request=0xffffffde fr.pc=0x000001f36ed58238 relative=0x0000000000000eb8
Event: 22.496 Thread 0x000001f37cc3e280 Uncommon trap: reason=class_check action=maybe_recompile pc=0x000001f36ed58238 method=lombok.eclipse.EclipseNode.traverse(Llombok/eclipse/EclipseASTVisitor;)V @ 588 c2
Event: 22.496 Thread 0x000001f37cc3e280 DEOPT PACKING pc=0x000001f36ed58238 sp=0x000000b3f15fe4a0
Event: 22.496 Thread 0x000001f37cc3e280 DEOPT UNPACKING pc=0x000001f36e0e3aa2 sp=0x000000b3f15fe428 mode 2
Event: 22.496 Thread 0x000001f37cc3e280 Uncommon trap: trap_request=0xffffffde fr.pc=0x000001f36ed58238 relative=0x0000000000000eb8
Event: 22.496 Thread 0x000001f37cc3e280 Uncommon trap: reason=class_check action=maybe_recompile pc=0x000001f36ed58238 method=lombok.eclipse.EclipseNode.traverse(Llombok/eclipse/EclipseASTVisitor;)V @ 588 c2
Event: 22.496 Thread 0x000001f37cc3e280 DEOPT PACKING pc=0x000001f36ed58238 sp=0x000000b3f15fe4a0
Event: 22.496 Thread 0x000001f37cc3e280 DEOPT UNPACKING pc=0x000001f36e0e3aa2 sp=0x000000b3f15fe428 mode 2

Classes loaded (20 events):
Event: 21.483 Loading class java/nio/file/Files$2
Event: 21.483 Loading class java/nio/file/Files$2 done
Event: 21.511 Loading class java/util/Hashtable$ValueCollection
Event: 21.511 Loading class java/util/Hashtable$ValueCollection done
Event: 21.580 Loading class java/util/stream/DistinctOps
Event: 21.580 Loading class java/util/stream/DistinctOps done
Event: 21.580 Loading class java/util/stream/DistinctOps$1
Event: 21.581 Loading class java/util/stream/DistinctOps$1 done
Event: 21.583 Loading class java/util/stream/DistinctOps$1$2
Event: 21.583 Loading class java/util/stream/DistinctOps$1$2 done
Event: 21.867 Loading class java/util/stream/ReferencePipeline$4
Event: 21.867 Loading class java/util/stream/ReferencePipeline$4 done
Event: 21.867 Loading class java/util/stream/Nodes$IntFixedNodeBuilder
Event: 21.867 Loading class java/util/stream/Node$Builder$OfInt
Event: 21.867 Loading class java/util/stream/Node$Builder$OfInt done
Event: 21.867 Loading class java/util/stream/Nodes$IntArrayNode
Event: 21.867 Loading class java/util/stream/Nodes$IntArrayNode done
Event: 21.868 Loading class java/util/stream/Nodes$IntFixedNodeBuilder done
Event: 21.868 Loading class java/util/stream/ReferencePipeline$4$1
Event: 21.868 Loading class java/util/stream/ReferencePipeline$4$1 done

Classes unloaded (14 events):
Event: 12.701 Thread 0x000001f37a3f4c30 Unloading class 0x000001f3011aa800 'java/lang/invoke/LambdaForm$MH+0x000001f3011aa800'
Event: 12.701 Thread 0x000001f37a3f4c30 Unloading class 0x000001f3011aa400 'java/lang/invoke/LambdaForm$MH+0x000001f3011aa400'
Event: 12.701 Thread 0x000001f37a3f4c30 Unloading class 0x000001f3011aa000 'java/lang/invoke/LambdaForm$MH+0x000001f3011aa000'
Event: 12.701 Thread 0x000001f37a3f4c30 Unloading class 0x000001f3011a9c00 'java/lang/invoke/LambdaForm$MH+0x000001f3011a9c00'
Event: 12.701 Thread 0x000001f37a3f4c30 Unloading class 0x000001f3011a9800 'java/lang/invoke/LambdaForm$BMH+0x000001f3011a9800'
Event: 12.701 Thread 0x000001f37a3f4c30 Unloading class 0x000001f3011a9400 'java/lang/invoke/LambdaForm$DMH+0x000001f3011a9400'
Event: 12.701 Thread 0x000001f37a3f4c30 Unloading class 0x000001f3011a8000 'java/lang/invoke/LambdaForm$DMH+0x000001f3011a8000'
Event: 21.408 Thread 0x000001f37a3f4c30 Unloading class 0x000001f3016c9400 'java/lang/invoke/LambdaForm$MH+0x000001f3016c9400'
Event: 21.408 Thread 0x000001f37a3f4c30 Unloading class 0x000001f3016c8800 'java/lang/invoke/LambdaForm$MH+0x000001f3016c8800'
Event: 21.408 Thread 0x000001f37a3f4c30 Unloading class 0x000001f3016c8400 'java/lang/invoke/LambdaForm$MH+0x000001f3016c8400'
Event: 21.408 Thread 0x000001f37a3f4c30 Unloading class 0x000001f301641800 'java/lang/invoke/LambdaForm$DMH+0x000001f301641800'
Event: 21.408 Thread 0x000001f37a3f4c30 Unloading class 0x000001f301641c00 'java/lang/invoke/LambdaForm$DMH+0x000001f301641c00'
Event: 21.408 Thread 0x000001f37a3f4c30 Unloading class 0x000001f301642000 'java/lang/invoke/LambdaForm$DMH+0x000001f301642000'
Event: 21.408 Thread 0x000001f37a3f4c30 Unloading class 0x000001f301642400 'java/lang/invoke/LambdaForm$DMH+0x000001f301642400'

Classes redefined (0 events):
No events

Internal exceptions (20 events):
Event: 20.055 Thread 0x000001f3463493e0 Exception <a 'sun/nio/fs/WindowsException'{0x00000000d5a5d640}> (0x00000000d5a5d640) 
thrown [s\src\hotspot\share\prims\jni.cpp, line 520]
Event: 20.055 Thread 0x000001f3463493e0 Exception <a 'sun/nio/fs/WindowsException'{0x00000000d5a5e000}> (0x00000000d5a5e000) 
thrown [s\src\hotspot\share\prims\jni.cpp, line 520]
Event: 20.059 Thread 0x000001f37cc3e280 Implicit null exception at 0x000001f36eb18a09 to 0x000001f36eb18b20
Event: 20.834 Thread 0x000001f37f131c30 Exception <a 'java/lang/IncompatibleClassChangeError'{0x00000000d5ddb788}: Found class java.lang.Object, but interface was expected> (0x00000000d5ddb788) 
thrown [s\src\hotspot\share\interpreter\linkResolver.cpp, line 840]
Event: 20.871 Thread 0x000001f37f131c30 Implicit null exception at 0x000001f36e9fcea9 to 0x000001f36e9fd4b4
Event: 20.871 Thread 0x000001f37f131c30 Implicit null exception at 0x000001f36eab1620 to 0x000001f36eab1c08
Event: 20.944 Thread 0x000001f37cc3e280 Exception <a 'java/lang/NoSuchMethodError'{0x00000000d59deac8}: 'java.lang.Object java.lang.invoke.DirectMethodHandle$Holder.invokeSpecial(java.lang.Object, java.lang.Object, int, long)'> (0x00000000d59deac8) 
thrown [s\src\hotspot\share\interpreter\linkResolver.cpp, line 773]
Event: 20.947 Thread 0x000001f37f1322c0 Exception <a 'sun/nio/fs/WindowsException'{0x00000000d5d0f1e8}> (0x00000000d5d0f1e8) 
thrown [s\src\hotspot\share\prims\jni.cpp, line 520]
Event: 20.947 Thread 0x000001f37f1322c0 Exception <a 'sun/nio/fs/WindowsException'{0x00000000d5d0fbc8}> (0x00000000d5d0fbc8) 
thrown [s\src\hotspot\share\prims\jni.cpp, line 520]
Event: 20.947 Thread 0x000001f37cc3e280 Exception <a 'sun/nio/fs/WindowsException'{0x00000000d5c9a1b8}> (0x00000000d5c9a1b8) 
thrown [s\src\hotspot\share\prims\jni.cpp, line 520]
Event: 20.947 Thread 0x000001f37cc3e280 Exception <a 'sun/nio/fs/WindowsException'{0x00000000d5c9a8c8}> (0x00000000d5c9a8c8) 
thrown [s\src\hotspot\share\prims\jni.cpp, line 520]
Event: 21.368 Thread 0x000001f37cc3e280 Implicit null exception at 0x000001f36ebfd328 to 0x000001f36ebfd6cc
Event: 21.484 Thread 0x000001f37f131c30 Exception <a 'java/lang/NoSuchMethodError'{0x00000000d5764538}: 'int java.lang.invoke.DirectMethodHandle$Holder.invokeSpecialIFC(java.lang.Object, java.lang.Object, java.lang.Object)'> (0x00000000d5764538) 
thrown [s\src\hotspot\share\interpreter\linkResolver.cpp, line 773]
Event: 21.522 Thread 0x000001f37cc3e280 Exception <a 'java/lang/NoSuchMethodError'{0x00000000d5d16308}: 'java.lang.Object java.lang.invoke.DirectMethodHandle$Holder.invokeStatic(java.lang.Object, java.lang.Object, int, java.lang.Object)'> (0x00000000d5d16308) 
thrown [s\src\hotspot\share\interpreter\linkResolver.cpp, line 773]
Event: 21.522 Thread 0x000001f37cc3e280 Exception <a 'java/lang/NoSuchMethodError'{0x00000000d5d1c938}: 'java.lang.Object java.lang.invoke.DirectMethodHandle$Holder.newInvokeSpecial(java.lang.Object, java.lang.Object, int)'> (0x00000000d5d1c938) 
thrown [s\src\hotspot\share\interpreter\linkResolver.cpp, line 773]
Event: 21.569 Thread 0x000001f37cc3e280 Exception <a 'java/lang/NoSuchMethodError'{0x00000000d57a8468}: 'java.lang.Object java.lang.invoke.DirectMethodHandle$Holder.invokeStatic(java.lang.Object, java.lang.Object, int, int)'> (0x00000000d57a8468) 
thrown [s\src\hotspot\share\interpreter\linkResolver.cpp, line 773]
Event: 21.570 Thread 0x000001f37cc3e280 Exception <a 'java/lang/NoSuchMethodError'{0x00000000d57ac0e8}: 'java.lang.Object java.lang.invoke.DirectMethodHandle$Holder.invokeSpecial(java.lang.Object, java.lang.Object, java.lang.Object, int, int)'> (0x00000000d57ac0e8) 
thrown [s\src\hotspot\share\interpreter\linkResolver.cpp, line 773]
Event: 21.573 Thread 0x000001f37f131c30 Implicit null exception at 0x000001f36e7a3cab to 0x000001f36e7a5dcc
Event: 21.615 Thread 0x000001f37cc3e280 Implicit null exception at 0x000001f36e7a23f0 to 0x000001f36e7a286c
Event: 22.157 Thread 0x000001f37cc3e280 Exception <a 'java/lang/NoSuchMethodError'{0x00000000d5928600}: 'void java.lang.invoke.DelegatingMethodHandle$Holder.reinvoke_L(java.lang.Object, java.lang.Object, java.lang.Object, int, java.lang.Object, int, int)'> (0x00000000d5928600) 
thrown [s\src\hotspot\share\interpreter\linkResolver.cpp, line 773]

ZGC Phase Switch (0 events):
No events

VM Operations (20 events):
Event: 21.728 Executing VM operation: ParallelGCFailedAllocation (Allocation Failure)
Event: 21.729 Executing VM operation: ParallelGCFailedAllocation (Allocation Failure) done
Event: 21.793 Executing VM operation: ParallelGCFailedAllocation (Allocation Failure)
Event: 21.794 Executing VM operation: ParallelGCFailedAllocation (Allocation Failure) done
Event: 21.814 Executing VM operation: ParallelGCFailedAllocation (Allocation Failure)
Event: 21.815 Executing VM operation: ParallelGCFailedAllocation (Allocation Failure) done
Event: 21.826 Executing VM operation: ParallelGCFailedAllocation (Allocation Failure)
Event: 21.827 Executing VM operation: ParallelGCFailedAllocation (Allocation Failure) done
Event: 21.866 Executing VM operation: HandshakeAllThreads (Deoptimize)
Event: 21.866 Executing VM operation: HandshakeAllThreads (Deoptimize) done
Event: 21.881 Executing VM operation: ParallelGCFailedAllocation (Allocation Failure)
Event: 21.882 Executing VM operation: ParallelGCFailedAllocation (Allocation Failure) done
Event: 22.019 Executing VM operation: ParallelGCFailedAllocation (Allocation Failure)
Event: 22.020 Executing VM operation: ParallelGCFailedAllocation (Allocation Failure) done
Event: 22.105 Executing VM operation: ParallelGCFailedAllocation (Allocation Failure)
Event: 22.106 Executing VM operation: ParallelGCFailedAllocation (Allocation Failure) done
Event: 22.273 Executing VM operation: ParallelGCFailedAllocation (Allocation Failure)
Event: 22.274 Executing VM operation: ParallelGCFailedAllocation (Allocation Failure) done
Event: 22.508 Executing VM operation: ParallelGCFailedAllocation (Allocation Failure)
Event: 22.509 Executing VM operation: ParallelGCFailedAllocation (Allocation Failure) done

Memory protections (0 events):
No events

Nmethod flushes (20 events):
Event: 21.420 Thread 0x000001f37a3f4c30 flushing  nmethod 0x000001f3672eee90
Event: 21.420 Thread 0x000001f37a3f4c30 flushing  nmethod 0x000001f367301690
Event: 21.420 Thread 0x000001f37a3f4c30 flushing  nmethod 0x000001f367303210
Event: 21.420 Thread 0x000001f37a3f4c30 flushing  nmethod 0x000001f367318190
Event: 21.420 Thread 0x000001f37a3f4c30 flushing osr nmethod 0x000001f367360c90
Event: 21.420 Thread 0x000001f37a3f4c30 flushing osr nmethod 0x000001f367379090
Event: 21.420 Thread 0x000001f37a3f4c30 flushing  nmethod 0x000001f367381490
Event: 21.420 Thread 0x000001f37a3f4c30 flushing  nmethod 0x000001f367396010
Event: 21.420 Thread 0x000001f37a3f4c30 flushing  nmethod 0x000001f367399210
Event: 21.420 Thread 0x000001f37a3f4c30 flushing  nmethod 0x000001f3673b3490
Event: 21.420 Thread 0x000001f37a3f4c30 flushing  nmethod 0x000001f3673b3a90
Event: 21.420 Thread 0x000001f37a3f4c30 flushing  nmethod 0x000001f3673b7c10
Event: 21.420 Thread 0x000001f37a3f4c30 flushing  nmethod 0x000001f3673b8310
Event: 21.420 Thread 0x000001f37a3f4c30 flushing  nmethod 0x000001f3673b8a90
Event: 21.420 Thread 0x000001f37a3f4c30 flushing  nmethod 0x000001f3673bab10
Event: 21.420 Thread 0x000001f37a3f4c30 flushing  nmethod 0x000001f367453790
Event: 21.420 Thread 0x000001f37a3f4c30 flushing  nmethod 0x000001f367456390
Event: 21.420 Thread 0x000001f37a3f4c30 flushing  nmethod 0x000001f36745b690
Event: 21.420 Thread 0x000001f37a3f4c30 flushing  nmethod 0x000001f36745be10
Event: 21.420 Thread 0x000001f37a3f4c30 flushing  nmethod 0x000001f367469790

Events (20 events):
Event: 17.907 Thread 0x000001f37c2fb990 Thread added: 0x000001f37eedc2f0
Event: 18.179 Thread 0x000001f37eedc2f0 Thread exited: 0x000001f37eedc2f0
Event: 18.179 Thread 0x000001f37eeda0e0 Thread exited: 0x000001f37eeda0e0
Event: 18.907 Thread 0x000001f37c2fb990 Thread added: 0x000001f37eedbc20
Event: 19.154 Thread 0x000001f37eedbc20 Thread exited: 0x000001f37eedbc20
Event: 19.242 Thread 0x000001f37f1315a0 Thread exited: 0x000001f37f1315a0
Event: 19.242 Thread 0x000001f37f137810 Thread exited: 0x000001f37f137810
Event: 19.242 Thread 0x000001f37f136af0 Thread exited: 0x000001f37f136af0
Event: 19.242 Thread 0x000001f37c9c23b0 Thread exited: 0x000001f37c9c23b0
Event: 19.242 Thread 0x000001f37f138530 Thread exited: 0x000001f37f138530
Event: 19.244 Thread 0x000001f37c2fb990 Thread added: 0x000001f37eeda0e0
Event: 19.247 Thread 0x000001f37c2fb990 Thread added: 0x000001f37eedbc20
Event: 19.592 Thread 0x000001f37eedbc20 Thread exited: 0x000001f37eedbc20
Event: 19.893 Thread 0x000001f37eeda0e0 Thread exited: 0x000001f37eeda0e0
Event: 20.053 Thread 0x000001f37c2fa450 Thread added: 0x000001f37eedbc20
Event: 20.065 Thread 0x000001f37c2fb990 Thread added: 0x000001f37eeda0e0
Event: 20.528 Thread 0x000001f37eeda0e0 Thread exited: 0x000001f37eeda0e0
Event: 20.528 Thread 0x000001f37eedbc20 Thread exited: 0x000001f37eedbc20
Event: 20.825 Thread 0x000001f37c2fb990 Thread added: 0x000001f37eedbc20
Event: 20.840 Thread 0x000001f37c2fb990 Thread added: 0x000001f37eedc2f0


Dynamic libraries:
0x00007ff7cafd0000 - 0x00007ff7cafde000 	c:\Users\Administrateur\.vscode\extensions\redhat.java-1.50.0-win32-x64\jre\21.0.9-win32-x86_64\bin\java.exe
0x00007ffddc300000 - 0x00007ffddc501000 	C:\Windows\SYSTEM32\ntdll.dll
0x00007ffddac90000 - 0x00007ffddad4c000 	C:\Windows\System32\KERNEL32.DLL
0x00007ffdd9ec0000 - 0x00007ffdda230000 	C:\Windows\System32\KERNELBASE.dll
0x00007ffdd9b00000 - 0x00007ffdd9c10000 	C:\Windows\System32\ucrtbase.dll
0x00007ffd9ed70000 - 0x00007ffd9ed8e000 	c:\Users\Administrateur\.vscode\extensions\redhat.java-1.50.0-win32-x64\jre\21.0.9-win32-x86_64\bin\VCRUNTIME140.dll
0x00007ffd9ed50000 - 0x00007ffd9ed68000 	c:\Users\Administrateur\.vscode\extensions\redhat.java-1.50.0-win32-x64\jre\21.0.9-win32-x86_64\bin\jli.dll
0x00007ffdda2d0000 - 0x00007ffdda475000 	C:\Windows\System32\USER32.dll
0x00007ffdd9ad0000 - 0x00007ffdd9af6000 	C:\Windows\System32\win32u.dll
0x00007ffdb4f20000 - 0x00007ffdb51c5000 	C:\Windows\WinSxS\amd64_microsoft.windows.common-controls_6595b64144ccf1df_6.0.20348.3804_none_9472f657eef4e288\COMCTL32.dll
0x00007ffddba50000 - 0x00007ffddba7c000 	C:\Windows\System32\GDI32.dll
0x00007ffddbbc0000 - 0x00007ffddbc63000 	C:\Windows\System32\msvcrt.dll
0x00007ffdd9c10000 - 0x00007ffdd9d2d000 	C:\Windows\System32\gdi32full.dll
0x00007ffdd9e20000 - 0x00007ffdd9ec0000 	C:\Windows\System32\msvcp_win.dll
0x00007ffdda290000 - 0x00007ffdda2c1000 	C:\Windows\System32\IMM32.DLL
0x00007ffd9f4f0000 - 0x00007ffd9f4fc000 	c:\Users\Administrateur\.vscode\extensions\redhat.java-1.50.0-win32-x64\jre\21.0.9-win32-x86_64\bin\vcruntime140_1.dll
0x00007ffd9f460000 - 0x00007ffd9f4ed000 	c:\Users\Administrateur\.vscode\extensions\redhat.java-1.50.0-win32-x64\jre\21.0.9-win32-x86_64\bin\msvcp140.dll
0x00007ffd9df00000 - 0x00007ffd9eca0000 	c:\Users\Administrateur\.vscode\extensions\redhat.java-1.50.0-win32-x64\jre\21.0.9-win32-x86_64\bin\server\jvm.dll
0x00007ffddb890000 - 0x00007ffddb941000 	C:\Windows\System32\ADVAPI32.dll
0x00007ffddba80000 - 0x00007ffddbb22000 	C:\Windows\System32\sechost.dll
0x00007ffdd9d30000 - 0x00007ffdd9d57000 	C:\Windows\System32\bcrypt.dll
0x00007ffddaac0000 - 0x00007ffddabde000 	C:\Windows\System32\RPCRT4.dll
0x00007ffddabe0000 - 0x00007ffddac51000 	C:\Windows\System32\WS2_32.dll
0x00007ffdd95b0000 - 0x00007ffdd95fd000 	C:\Windows\SYSTEM32\POWRPROF.dll
0x00007ffdc9d40000 - 0x00007ffdc9d4a000 	C:\Windows\SYSTEM32\VERSION.dll
0x00007ffdc7530000 - 0x00007ffdc7557000 	C:\Windows\SYSTEM32\WINMM.dll
0x00007ffdd9590000 - 0x00007ffdd95a3000 	C:\Windows\SYSTEM32\UMPDC.dll
0x00007ffdd8090000 - 0x00007ffdd80a7000 	C:\Windows\SYSTEM32\kernel.appcore.dll
0x00007ffda01c0000 - 0x00007ffda01ca000 	c:\Users\Administrateur\.vscode\extensions\redhat.java-1.50.0-win32-x64\jre\21.0.9-win32-x86_64\bin\jimage.dll
0x00007ffdcb920000 - 0x00007ffdcbb40000 	C:\Windows\SYSTEM32\DBGHELP.DLL
0x00007ffdc5af0000 - 0x00007ffdc5b20000 	C:\Windows\SYSTEM32\dbgcore.DLL
0x00007ffdd9870000 - 0x00007ffdd98ef000 	C:\Windows\System32\bcryptPrimitives.dll
0x00007ffda01b0000 - 0x00007ffda01bf000 	c:\Users\Administrateur\.vscode\extensions\redhat.java-1.50.0-win32-x64\jre\21.0.9-win32-x86_64\bin\instrument.dll
0x00007ffda0190000 - 0x00007ffda01b0000 	c:\Users\Administrateur\.vscode\extensions\redhat.java-1.50.0-win32-x64\jre\21.0.9-win32-x86_64\bin\java.dll
0x00007ffddb130000 - 0x00007ffddb88a000 	C:\Windows\System32\SHELL32.dll
0x00007ffdd3650000 - 0x00007ffdd3e93000 	C:\Windows\SYSTEM32\windows.storage.dll
0x00007ffdda750000 - 0x00007ffddaac0000 	C:\Windows\System32\combase.dll
0x00007ffddad50000 - 0x00007ffddae3a000 	C:\Windows\System32\SHCORE.dll
0x00007ffddbd00000 - 0x00007ffddbd5f000 	C:\Windows\System32\shlwapi.dll
0x00007ffdd97a0000 - 0x00007ffdd97c1000 	C:\Windows\SYSTEM32\profapi.dll
0x00007ffd9ff90000 - 0x00007ffd9ffa8000 	c:\Users\Administrateur\.vscode\extensions\redhat.java-1.50.0-win32-x64\jre\21.0.9-win32-x86_64\bin\zip.dll
0x00007ffd9fee0000 - 0x00007ffd9fef0000 	C:\Users\Administrateur\.vscode\extensions\redhat.java-1.50.0-win32-x64\jre\21.0.9-win32-x86_64\bin\net.dll
0x00007ffdcb720000 - 0x00007ffdcb828000 	C:\Windows\SYSTEM32\WINHTTP.dll
0x00007ffdd8d10000 - 0x00007ffdd8d78000 	C:\Windows\system32\mswsock.dll
0x00007ffd9f0d0000 - 0x00007ffd9f0e6000 	C:\Users\Administrateur\.vscode\extensions\redhat.java-1.50.0-win32-x64\jre\21.0.9-win32-x86_64\bin\nio.dll
0x00007ffd9f0c0000 - 0x00007ffd9f0d0000 	c:\Users\Administrateur\.vscode\extensions\redhat.java-1.50.0-win32-x64\jre\21.0.9-win32-x86_64\bin\verify.dll
0x00007ffd89010000 - 0x00007ffd89054000 	C:\Users\Administrateur\AppData\Roaming\Code\User\globalStorage\redhat.java\1.50.0\config_win\org.eclipse.equinox.launcher\org.eclipse.equinox.launcher.win32.win32.x86_64_1.2.1400.v20250801-0854\eclipse_11916.dll
0x00007ffdda610000 - 0x00007ffdda746000 	C:\Windows\System32\ole32.dll
0x00007ffdd8ff0000 - 0x00007ffdd900b000 	C:\Windows\SYSTEM32\CRYPTSP.dll
0x00007ffdd87f0000 - 0x00007ffdd8828000 	C:\Windows\system32\rsaenh.dll
0x00007ffdd8db0000 - 0x00007ffdd8dde000 	C:\Windows\SYSTEM32\USERENV.dll
0x00007ffdd8f00000 - 0x00007ffdd8f0c000 	C:\Windows\SYSTEM32\CRYPTBASE.dll
0x00007ffdd8a10000 - 0x00007ffdd8a3d000 	C:\Windows\SYSTEM32\IPHLPAPI.DLL
0x00007ffddbcf0000 - 0x00007ffddbcf9000 	C:\Windows\System32\NSI.dll
0x00007ffda1600000 - 0x00007ffda1649000 	C:\Users\Administrateur\AppData\Local\Temp\1\jna-253705784\jna9189329257568847158.dll
0x00007ffddae40000 - 0x00007ffddae48000 	C:\Windows\System32\PSAPI.DLL
0x00007ffdccab0000 - 0x00007ffdccac9000 	C:\Windows\SYSTEM32\dhcpcsvc6.DLL
0x00007ffdcc920000 - 0x00007ffdcc93d000 	C:\Windows\SYSTEM32\dhcpcsvc.DLL

JVMTI agents:
c:\Users\Administrateur\.vscode\extensions\redhat.java-1.50.0-win32-x64\lombok\lombok-1.18.39-4050.jar path:c:\Users\Administrateur\.vscode\extensions\redhat.java-1.50.0-win32-x64\jre\21.0.9-win32-x86_64\bin\instrument.dll, loaded, initialized, instrumentlib options:none

dbghelp: loaded successfully - version: 4.0.5 - missing functions: none
symbol engine: initialized successfully - sym options: 0x614 - pdb path: .;c:\Users\Administrateur\.vscode\extensions\redhat.java-1.50.0-win32-x64\jre\21.0.9-win32-x86_64\bin;C:\Windows\SYSTEM32;C:\Windows\WinSxS\amd64_microsoft.windows.common-controls_6595b64144ccf1df_6.0.20348.3804_none_9472f657eef4e288;c:\Users\Administrateur\.vscode\extensions\redhat.java-1.50.0-win32-x64\jre\21.0.9-win32-x86_64\bin\server;C:\Users\Administrateur\AppData\Roaming\Code\User\globalStorage\redhat.java\1.50.0\config_win\org.eclipse.equinox.launcher\org.eclipse.equinox.launcher.win32.win32.x86_64_1.2.1400.v20250801-0854;C:\Users\Administrateur\AppData\Local\Temp\1\jna-253705784

VM Arguments:
jvm_args: --add-modules=ALL-SYSTEM --add-opens=java.base/java.util=ALL-UNNAMED --add-opens=java.base/java.lang=ALL-UNNAMED --add-opens=java.base/sun.nio.fs=ALL-UNNAMED -Declipse.application=org.eclipse.jdt.ls.core.id1 -Dosgi.bundles.defaultStartLevel=4 -Declipse.product=org.eclipse.jdt.ls.core.product -Djava.import.generatesMetadataFilesAtProjectRoot=false -DDetectVMInstallationsJob.disabled=true -Dfile.encoding=utf8 -XX:+UseParallelGC -XX:GCTimeRatio=4 -XX:AdaptiveSizePolicyWeight=90 -Dsun.zip.disableMemoryMapping=true -Xmx2G -Xms100m -Xlog:disable -javaagent:c:\Users\Administrateur\.vscode\extensions\redhat.java-1.50.0-win32-x64\lombok\lombok-1.18.39-4050.jar -XX:+HeapDumpOnOutOfMemoryError -XX:HeapDumpPath=c:\Users\Administrateur\AppData\Roaming\Code\User\workspaceStorage\90dad1b5abc0a2ea38ed7bd479fed4d3\redhat.java -Daether.dependencyCollector.impl=bf 
java_command: c:\Users\Administrateur\.vscode\extensions\redhat.java-1.50.0-win32-x64\server\plugins\org.eclipse.equinox.launcher_1.7.100.v20251111-0406.jar -configuration c:\Users\Administrateur\AppData\Roaming\Code\User\globalStorage\redhat.java\1.50.0\config_win -data c:\Users\Administrateur\AppData\Roaming\Code\User\workspaceStorage\90dad1b5abc0a2ea38ed7bd479fed4d3\redhat.java\jdt_ws --pipe=\\.\pipe\lsp-739cee0a3d14587f5f85181e712bc9b8-sock
java_class_path (initial): c:\Users\Administrateur\.vscode\extensions\redhat.java-1.50.0-win32-x64\server\plugins\org.eclipse.equinox.launcher_1.7.100.v20251111-0406.jar
Launcher Type: SUN_STANDARD

[Global flags]
    uintx AdaptiveSizePolicyWeight                 = 90                                        {product} {command line}
     intx CICompilerCount                          = 4                                         {product} {ergonomic}
    uintx GCTimeRatio                              = 4                                         {product} {command line}
     bool HeapDumpOnOutOfMemoryError               = true                                   {manageable} {command line}
    ccstr HeapDumpPath                             = c:\Users\Administrateur\AppData\Roaming\Code\User\workspaceStorage\90dad1b5abc0a2ea38ed7bd479fed4d3\redhat.java         {manageable} {command line}
   size_t InitialHeapSize                          = 104857600                                 {product} {command line}
   size_t MaxHeapSize                              = 2147483648                                {product} {command line}
   size_t MaxNewSize                               = 715653120                                 {product} {ergonomic}
   size_t MinHeapDeltaBytes                        = 524288                                    {product} {ergonomic}
   size_t MinHeapSize                              = 104857600                                 {product} {command line}
   size_t NewSize                                  = 34603008                                  {product} {ergonomic}
    uintx NonNMethodCodeHeapSize                   = 5839372                                {pd product} {ergonomic}
    uintx NonProfiledCodeHeapSize                  = 122909434                              {pd product} {ergonomic}
   size_t OldSize                                  = 70254592                                  {product} {ergonomic}
    uintx ProfiledCodeHeapSize                     = 122909434                              {pd product} {ergonomic}
    uintx ReservedCodeCacheSize                    = 251658240                              {pd product} {ergonomic}
     bool SegmentedCodeCache                       = true                                      {product} {ergonomic}
   size_t SoftMaxHeapSize                          = 2147483648                             {manageable} {ergonomic}
     bool UseCompressedOops                        = true                           {product lp64_product} {ergonomic}
     bool UseLargePagesIndividualAllocation        = false                                  {pd product} {ergonomic}
     bool UseParallelGC                            = true                                      {product} {command line}

Logging:
Log output configuration:
 #0: stdout all=off uptime,level,tags foldmultilines=false
 #1: stderr all=off uptime,level,tags foldmultilines=false

Release file:
JAVA_VERSION="21.0.9" 
MODULES="java.base java.compiler java.datatransfer java.xml java.prefs java.desktop java.instrument java.logging java.management java.security.sasl java.naming java.rmi java.management.rmi java.net.http java.scripting java.security.jgss java.transaction.xa java.sql java.sql.rowset java.xml.crypto java.se java.smartcardio jdk.accessibility jdk.internal.jvmstat jdk.attach jdk.charsets jdk.internal.opt jdk.zipfs jdk.compiler jdk.crypto.ec jdk.crypto.cryptoki jdk.crypto.mscapi jdk.dynalink jdk.internal.ed jdk.editpad jdk.hotspot.agent jdk.httpserver jdk.internal.le jdk.internal.vm.ci jdk.internal.vm.compiler jdk.internal.vm.compiler.management jdk.jartool jdk.javadoc jdk.jcmd jdk.management jdk.management.agent jdk.jconsole jdk.jdeps jdk.jdwp.agent jdk.jdi jdk.jfr jdk.jshell jdk.jsobject jdk.jstatd jdk.localedata jdk.management.jfr jdk.naming.dns jdk.naming.rmi jdk.net jdk.nio.mapmode jdk.random jdk.sctp jdk.security.auth jdk.security.jgss jdk.unsupported jdk.unsupported.desktop jdk.xml.dom" 

Environment Variables:
PATH=C:\Program Files\Eclipse Adoptium\jdk-25.0.0.36-hotspot\bin;C:\Program Files\Eclipse Adoptium\jdk-21.0.7.6-hotspot\bin;C:\Program Files\Common Files\Oracle\Java\javapath;C:\Windows\system32;C:\Windows;C:\Windows\System32\Wbem;C:\Windows\System32\WindowsPowerShell\v1.0\;C:\Windows\System32\OpenSSH\;C:\Program Files\dotnet\;C:\Program Files\nodejs\;C:\Program Files\Microsoft SQL Server\150\Tools\Binn\;C:\Program Files\Microsoft SQL Server\Client SDK\ODBC\170\Tools\Binn\;C:\Program Files (x86)\Microsoft SQL Server\160\Tools\Binn\;C:\Program Files\Microsoft SQL Server\160\Tools\Binn\;C:\Program Files\Microsoft SQL Server\160\DTS\Binn\;C:\xampp\php;C:\ProgramData\ComposerSetup\bin;C:\Program Files\Git\cmd;C:\Program Files\Docker\Docker\resources\bin;C:\apache-maven-3.9.11\bin;C:\Users\Administrateur\AppData\Local\Programs\Python\Python313\Scripts\;C:\Users\Administrateur\AppData\Local\Programs\Python\Python313\;C:\Users\Administrateur\AppData\Local\Programs\Python\Launcher\;C:\Users\Administrateur\scoop\shims;C:\Users\Administrateur\AppData\Local\Microsoft\WindowsApps;C:\Users\Administrateur\AppData\Roaming\npm;C:\Users\Administrateur\.dotnet\tools;C:\Users\Administrateur\AppData\Roaming\Composer\vendor\bin;C:\Program Files\JetBrains\PhpStorm 2025.2.1\bin;C:\Users\Administrateur\AppData\Local\Programs\mongosh\;C:\Users\Administrateur\AppData\Local\Programs\Microsoft VS Code\bin
USERNAME=Administrateur
OS=Windows_NT
PROCESSOR_IDENTIFIER=Intel64 Family 6 Model 158 Stepping 10, GenuineIntel
TMP=C:\Users\ADMINI~1\AppData\Local\Temp\1
TEMP=C:\Users\ADMINI~1\AppData\Local\Temp\1




Periodic native trim disabled

---------------  S Y S T E M  ---------------

OS:
 Windows Server 2022 , 64 bit Build 20348 (10.0.20348.3692)
OS uptime: 0 days 0:00 hours
Hyper-V role detected

CPU: total 12 (initial active 12) (6 cores per cpu, 2 threads per core) family 6 model 158 stepping 10 microcode 0xf8, cx8, cmov, fxsr, ht, mmx, 3dnowpref, sse, sse2, sse3, ssse3, sse4.1, sse4.2, popcnt, lzcnt, tsc, tscinvbit, avx, avx2, aes, erms, clmul, bmi1, bmi2, rtm, adx, fma, vzeroupper, clflush, clflushopt, hv, rdtscp, f16c
Processor Information for the first 12 processors :
  Max Mhz: 3192, Current Mhz: 3192, Mhz Limit: 3192

Memory: 4k page, system-wide physical 16180M (9436M free)
TotalPageFile size 18612M (AvailPageFile size 9964M)
current process WorkingSet (physical memory assigned to process): 471M, peak: 476M
current process commit charge ("private bytes"): 553M, peak: 560M

vm_info: OpenJDK 64-Bit Server VM (21.0.9+10-LTS) for windows-amd64 JRE (21.0.9+10-LTS), built on 2025-10-21T00:00:00Z by "admin" with unknown MS VC++:1942

END.
