#
# A fatal error has been detected by the Java Runtime Environment:
#
#  EXCEPTION_ACCESS_VIOLATION (0xc0000005) at pc=0x00007ffba91cfc70, pid=13908, tid=14608
#
# JRE version: OpenJDK Runtime Environment Temurin-21.0.8+9 (21.0.8+9) (build 21.0.8+9-LTS)
# Java VM: OpenJDK 64-Bit Server VM Temurin-21.0.8+9 (21.0.8+9-LTS, mixed mode, sharing, tiered, compressed oops, compressed class ptrs, parallel gc, windows-amd64)
# Problematic frame:
# V  [jvm.dll+0x2ffc70]
#
# Core dump will be written. Default location: c:\Users\Administrateur\Desktop\CleanHive\hs_err_pid13908.mdmp
#
# If you would like to submit a bug report, please visit:
#   https://github.com/adoptium/adoptium-support/issues
#

---------------  S U M M A R Y ------------

Command Line: --add-modules=ALL-SYSTEM --add-opens=java.base/java.util=ALL-UNNAMED --add-opens=java.base/java.lang=ALL-UNNAMED --add-opens=java.base/sun.nio.fs=ALL-UNNAMED -Declipse.application=org.eclipse.jdt.ls.core.id1 -Dosgi.bundles.defaultStartLevel=4 -Declipse.product=org.eclipse.jdt.ls.core.product -Djava.import.generatesMetadataFilesAtProjectRoot=false -DDetectVMInstallationsJob.disabled=true -Dfile.encoding=utf8 -XX:+UseParallelGC -XX:GCTimeRatio=4 -XX:AdaptiveSizePolicyWeight=90 -Dsun.zip.disableMemoryMapping=true -Xmx2G -Xms100m -Xlog:disable -javaagent:c:\Users\Administrateur\.vscode\extensions\redhat.java-1.46.0-win32-x64\lombok\lombok-1.18.39-4050.jar c:\Users\Administrateur\.vscode\extensions\redhat.java-1.46.0-win32-x64\server\plugins\org.eclipse.equinox.launcher_1.7.0.v20250519-0528.jar -configuration c:\Users\Administrateur\AppData\Roaming\Code\User\globalStorage\redhat.java\1.46.0\config_ss_win -data c:\Users\Administrateur\AppData\Roaming\Code\User\workspaceStorage\90dad1b5abc0a2ea38ed7bd479fed4d3\redhat.java\ss_ws --pipe=\\.\pipe\lsp-afa3c02a0377e4e694ac4552f052863e-sock

Host: Intel(R) Core(TM) i7-8700 CPU @ 3.20GHz, 12 cores, 15G,  Windows Server 2022 , 64 bit Build 20348 (10.0.20348.3692)
Time: Tue Oct 21 10:27:20 2025 elapsed time: 482.901305 seconds (0d 0h 8m 2s)

---------------  T H R E A D  ---------------

Current thread (0x0000023d8795ece0):  JavaThread "C2 CompilerThread2" daemon [_thread_in_native, id=14608, stack(0x0000003d75e00000,0x0000003d75f00000) (1024K)]


Current CompileTask:
C2:482901 3984       4       java.lang.Throwable::printEnclosedStackTrace (350 bytes)

Stack: [0x0000003d75e00000,0x0000003d75f00000],  sp=0x0000003d75efbd60,  free space=1007k
Native frames: (J=compiled Java code, j=interpreted, Vv=VM code, C=native code)
V  [jvm.dll+0x2ffc70]
V  [jvm.dll+0x300a4a]
V  [jvm.dll+0x24a62f]
V  [jvm.dll+0x2483a4]
V  [jvm.dll+0x1c89ee]
V  [jvm.dll+0x257d4d]
V  [jvm.dll+0x2562ea]
V  [jvm.dll+0x3f2d16]
V  [jvm.dll+0x857e6b]
V  [jvm.dll+0x6d0b0d]
C  [ucrtbase.dll+0x26b4c]
C  [KERNEL32.DLL+0x14cb0]
C  [ntdll.dll+0x7edcb]


siginfo: EXCEPTION_ACCESS_VIOLATION (0xc0000005), reading address 0x0000023989d370f0


Registers:
RAX=0x0000000000000001, RBX=0x0000000000000000, RCX=0x0000023d89d366c0, RDX=0x0000023d88e0fb58
RSP=0x0000003d75efbd60, RBP=0x0000003d75efbe60, RSI=0x0000023989d370f0, RDI=0x0000000000000000
R8 =0x0000003d75efc2a0, R9 =0x0000003d75efbef0, R10=0x00007ffba98d34b0, R11=0x8080808080808080
R12=0x0000023989d370f8, R13=0x0000023d88de7bf0, R14=0x0000000000000008, R15=0x0000000000000002
RIP=0x00007ffba91cfc70, EFLAGS=0x0000000000010293

XMM[0]=0x0000000000000000 0x0000000000000000
XMM[1]=0x0000000000000000 0x0000000000000000
XMM[2]=0x0000000000000000 0x0000000000000000
XMM[3]=0x0000000000000000 0x0000000000000000
XMM[4]=0x0000000000000000 0x0000000000000000
XMM[5]=0x0000000000000000 0x0000000000000000
XMM[6]=0x0000000000000000 0x0000000000000000
XMM[7]=0x0000000000000000 0x0000000000000000
XMM[8]=0x0000000000000000 0x0000000000000000
XMM[9]=0x0000000000000000 0x0000000000000000
XMM[10]=0x0000000000000000 0x0000000000000000
XMM[11]=0x0000000000000000 0x0000000000000000
XMM[12]=0x0000000000000000 0x0000000000000000
XMM[13]=0x0000000000000000 0x0000000000000000
XMM[14]=0x0000000000000000 0x0000000000000000
XMM[15]=0x0000000000000000 0x0000000000000000
  MXCSR=0x00001fa0


Register to memory mapping:

RAX=0x0000000000000001 is an unknown value
RBX=0x0 is null
RCX=0x0000023d89d366c0 points into unknown readable memory: 0x00007ffba98b6fa0 | a0 6f 8b a9 fb 7f 00 00
RDX=0x0000023d88e0fb58 points into unknown readable memory: 0x0000000200000000 | 00 00 00 00 02 00 00 00
RSP=0x0000003d75efbd60 is pointing into the stack for thread: 0x0000023d8795ece0
RBP=0x0000003d75efbe60 is pointing into the stack for thread: 0x0000023d8795ece0
RSI=0x0000023989d370f0 is an unknown value
RDI=0x0 is null
R8 =0x0000003d75efc2a0 is pointing into the stack for thread: 0x0000023d8795ece0
R9 =0x0000003d75efbef0 is pointing into the stack for thread: 0x0000023d8795ece0
R10=0x00007ffba98d34b0 jvm.dll
R11=0x8080808080808080 is an unknown value
R12=0x0000023989d370f8 is an unknown value
R13=0x0000023d88de7bf0 points into unknown readable memory: 0x0000023d884bf210 | 10 f2 4b 88 3d 02 00 00
R14=0x0000000000000008 is an unknown value
R15=0x0000000000000002 is an unknown value

Top of Stack: (sp=0x0000003d75efbd60)
0x0000003d75efbd60:   00000000000008a8 0000023d82702270
0x0000003d75efbd70:   0000003d75efbe60 0000023d88de7b80
0x0000003d75efbd80:   0000023d00000080 00007ffbe6f4da3e
0x0000003d75efbd90:   0000000000000040 00007ffb00000137
0x0000003d75efbda0:   0000023d89d707d0 0000000200000002
0x0000003d75efbdb0:   0000000200000002 0000000200000008
0x0000003d75efbdc0:   0000000000000006 0000023d89d70830
0x0000003d75efbdd0:   0000004000000021 0000023d886eda90
0x0000003d75efbde0:   0000000000000000 0000004000000021
0x0000003d75efbdf0:   0000023d886ed890 0000000000000000
0x0000003d75efbe00:   0000000200000000 0000023d89d70830
0x0000003d75efbe10:   0000000000000000 0000023d886edcb0
0x0000003d75efbe20:   0000000200000000 0000023d89d707d0
0x0000003d75efbe30:   0000000000000000 0000023d89d70840
0x0000003d75efbe40:   0000023d89d70860 0000023d89d707e0
0x0000003d75efbe50:   0000023d89d707f0 0000023d89d70800
0x0000003d75efbe60:   0000003d75efe290 0000023d89d366c0
0x0000003d75efbe70:   0000000200000000 0000023d89d70840
0x0000003d75efbe80:   0000000000000000 0000000200000000
0x0000003d75efbe90:   0000023d89d707f0 0000000000000000
0x0000003d75efbea0:   0000000200000000 0000023d89d707e0
0x0000003d75efbeb0:   0000000000000000 0000000200000000
0x0000003d75efbec0:   0000023d89d70860 0000000000000000
0x0000003d75efbed0:   0000000200000000 0000023d89d70800
0x0000003d75efbee0:   0000000000000000 00007ffba8f95d53
0x0000003d75efbef0:   0000023d884bf210 0000003d00000004
0x0000003d75efbf00:   0000023d89d707a8 0000000000000000
0x0000003d75efbf10:   0000003d00000002 0000023d89d707c8
0x0000003d75efbf20:   0000023d00000002 0000023d884bf210
0x0000003d75efbf30:   0000003d00000000 0000023d88de7bb0
0x0000003d75efbf40:   0000003d75ef0000 0000000000000000
0x0000003d75efbf50:   0000023d8823ad50 00007ffba91cca00 

Instructions: (pc=0x00007ffba91cfc70)
0x00007ffba91cfb70:   75 28 e9 db 00 00 00 41 83 7c 24 18 05 0f 86 d3
0x00007ffba91cfb80:   00 00 00 48 8b 9d 90 01 00 00 49 8b d4 48 8b 4b
0x00007ffba91cfb90:   68 48 8b 89 68 09 00 00 e8 43 2c dd ff 48 8b 4b
0x00007ffba91cfba0:   68 49 8b d4 e8 77 86 3f 00 e9 a8 00 00 00 48 63
0x00007ffba91cfbb0:   75 70 3b 74 24 54 0f 85 8a 00 00 00 8d 7e 01 89
0x00007ffba91cfbc0:   7c 24 54 85 ff 7e 07 8d 47 ff 85 c7 74 10 0f bd
0x00007ffba91cfbd0:   cf bf 01 00 00 00 ff c1 d3 e7 89 7c 24 54 ba 08
0x00007ffba91cfbe0:   00 00 00 89 7d 74 8b cf e8 03 18 0a 00 45 33 c9
0x00007ffba91cfbf0:   48 8b d8 85 f6 7e 2a 48 8b d0 44 8b c6 48 8b 45
0x00007ffba91cfc00:   f8 44 8b ce 48 2b c2 66 0f 1f 84 00 00 00 00 00
0x00007ffba91cfc10:   48 8b 0c 10 48 89 0a 48 8d 52 08 49 83 e8 01 75
0x00007ffba91cfc20:   ef 44 3b cf 7d 18 49 63 c1 44 8b c7 45 2b c1 33
0x00007ffba91cfc30:   d2 49 c1 e0 03 48 8d 0c c3 e8 74 e4 64 00 48 89
0x00007ffba91cfc40:   5d f8 48 89 5d 78 48 8b 4d f8 48 8b c6 ff c6 89
0x00007ffba91cfc50:   75 70 4c 89 24 c1 49 8b 74 24 10 41 8b 44 24 20
0x00007ffba91cfc60:   4c 8d 24 c6 49 3b f4 73 7b 0f 1f 80 00 00 00 00
0x00007ffba91cfc70:   4c 8b 3e 41 8b 7f 28 8b df c1 eb 05 41 3b 5d 20
0x00007ffba91cfc80:   72 0b 8b d3 49 8d 4d 20 e8 63 74 59 00 49 8b 45
0x00007ffba91cfc90:   28 83 e7 1f 48 8d 14 98 40 0f b6 cf 41 b8 01 00
0x00007ffba91cfca0:   00 00 41 d3 e0 8b 0a 8b c1 41 0b c0 89 02 41 85
0x00007ffba91cfcb0:   c8 75 23 41 8b 5d 18 8d 43 01 41 89 45 18 41 3b
0x00007ffba91cfcc0:   5d 08 72 0a 8b d3 49 8b cd e8 12 da 3a 00 49 8b
0x00007ffba91cfcd0:   45 10 4c 89 3c d8 48 83 c6 08 49 3b f4 72 91 44
0x00007ffba91cfce0:   8b 74 24 58 48 8b 75 08 8b 46 2c 83 e0 03 3c 03
0x00007ffba91cfcf0:   0f 85 ae 00 00 00 4c 63 7c 24 60 45 3b fe 0f 85
0x00007ffba91cfd00:   90 00 00 00 45 8d 77 01 44 89 74 24 58 41 8b fe
0x00007ffba91cfd10:   45 85 f6 7e 05 45 85 fe 74 14 41 0f bd ce 41 be
0x00007ffba91cfd20:   01 00 00 00 ff c1 41 d3 e6 44 89 74 24 58 ba 08
0x00007ffba91cfd30:   00 00 00 41 8b ce e8 b5 16 0a 00 45 33 c9 48 8b
0x00007ffba91cfd40:   d8 45 85 ff 7e 2b 48 8b d0 45 8b c7 48 8b 45 b8
0x00007ffba91cfd50:   45 8b cf 48 2b c2 66 66 0f 1f 84 00 00 00 00 00
0x00007ffba91cfd60:   48 8b 0c 10 48 89 0a 48 8d 52 08 49 83 e8 01 75 


Stack slot to memory mapping:

stack at sp + 0 slots: 0x00000000000008a8 is an unknown value
stack at sp + 1 slots: 0x0000023d82702270 points into unknown readable memory: 0x00007ffba98d13e8 | e8 13 8d a9 fb 7f 00 00
stack at sp + 2 slots: 0x0000003d75efbe60 is pointing into the stack for thread: 0x0000023d8795ece0
stack at sp + 3 slots: 0x0000023d88de7b80 points into unknown readable memory: 0x0000215d0000215d | 5d 21 00 00 5d 21 00 00
stack at sp + 4 slots: 0x0000023d00000080 is an unknown value
stack at sp + 5 slots: 0x00007ffbe6f4da3e KERNELBASE.dll
stack at sp + 6 slots: 0x0000000000000040 is an unknown value
stack at sp + 7 slots: 0x00007ffb00000137 is an unknown value


---------------  P R O C E S S  ---------------

Threads class SMR info:
_java_thread_list=0x0000023d879e9350, length=37, elements={
0x0000023d287a8840, 0x0000023d28752b10, 0x0000023d28754270, 0x0000023d28759210,
0x0000023d28759ce0, 0x0000023d82122ec0, 0x0000023d82120760, 0x0000023d821324b0,
0x0000023d2875e860, 0x0000023d821221a0, 0x0000023d82120df0, 0x0000023d82121480,
0x0000023d82121b10, 0x0000023d82122830, 0x0000023d82123550, 0x0000023d821200d0,
0x0000023d872fe200, 0x0000023d872fad80, 0x0000023d872fd4e0, 0x0000023d872fc7c0,
0x0000023d872fc130, 0x0000023d872fa6f0, 0x0000023d872fdb70, 0x0000023d872fce50,
0x0000023d872ffc40, 0x0000023d87300960, 0x0000023d872fb410, 0x0000023d872fbaa0,
0x0000023d872fe890, 0x0000023d872fef20, 0x0000023d872ff5b0, 0x0000023d873002d0,
0x0000023d87300ff0, 0x0000023d872fa060, 0x0000023d87301680, 0x0000023d82bf5420,
0x0000023d8795ece0
}

Java Threads: ( => current thread )
  0x0000023d287a8840 JavaThread "main"                              [_thread_blocked, id=492, stack(0x0000003d76000000,0x0000003d76100000) (1024K)]
  0x0000023d28752b10 JavaThread "Reference Handler"          daemon [_thread_blocked, id=3148, stack(0x0000003d76400000,0x0000003d76500000) (1024K)]
  0x0000023d28754270 JavaThread "Finalizer"                  daemon [_thread_blocked, id=14500, stack(0x0000003d76500000,0x0000003d76600000) (1024K)]
  0x0000023d28759210 JavaThread "Signal Dispatcher"          daemon [_thread_blocked, id=2736, stack(0x0000003d76600000,0x0000003d76700000) (1024K)]
  0x0000023d28759ce0 JavaThread "Attach Listener"            daemon [_thread_blocked, id=12148, stack(0x0000003d76700000,0x0000003d76800000) (1024K)]
  0x0000023d82122ec0 JavaThread "Service Thread"             daemon [_thread_blocked, id=12192, stack(0x0000003d76800000,0x0000003d76900000) (1024K)]
  0x0000023d82120760 JavaThread "Monitor Deflation Thread"   daemon [_thread_blocked, id=12684, stack(0x0000003d76900000,0x0000003d76a00000) (1024K)]
  0x0000023d821324b0 JavaThread "C2 CompilerThread0"         daemon [_thread_in_native, id=4492, stack(0x0000003d76a00000,0x0000003d76b00000) (1024K)]
  0x0000023d2875e860 JavaThread "C1 CompilerThread0"         daemon [_thread_blocked, id=3668, stack(0x0000003d76b00000,0x0000003d76c00000) (1024K)]
  0x0000023d821221a0 JavaThread "Common-Cleaner"             daemon [_thread_blocked, id=14252, stack(0x0000003d76c00000,0x0000003d76d00000) (1024K)]
  0x0000023d82120df0 JavaThread "Notification Thread"        daemon [_thread_blocked, id=1484, stack(0x0000003d76e00000,0x0000003d76f00000) (1024K)]
  0x0000023d82121480 JavaThread "Active Thread: Equinox Container: aa688ece-b0e9-40ac-b3db-ceb034f25659"        [_thread_blocked, id=13884, stack(0x0000003d77600000,0x0000003d77700000) (1024K)]
  0x0000023d82121b10 JavaThread "Framework Event Dispatcher: Equinox Container: aa688ece-b0e9-40ac-b3db-ceb034f25659" daemon [_thread_blocked, id=13348, stack(0x0000003d77700000,0x0000003d77800000) (1024K)]
  0x0000023d82122830 JavaThread "Start Level: Equinox Container: aa688ece-b0e9-40ac-b3db-ceb034f25659" daemon [_thread_blocked, id=5840, stack(0x0000003d77800000,0x0000003d77900000) (1024K)]
  0x0000023d82123550 JavaThread "SCR Component Actor"        daemon [_thread_blocked, id=10096, stack(0x0000003d77a00000,0x0000003d77b00000) (1024K)]
  0x0000023d821200d0 JavaThread "Worker-JM"                         [_thread_blocked, id=4480, stack(0x0000003d76f00000,0x0000003d77000000) (1024K)]
  0x0000023d872fe200 JavaThread "Worker-0"                          [_thread_blocked, id=13328, stack(0x0000003d77d00000,0x0000003d77e00000) (1024K)]
  0x0000023d872fad80 JavaThread "Worker-1"                          [_thread_blocked, id=13804, stack(0x0000003d77e00000,0x0000003d77f00000) (1024K)]
  0x0000023d872fd4e0 JavaThread "JNA Cleaner"                daemon [_thread_blocked, id=10160, stack(0x0000003d78000000,0x0000003d78100000) (1024K)]
  0x0000023d872fc7c0 JavaThread "Thread-1"                   daemon [_thread_in_native, id=13776, stack(0x0000003d78100000,0x0000003d78200000) (1024K)]
  0x0000023d872fc130 JavaThread "Thread-2"                   daemon [_thread_in_native, id=3464, stack(0x0000003d78200000,0x0000003d78300000) (1024K)]
  0x0000023d872fa6f0 JavaThread "Thread-3"                   daemon [_thread_in_native, id=13040, stack(0x0000003d78300000,0x0000003d78400000) (1024K)]
  0x0000023d872fdb70 JavaThread "Thread-4"                   daemon [_thread_in_native, id=11728, stack(0x0000003d78400000,0x0000003d78500000) (1024K)]
  0x0000023d872fce50 JavaThread "Thread-5"                   daemon [_thread_in_native, id=10496, stack(0x0000003d78500000,0x0000003d78600000) (1024K)]
  0x0000023d872ffc40 JavaThread "Thread-6"                   daemon [_thread_in_native, id=2368, stack(0x0000003d78600000,0x0000003d78700000) (1024K)]
  0x0000023d87300960 JavaThread "Thread-7"                   daemon [_thread_in_native, id=11828, stack(0x0000003d78700000,0x0000003d78800000) (1024K)]
  0x0000023d872fb410 JavaThread "Thread-8"                   daemon [_thread_in_native, id=6812, stack(0x0000003d78800000,0x0000003d78900000) (1024K)]
  0x0000023d872fbaa0 JavaThread "Thread-9"                   daemon [_thread_in_native, id=4772, stack(0x0000003d78900000,0x0000003d78a00000) (1024K)]
  0x0000023d872fe890 JavaThread "Thread-10"                  daemon [_thread_in_native, id=13556, stack(0x0000003d78a00000,0x0000003d78b00000) (1024K)]
  0x0000023d872fef20 JavaThread "Thread-11"                  daemon [_thread_in_native, id=320, stack(0x0000003d78b00000,0x0000003d78c00000) (1024K)]
  0x0000023d872ff5b0 JavaThread "Thread-12"                  daemon [_thread_in_native, id=11856, stack(0x0000003d78c00000,0x0000003d78d00000) (1024K)]
  0x0000023d873002d0 JavaThread "Thread-13"                  daemon [_thread_in_native, id=5648, stack(0x0000003d78d00000,0x0000003d78e00000) (1024K)]
  0x0000023d87300ff0 JavaThread "pool-2-thread-1"                   [_thread_blocked, id=780, stack(0x0000003d78e00000,0x0000003d78f00000) (1024K)]
  0x0000023d872fa060 JavaThread "WorkspaceEventsHandler"            [_thread_blocked, id=15348, stack(0x0000003d78f00000,0x0000003d79000000) (1024K)]
  0x0000023d87301680 JavaThread "pool-1-thread-1"                   [_thread_in_vm, id=1732, stack(0x0000003d79000000,0x0000003d79100000) (1024K)]
  0x0000023d82bf5420 JavaThread "C2 CompilerThread1"         daemon [_thread_in_native, id=13244, stack(0x0000003d75d00000,0x0000003d75e00000) (1024K)]
=>0x0000023d8795ece0 JavaThread "C2 CompilerThread2"         daemon [_thread_in_native, id=14608, stack(0x0000003d75e00000,0x0000003d75f00000) (1024K)]
Total: 37

Other Threads:
  0x0000023d2650ea10 VMThread "VM Thread"                           [id=7576, stack(0x0000003d76300000,0x0000003d76400000) (1024K)]
  0x0000023d28812d80 WatcherThread "VM Periodic Task Thread"        [id=11792, stack(0x0000003d76200000,0x0000003d76300000) (1024K)]
  0x0000023d287c5990 WorkerThread "GC Thread#0"                     [id=15164, stack(0x0000003d76100000,0x0000003d76200000) (1024K)]
  0x0000023d82865300 WorkerThread "GC Thread#1"                     [id=13568, stack(0x0000003d77000000,0x0000003d77100000) (1024K)]
  0x0000023d828656a0 WorkerThread "GC Thread#2"                     [id=13548, stack(0x0000003d77100000,0x0000003d77200000) (1024K)]
  0x0000023d872e8810 WorkerThread "GC Thread#3"                     [id=15120, stack(0x0000003d77200000,0x0000003d77300000) (1024K)]
  0x0000023d872e8bb0 WorkerThread "GC Thread#4"                     [id=12020, stack(0x0000003d77300000,0x0000003d77400000) (1024K)]
  0x0000023d8277ab20 WorkerThread "GC Thread#5"                     [id=9160, stack(0x0000003d77400000,0x0000003d77500000) (1024K)]
  0x0000023d8277b2d0 WorkerThread "GC Thread#6"                     [id=13324, stack(0x0000003d77500000,0x0000003d77600000) (1024K)]
  0x0000023d82a5bff0 WorkerThread "GC Thread#7"                     [id=7560, stack(0x0000003d77900000,0x0000003d77a00000) (1024K)]
  0x0000023d82a5add0 WorkerThread "GC Thread#8"                     [id=10996, stack(0x0000003d77b00000,0x0000003d77c00000) (1024K)]
  0x0000023d82a5b510 WorkerThread "GC Thread#9"                     [id=1152, stack(0x0000003d77c00000,0x0000003d77d00000) (1024K)]
Total: 12

Threads with active compile tasks:
C1 CompilerThread0  482932 4079       3       java.util.Objects::requireNonNullElse (15 bytes)
C2 CompilerThread1  482932 4060   !   4       java.util.Formatter$FormatSpecifier::index (53 bytes)
C2 CompilerThread2  482932 3984       4       java.lang.Throwable::printEnclosedStackTrace (350 bytes)
Total: 3

VM state: not at safepoint (normal execution)

VM Mutex/Monitor currently owned by a thread: None

Heap address: 0x0000000080000000, size: 2048 MB, Compressed Oops mode: 32-bit

CDS archive(s) mapped at: [0x0000023d40000000-0x0000023d40ba0000-0x0000023d40ba0000), size 12189696, SharedBaseAddress: 0x0000023d40000000, ArchiveRelocationMode: 1.
Compressed class space mapped at: 0x0000023d41000000-0x0000023d81000000, reserved size: 1073741824
Narrow klass base: 0x0000023d40000000, Narrow klass shift: 0, Narrow klass range: 0x100000000

GC Precious Log:
 CardTable entry size: 512
 CPUs: 12 total, 12 available
 Memory: 16180M
 Large Page Support: Disabled
 NUMA Support: Disabled
 Compressed Oops: Enabled (32-bit)
 Alignments: Space 512K, Generation 512K, Heap 2M
 Heap Min Capacity: 100M
 Heap Initial Capacity: 100M
 Heap Max Capacity: 2G
 Pre-touch: Disabled
 Parallel Workers: 10

Heap:
 PSYoungGen      total 25600K, used 12320K [0x00000000d5580000, 0x00000000d7200000, 0x0000000100000000)
  eden space 22016K, 41% used [0x00000000d5580000,0x00000000d5e54810,0x00000000d6b00000)
  from space 3584K, 91% used [0x00000000d6c80000,0x00000000d6fb3a10,0x00000000d7000000)
  to   space 2048K, 0% used [0x00000000d7000000,0x00000000d7000000,0x00000000d7200000)
 ParOldGen       total 68608K, used 14325K [0x0000000080000000, 0x0000000084300000, 0x00000000d5580000)
  object space 68608K, 20% used [0x0000000080000000,0x0000000080dfd598,0x0000000084300000)
 Metaspace       used 30356K, committed 31168K, reserved 1114112K
  class space    used 3044K, committed 3392K, reserved 1048576K

Card table byte_map: [0x0000023d28150000,0x0000023d28560000] _byte_map_base: 0x0000023d27d50000

Marking Bits: (ParMarkBitMap*) 0x00007ffba9b8a340
 Begin Bits: [0x0000023d3ac50000, 0x0000023d3cc50000)
 End Bits:   [0x0000023d3cc50000, 0x0000023d3ec50000)

Polling page: 0x0000023d265d0000

Metaspace:

Usage:
  Non-class:     26.67 MB used.
      Class:      2.97 MB used.
       Both:     29.64 MB used.

Virtual space:
  Non-class space:       64.00 MB reserved,      27.12 MB ( 42%) committed,  1 nodes.
      Class space:        1.00 GB reserved,       3.31 MB ( <1%) committed,  1 nodes.
             Both:        1.06 GB reserved,      30.44 MB (  3%) committed. 

Chunk freelists:
   Non-Class:  4.41 MB
       Class:  12.51 MB
        Both:  16.92 MB

MaxMetaspaceSize: unlimited
CompressedClassSpaceSize: 1.00 GB
Initial GC threshold: 21.00 MB
Current GC threshold: 35.00 MB
CDS: on
 - commit_granule_bytes: 65536.
 - commit_granule_words: 8192.
 - virtual_space_node_default_size: 8388608.
 - enlarge_chunks_in_place: 1.
 - use_allocation_guard: 0.


Internal statistics:

num_allocs_failed_limit: 3.
num_arena_births: 550.
num_arena_deaths: 14.
num_vsnodes_births: 2.
num_vsnodes_deaths: 0.
num_space_committed: 487.
num_space_uncommitted: 0.
num_chunks_returned_to_freelist: 17.
num_chunks_taken_from_freelist: 1689.
num_chunk_merges: 9.
num_chunk_splits: 1091.
num_chunks_enlarged: 713.
num_inconsistent_stats: 0.

CodeHeap 'non-profiled nmethods': size=120000Kb used=1978Kb max_used=1978Kb free=118021Kb
 bounds [0x0000023d33470000, 0x0000023d336e0000, 0x0000023d3a9a0000]
CodeHeap 'profiled nmethods': size=120000Kb used=8157Kb max_used=8157Kb free=111842Kb
 bounds [0x0000023d2b9a0000, 0x0000023d2c1a0000, 0x0000023d32ed0000]
CodeHeap 'non-nmethods': size=5760Kb used=1346Kb max_used=1407Kb free=4414Kb
 bounds [0x0000023d32ed0000, 0x0000023d33140000, 0x0000023d33470000]
CodeCache: size=245760Kb, used=11481Kb, max_used=11542Kb, free=234277Kb
 total_blobs=4710, nmethods=4074, adapters=542, full_count=0
Compilation: enabled, stopped_count=0, restarted_count=0

Compilation events (20 events):
Event: 482.895 Thread 0x0000023d2875e860 4036       3       java.util.logging.LogRecord::<init> (64 bytes)
Event: 482.895 Thread 0x0000023d2875e860 nmethod 4036 0x0000023d2c17b210 code [0x0000023d2c17b420, 0x0000023d2c17b8b0]
Event: 482.895 Thread 0x0000023d2875e860 4041       3       java.util.logging.Logger::getEffectiveLoggerBundle (164 bytes)
Event: 482.895 Thread 0x0000023d82bf5420 nmethod 4033 0x0000023d33653490 code [0x0000023d33653640, 0x0000023d33653758]
Event: 482.895 Thread 0x0000023d82bf5420 4030       4       java.lang.StringConcatHelper::newArray (40 bytes)
Event: 482.896 Thread 0x0000023d2875e860 nmethod 4041 0x0000023d2c17bb10 code [0x0000023d2c17bda0, 0x0000023d2c17c958]
Event: 482.896 Thread 0x0000023d2875e860 4037       3       java.util.logging.LogRecord::shortThreadID (34 bytes)
Event: 482.896 Thread 0x0000023d2875e860 nmethod 4037 0x0000023d2c17cd10 code [0x0000023d2c17cee0, 0x0000023d2c17d128]
Event: 482.896 Thread 0x0000023d2875e860 4038       3       java.time.Instant::now (4 bytes)
Event: 482.896 Thread 0x0000023d2875e860 nmethod 4038 0x0000023d2c17d210 code [0x0000023d2c17d3c0, 0x0000023d2c17d4d8]
Event: 482.896 Thread 0x0000023d2875e860 4039       3       java.time.Clock::currentInstant (84 bytes)
Event: 482.896 Thread 0x0000023d82bf5420 nmethod 4030 0x0000023d33653910 code [0x0000023d33653aa0, 0x0000023d33653be8]
Event: 482.896 Thread 0x0000023d2875e860 nmethod 4039 0x0000023d2c17d590 code [0x0000023d2c17d800, 0x0000023d2c17dfd0]
Event: 482.896 Thread 0x0000023d2875e860 4045  s!   3       java.util.logging.Level::getLocalizedLevelName (46 bytes)
Event: 482.896 Thread 0x0000023d2875e860 nmethod 4045 0x0000023d2c17e310 code [0x0000023d2c17e4e0, 0x0000023d2c17e8d8]
Event: 482.896 Thread 0x0000023d2875e860 4040       3       java.util.logging.Logger::doLog (50 bytes)
Event: 482.897 Thread 0x0000023d2875e860 nmethod 4040 0x0000023d2c17ea10 code [0x0000023d2c17ebe0, 0x0000023d2c17ef28]
Event: 482.897 Thread 0x0000023d2875e860 4042       3       java.util.logging.Logger::getResourceBundle (10 bytes)
Event: 482.897 Thread 0x0000023d2875e860 nmethod 4042 0x0000023d2c17f090 code [0x0000023d2c17f240, 0x0000023d2c17f478]
Event: 482.897 Thread 0x0000023d2875e860 4043  s!   3       java.util.logging.Logger::findResourceBundle (295 bytes)

GC Heap History (20 events):
Event: 1.060 GC heap before
{Heap before GC invocations=2 (full 0):
 PSYoungGen      total 29696K, used 28928K [0x00000000d5580000, 0x00000000d7680000, 0x0000000100000000)
  eden space 25600K, 100% used [0x00000000d5580000,0x00000000d6e80000,0x00000000d6e80000)
  from space 4096K, 81% used [0x00000000d6e80000,0x00000000d71c00d8,0x00000000d7280000)
  to   space 4096K, 0% used [0x00000000d7280000,0x00000000d7280000,0x00000000d7680000)
 ParOldGen       total 68608K, used 16K [0x0000000080000000, 0x0000000084300000, 0x00000000d5580000)
  object space 68608K, 0% used [0x0000000080000000,0x0000000080004000,0x0000000084300000)
 Metaspace       used 8132K, committed 8448K, reserved 1114112K
  class space    used 872K, committed 1024K, reserved 1048576K
}
Event: 1.063 GC heap after
{Heap after GC invocations=2 (full 0):
 PSYoungGen      total 29696K, used 4075K [0x00000000d5580000, 0x00000000d7680000, 0x0000000100000000)
  eden space 25600K, 0% used [0x00000000d5580000,0x00000000d5580000,0x00000000d6e80000)
  from space 4096K, 99% used [0x00000000d7280000,0x00000000d767af78,0x00000000d7680000)
  to   space 4096K, 0% used [0x00000000d6e80000,0x00000000d6e80000,0x00000000d7280000)
 ParOldGen       total 68608K, used 943K [0x0000000080000000, 0x0000000084300000, 0x00000000d5580000)
  object space 68608K, 1% used [0x0000000080000000,0x00000000800ebea8,0x0000000084300000)
 Metaspace       used 8132K, committed 8448K, reserved 1114112K
  class space    used 872K, committed 1024K, reserved 1048576K
}
Event: 1.364 GC heap before
{Heap before GC invocations=3 (full 0):
 PSYoungGen      total 29696K, used 29675K [0x00000000d5580000, 0x00000000d7680000, 0x0000000100000000)
  eden space 25600K, 100% used [0x00000000d5580000,0x00000000d6e80000,0x00000000d6e80000)
  from space 4096K, 99% used [0x00000000d7280000,0x00000000d767af78,0x00000000d7680000)
  to   space 4096K, 0% used [0x00000000d6e80000,0x00000000d6e80000,0x00000000d7280000)
 ParOldGen       total 68608K, used 943K [0x0000000080000000, 0x0000000084300000, 0x00000000d5580000)
  object space 68608K, 1% used [0x0000000080000000,0x00000000800ebea8,0x0000000084300000)
 Metaspace       used 12946K, committed 13504K, reserved 1114112K
  class space    used 1382K, committed 1664K, reserved 1048576K
}
Event: 1.367 GC heap after
{Heap after GC invocations=3 (full 0):
 PSYoungGen      total 29696K, used 4089K [0x00000000d5580000, 0x00000000d7680000, 0x0000000100000000)
  eden space 25600K, 0% used [0x00000000d5580000,0x00000000d5580000,0x00000000d6e80000)
  from space 4096K, 99% used [0x00000000d6e80000,0x00000000d727e4f8,0x00000000d7280000)
  to   space 4096K, 0% used [0x00000000d7280000,0x00000000d7280000,0x00000000d7680000)
 ParOldGen       total 68608K, used 2766K [0x0000000080000000, 0x0000000084300000, 0x00000000d5580000)
  object space 68608K, 4% used [0x0000000080000000,0x00000000802b3988,0x0000000084300000)
 Metaspace       used 12946K, committed 13504K, reserved 1114112K
  class space    used 1382K, committed 1664K, reserved 1048576K
}
Event: 1.558 GC heap before
{Heap before GC invocations=4 (full 0):
 PSYoungGen      total 29696K, used 29498K [0x00000000d5580000, 0x00000000d7680000, 0x0000000100000000)
  eden space 25600K, 99% used [0x00000000d5580000,0x00000000d6e50680,0x00000000d6e80000)
  from space 4096K, 99% used [0x00000000d6e80000,0x00000000d727e4f8,0x00000000d7280000)
  to   space 4096K, 0% used [0x00000000d7280000,0x00000000d7280000,0x00000000d7680000)
 ParOldGen       total 68608K, used 2766K [0x0000000080000000, 0x0000000084300000, 0x00000000d5580000)
  object space 68608K, 4% used [0x0000000080000000,0x00000000802b3988,0x0000000084300000)
 Metaspace       used 16029K, committed 16640K, reserved 1114112K
  class space    used 1680K, committed 1984K, reserved 1048576K
}
Event: 1.560 GC heap after
{Heap after GC invocations=4 (full 0):
 PSYoungGen      total 29696K, used 4068K [0x00000000d5580000, 0x00000000d7680000, 0x0000000100000000)
  eden space 25600K, 0% used [0x00000000d5580000,0x00000000d5580000,0x00000000d6e80000)
  from space 4096K, 99% used [0x00000000d7280000,0x00000000d76791f0,0x00000000d7680000)
  to   space 4096K, 0% used [0x00000000d6e80000,0x00000000d6e80000,0x00000000d7280000)
 ParOldGen       total 68608K, used 5692K [0x0000000080000000, 0x0000000084300000, 0x00000000d5580000)
  object space 68608K, 8% used [0x0000000080000000,0x000000008058f2d0,0x0000000084300000)
 Metaspace       used 16029K, committed 16640K, reserved 1114112K
  class space    used 1680K, committed 1984K, reserved 1048576K
}
Event: 1.730 GC heap before
{Heap before GC invocations=5 (full 0):
 PSYoungGen      total 29696K, used 29647K [0x00000000d5580000, 0x00000000d7680000, 0x0000000100000000)
  eden space 25600K, 99% used [0x00000000d5580000,0x00000000d6e7ac20,0x00000000d6e80000)
  from space 4096K, 99% used [0x00000000d7280000,0x00000000d76791f0,0x00000000d7680000)
  to   space 4096K, 0% used [0x00000000d6e80000,0x00000000d6e80000,0x00000000d7280000)
 ParOldGen       total 68608K, used 5692K [0x0000000080000000, 0x0000000084300000, 0x00000000d5580000)
  object space 68608K, 8% used [0x0000000080000000,0x000000008058f2d0,0x0000000084300000)
 Metaspace       used 20024K, committed 20608K, reserved 1114112K
  class space    used 1974K, committed 2240K, reserved 1048576K
}
Event: 1.732 GC heap after
{Heap after GC invocations=5 (full 0):
 PSYoungGen      total 29184K, used 4083K [0x00000000d5580000, 0x00000000d7900000, 0x0000000100000000)
  eden space 25088K, 0% used [0x00000000d5580000,0x00000000d5580000,0x00000000d6e00000)
  from space 4096K, 99% used [0x00000000d6e80000,0x00000000d727cf50,0x00000000d7280000)
  to   space 5632K, 0% used [0x00000000d7380000,0x00000000d7380000,0x00000000d7900000)
 ParOldGen       total 68608K, used 5708K [0x0000000080000000, 0x0000000084300000, 0x00000000d5580000)
  object space 68608K, 8% used [0x0000000080000000,0x00000000805932d0,0x0000000084300000)
 Metaspace       used 20024K, committed 20608K, reserved 1114112K
  class space    used 1974K, committed 2240K, reserved 1048576K
}
Event: 1.879 GC heap before
{Heap before GC invocations=6 (full 0):
 PSYoungGen      total 29184K, used 23627K [0x00000000d5580000, 0x00000000d7900000, 0x0000000100000000)
  eden space 25088K, 77% used [0x00000000d5580000,0x00000000d6895ee0,0x00000000d6e00000)
  from space 4096K, 99% used [0x00000000d6e80000,0x00000000d727cf50,0x00000000d7280000)
  to   space 5632K, 0% used [0x00000000d7380000,0x00000000d7380000,0x00000000d7900000)
 ParOldGen       total 68608K, used 5708K [0x0000000080000000, 0x0000000084300000, 0x00000000d5580000)
  object space 68608K, 8% used [0x0000000080000000,0x00000000805932d0,0x0000000084300000)
 Metaspace       used 20898K, committed 21504K, reserved 1114112K
  class space    used 2019K, committed 2304K, reserved 1048576K
}
Event: 1.881 GC heap after
{Heap after GC invocations=6 (full 0):
 PSYoungGen      total 29696K, used 5623K [0x00000000d5580000, 0x00000000d7b00000, 0x0000000100000000)
  eden space 24064K, 0% used [0x00000000d5580000,0x00000000d5580000,0x00000000d6d00000)
  from space 5632K, 99% used [0x00000000d7380000,0x00000000d78fdd70,0x00000000d7900000)
  to   space 6656K, 0% used [0x00000000d6d00000,0x00000000d6d00000,0x00000000d7380000)
 ParOldGen       total 68608K, used 6127K [0x0000000080000000, 0x0000000084300000, 0x00000000d5580000)
  object space 68608K, 8% used [0x0000000080000000,0x00000000805fbf80,0x0000000084300000)
 Metaspace       used 20898K, committed 21504K, reserved 1114112K
  class space    used 2019K, committed 2304K, reserved 1048576K
}
Event: 1.881 GC heap before
{Heap before GC invocations=7 (full 1):
 PSYoungGen      total 29696K, used 5623K [0x00000000d5580000, 0x00000000d7b00000, 0x0000000100000000)
  eden space 24064K, 0% used [0x00000000d5580000,0x00000000d5580000,0x00000000d6d00000)
  from space 5632K, 99% used [0x00000000d7380000,0x00000000d78fdd70,0x00000000d7900000)
  to   space 6656K, 0% used [0x00000000d6d00000,0x00000000d6d00000,0x00000000d7380000)
 ParOldGen       total 68608K, used 6127K [0x0000000080000000, 0x0000000084300000, 0x00000000d5580000)
  object space 68608K, 8% used [0x0000000080000000,0x00000000805fbf80,0x0000000084300000)
 Metaspace       used 20898K, committed 21504K, reserved 1114112K
  class space    used 2019K, committed 2304K, reserved 1048576K
}
Event: 1.897 GC heap after
{Heap after GC invocations=7 (full 1):
 PSYoungGen      total 29696K, used 0K [0x00000000d5580000, 0x00000000d7b00000, 0x0000000100000000)
  eden space 24064K, 0% used [0x00000000d5580000,0x00000000d5580000,0x00000000d6d00000)
  from space 5632K, 0% used [0x00000000d7380000,0x00000000d7380000,0x00000000d7900000)
  to   space 6656K, 0% used [0x00000000d6d00000,0x00000000d6d00000,0x00000000d7380000)
 ParOldGen       total 68608K, used 10088K [0x0000000080000000, 0x0000000084300000, 0x00000000d5580000)
  object space 68608K, 14% used [0x0000000080000000,0x00000000809da100,0x0000000084300000)
 Metaspace       used 20885K, committed 21504K, reserved 1114112K
  class space    used 2016K, committed 2304K, reserved 1048576K
}
Event: 2.181 GC heap before
{Heap before GC invocations=8 (full 1):
 PSYoungGen      total 29696K, used 24052K [0x00000000d5580000, 0x00000000d7b00000, 0x0000000100000000)
  eden space 24064K, 99% used [0x00000000d5580000,0x00000000d6cfd2e8,0x00000000d6d00000)
  from space 5632K, 0% used [0x00000000d7380000,0x00000000d7380000,0x00000000d7900000)
  to   space 6656K, 0% used [0x00000000d6d00000,0x00000000d6d00000,0x00000000d7380000)
 ParOldGen       total 68608K, used 10088K [0x0000000080000000, 0x0000000084300000, 0x00000000d5580000)
  object space 68608K, 14% used [0x0000000080000000,0x00000000809da100,0x0000000084300000)
 Metaspace       used 25017K, committed 25792K, reserved 1114112K
  class space    used 2450K, committed 2816K, reserved 1048576K
}
Event: 2.182 GC heap after
{Heap after GC invocations=8 (full 1):
 PSYoungGen      total 26112K, used 2319K [0x00000000d5580000, 0x00000000d7480000, 0x0000000100000000)
  eden space 23552K, 0% used [0x00000000d5580000,0x00000000d5580000,0x00000000d6c80000)
  from space 2560K, 90% used [0x00000000d6d00000,0x00000000d6f43c68,0x00000000d6f80000)
  to   space 4096K, 0% used [0x00000000d7080000,0x00000000d7080000,0x00000000d7480000)
 ParOldGen       total 68608K, used 10096K [0x0000000080000000, 0x0000000084300000, 0x00000000d5580000)
  object space 68608K, 14% used [0x0000000080000000,0x00000000809dc100,0x0000000084300000)
 Metaspace       used 25017K, committed 25792K, reserved 1114112K
  class space    used 2450K, committed 2816K, reserved 1048576K
}
Event: 2.367 GC heap before
{Heap before GC invocations=9 (full 1):
 PSYoungGen      total 26112K, used 25871K [0x00000000d5580000, 0x00000000d7480000, 0x0000000100000000)
  eden space 23552K, 100% used [0x00000000d5580000,0x00000000d6c80000,0x00000000d6c80000)
  from space 2560K, 90% used [0x00000000d6d00000,0x00000000d6f43c68,0x00000000d6f80000)
  to   space 4096K, 0% used [0x00000000d7080000,0x00000000d7080000,0x00000000d7480000)
 ParOldGen       total 68608K, used 10096K [0x0000000080000000, 0x0000000084300000, 0x00000000d5580000)
  object space 68608K, 14% used [0x0000000080000000,0x00000000809dc100,0x0000000084300000)
 Metaspace       used 28141K, committed 28928K, reserved 1114112K
  class space    used 2833K, committed 3200K, reserved 1048576K
}
Event: 2.368 GC heap after
{Heap after GC invocations=9 (full 1):
 PSYoungGen      total 26624K, used 3542K [0x00000000d5580000, 0x00000000d7400000, 0x0000000100000000)
  eden space 23040K, 0% used [0x00000000d5580000,0x00000000d5580000,0x00000000d6c00000)
  from space 3584K, 98% used [0x00000000d7080000,0x00000000d73f5930,0x00000000d7400000)
  to   space 4096K, 0% used [0x00000000d6c00000,0x00000000d6c00000,0x00000000d7000000)
 ParOldGen       total 68608K, used 10104K [0x0000000080000000, 0x0000000084300000, 0x00000000d5580000)
  object space 68608K, 14% used [0x0000000080000000,0x00000000809de100,0x0000000084300000)
 Metaspace       used 28141K, committed 28928K, reserved 1114112K
  class space    used 2833K, committed 3200K, reserved 1048576K
}
Event: 482.758 GC heap before
{Heap before GC invocations=10 (full 1):
 PSYoungGen      total 26624K, used 26582K [0x00000000d5580000, 0x00000000d7400000, 0x0000000100000000)
  eden space 23040K, 100% used [0x00000000d5580000,0x00000000d6c00000,0x00000000d6c00000)
  from space 3584K, 98% used [0x00000000d7080000,0x00000000d73f5930,0x00000000d7400000)
  to   space 4096K, 0% used [0x00000000d6c00000,0x00000000d6c00000,0x00000000d7000000)
 ParOldGen       total 68608K, used 10104K [0x0000000080000000, 0x0000000084300000, 0x00000000d5580000)
  object space 68608K, 14% used [0x0000000080000000,0x00000000809de100,0x0000000084300000)
 Metaspace       used 30119K, committed 30976K, reserved 1114112K
  class space    used 3044K, committed 3392K, reserved 1048576K
}
Event: 482.761 GC heap after
{Heap after GC invocations=10 (full 1):
 PSYoungGen      total 26624K, used 4095K [0x00000000d5580000, 0x00000000d7580000, 0x0000000100000000)
  eden space 22528K, 0% used [0x00000000d5580000,0x00000000d5580000,0x00000000d6b80000)
  from space 4096K, 99% used [0x00000000d6c00000,0x00000000d6fffd70,0x00000000d7000000)
  to   space 5120K, 0% used [0x00000000d7080000,0x00000000d7080000,0x00000000d7580000)
 ParOldGen       total 68608K, used 10548K [0x0000000080000000, 0x0000000084300000, 0x00000000d5580000)
  object space 68608K, 15% used [0x0000000080000000,0x0000000080a4d120,0x0000000084300000)
 Metaspace       used 30119K, committed 30976K, reserved 1114112K
  class space    used 3044K, committed 3392K, reserved 1048576K
}
Event: 482.851 GC heap before
{Heap before GC invocations=11 (full 1):
 PSYoungGen      total 26624K, used 26623K [0x00000000d5580000, 0x00000000d7580000, 0x0000000100000000)
  eden space 22528K, 100% used [0x00000000d5580000,0x00000000d6b80000,0x00000000d6b80000)
  from space 4096K, 99% used [0x00000000d6c00000,0x00000000d6fffd70,0x00000000d7000000)
  to   space 5120K, 0% used [0x00000000d7080000,0x00000000d7080000,0x00000000d7580000)
 ParOldGen       total 68608K, used 10548K [0x0000000080000000, 0x0000000084300000, 0x00000000d5580000)
  object space 68608K, 15% used [0x0000000080000000,0x0000000080a4d120,0x0000000084300000)
 Metaspace       used 30288K, committed 31104K, reserved 1114112K
  class space    used 3044K, committed 3392K, reserved 1048576K
}
Event: 482.853 GC heap after
{Heap after GC invocations=11 (full 1):
 PSYoungGen      total 25088K, used 2614K [0x00000000d5580000, 0x00000000d7380000, 0x0000000100000000)
  eden space 22016K, 0% used [0x00000000d5580000,0x00000000d5580000,0x00000000d6b00000)
  from space 3072K, 85% used [0x00000000d7080000,0x00000000d730d9a0,0x00000000d7380000)
  to   space 3584K, 0% used [0x00000000d6c80000,0x00000000d6c80000,0x00000000d7000000)
 ParOldGen       total 68608K, used 13421K [0x0000000080000000, 0x0000000084300000, 0x00000000d5580000)
  object space 68608K, 19% used [0x0000000080000000,0x0000000080d1b530,0x0000000084300000)
 Metaspace       used 30288K, committed 31104K, reserved 1114112K
  class space    used 3044K, committed 3392K, reserved 1048576K
}

Dll operation events (12 events):
Event: 0.027 Loaded shared library c:\Users\Administrateur\.vscode\extensions\redhat.java-1.46.0-win32-x64\jre\21.0.8-win32-x86_64\bin\java.dll
Event: 0.136 Loaded shared library c:\Users\Administrateur\.vscode\extensions\redhat.java-1.46.0-win32-x64\jre\21.0.8-win32-x86_64\bin\zip.dll
Event: 0.156 Loaded shared library C:\Users\Administrateur\.vscode\extensions\redhat.java-1.46.0-win32-x64\jre\21.0.8-win32-x86_64\bin\instrument.dll
Event: 0.159 Loaded shared library C:\Users\Administrateur\.vscode\extensions\redhat.java-1.46.0-win32-x64\jre\21.0.8-win32-x86_64\bin\net.dll
Event: 0.161 Loaded shared library C:\Users\Administrateur\.vscode\extensions\redhat.java-1.46.0-win32-x64\jre\21.0.8-win32-x86_64\bin\nio.dll
Event: 0.164 Loaded shared library C:\Users\Administrateur\.vscode\extensions\redhat.java-1.46.0-win32-x64\jre\21.0.8-win32-x86_64\bin\zip.dll
Event: 0.191 Loaded shared library C:\Users\Administrateur\.vscode\extensions\redhat.java-1.46.0-win32-x64\jre\21.0.8-win32-x86_64\bin\jimage.dll
Event: 0.274 Loaded shared library c:\Users\Administrateur\.vscode\extensions\redhat.java-1.46.0-win32-x64\jre\21.0.8-win32-x86_64\bin\verify.dll
Event: 1.046 Loaded shared library C:\Users\Administrateur\AppData\Roaming\Code\User\globalStorage\redhat.java\1.46.0\config_ss_win\org.eclipse.equinox.launcher\org.eclipse.equinox.launcher.win32.win32.x86_64_1.2.1400.v20250801-0854\eclipse_11916.dll
Event: 1.390 Loaded shared library C:\Users\Administrateur\.vscode\extensions\redhat.java-1.46.0-win32-x64\jre\21.0.8-win32-x86_64\bin\management.dll
Event: 1.392 Loaded shared library C:\Users\Administrateur\.vscode\extensions\redhat.java-1.46.0-win32-x64\jre\21.0.8-win32-x86_64\bin\management_ext.dll
Event: 2.123 Loaded shared library C:\Users\Administrateur\AppData\Local\Temp\1\jna-253705784\jna14210166734870771215.dll

Deoptimization events (20 events):
Event: 482.751 Thread 0x0000023d87301680 DEOPT PACKING pc=0x0000023d2c0b3c2b sp=0x0000003d790fe750
Event: 482.751 Thread 0x0000023d87301680 DEOPT UNPACKING pc=0x0000023d32f24242 sp=0x0000003d790fdc98 mode 0
Event: 482.752 Thread 0x0000023d87301680 DEOPT PACKING pc=0x0000023d2c0b3c2b sp=0x0000003d790fe750
Event: 482.752 Thread 0x0000023d87301680 DEOPT UNPACKING pc=0x0000023d32f24242 sp=0x0000003d790fdc98 mode 0
Event: 482.753 Thread 0x0000023d87301680 DEOPT PACKING pc=0x0000023d2c0b3c2b sp=0x0000003d790fe750
Event: 482.754 Thread 0x0000023d87301680 DEOPT UNPACKING pc=0x0000023d32f24242 sp=0x0000003d790fdc98 mode 0
Event: 482.755 Thread 0x0000023d87301680 DEOPT PACKING pc=0x0000023d2c0b3c2b sp=0x0000003d790fe750
Event: 482.755 Thread 0x0000023d87301680 DEOPT UNPACKING pc=0x0000023d32f24242 sp=0x0000003d790fdc98 mode 0
Event: 482.756 Thread 0x0000023d87301680 DEOPT PACKING pc=0x0000023d2c0b3c2b sp=0x0000003d790fe750
Event: 482.756 Thread 0x0000023d87301680 DEOPT UNPACKING pc=0x0000023d32f24242 sp=0x0000003d790fdc98 mode 0
Event: 482.761 Thread 0x0000023d87301680 DEOPT PACKING pc=0x0000023d2c0b3c2b sp=0x0000003d790fe750
Event: 482.761 Thread 0x0000023d87301680 DEOPT UNPACKING pc=0x0000023d32f24242 sp=0x0000003d790fdc98 mode 0
Event: 482.762 Thread 0x0000023d87301680 DEOPT PACKING pc=0x0000023d2c0b3c2b sp=0x0000003d790fe750
Event: 482.762 Thread 0x0000023d87301680 DEOPT UNPACKING pc=0x0000023d32f24242 sp=0x0000003d790fdc98 mode 0
Event: 482.763 Thread 0x0000023d87301680 DEOPT PACKING pc=0x0000023d2c0b3c2b sp=0x0000003d790fe750
Event: 482.763 Thread 0x0000023d87301680 DEOPT UNPACKING pc=0x0000023d32f24242 sp=0x0000003d790fdc98 mode 0
Event: 482.764 Thread 0x0000023d87301680 DEOPT PACKING pc=0x0000023d2c0b3c2b sp=0x0000003d790fe750
Event: 482.764 Thread 0x0000023d87301680 DEOPT UNPACKING pc=0x0000023d32f24242 sp=0x0000003d790fdc98 mode 0
Event: 482.870 Thread 0x0000023d87301680 DEOPT PACKING pc=0x0000023d2c0e2efe sp=0x0000003d790fe690
Event: 482.870 Thread 0x0000023d87301680 DEOPT UNPACKING pc=0x0000023d32f24242 sp=0x0000003d790fdb00 mode 0

Classes loaded (20 events):
Event: 482.711 Loading class java/lang/Throwable$WrappedPrintWriter
Event: 482.712 Loading class java/lang/Throwable$PrintStreamOrWriter
Event: 482.712 Loading class java/lang/Throwable$PrintStreamOrWriter done
Event: 482.712 Loading class java/lang/Throwable$WrappedPrintWriter done
Event: 482.712 Loading class java/util/logging/Level$RbAccess
Event: 482.712 Loading class java/util/logging/Level$RbAccess done
Event: 482.712 Loading class sun/util/logging/resources/logging
Event: 482.712 Loading class sun/util/logging/resources/logging done
Event: 482.713 Loading class sun/util/logging/resources/logging_fr
Event: 482.713 Loading class sun/util/logging/resources/logging_fr done
Event: 482.713 Loading class sun/util/logging/resources/logging_fr_FR
Event: 482.713 Loading class sun/util/logging/resources/logging_fr_FR done
Event: 482.713 Loading class sun/util/logging/resources/logging_fr_FR
Event: 482.713 Loading class sun/util/logging/resources/logging_fr_FR done
Event: 482.713 Loading class java/util/Formatter$DateTime
Event: 482.713 Loading class java/util/Formatter$DateTime done
Event: 482.713 Loading class java/time/ZonedDateTime$1
Event: 482.713 Loading class java/time/ZonedDateTime$1 done
Event: 482.714 Loading class java/nio/channels/ClosedChannelException
Event: 482.714 Loading class java/nio/channels/ClosedChannelException done

Classes unloaded (7 events):
Event: 1.884 Thread 0x0000023d2650ea10 Unloading class 0x0000023d41191400 'java/lang/invoke/LambdaForm$MH+0x0000023d41191400'
Event: 1.884 Thread 0x0000023d2650ea10 Unloading class 0x0000023d41191000 'java/lang/invoke/LambdaForm$MH+0x0000023d41191000'
Event: 1.884 Thread 0x0000023d2650ea10 Unloading class 0x0000023d41190c00 'java/lang/invoke/LambdaForm$MH+0x0000023d41190c00'
Event: 1.884 Thread 0x0000023d2650ea10 Unloading class 0x0000023d41190800 'java/lang/invoke/LambdaForm$MH+0x0000023d41190800'
Event: 1.884 Thread 0x0000023d2650ea10 Unloading class 0x0000023d41190400 'java/lang/invoke/LambdaForm$BMH+0x0000023d41190400'
Event: 1.884 Thread 0x0000023d2650ea10 Unloading class 0x0000023d41190000 'java/lang/invoke/LambdaForm$DMH+0x0000023d41190000'
Event: 1.884 Thread 0x0000023d2650ea10 Unloading class 0x0000023d4118ec00 'java/lang/invoke/LambdaForm$DMH+0x0000023d4118ec00'

Classes redefined (0 events):
No events

Internal exceptions (20 events):
Event: 482.890 Thread 0x0000023d87301680 Exception <a 'java/io/IOException'{0x00000000d61c85d8}> (0x00000000d61c85d8) 
thrown [s\src\hotspot\share\prims\jni.cpp, line 520]
Event: 482.890 Thread 0x0000023d87301680 Exception <a 'java/io/IOException'{0x00000000d61db8f0}> (0x00000000d61db8f0) 
thrown [s\src\hotspot\share\prims\jni.cpp, line 520]
Event: 482.891 Thread 0x0000023d87301680 Exception <a 'java/io/IOException'{0x00000000d61eec08}> (0x00000000d61eec08) 
thrown [s\src\hotspot\share\prims\jni.cpp, line 520]
Event: 482.891 Thread 0x0000023d87301680 Exception <a 'java/io/IOException'{0x00000000d62028d8}> (0x00000000d62028d8) 
thrown [s\src\hotspot\share\prims\jni.cpp, line 520]
Event: 482.892 Thread 0x0000023d87301680 Exception <a 'java/io/IOException'{0x00000000d6215bf0}> (0x00000000d6215bf0) 
thrown [s\src\hotspot\share\prims\jni.cpp, line 520]
Event: 482.893 Thread 0x0000023d87301680 Exception <a 'java/io/IOException'{0x00000000d6228f08}> (0x00000000d6228f08) 
thrown [s\src\hotspot\share\prims\jni.cpp, line 520]
Event: 482.893 Thread 0x0000023d87301680 Exception <a 'java/io/IOException'{0x00000000d623c220}> (0x00000000d623c220) 
thrown [s\src\hotspot\share\prims\jni.cpp, line 520]
Event: 482.893 Thread 0x0000023d87301680 Exception <a 'java/io/IOException'{0x00000000d6553ae8}> (0x00000000d6553ae8) 
thrown [s\src\hotspot\share\prims\jni.cpp, line 520]
Event: 482.894 Thread 0x0000023d87301680 Exception <a 'java/io/IOException'{0x00000000d6566e00}> (0x00000000d6566e00) 
thrown [s\src\hotspot\share\prims\jni.cpp, line 520]
Event: 482.894 Thread 0x0000023d87301680 Exception <a 'java/io/IOException'{0x00000000d657a118}> (0x00000000d657a118) 
thrown [s\src\hotspot\share\prims\jni.cpp, line 520]
Event: 482.894 Thread 0x0000023d87301680 Exception <a 'java/io/IOException'{0x00000000d658d430}> (0x00000000d658d430) 
thrown [s\src\hotspot\share\prims\jni.cpp, line 520]
Event: 482.895 Thread 0x0000023d87301680 Exception <a 'java/io/IOException'{0x00000000d65a0988}> (0x00000000d65a0988) 
thrown [s\src\hotspot\share\prims\jni.cpp, line 520]
Event: 482.895 Thread 0x0000023d87301680 Exception <a 'java/io/IOException'{0x00000000d65b3ca0}> (0x00000000d65b3ca0) 
thrown [s\src\hotspot\share\prims\jni.cpp, line 520]
Event: 482.895 Thread 0x0000023d87301680 Exception <a 'java/io/IOException'{0x00000000d65c6fb8}> (0x00000000d65c6fb8) 
thrown [s\src\hotspot\share\prims\jni.cpp, line 520]
Event: 482.896 Thread 0x0000023d87301680 Exception <a 'java/io/IOException'{0x00000000d65da2d0}> (0x00000000d65da2d0) 
thrown [s\src\hotspot\share\prims\jni.cpp, line 520]
Event: 482.896 Thread 0x0000023d87301680 Exception <a 'java/io/IOException'{0x00000000d65ed838}> (0x00000000d65ed838) 
thrown [s\src\hotspot\share\prims\jni.cpp, line 520]
Event: 482.896 Thread 0x0000023d87301680 Exception <a 'java/io/IOException'{0x00000000d6600b50}> (0x00000000d6600b50) 
thrown [s\src\hotspot\share\prims\jni.cpp, line 520]
Event: 482.896 Thread 0x0000023d87301680 Exception <a 'java/io/IOException'{0x00000000d6613e68}> (0x00000000d6613e68) 
thrown [s\src\hotspot\share\prims\jni.cpp, line 520]
Event: 482.896 Thread 0x0000023d87301680 Exception <a 'java/io/IOException'{0x00000000d6627180}> (0x00000000d6627180) 
thrown [s\src\hotspot\share\prims\jni.cpp, line 520]
Event: 482.897 Thread 0x0000023d87301680 Exception <a 'java/io/IOException'{0x00000000d663a6e8}> (0x00000000d663a6e8) 
thrown [s\src\hotspot\share\prims\jni.cpp, line 520]

ZGC Phase Switch (0 events):
No events

VM Operations (20 events):
Event: 60.213 Executing VM operation: HandshakeAllThreads (HandshakeForDeflation)
Event: 60.213 Executing VM operation: HandshakeAllThreads (HandshakeForDeflation) done
Event: 60.213 Executing VM operation: RendezvousGCThreads
Event: 60.213 Executing VM operation: RendezvousGCThreads done
Event: 360.823 Executing VM operation: HandshakeAllThreads (HandshakeForDeflation)
Event: 360.823 Executing VM operation: HandshakeAllThreads (HandshakeForDeflation) done
Event: 360.823 Executing VM operation: RendezvousGCThreads
Event: 360.823 Executing VM operation: RendezvousGCThreads done
Event: 420.940 Executing VM operation: HandshakeAllThreads (HandshakeForDeflation)
Event: 420.940 Executing VM operation: HandshakeAllThreads (HandshakeForDeflation) done
Event: 420.941 Executing VM operation: RendezvousGCThreads
Event: 420.941 Executing VM operation: RendezvousGCThreads done
Event: 481.068 Executing VM operation: HandshakeAllThreads (HandshakeForDeflation)
Event: 481.068 Executing VM operation: HandshakeAllThreads (HandshakeForDeflation) done
Event: 481.068 Executing VM operation: RendezvousGCThreads
Event: 481.068 Executing VM operation: RendezvousGCThreads done
Event: 482.758 Executing VM operation: ParallelGCFailedAllocation (Allocation Failure)
Event: 482.761 Executing VM operation: ParallelGCFailedAllocation (Allocation Failure) done
Event: 482.851 Executing VM operation: ParallelGCFailedAllocation (Allocation Failure)
Event: 482.853 Executing VM operation: ParallelGCFailedAllocation (Allocation Failure) done

Memory protections (0 events):
No events

Nmethod flushes (0 events):
No events

Events (20 events):
Event: 2.190 Thread 0x0000023d287a8840 Thread added: 0x0000023d872fc7c0
Event: 2.190 Thread 0x0000023d287a8840 Thread added: 0x0000023d872fc130
Event: 2.190 Thread 0x0000023d287a8840 Thread added: 0x0000023d872fa6f0
Event: 2.190 Thread 0x0000023d287a8840 Thread added: 0x0000023d872fdb70
Event: 2.190 Thread 0x0000023d287a8840 Thread added: 0x0000023d872fce50
Event: 2.190 Thread 0x0000023d287a8840 Thread added: 0x0000023d872ffc40
Event: 2.190 Thread 0x0000023d287a8840 Thread added: 0x0000023d87300960
Event: 2.191 Thread 0x0000023d287a8840 Thread added: 0x0000023d872fb410
Event: 2.191 Thread 0x0000023d287a8840 Thread added: 0x0000023d872fbaa0
Event: 2.191 Thread 0x0000023d287a8840 Thread added: 0x0000023d872fe890
Event: 2.191 Thread 0x0000023d287a8840 Thread added: 0x0000023d872fef20
Event: 2.191 Thread 0x0000023d287a8840 Thread added: 0x0000023d872ff5b0
Event: 2.191 Thread 0x0000023d287a8840 Thread added: 0x0000023d873002d0
Event: 2.200 Thread 0x0000023d287a8840 Thread added: 0x0000023d87300ff0
Event: 2.304 Thread 0x0000023d287a8840 Thread added: 0x0000023d872fa060
Event: 2.304 Thread 0x0000023d287a8840 Thread added: 0x0000023d87301680
Event: 7.555 Thread 0x0000023d87302c30 Thread exited: 0x0000023d87302c30
Event: 12.553 Thread 0x0000023d822f3630 Thread exited: 0x0000023d822f3630
Event: 482.775 Thread 0x0000023d2875e860 Thread added: 0x0000023d82bf5420
Event: 482.860 Thread 0x0000023d2875e860 Thread added: 0x0000023d8795ece0


Dynamic libraries:
0x00007ff757660000 - 0x00007ff75766e000 	c:\Users\Administrateur\.vscode\extensions\redhat.java-1.46.0-win32-x64\jre\21.0.8-win32-x86_64\bin\java.exe
0x00007ffbe95e0000 - 0x00007ffbe97e1000 	C:\Windows\SYSTEM32\ntdll.dll
0x00007ffbe87d0000 - 0x00007ffbe888c000 	C:\Windows\System32\KERNEL32.DLL
0x00007ffbe6f10000 - 0x00007ffbe7280000 	C:\Windows\System32\KERNELBASE.dll
0x00007ffbe6b50000 - 0x00007ffbe6c60000 	C:\Windows\System32\ucrtbase.dll
0x00007ffbc0a80000 - 0x00007ffbc0a98000 	c:\Users\Administrateur\.vscode\extensions\redhat.java-1.46.0-win32-x64\jre\21.0.8-win32-x86_64\bin\jli.dll
0x00007ffbe80f0000 - 0x00007ffbe8295000 	C:\Windows\System32\USER32.dll
0x00007ffbc0910000 - 0x00007ffbc092e000 	c:\Users\Administrateur\.vscode\extensions\redhat.java-1.46.0-win32-x64\jre\21.0.8-win32-x86_64\bin\VCRUNTIME140.dll
0x00007ffbb55d0000 - 0x00007ffbb5875000 	C:\Windows\WinSxS\amd64_microsoft.windows.common-controls_6595b64144ccf1df_6.0.20348.3804_none_9472f657eef4e288\COMCTL32.dll
0x00007ffbe6c60000 - 0x00007ffbe6c86000 	C:\Windows\System32\win32u.dll
0x00007ffbe8040000 - 0x00007ffbe80e3000 	C:\Windows\System32\msvcrt.dll
0x00007ffbe87a0000 - 0x00007ffbe87cc000 	C:\Windows\System32\GDI32.dll
0x00007ffbe6c90000 - 0x00007ffbe6dad000 	C:\Windows\System32\gdi32full.dll
0x00007ffbe73f0000 - 0x00007ffbe7490000 	C:\Windows\System32\msvcp_win.dll
0x00007ffbe92d0000 - 0x00007ffbe9301000 	C:\Windows\System32\IMM32.DLL
0x00007ffbc0b50000 - 0x00007ffbc0b5c000 	c:\Users\Administrateur\.vscode\extensions\redhat.java-1.46.0-win32-x64\jre\21.0.8-win32-x86_64\bin\vcruntime140_1.dll
0x00007ffbab330000 - 0x00007ffbab3bd000 	c:\Users\Administrateur\.vscode\extensions\redhat.java-1.46.0-win32-x64\jre\21.0.8-win32-x86_64\bin\msvcp140.dll
0x00007ffba8ed0000 - 0x00007ffba9c67000 	c:\Users\Administrateur\.vscode\extensions\redhat.java-1.46.0-win32-x64\jre\21.0.8-win32-x86_64\bin\server\jvm.dll
0x00007ffbe8510000 - 0x00007ffbe85c1000 	C:\Windows\System32\ADVAPI32.dll
0x00007ffbe8350000 - 0x00007ffbe83f2000 	C:\Windows\System32\sechost.dll
0x00007ffbe7340000 - 0x00007ffbe7367000 	C:\Windows\System32\bcrypt.dll
0x00007ffbe8b80000 - 0x00007ffbe8c9e000 	C:\Windows\System32\RPCRT4.dll
0x00007ffbe9310000 - 0x00007ffbe9381000 	C:\Windows\System32\WS2_32.dll
0x00007ffbe6890000 - 0x00007ffbe68dd000 	C:\Windows\SYSTEM32\POWRPROF.dll
0x00007ffbd48d0000 - 0x00007ffbd48f7000 	C:\Windows\SYSTEM32\WINMM.dll
0x00007ffbe3e10000 - 0x00007ffbe3e1a000 	C:\Windows\SYSTEM32\VERSION.dll
0x00007ffbe6870000 - 0x00007ffbe6883000 	C:\Windows\SYSTEM32\UMPDC.dll
0x00007ffbe4540000 - 0x00007ffbe4557000 	C:\Windows\SYSTEM32\kernel.appcore.dll
0x00007ffbc0890000 - 0x00007ffbc089a000 	c:\Users\Administrateur\.vscode\extensions\redhat.java-1.46.0-win32-x64\jre\21.0.8-win32-x86_64\bin\jimage.dll
0x00007ffbe63e0000 - 0x00007ffbe6600000 	C:\Windows\SYSTEM32\DBGHELP.DLL
0x00007ffbe6330000 - 0x00007ffbe6360000 	C:\Windows\SYSTEM32\dbgcore.DLL
0x00007ffbe7490000 - 0x00007ffbe750f000 	C:\Windows\System32\bcryptPrimitives.dll
0x00007ffbc0660000 - 0x00007ffbc066f000 	c:\Users\Administrateur\.vscode\extensions\redhat.java-1.46.0-win32-x64\jre\21.0.8-win32-x86_64\bin\instrument.dll
0x00007ffbc0610000 - 0x00007ffbc062f000 	c:\Users\Administrateur\.vscode\extensions\redhat.java-1.46.0-win32-x64\jre\21.0.8-win32-x86_64\bin\java.dll
0x00007ffbe7880000 - 0x00007ffbe7fda000 	C:\Windows\System32\SHELL32.dll
0x00007ffbe00f0000 - 0x00007ffbe0933000 	C:\Windows\SYSTEM32\windows.storage.dll
0x00007ffbe7510000 - 0x00007ffbe7880000 	C:\Windows\System32\combase.dll
0x00007ffbe8910000 - 0x00007ffbe89fa000 	C:\Windows\System32\SHCORE.dll
0x00007ffbe7fe0000 - 0x00007ffbe803f000 	C:\Windows\System32\shlwapi.dll
0x00007ffbe6a80000 - 0x00007ffbe6aa1000 	C:\Windows\SYSTEM32\profapi.dll
0x00007ffbc0760000 - 0x00007ffbc0778000 	c:\Users\Administrateur\.vscode\extensions\redhat.java-1.46.0-win32-x64\jre\21.0.8-win32-x86_64\bin\zip.dll
0x00007ffbc0650000 - 0x00007ffbc0660000 	C:\Users\Administrateur\.vscode\extensions\redhat.java-1.46.0-win32-x64\jre\21.0.8-win32-x86_64\bin\net.dll
0x00007ffbd66f0000 - 0x00007ffbd67f8000 	C:\Windows\SYSTEM32\WINHTTP.dll
0x00007ffbe5130000 - 0x00007ffbe5198000 	C:\Windows\system32\mswsock.dll
0x00007ffbad9b0000 - 0x00007ffbad9c6000 	C:\Users\Administrateur\.vscode\extensions\redhat.java-1.46.0-win32-x64\jre\21.0.8-win32-x86_64\bin\nio.dll
0x00007ffbad9a0000 - 0x00007ffbad9b0000 	c:\Users\Administrateur\.vscode\extensions\redhat.java-1.46.0-win32-x64\jre\21.0.8-win32-x86_64\bin\verify.dll
0x00007ffbab650000 - 0x00007ffbab694000 	C:\Users\Administrateur\AppData\Roaming\Code\User\globalStorage\redhat.java\1.46.0\config_ss_win\org.eclipse.equinox.launcher\org.eclipse.equinox.launcher.win32.win32.x86_64_1.2.1400.v20250801-0854\eclipse_11916.dll
0x00007ffbe85e0000 - 0x00007ffbe8716000 	C:\Windows\System32\ole32.dll
0x00007ffbad990000 - 0x00007ffbad99a000 	C:\Users\Administrateur\.vscode\extensions\redhat.java-1.46.0-win32-x64\jre\21.0.8-win32-x86_64\bin\management.dll
0x00007ffbad970000 - 0x00007ffbad97b000 	C:\Users\Administrateur\.vscode\extensions\redhat.java-1.46.0-win32-x64\jre\21.0.8-win32-x86_64\bin\management_ext.dll
0x00007ffbe85d0000 - 0x00007ffbe85d8000 	C:\Windows\System32\PSAPI.DLL
0x00007ffbe6720000 - 0x00007ffbe673b000 	C:\Windows\SYSTEM32\CRYPTSP.dll
0x00007ffbe4c50000 - 0x00007ffbe4c88000 	C:\Windows\system32\rsaenh.dll
0x00007ffbe51d0000 - 0x00007ffbe51fe000 	C:\Windows\SYSTEM32\USERENV.dll
0x00007ffbe5320000 - 0x00007ffbe532c000 	C:\Windows\SYSTEM32\CRYPTBASE.dll
0x00007ffbe4e30000 - 0x00007ffbe4e5d000 	C:\Windows\SYSTEM32\IPHLPAPI.DLL
0x00007ffbe8900000 - 0x00007ffbe8909000 	C:\Windows\System32\NSI.dll
0x00007ffbab2e0000 - 0x00007ffbab329000 	C:\Users\Administrateur\AppData\Local\Temp\1\jna-253705784\jna14210166734870771215.dll
0x00007ffbd8830000 - 0x00007ffbd8849000 	C:\Windows\SYSTEM32\dhcpcsvc6.DLL
0x00007ffbd8810000 - 0x00007ffbd882d000 	C:\Windows\SYSTEM32\dhcpcsvc.DLL

JVMTI agents:
c:\Users\Administrateur\.vscode\extensions\redhat.java-1.46.0-win32-x64\lombok\lombok-1.18.39-4050.jar path:c:\Users\Administrateur\.vscode\extensions\redhat.java-1.46.0-win32-x64\jre\21.0.8-win32-x86_64\bin\instrument.dll, loaded, initialized, instrumentlib options:none

dbghelp: loaded successfully - version: 4.0.5 - missing functions: none
symbol engine: initialized successfully - sym options: 0x614 - pdb path: .;c:\Users\Administrateur\.vscode\extensions\redhat.java-1.46.0-win32-x64\jre\21.0.8-win32-x86_64\bin;C:\Windows\SYSTEM32;C:\Windows\WinSxS\amd64_microsoft.windows.common-controls_6595b64144ccf1df_6.0.20348.3804_none_9472f657eef4e288;c:\Users\Administrateur\.vscode\extensions\redhat.java-1.46.0-win32-x64\jre\21.0.8-win32-x86_64\bin\server;C:\Users\Administrateur\AppData\Roaming\Code\User\globalStorage\redhat.java\1.46.0\config_ss_win\org.eclipse.equinox.launcher\org.eclipse.equinox.launcher.win32.win32.x86_64_1.2.1400.v20250801-0854;C:\Users\Administrateur\AppData\Local\Temp\1\jna-253705784

VM Arguments:
jvm_args: --add-modules=ALL-SYSTEM --add-opens=java.base/java.util=ALL-UNNAMED --add-opens=java.base/java.lang=ALL-UNNAMED --add-opens=java.base/sun.nio.fs=ALL-UNNAMED -Declipse.application=org.eclipse.jdt.ls.core.id1 -Dosgi.bundles.defaultStartLevel=4 -Declipse.product=org.eclipse.jdt.ls.core.product -Djava.import.generatesMetadataFilesAtProjectRoot=false -DDetectVMInstallationsJob.disabled=true -Dfile.encoding=utf8 -XX:+UseParallelGC -XX:GCTimeRatio=4 -XX:AdaptiveSizePolicyWeight=90 -Dsun.zip.disableMemoryMapping=true -Xmx2G -Xms100m -Xlog:disable -javaagent:c:\Users\Administrateur\.vscode\extensions\redhat.java-1.46.0-win32-x64\lombok\lombok-1.18.39-4050.jar 
java_command: c:\Users\Administrateur\.vscode\extensions\redhat.java-1.46.0-win32-x64\server\plugins\org.eclipse.equinox.launcher_1.7.0.v20250519-0528.jar -configuration c:\Users\Administrateur\AppData\Roaming\Code\User\globalStorage\redhat.java\1.46.0\config_ss_win -data c:\Users\Administrateur\AppData\Roaming\Code\User\workspaceStorage\90dad1b5abc0a2ea38ed7bd479fed4d3\redhat.java\ss_ws --pipe=\\.\pipe\lsp-afa3c02a0377e4e694ac4552f052863e-sock
java_class_path (initial): c:\Users\Administrateur\.vscode\extensions\redhat.java-1.46.0-win32-x64\server\plugins\org.eclipse.equinox.launcher_1.7.0.v20250519-0528.jar
Launcher Type: SUN_STANDARD

[Global flags]
    uintx AdaptiveSizePolicyWeight                 = 90                                        {product} {command line}
     intx CICompilerCount                          = 4                                         {product} {ergonomic}
    uintx GCTimeRatio                              = 4                                         {product} {command line}
   size_t InitialHeapSize                          = 104857600                                 {product} {command line}
   size_t MaxHeapSize                              = 2147483648                                {product} {command line}
   size_t MaxNewSize                               = 715653120                                 {product} {ergonomic}
   size_t MinHeapDeltaBytes                        = 524288                                    {product} {ergonomic}
   size_t MinHeapSize                              = 104857600                                 {product} {command line}
   size_t NewSize                                  = 34603008                                  {product} {ergonomic}
    uintx NonNMethodCodeHeapSize                   = 5839372                                {pd product} {ergonomic}
    uintx NonProfiledCodeHeapSize                  = 122909434                              {pd product} {ergonomic}
   size_t OldSize                                  = 70254592                                  {product} {ergonomic}
    uintx ProfiledCodeHeapSize                     = 122909434                              {pd product} {ergonomic}
    uintx ReservedCodeCacheSize                    = 251658240                              {pd product} {ergonomic}
     bool SegmentedCodeCache                       = true                                      {product} {ergonomic}
   size_t SoftMaxHeapSize                          = 2147483648                             {manageable} {ergonomic}
     bool UseCompressedOops                        = true                           {product lp64_product} {ergonomic}
     bool UseLargePagesIndividualAllocation        = false                                  {pd product} {ergonomic}
     bool UseParallelGC                            = true                                      {product} {command line}

Logging:
Log output configuration:
 #0: stdout all=off uptime,level,tags foldmultilines=false
 #1: stderr all=off uptime,level,tags foldmultilines=false

Environment Variables:
PATH=C:\Program Files\Eclipse Adoptium\jdk-25.0.0.36-hotspot\bin;C:\Program Files\Eclipse Adoptium\jdk-21.0.7.6-hotspot\bin;C:\Program Files\Common Files\Oracle\Java\javapath;C:\Windows\system32;C:\Windows;C:\Windows\System32\Wbem;C:\Windows\System32\WindowsPowerShell\v1.0\;C:\Windows\System32\OpenSSH\;C:\Program Files\dotnet\;C:\Program Files\nodejs\;C:\Program Files\Microsoft SQL Server\150\Tools\Binn\;C:\Program Files\Microsoft SQL Server\Client SDK\ODBC\170\Tools\Binn\;C:\Program Files (x86)\Microsoft SQL Server\160\Tools\Binn\;C:\Program Files\Microsoft SQL Server\160\Tools\Binn\;C:\Program Files\Microsoft SQL Server\160\DTS\Binn\;C:\xampp\php;C:\ProgramData\ComposerSetup\bin;C:\Program Files\Git\cmd;C:\Program Files\Docker\Docker\resources\bin;C:\apache-maven-3.9.11\bin;C:\Users\Administrateur\AppData\Local\Programs\Python\Python313\Scripts\;C:\Users\Administrateur\AppData\Local\Programs\Python\Python313\;C:\Users\Administrateur\AppData\Local\Programs\Python\Launcher\;C:\Users\Administrateur\scoop\shims;C:\Users\Administrateur\AppData\Local\Microsoft\WindowsApps;C:\Users\Administrateur\AppData\Local\Programs\Microsoft VS Code\bin;C:\Users\Administrateur\AppData\Roaming\npm;C:\Users\Administrateur\.dotnet\tools;C:\Users\Administrateur\AppData\Roaming\Composer\vendor\bin;C:\Program Files\JetBrains\PhpStorm 2025.2.1\bin;C:\Users\Administrateur\AppData\Local\Programs\mongosh\
USERNAME=Administrateur
OS=Windows_NT
PROCESSOR_IDENTIFIER=Intel64 Family 6 Model 158 Stepping 10, GenuineIntel
TMP=C:\Users\ADMINI~1\AppData\Local\Temp\1
TEMP=C:\Users\ADMINI~1\AppData\Local\Temp\1




Periodic native trim disabled

---------------  S Y S T E M  ---------------

OS:
 Windows Server 2022 , 64 bit Build 20348 (10.0.20348.3692)
OS uptime: 0 days 17:07 hours
Hyper-V role detected

CPU: total 12 (initial active 12) (6 cores per cpu, 2 threads per core) family 6 model 158 stepping 10 microcode 0xf8, cx8, cmov, fxsr, ht, mmx, 3dnowpref, sse, sse2, sse3, ssse3, sse4.1, sse4.2, popcnt, lzcnt, tsc, tscinvbit, avx, avx2, aes, erms, clmul, bmi1, bmi2, rtm, adx, fma, vzeroupper, clflush, clflushopt, hv, rdtscp, f16c
Processor Information for the first 12 processors :
  Max Mhz: 3192, Current Mhz: 3192, Mhz Limit: 3192

Memory: 4k page, system-wide physical 16180M (6909M free)
TotalPageFile size 18612M (AvailPageFile size 7162M)
current process WorkingSet (physical memory assigned to process): 162M, peak: 172M
current process commit charge ("private bytes"): 298M, peak: 315M

vm_info: OpenJDK 64-Bit Server VM (21.0.8+9-LTS) for windows-amd64 JRE (21.0.8+9-LTS), built on 2025-07-15T00:00:00Z by "admin" with MS VC++ 17.7 (VS2022)

END.
